TN:
SF:components/Breadcrumbs/BreadcrumbItem.tsx
FN:4,(anonymous_0)
FNF:1
FNH:1
FNDA:9,(anonymous_0)
DA:4,2
DA:5,9
LF:2
LH:2
BRDA:8,0,0,9
BRDA:8,0,1,6
BRF:2
BRH:2
end_of_record
TN:
SF:components/Breadcrumbs/index.tsx
FN:3,(anonymous_0)
FN:7,(anonymous_1)
FNF:2
FNH:2
FNDA:3,(anonymous_0)
FNDA:9,(anonymous_1)
DA:3,2
DA:4,3
DA:8,9
LF:3
LH:3
BRF:0
BRH:0
end_of_record
TN:
SF:components/Contexts/index.tsx
FN:7,(anonymous_0)
FN:10,LanguageProvider
FN:21,(anonymous_2)
FNF:3
FNH:0
FNDA:0,(anonymous_0)
FNDA:0,LanguageProvider
FNDA:0,(anonymous_2)
DA:5,2
DA:7,0
DA:11,0
DA:17,0
DA:21,0
LF:5
LH:1
BRF:0
BRH:0
end_of_record
TN:
SF:components/Forms/Input.tsx
FN:10,(anonymous_0)
FNF:1
FNH:1
FNDA:14,(anonymous_0)
DA:10,3
DA:11,14
DA:12,14
LF:3
LH:3
BRDA:15,0,0,14
BRDA:15,0,1,1
BRDA:18,1,0,14
BRDA:18,1,1,5
BRDA:19,2,0,14
BRDA:19,2,1,5
BRDA:26,3,0,14
BRDA:26,3,1,1
BRF:8
BRH:8
end_of_record
TN:
SF:components/Forms/validation/ErrorLabel.tsx
FN:1,(anonymous_0)
FNF:1
FNH:1
FNDA:1,(anonymous_0)
DA:1,3
DA:4,1
LF:2
LH:2
BRF:0
BRH:0
end_of_record
TN:
SF:components/Hooks/index.tsx
FN:8,(anonymous_0)
FN:14,(anonymous_1)
FN:18,(anonymous_2)
FN:31,(anonymous_3)
FN:46,(anonymous_4)
FN:54,(anonymous_5)
FNF:6
FNH:1
FNDA:0,(anonymous_0)
FNDA:0,(anonymous_1)
FNDA:0,(anonymous_2)
FNDA:0,(anonymous_3)
FNDA:0,(anonymous_4)
FNDA:13,(anonymous_5)
DA:8,2
DA:14,0
DA:16,0
DA:18,0
DA:19,0
DA:20,0
DA:21,0
DA:22,0
DA:24,0
DA:26,0
DA:27,0
DA:31,0
DA:32,0
DA:34,0
DA:36,0
DA:37,0
DA:39,0
DA:42,0
DA:46,2
DA:47,0
DA:50,0
DA:54,2
DA:55,13
DA:56,13
DA:57,13
LF:25
LH:6
BRDA:16,0,0,0
BRDA:16,0,1,0
BRDA:20,1,0,0
BRDA:20,1,1,0
BRDA:22,2,0,0
BRDA:22,2,1,0
BRDA:34,3,0,0
BRDA:34,3,1,0
BRDA:56,4,0,0
BRDA:56,4,1,13
BRF:10
BRH:1
end_of_record
TN:
SF:components/Layout/Footer.tsx
FN:4,(anonymous_0)
FNF:1
FNH:1
FNDA:3,(anonymous_0)
DA:4,2
DA:5,3
LF:2
LH:2
BRF:0
BRH:0
end_of_record
TN:
SF:components/Layout/Header.tsx
FN:5,(anonymous_0)
FNF:1
FNH:1
FNDA:3,(anonymous_0)
DA:5,2
DA:6,3
LF:2
LH:2
BRF:0
BRH:0
end_of_record
TN:
SF:components/Layout/Info.tsx
FN:5,(anonymous_0)
FN:14,(anonymous_1)
FNF:2
FNH:1
FNDA:2,(anonymous_0)
FNDA:0,(anonymous_1)
DA:5,1
DA:6,2
DA:8,2
DA:14,0
LF:4
LH:3
BRDA:13,0,0,1
BRDA:13,0,1,1
BRF:2
BRH:2
end_of_record
TN:
SF:components/Layout/index.tsx
FN:14,(anonymous_0)
FN:28,(anonymous_1)
FNF:2
FNH:1
FNDA:3,(anonymous_0)
FNDA:0,(anonymous_1)
DA:14,2
DA:15,3
DA:16,3
DA:17,3
DA:19,3
DA:21,3
DA:28,0
LF:7
LH:6
BRF:0
BRH:0
end_of_record
TN:
SF:components/NavButtons/index.tsx
FN:9,(anonymous_0)
FNF:1
FNH:1
FNDA:4,(anonymous_0)
DA:9,3
DA:13,4
LF:2
LH:2
BRF:0
BRH:0
end_of_record
TN:
SF:components/NavigationHeader/index.tsx
FN:4,(anonymous_0)
FNF:1
FNH:1
FNDA:3,(anonymous_0)
DA:4,2
DA:5,3
LF:2
LH:2
BRDA:9,0,0,3
BRDA:9,0,1,0
BRDA:20,1,0,0
BRDA:20,1,1,3
BRDA:31,2,0,0
BRDA:31,2,1,3
BRDA:42,3,0,0
BRDA:42,3,1,3
BRF:8
BRH:4
end_of_record
TN:
SF:pages/_app.tsx
FN:5,MyApp
FNF:1
FNH:0
FNDA:0,MyApp
DA:6,0
LF:1
LH:0
BRF:0
BRH:0
end_of_record
TN:
SF:pages/index.tsx
FN:6,Home
FN:18,(anonymous_1)
FN:70,(anonymous_2)
FNF:3
FNH:1
FNDA:1,Home
FNDA:0,(anonymous_1)
FNDA:0,(anonymous_2)
DA:7,1
DA:18,0
DA:70,1
DA:71,0
LF:4
LH:2
BRF:0
BRH:0
end_of_record
TN:
SF:pages/api/hello.ts
FN:3,handler
FNF:1
FNH:0
FNDA:0,handler
DA:4,0
LF:1
LH:0
BRF:0
BRH:0
end_of_record
TN:
SF:pages/api/metrics.ts
FN:5,handler
FNF:1
FNH:0
FNDA:0,handler
DA:3,0
DA:6,0
DA:7,0
LF:3
LH:0
BRF:0
BRH:0
end_of_record
TN:
SF:pages/contact-info/index.tsx
FN:3,Index
FN:11,(anonymous_1)
FNF:2
FNH:0
FNDA:0,Index
FNDA:0,(anonymous_1)
DA:4,0
DA:11,0
DA:12,0
LF:3
LH:0
BRF:0
BRH:0
end_of_record
TN:
SF:pages/financial-info/edit.tsx
FN:12,Edit
FN:22,(anonymous_1)
FN:38,(anonymous_2)
FN:69,(anonymous_3)
FN:81,(anonymous_4)
FN:92,(anonymous_5)
FN:118,(anonymous_6)
FNF:7
FNH:1
FNDA:1,Edit
FNDA:0,(anonymous_1)
FNDA:0,(anonymous_2)
FNDA:0,(anonymous_3)
FNDA:0,(anonymous_4)
FNDA:0,(anonymous_5)
FNDA:0,(anonymous_6)
DA:8,1
DA:9,1
DA:10,1
DA:13,1
DA:14,1
DA:15,1
DA:16,1
DA:19,1
DA:20,1
DA:22,1
DA:23,0
DA:24,0
DA:32,0
DA:33,0
DA:34,0
DA:38,1
DA:39,0
DA:40,0
DA:41,0
DA:42,0
DA:45,0
DA:48,0
DA:52,0
DA:53,0
DA:55,0
DA:59,1
DA:69,0
DA:81,0
DA:92,0
DA:118,1
DA:119,0
LF:31
LH:13
BRDA:24,0,0,0
BRDA:24,0,1,0
BRDA:70,1,0,1
BRDA:70,1,1,0
BRDA:82,2,0,1
BRDA:82,2,1,0
BRDA:93,3,0,1
BRDA:93,3,1,0
BRDA:102,4,0,1
BRDA:102,4,1,0
BRDA:109,5,0,1
BRDA:109,5,1,0
BRF:12
BRH:5
end_of_record
TN:
SF:pages/financial-info/index.tsx
FN:6,Index
FN:40,(anonymous_1)
FNF:2
FNH:1
FNDA:1,Index
FNDA:0,(anonymous_1)
DA:7,1
DA:40,1
DA:42,0
LF:3
LH:2
BRF:0
BRH:0
end_of_record
TN:
SF:pages/user-preferences/index.tsx
FN:3,Index
FN:11,(anonymous_1)
FNF:2
FNH:0
FNDA:0,Index
FNDA:0,(anonymous_1)
DA:4,0
DA:11,0
DA:12,0
LF:3
LH:0
BRF:0
BRH:0
end_of_record
