TN:
SF:components/Alert/enums.ts
FNF:0
FNH:0
LF:0
LH:0
BRF:0
BRH:0
end_of_record
TN:
SF:components/Alert/index.tsx
FN:14,(anonymous_0)
FN:19,(anonymous_1)
FN:26,(anonymous_2)
FNF:3
FNH:0
FNDA:0,(anonymous_0)
FNDA:0,(anonymous_1)
FNDA:0,(anonymous_2)
DA:6,0
DA:14,0
DA:15,0
DA:16,0
DA:17,0
DA:19,0
DA:20,0
DA:21,0
DA:22,0
DA:26,0
DA:27,0
DA:29,0
DA:31,0
DA:33,0
DA:35,0
DA:37,0
DA:41,0
LF:17
LH:0
BRDA:20,0,0,0
BRDA:20,0,1,0
BRDA:27,1,0,0
BRDA:27,1,1,0
BRDA:27,1,2,0
BRDA:27,1,3,0
BRDA:27,1,4,0
BRDA:71,2,0,0
BRDA:71,2,1,0
BRF:9
BRH:0
end_of_record
TN:
SF:components/Breadcrumbs/BreadcrumbItem.tsx
FN:4,(anonymous_0)
FNF:1
FNH:1
FNDA:9,(anonymous_0)
DA:4,2
DA:5,9
LF:2
LH:2
BRDA:8,0,0,9
BRDA:8,0,1,6
BRF:2
BRH:2
end_of_record
TN:
SF:components/Breadcrumbs/index.tsx
FN:3,(anonymous_0)
FN:7,(anonymous_1)
FNF:2
FNH:2
FNDA:3,(anonymous_0)
FNDA:9,(anonymous_1)
DA:3,2
DA:4,3
DA:8,9
LF:3
LH:3
BRF:0
BRH:0
end_of_record
TN:
SF:components/Contexts/index.tsx
FN:7,(anonymous_0)
FN:10,LanguageProvider
FN:21,(anonymous_2)
FNF:3
FNH:0
FNDA:0,(anonymous_0)
FNDA:0,LanguageProvider
FNDA:0,(anonymous_2)
DA:5,3
DA:7,0
DA:11,0
DA:17,0
DA:21,0
LF:5
LH:1
BRF:0
BRH:0
end_of_record
TN:
SF:components/Forms/Input.tsx
FN:11,(anonymous_0)
FNF:1
FNH:1
FNDA:8,(anonymous_0)
DA:11,2
DA:12,8
DA:13,8
DA:14,8
LF:4
LH:4
BRDA:17,0,0,8
BRDA:17,0,1,1
BRDA:20,1,0,8
BRDA:20,1,1,8
BRDA:21,2,0,8
BRDA:21,2,1,8
BRDA:28,3,0,8
BRDA:28,3,1,1
BRF:8
BRH:8
end_of_record
TN:
SF:components/Forms/validation/ErrorLabel.tsx
FN:1,(anonymous_0)
FNF:1
FNH:1
FNDA:1,(anonymous_0)
DA:1,2
DA:4,1
LF:2
LH:2
BRF:0
BRH:0
end_of_record
TN:
SF:components/Forms/validation/SubmitMessage.tsx
FN:4,(anonymous_0)
FNF:1
FNH:1
FNDA:4,(anonymous_0)
DA:4,1
DA:5,4
LF:2
LH:2
BRDA:7,0,0,0
BRDA:7,0,1,4
BRDA:9,1,0,0
BRDA:9,1,1,4
BRDA:14,2,0,0
BRDA:14,2,1,4
BRDA:15,3,0,0
BRDA:15,3,1,4
BRDA:16,4,0,0
BRDA:16,4,1,4
BRF:10
BRH:5
end_of_record
TN:
SF:components/Hooks/index.tsx
FN:8,(anonymous_0)
FN:14,(anonymous_1)
FN:18,(anonymous_2)
FN:31,(anonymous_3)
FN:46,(anonymous_4)
FN:54,(anonymous_5)
FN:60,(anonymous_6)
FN:62,(anonymous_7)
FN:63,(anonymous_8)
FN:65,(anonymous_9)
FNF:10
FNH:1
FNDA:0,(anonymous_0)
FNDA:0,(anonymous_1)
FNDA:0,(anonymous_2)
FNDA:0,(anonymous_3)
FNDA:0,(anonymous_4)
FNDA:29,(anonymous_5)
FNDA:0,(anonymous_6)
FNDA:0,(anonymous_7)
FNDA:0,(anonymous_8)
FNDA:0,(anonymous_9)
DA:8,3
DA:14,0
DA:16,0
DA:18,0
DA:19,0
DA:20,0
DA:21,0
DA:22,0
DA:24,0
DA:26,0
DA:27,0
DA:31,0
DA:32,0
DA:34,0
DA:36,0
DA:37,0
DA:39,0
DA:42,0
DA:46,3
DA:47,0
DA:50,0
DA:54,3
DA:55,29
DA:56,29
DA:57,29
DA:60,3
DA:61,0
DA:62,0
DA:63,0
DA:64,0
DA:65,0
DA:67,0
LF:32
LH:7
BRDA:16,0,0,0
BRDA:16,0,1,0
BRDA:20,1,0,0
BRDA:20,1,1,0
BRDA:22,2,0,0
BRDA:22,2,1,0
BRDA:34,3,0,0
BRDA:34,3,1,0
BRDA:56,4,0,0
BRDA:56,4,1,29
BRF:10
BRH:1
end_of_record
TN:
SF:components/Layout/BenefitInfo.tsx
FN:3,(anonymous_0)
FNF:1
FNH:0
FNDA:0,(anonymous_0)
DA:3,0
DA:4,0
LF:2
LH:0
BRF:0
BRH:0
end_of_record
TN:
SF:components/Layout/CommonFinancialInfo.tsx
FN:14,(anonymous_0)
FN:46,(anonymous_1)
FN:62,(anonymous_2)
FN:92,(anonymous_3)
FN:93,(anonymous_4)
FN:100,(anonymous_5)
FN:161,(anonymous_6)
FN:175,(anonymous_7)
FN:188,(anonymous_8)
FNF:9
FNH:1
FNDA:2,(anonymous_0)
FNDA:0,(anonymous_1)
FNDA:0,(anonymous_2)
FNDA:0,(anonymous_3)
FNDA:0,(anonymous_4)
FNDA:0,(anonymous_5)
FNDA:0,(anonymous_6)
FNDA:0,(anonymous_7)
FNDA:0,(anonymous_8)
DA:14,1
DA:15,2
DA:16,2
DA:17,2
DA:22,2
DA:23,2
DA:25,2
DA:27,2
DA:28,2
DA:29,2
DA:31,2
DA:34,2
DA:37,2
DA:41,2
DA:42,2
DA:43,2
DA:44,2
DA:46,2
DA:47,0
DA:48,0
DA:56,0
DA:57,0
DA:58,0
DA:62,2
DA:63,0
DA:64,0
DA:65,0
DA:66,0
DA:67,0
DA:69,0
DA:75,0
DA:76,0
DA:77,0
DA:79,0
DA:80,0
DA:81,0
DA:82,0
DA:92,0
DA:94,0
DA:95,0
DA:98,0
DA:100,0
DA:101,0
DA:102,0
DA:103,0
DA:104,0
DA:105,0
DA:106,0
DA:108,0
DA:109,0
DA:110,0
DA:118,0
DA:119,0
DA:121,0
DA:124,2
DA:161,0
DA:175,0
DA:188,0
LF:58
LH:20
BRDA:18,0,0,0
BRDA:18,0,1,2
BRDA:32,1,0,0
BRDA:32,1,1,2
BRDA:35,2,0,0
BRDA:35,2,1,2
BRDA:38,3,0,0
BRDA:38,3,1,2
BRDA:48,4,0,0
BRDA:48,4,1,0
BRDA:85,5,0,0
BRDA:85,5,1,0
BRDA:94,6,0,0
BRDA:94,6,1,0
BRDA:101,7,0,0
BRDA:101,7,1,0
BRDA:103,8,0,0
BRDA:103,8,1,0
BRDA:105,9,0,0
BRDA:105,9,1,0
BRDA:109,10,0,0
BRDA:109,10,1,0
BRDA:148,11,0,1
BRDA:148,11,1,1
BRDA:197,12,0,0
BRDA:197,12,1,2
BRDA:201,13,0,0
BRDA:201,13,1,2
BRDA:205,14,0,1
BRDA:205,14,1,1
BRF:30
BRH:10
end_of_record
TN:
SF:components/Layout/ContactInfo.tsx
FN:4,(anonymous_0)
FN:13,(anonymous_1)
FNF:2
FNH:0
FNDA:0,(anonymous_0)
FNDA:0,(anonymous_1)
DA:4,0
DA:5,0
DA:6,0
DA:7,0
DA:13,0
LF:5
LH:0
BRDA:12,0,0,0
BRDA:12,0,1,0
BRF:2
BRH:0
end_of_record
TN:
SF:components/Layout/FinancialInfo.tsx
FN:5,(anonymous_0)
FN:14,(anonymous_1)
FNF:2
FNH:1
FNDA:2,(anonymous_0)
FNDA:0,(anonymous_1)
DA:5,1
DA:6,2
DA:7,2
DA:8,2
DA:14,0
LF:5
LH:4
BRDA:13,0,0,1
BRDA:13,0,1,1
BRF:2
BRH:2
end_of_record
TN:
SF:components/Layout/Footer.tsx
FN:5,(anonymous_0)
FNF:1
FNH:1
FNDA:3,(anonymous_0)
DA:5,2
DA:6,3
LF:2
LH:2
BRF:0
BRH:0
end_of_record
TN:
SF:components/Layout/Header.tsx
FN:5,(anonymous_0)
FNF:1
FNH:1
FNDA:3,(anonymous_0)
DA:5,2
DA:6,3
LF:2
LH:2
BRF:0
BRH:0
end_of_record
TN:
SF:components/Layout/UserPreferences.tsx
FN:4,(anonymous_0)
FN:13,(anonymous_1)
FNF:2
FNH:0
FNDA:0,(anonymous_0)
FNDA:0,(anonymous_1)
DA:4,0
DA:5,0
DA:6,0
DA:7,0
DA:13,0
LF:5
LH:0
BRDA:12,0,0,0
BRDA:12,0,1,0
BRF:2
BRH:0
end_of_record
TN:
SF:components/Layout/commonContactInfo.tsx
FN:17,(anonymous_0)
FN:52,(anonymous_1)
FN:56,(anonymous_2)
FN:169,(anonymous_3)
FN:194,(anonymous_4)
FN:219,(anonymous_5)
FN:282,(anonymous_6)
FN:283,(anonymous_7)
FN:288,(anonymous_8)
FN:359,(anonymous_9)
FN:371,(anonymous_10)
FN:382,(anonymous_11)
FN:392,(anonymous_12)
FN:403,(anonymous_13)
FN:417,(anonymous_14)
FN:433,(anonymous_15)
FN:451,(anonymous_16)
FN:462,(anonymous_17)
FN:473,(anonymous_18)
FN:483,(anonymous_19)
FN:494,(anonymous_20)
FN:515,(anonymous_21)
FN:533,(anonymous_22)
FN:544,(anonymous_23)
FNF:24
FNH:0
FNDA:0,(anonymous_0)
FNDA:0,(anonymous_1)
FNDA:0,(anonymous_2)
FNDA:0,(anonymous_3)
FNDA:0,(anonymous_4)
FNDA:0,(anonymous_5)
FNDA:0,(anonymous_6)
FNDA:0,(anonymous_7)
FNDA:0,(anonymous_8)
FNDA:0,(anonymous_9)
FNDA:0,(anonymous_10)
FNDA:0,(anonymous_11)
FNDA:0,(anonymous_12)
FNDA:0,(anonymous_13)
FNDA:0,(anonymous_14)
FNDA:0,(anonymous_15)
FNDA:0,(anonymous_16)
FNDA:0,(anonymous_17)
FNDA:0,(anonymous_18)
FNDA:0,(anonymous_19)
FNDA:0,(anonymous_20)
FNDA:0,(anonymous_21)
FNDA:0,(anonymous_22)
FNDA:0,(anonymous_23)
DA:13,0
DA:14,0
DA:17,0
DA:18,0
DA:19,0
DA:21,0
DA:25,0
DA:27,0
DA:33,0
DA:34,0
DA:35,0
DA:36,0
DA:37,0
DA:38,0
DA:39,0
DA:40,0
DA:42,0
DA:43,0
DA:45,0
DA:47,0
DA:52,0
DA:53,0
DA:56,0
DA:57,0
DA:60,0
DA:63,0
DA:67,0
DA:74,0
DA:81,0
DA:88,0
DA:95,0
DA:103,0
DA:111,0
DA:119,0
DA:126,0
DA:133,0
DA:140,0
DA:147,0
DA:154,0
DA:162,0
DA:169,0
DA:170,0
DA:171,0
DA:176,0
DA:177,0
DA:178,0
DA:179,0
DA:180,0
DA:181,0
DA:182,0
DA:183,0
DA:184,0
DA:185,0
DA:186,0
DA:187,0
DA:188,0
DA:189,0
DA:190,0
DA:194,0
DA:195,0
DA:196,0
DA:202,0
DA:203,0
DA:204,0
DA:205,0
DA:206,0
DA:207,0
DA:209,0
DA:210,0
DA:211,0
DA:212,0
DA:213,0
DA:214,0
DA:219,0
DA:220,0
DA:221,0
DA:222,0
DA:223,0
DA:224,0
DA:261,0
DA:262,0
DA:263,0
DA:264,0
DA:265,0
DA:266,0
DA:267,0
DA:268,0
DA:269,0
DA:270,0
DA:272,0
DA:282,0
DA:284,0
DA:285,0
DA:287,0
DA:288,0
DA:289,0
DA:290,0
DA:291,0
DA:292,0
DA:293,0
DA:294,0
DA:295,0
DA:296,0
DA:297,0
DA:298,0
DA:299,0
DA:300,0
DA:301,0
DA:302,0
DA:303,0
DA:304,0
DA:306,0
DA:307,0
DA:308,0
DA:316,0
DA:317,0
DA:318,0
DA:320,0
DA:323,0
DA:359,0
DA:371,0
DA:382,0
DA:392,0
DA:403,0
DA:417,0
DA:434,0
DA:435,0
DA:451,0
DA:462,0
DA:473,0
DA:483,0
DA:494,0
DA:515,0
DA:533,0
DA:544,0
LF:135
LH:0
BRDA:22,0,0,0
BRDA:22,0,1,0
BRDA:28,1,0,0
BRDA:28,1,1,0
BRDA:29,2,0,0
BRDA:29,2,1,0
BRDA:53,3,0,0
BRDA:53,3,1,0
BRDA:57,4,0,0
BRDA:57,4,1,0
BRDA:61,5,0,0
BRDA:61,5,1,0
BRDA:64,6,0,0
BRDA:64,6,1,0
BRDA:68,7,0,0
BRDA:68,7,1,0
BRDA:68,8,0,0
BRDA:68,8,1,0
BRDA:68,8,2,0
BRDA:75,9,0,0
BRDA:75,9,1,0
BRDA:75,10,0,0
BRDA:75,10,1,0
BRDA:75,10,2,0
BRDA:82,11,0,0
BRDA:82,11,1,0
BRDA:82,12,0,0
BRDA:82,12,1,0
BRDA:82,12,2,0
BRDA:89,13,0,0
BRDA:89,13,1,0
BRDA:89,14,0,0
BRDA:89,14,1,0
BRDA:89,14,2,0
BRDA:96,15,0,0
BRDA:96,15,1,0
BRDA:96,16,0,0
BRDA:96,16,1,0
BRDA:96,16,2,0
BRDA:104,17,0,0
BRDA:104,17,1,0
BRDA:104,18,0,0
BRDA:104,18,1,0
BRDA:104,18,2,0
BRDA:112,19,0,0
BRDA:112,19,1,0
BRDA:112,20,0,0
BRDA:112,20,1,0
BRDA:112,20,2,0
BRDA:120,21,0,0
BRDA:120,21,1,0
BRDA:120,22,0,0
BRDA:120,22,1,0
BRDA:120,22,2,0
BRDA:127,23,0,0
BRDA:127,23,1,0
BRDA:127,24,0,0
BRDA:127,24,1,0
BRDA:127,24,2,0
BRDA:134,25,0,0
BRDA:134,25,1,0
BRDA:134,26,0,0
BRDA:134,26,1,0
BRDA:134,26,2,0
BRDA:141,27,0,0
BRDA:141,27,1,0
BRDA:141,28,0,0
BRDA:141,28,1,0
BRDA:141,28,2,0
BRDA:148,29,0,0
BRDA:148,29,1,0
BRDA:148,30,0,0
BRDA:148,30,1,0
BRDA:148,30,2,0
BRDA:155,31,0,0
BRDA:155,31,1,0
BRDA:155,32,0,0
BRDA:155,32,1,0
BRDA:155,32,2,0
BRDA:163,33,0,0
BRDA:163,33,1,0
BRDA:163,34,0,0
BRDA:163,34,1,0
BRDA:163,34,2,0
BRDA:171,35,0,0
BRDA:171,35,1,0
BRDA:195,36,0,0
BRDA:195,36,1,0
BRDA:196,37,0,0
BRDA:196,37,1,0
BRDA:197,38,0,0
BRDA:197,38,1,0
BRDA:197,38,2,0
BRDA:197,38,3,0
BRDA:227,39,0,0
BRDA:227,39,1,0
BRDA:232,40,0,0
BRDA:232,40,1,0
BRDA:241,41,0,0
BRDA:241,41,1,0
BRDA:252,42,0,0
BRDA:252,42,1,0
BRDA:275,43,0,0
BRDA:275,43,1,0
BRDA:284,44,0,0
BRDA:284,44,1,0
BRDA:289,45,0,0
BRDA:289,45,1,0
BRDA:291,46,0,0
BRDA:291,46,1,0
BRDA:293,47,0,0
BRDA:293,47,1,0
BRDA:295,48,0,0
BRDA:295,48,1,0
BRDA:297,49,0,0
BRDA:297,49,1,0
BRDA:299,50,0,0
BRDA:299,50,1,0
BRDA:301,51,0,0
BRDA:301,51,1,0
BRDA:303,52,0,0
BRDA:303,52,1,0
BRDA:307,53,0,0
BRDA:307,53,1,0
BRDA:345,54,0,0
BRDA:345,54,1,0
BRDA:409,55,0,0
BRDA:409,55,1,0
BRDA:442,56,0,0
BRDA:442,56,1,0
BRDA:500,57,0,0
BRDA:500,57,1,0
BRDA:550,58,0,0
BRDA:550,58,1,0
BRDA:554,59,0,0
BRDA:554,59,1,0
BRDA:558,60,0,0
BRDA:558,60,1,0
BRDA:566,61,0,0
BRDA:566,61,1,0
BRDA:573,62,0,0
BRDA:573,62,1,0
BRF:142
BRH:0
end_of_record
TN:
SF:components/Layout/commonUserPreferences.tsx
FN:16,(anonymous_0)
FN:49,(anonymous_1)
FN:56,(anonymous_2)
FN:63,(anonymous_3)
FN:75,(anonymous_4)
FN:83,(anonymous_5)
FN:91,(anonymous_6)
FN:95,(anonymous_7)
FN:130,(anonymous_8)
FN:131,(anonymous_9)
FN:136,(anonymous_10)
FNF:11
FNH:0
FNDA:0,(anonymous_0)
FNDA:0,(anonymous_1)
FNDA:0,(anonymous_2)
FNDA:0,(anonymous_3)
FNDA:0,(anonymous_4)
FNDA:0,(anonymous_5)
FNDA:0,(anonymous_6)
FNDA:0,(anonymous_7)
FNDA:0,(anonymous_8)
FNDA:0,(anonymous_9)
FNDA:0,(anonymous_10)
DA:16,0
DA:17,0
DA:18,0
DA:20,0
DA:22,0
DA:24,0
DA:25,0
DA:27,0
DA:32,0
DA:34,0
DA:36,0
DA:38,0
DA:40,0
DA:41,0
DA:43,0
DA:49,0
DA:50,0
DA:53,0
DA:56,0
DA:57,0
DA:61,0
DA:63,0
DA:64,0
DA:67,0
DA:75,0
DA:76,0
DA:79,0
DA:83,0
DA:84,0
DA:87,0
DA:91,0
DA:92,0
DA:95,0
DA:96,0
DA:97,0
DA:98,0
DA:99,0
DA:101,0
DA:102,0
DA:103,0
DA:104,0
DA:105,0
DA:106,0
DA:107,0
DA:108,0
DA:110,0
DA:123,0
DA:130,0
DA:132,0
DA:133,0
DA:135,0
DA:136,0
DA:137,0
DA:138,0
DA:139,0
DA:140,0
DA:141,0
DA:142,0
DA:143,0
DA:144,0
DA:145,0
DA:146,0
DA:147,0
DA:148,0
DA:150,0
DA:151,0
DA:152,0
DA:160,0
DA:161,0
DA:163,0
DA:166,0
LF:71
LH:0
BRDA:28,0,0,0
BRDA:28,0,1,0
BRDA:44,1,0,0
BRDA:44,1,1,0
BRDA:44,2,0,0
BRDA:44,2,1,0
BRDA:54,3,0,0
BRDA:54,3,1,0
BRDA:61,4,0,0
BRDA:61,4,1,0
BRDA:68,5,0,0
BRDA:68,5,1,0
BRDA:68,6,0,0
BRDA:68,6,1,0
BRDA:70,7,0,0
BRDA:70,7,1,0
BRDA:70,8,0,0
BRDA:70,8,1,0
BRDA:80,9,0,0
BRDA:80,9,1,0
BRDA:88,10,0,0
BRDA:88,10,1,0
BRDA:114,11,0,0
BRDA:114,11,1,0
BRDA:116,12,0,0
BRDA:116,12,1,0
BRDA:124,13,0,0
BRDA:124,13,1,0
BRDA:132,14,0,0
BRDA:132,14,1,0
BRDA:137,15,0,0
BRDA:137,15,1,0
BRDA:139,16,0,0
BRDA:139,16,1,0
BRDA:141,17,0,0
BRDA:141,17,1,0
BRDA:143,18,0,0
BRDA:143,18,1,0
BRDA:145,19,0,0
BRDA:145,19,1,0
BRDA:147,20,0,0
BRDA:147,20,1,0
BRDA:151,21,0,0
BRDA:151,21,1,0
BRDA:189,22,0,0
BRDA:189,22,1,0
BRDA:197,23,0,0
BRDA:197,23,1,0
BRDA:234,24,0,0
BRDA:234,24,1,0
BRDA:272,25,0,0
BRDA:272,25,1,0
BRDA:310,26,0,0
BRDA:310,26,1,0
BRDA:348,27,0,0
BRDA:348,27,1,0
BRDA:386,28,0,0
BRDA:386,28,1,0
BRDA:399,29,0,0
BRDA:399,29,1,0
BRDA:403,30,0,0
BRDA:403,30,1,0
BRDA:407,31,0,0
BRDA:407,31,1,0
BRDA:415,32,0,0
BRDA:415,32,1,0
BRF:66
BRH:0
end_of_record
TN:
SF:components/Layout/index.tsx
FN:15,(anonymous_0)
FN:30,(anonymous_1)
FNF:2
FNH:1
FNDA:3,(anonymous_0)
FNDA:0,(anonymous_1)
DA:15,2
DA:16,3
DA:17,3
DA:18,3
DA:20,3
DA:22,3
DA:30,0
LF:7
LH:6
BRDA:49,0,0,0
BRDA:49,0,1,3
BRDA:49,1,0,3
BRDA:49,1,1,0
BRDA:54,2,0,0
BRDA:54,2,1,3
BRF:6
BRH:3
end_of_record
TN:
SF:components/NavButtons/index.tsx
FN:9,(anonymous_0)
FNF:1
FNH:1
FNDA:3,(anonymous_0)
DA:9,2
DA:13,3
LF:2
LH:2
BRF:0
BRH:0
end_of_record
TN:
SF:components/NavigationHeader/index.tsx
FN:5,(anonymous_0)
FNF:1
FNH:0
FNDA:0,(anonymous_0)
DA:5,2
DA:6,0
DA:7,0
DA:8,0
LF:4
LH:1
BRDA:13,0,0,0
BRDA:13,0,1,0
BRDA:24,1,0,0
BRDA:24,1,1,0
BRDA:35,2,0,0
BRDA:35,2,1,0
BRDA:46,3,0,0
BRDA:46,3,1,0
BRF:8
BRH:0
end_of_record
TN:
SF:components/TestHeader/index.tsx
FN:1,(anonymous_0)
FNF:1
FNH:1
FNDA:3,(anonymous_0)
DA:1,2
DA:2,3
LF:2
LH:2
BRF:0
BRH:0
end_of_record
TN:
SF:pages/_app.tsx
FN:5,MyApp
FNF:1
FNH:0
FNDA:0,MyApp
DA:6,0
LF:1
LH:0
BRF:0
BRH:0
end_of_record
TN:
SF:pages/index.tsx
FN:8,Home
FN:46,(anonymous_1)
FN:64,(anonymous_2)
FN:72,(anonymous_3)
FNF:4
FNH:1
FNDA:1,Home
FNDA:0,(anonymous_1)
FNDA:0,(anonymous_2)
FNDA:0,(anonymous_3)
DA:9,1
DA:11,1
DA:47,0
DA:64,1
DA:65,0
DA:68,0
DA:70,0
DA:72,0
DA:73,0
DA:79,0
LF:10
LH:3
BRDA:47,0,0,0
BRDA:47,0,1,0
BRDA:57,1,0,0
BRDA:57,1,1,1
BRF:4
BRH:1
end_of_record
TN:
SF:pages/api/hello.ts
FN:3,handler
FNF:1
FNH:0
FNDA:0,handler
DA:4,0
LF:1
LH:0
BRF:0
BRH:0
end_of_record
TN:
SF:pages/api/metrics.ts
FN:5,handler
FNF:1
FNH:0
FNDA:0,handler
DA:3,0
DA:6,0
DA:7,0
LF:3
LH:0
BRF:0
BRH:0
end_of_record
TN:
SF:pages/benefit-status/index.tsx
FN:10,Index
FN:17,(anonymous_1)
FN:37,(anonymous_2)
FN:38,(anonymous_3)
FN:93,(anonymous_4)
FNF:5
FNH:0
FNDA:0,Index
FNDA:0,(anonymous_1)
FNDA:0,(anonymous_2)
FNDA:0,(anonymous_3)
FNDA:0,(anonymous_4)
DA:11,0
DA:12,0
DA:14,0
DA:17,0
DA:18,0
DA:37,0
DA:38,0
DA:39,0
DA:40,0
DA:59,0
DA:93,0
DA:94,0
DA:97,0
DA:99,0
LF:14
LH:0
BRDA:15,0,0,0
BRDA:15,0,1,0
BRDA:52,1,0,0
BRDA:52,1,1,0
BRDA:67,2,0,0
BRDA:67,2,1,0
BRDA:67,3,0,0
BRDA:67,3,1,0
BRDA:85,4,0,0
BRDA:85,4,1,0
BRF:10
BRH:0
end_of_record
TN:
SF:pages/contact-info/edit.tsx
FN:7,Edit
FN:11,(anonymous_1)
FNF:2
FNH:0
FNDA:0,Edit
FNDA:0,(anonymous_1)
DA:4,0
DA:5,0
DA:8,0
DA:11,0
DA:12,0
DA:15,0
DA:16,0
LF:7
LH:0
BRF:0
BRH:0
end_of_record
TN:
SF:pages/contact-info/index.tsx
FN:4,Index
FN:8,(anonymous_1)
FNF:2
FNH:0
FNDA:0,Index
FNDA:0,(anonymous_1)
DA:5,0
DA:8,0
DA:9,0
DA:12,0
DA:14,0
LF:5
LH:0
BRF:0
BRH:0
end_of_record
TN:
SF:pages/financial-info/edit.tsx
FN:3,Edit
FN:9,(anonymous_1)
FNF:2
FNH:1
FNDA:1,Edit
FNDA:0,(anonymous_1)
DA:4,1
DA:9,1
DA:10,0
DA:13,0
DA:15,0
LF:5
LH:2
BRF:0
BRH:0
end_of_record
TN:
SF:pages/financial-info/index.tsx
FN:6,Index
FN:42,(anonymous_1)
FNF:2
FNH:1
FNDA:1,Index
FNDA:0,(anonymous_1)
DA:7,1
DA:8,1
DA:10,1
DA:13,1
DA:14,1
DA:16,1
DA:18,1
DA:19,1
DA:20,1
DA:22,1
DA:25,1
DA:28,1
DA:32,1
DA:33,1
DA:34,1
DA:35,1
DA:37,1
DA:42,1
DA:43,0
DA:46,0
DA:48,0
LF:21
LH:18
BRDA:23,0,0,0
BRDA:23,0,1,1
BRDA:26,1,0,0
BRDA:26,1,1,1
BRDA:29,2,0,0
BRDA:29,2,1,1
BRF:6
BRH:3
end_of_record
TN:
SF:pages/personal-info/index.tsx
FN:7,Home
FN:36,(anonymous_1)
FN:93,(anonymous_2)
FNF:3
FNH:0
FNDA:0,Home
FNDA:0,(anonymous_1)
FNDA:0,(anonymous_2)
DA:8,0
DA:9,0
DA:11,0
DA:36,0
DA:93,0
DA:94,0
DA:97,0
DA:99,0
LF:8
LH:0
BRDA:78,0,0,0
BRDA:78,0,1,0
BRF:2
BRH:0
end_of_record
TN:
SF:pages/user-preferences/edit.tsx
FN:3,Edit
FN:12,(anonymous_1)
FNF:2
FNH:0
FNDA:0,Edit
FNDA:0,(anonymous_1)
DA:4,0
DA:12,0
DA:13,0
DA:16,0
DA:18,0
LF:5
LH:0
BRF:0
BRH:0
end_of_record
TN:
SF:pages/user-preferences/index.tsx
FN:3,Index
FN:12,(anonymous_1)
FNF:2
FNH:0
FNDA:0,Index
FNDA:0,(anonymous_1)
DA:4,0
DA:12,0
DA:13,0
DA:16,0
DA:18,0
LF:5
LH:0
BRF:0
BRH:0
end_of_record
