{"/home/runner/work/profile-management/profile-management/components/Alert/enums.ts": {"path":"/home/runner/work/profile-management/profile-management/components/Alert/enums.ts","statementMap":{},"fnMap":{},"branchMap":{},"s":{},"f":{},"b":{}}
,"/home/runner/work/profile-management/profile-management/components/Alert/index.tsx": {"path":"/home/runner/work/profile-management/profile-management/components/Alert/index.tsx","statementMap":{"0":{"start":{"line":6,"column":21},"end":{"line":6,"column":23}},"1":{"start":{"line":14,"column":5},"end":{"line":83,"column":1}},"2":{"start":{"line":15,"column":30},"end":{"line":15,"column":52}},"3":{"start":{"line":16,"column":22},"end":{"line":16,"column":38}},"4":{"start":{"line":17,"column":14},"end":{"line":17,"column":26}},"5":{"start":{"line":19,"column":2},"end":{"line":24,"column":19}},"6":{"start":{"line":20,"column":4},"end":{"line":23,"column":5}},"7":{"start":{"line":21,"column":21},"end":{"line":21,"column":45}},"8":{"start":{"line":22,"column":6},"end":{"line":22,"column":23}},"9":{"start":{"line":26,"column":20},"end":{"line":39,"column":6}},"10":{"start":{"line":27,"column":4},"end":{"line":38,"column":5}},"11":{"start":{"line":29,"column":8},"end":{"line":29,"column":48}},"12":{"start":{"line":31,"column":8},"end":{"line":31,"column":42}},"13":{"start":{"line":33,"column":8},"end":{"line":33,"column":48}},"14":{"start":{"line":35,"column":8},"end":{"line":35,"column":48}},"15":{"start":{"line":37,"column":8},"end":{"line":37,"column":13}},"16":{"start":{"line":41,"column":2},"end":{"line":82,"column":3}}},"fnMap":{"0":{"name":"(anonymous_0)","decl":{"start":{"line":14,"column":5},"end":{"line":14,"column":6}},"loc":{"start":{"line":14,"column":52},"end":{"line":83,"column":1}},"line":14},"1":{"name":"(anonymous_1)","decl":{"start":{"line":19,"column":12},"end":{"line":19,"column":13}},"loc":{"start":{"line":19,"column":18},"end":{"line":24,"column":3}},"line":19},"2":{"name":"(anonymous_2)","decl":{"start":{"line":26,"column":21},"end":{"line":26,"column":22}},"loc":{"start":{"line":26,"column":27},"end":{"line":39,"column":3}},"line":26}},"branchMap":{"0":{"loc":{"start":{"line":20,"column":4},"end":{"line":23,"column":5}},"type":"if","locations":[{"start":{"line":20,"column":4},"end":{"line":23,"column":5}},{"start":{"line":20,"column":4},"end":{"line":23,"column":5}}],"line":20},"1":{"loc":{"start":{"line":27,"column":4},"end":{"line":38,"column":5}},"type":"switch","locations":[{"start":{"line":28,"column":6},"end":{"line":29,"column":48}},{"start":{"line":30,"column":6},"end":{"line":31,"column":42}},{"start":{"line":32,"column":6},"end":{"line":33,"column":48}},{"start":{"line":34,"column":6},"end":{"line":35,"column":48}},{"start":{"line":36,"column":6},"end":{"line":37,"column":13}}],"line":27},"2":{"loc":{"start":{"line":71,"column":11},"end":{"line":78,"column":11}},"type":"cond-expr","locations":[{"start":{"line":72,"column":12},"end":{"line":72,"column":58}},{"start":{"line":74,"column":12},"end":{"line":77,"column":19}}],"line":71}},"s":{"0":0,"1":0,"2":0,"3":0,"4":0,"5":0,"6":0,"7":0,"8":0,"9":0,"10":0,"11":0,"12":0,"13":0,"14":0,"15":0,"16":0},"f":{"0":0,"1":0,"2":0},"b":{"0":[0,0],"1":[0,0,0,0,0],"2":[0,0]}}
,"/home/runner/work/profile-management/profile-management/components/Breadcrumbs/BreadcrumbItem.tsx": {"path":"/home/runner/work/profile-management/profile-management/components/Breadcrumbs/BreadcrumbItem.tsx","statementMap":{"0":{"start":{"line":4,"column":5},"end":{"line":18,"column":1}},"1":{"start":{"line":5,"column":2},"end":{"line":17,"column":7}}},"fnMap":{"0":{"name":"(anonymous_0)","decl":{"start":{"line":4,"column":5},"end":{"line":4,"column":6}},"loc":{"start":{"line":5,"column":2},"end":{"line":17,"column":7}},"line":5}},"branchMap":{"0":{"loc":{"start":{"line":8,"column":6},"end":{"line":8,"column":74}},"type":"binary-expr","locations":[{"start":{"line":8,"column":6},"end":{"line":8,"column":19}},{"start":{"line":8,"column":23},"end":{"line":8,"column":74}}],"line":8}},"s":{"0":2,"1":9},"f":{"0":9},"b":{"0":[9,6]},"_coverageSchema":"1a1c01bbd47fc00a2c39e90264f33305004495a9","hash":"1a9996b7bc9c23d003d343e010cc3e29dff9f3a3"}
,"/home/runner/work/profile-management/profile-management/components/Breadcrumbs/index.tsx": {"path":"/home/runner/work/profile-management/profile-management/components/Breadcrumbs/index.tsx","statementMap":{"0":{"start":{"line":3,"column":59},"end":{"line":17,"column":1}},"1":{"start":{"line":4,"column":2},"end":{"line":16,"column":3}},"2":{"start":{"line":8,"column":10},"end":{"line":12,"column":12}}},"fnMap":{"0":{"name":"(anonymous_0)","decl":{"start":{"line":3,"column":59},"end":{"line":3,"column":60}},"loc":{"start":{"line":3,"column":74},"end":{"line":17,"column":1}},"line":3},"1":{"name":"(anonymous_1)","decl":{"start":{"line":7,"column":19},"end":{"line":7,"column":20}},"loc":{"start":{"line":8,"column":10},"end":{"line":12,"column":12}},"line":8}},"branchMap":{},"s":{"0":2,"1":3,"2":9},"f":{"0":3,"1":9},"b":{},"_coverageSchema":"1a1c01bbd47fc00a2c39e90264f33305004495a9","hash":"a8a689bd234b547bb6811d23b5975d7256016359"}
,"/home/runner/work/profile-management/profile-management/components/Contexts/index.tsx": {"path":"/home/runner/work/profile-management/profile-management/components/Contexts/index.tsx","statementMap":{"0":{"start":{"line":5,"column":31},"end":{"line":8,"column":2}},"1":{"start":{"line":7,"column":36},"end":{"line":7,"column":42}},"2":{"start":{"line":11,"column":42},"end":{"line":15,"column":3}},"3":{"start":{"line":17,"column":2},"end":{"line":26,"column":3}},"4":{"start":{"line":21,"column":42},"end":{"line":21,"column":67}}},"fnMap":{"0":{"name":"(anonymous_0)","decl":{"start":{"line":7,"column":22},"end":{"line":7,"column":23}},"loc":{"start":{"line":7,"column":36},"end":{"line":7,"column":42}},"line":7},"1":{"name":"LanguageProvider","decl":{"start":{"line":10,"column":16},"end":{"line":10,"column":32}},"loc":{"start":{"line":10,"column":47},"end":{"line":27,"column":1}},"line":10},"2":{"name":"(anonymous_2)","decl":{"start":{"line":21,"column":28},"end":{"line":21,"column":29}},"loc":{"start":{"line":21,"column":42},"end":{"line":21,"column":67}},"line":21}},"branchMap":{},"s":{"0":3,"1":0,"2":0,"3":0,"4":0},"f":{"0":0,"1":0,"2":0},"b":{},"_coverageSchema":"1a1c01bbd47fc00a2c39e90264f33305004495a9","hash":"665c2fb6e7d0b847893e3013f07d97fce66b628e"}
,"/home/runner/work/profile-management/profile-management/components/Forms/Input.tsx": {"path":"/home/runner/work/profile-management/profile-management/components/Forms/Input.tsx","statementMap":{"0":{"start":{"line":11,"column":44},"end":{"line":33,"column":1}},"1":{"start":{"line":12,"column":23},"end":{"line":12,"column":34}},"2":{"start":{"line":13,"column":19},"end":{"line":13,"column":49}},"3":{"start":{"line":14,"column":2},"end":{"line":32,"column":3}}},"fnMap":{"0":{"name":"(anonymous_0)","decl":{"start":{"line":11,"column":44},"end":{"line":11,"column":45}},"loc":{"start":{"line":11,"column":55},"end":{"line":33,"column":1}},"line":11}},"branchMap":{"0":{"loc":{"start":{"line":17,"column":9},"end":{"line":19,"column":9}},"type":"binary-expr","locations":[{"start":{"line":17,"column":9},"end":{"line":17,"column":34}},{"start":{"line":18,"column":10},"end":{"line":18,"column":52}}],"line":17},"1":{"loc":{"start":{"line":20,"column":9},"end":{"line":20,"column":65}},"type":"binary-expr","locations":[{"start":{"line":20,"column":9},"end":{"line":20,"column":23}},{"start":{"line":20,"column":27},"end":{"line":20,"column":65}}],"line":20},"2":{"loc":{"start":{"line":21,"column":9},"end":{"line":21,"column":77}},"type":"binary-expr","locations":[{"start":{"line":21,"column":9},"end":{"line":21,"column":23}},{"start":{"line":21,"column":27},"end":{"line":21,"column":77}}],"line":21},"3":{"loc":{"start":{"line":28,"column":10},"end":{"line":28,"column":54}},"type":"binary-expr","locations":[{"start":{"line":28,"column":10},"end":{"line":28,"column":35}},{"start":{"line":28,"column":39},"end":{"line":28,"column":54}}],"line":28}},"s":{"0":2,"1":8,"2":8,"3":8},"f":{"0":8},"b":{"0":[8,1],"1":[8,8],"2":[8,8],"3":[8,1]},"_coverageSchema":"1a1c01bbd47fc00a2c39e90264f33305004495a9","hash":"7885e2db3478288c6d4ec1fa309c117f956bb661"}
,"/home/runner/work/profile-management/profile-management/components/Forms/validation/ErrorLabel.tsx": {"path":"/home/runner/work/profile-management/profile-management/components/Forms/validation/ErrorLabel.tsx","statementMap":{"0":{"start":{"line":1,"column":63},"end":{"line":10,"column":1}},"1":{"start":{"line":4,"column":2},"end":{"line":9,"column":8}}},"fnMap":{"0":{"name":"(anonymous_0)","decl":{"start":{"line":1,"column":63},"end":{"line":1,"column":64}},"loc":{"start":{"line":4,"column":2},"end":{"line":9,"column":8}},"line":4}},"branchMap":{},"s":{"0":2,"1":1},"f":{"0":1},"b":{},"_coverageSchema":"1a1c01bbd47fc00a2c39e90264f33305004495a9","hash":"e23f974eba22c9e3ea31d4d2fc80688b0358b4cb"}
,"/home/runner/work/profile-management/profile-management/components/Forms/validation/SubmitMessage.tsx": {"path":"/home/runner/work/profile-management/profile-management/components/Forms/validation/SubmitMessage.tsx","statementMap":{"0":{"start":{"line":4,"column":5},"end":{"line":18,"column":1}},"1":{"start":{"line":5,"column":2},"end":{"line":17,"column":8}}},"fnMap":{"0":{"name":"(anonymous_0)","decl":{"start":{"line":4,"column":5},"end":{"line":4,"column":6}},"loc":{"start":{"line":5,"column":2},"end":{"line":17,"column":8}},"line":5}},"branchMap":{"0":{"loc":{"start":{"line":7,"column":6},"end":{"line":11,"column":12}},"type":"cond-expr","locations":[{"start":{"line":8,"column":10},"end":{"line":8,"column":90}},{"start":{"line":9,"column":10},"end":{"line":11,"column":12}}],"line":7},"1":{"loc":{"start":{"line":9,"column":10},"end":{"line":11,"column":12}},"type":"cond-expr","locations":[{"start":{"line":10,"column":10},"end":{"line":10,"column":90}},{"start":{"line":11,"column":10},"end":{"line":11,"column":12}}],"line":9},"2":{"loc":{"start":{"line":14,"column":5},"end":{"line":14,"column":60}},"type":"cond-expr","locations":[{"start":{"line":14,"column":33},"end":{"line":14,"column":55}},{"start":{"line":14,"column":58},"end":{"line":14,"column":60}}],"line":14},"3":{"loc":{"start":{"line":15,"column":5},"end":{"line":15,"column":57}},"type":"cond-expr","locations":[{"start":{"line":15,"column":31},"end":{"line":15,"column":52}},{"start":{"line":15,"column":55},"end":{"line":15,"column":57}}],"line":15},"4":{"loc":{"start":{"line":16,"column":5},"end":{"line":16,"column":41}},"type":"cond-expr","locations":[{"start":{"line":16,"column":29},"end":{"line":16,"column":36}},{"start":{"line":16,"column":39},"end":{"line":16,"column":41}}],"line":16}},"s":{"0":1,"1":4},"f":{"0":4},"b":{"0":[0,4],"1":[0,4],"2":[0,4],"3":[0,4],"4":[0,4]},"_coverageSchema":"1a1c01bbd47fc00a2c39e90264f33305004495a9","hash":"7a0a9af0204fa128ce903c4cab5e46201f04e50a"}
,"/home/runner/work/profile-management/profile-management/components/Hooks/index.tsx": {"path":"/home/runner/work/profile-management/profile-management/components/Hooks/index.tsx","statementMap":{"0":{"start":{"line":8,"column":26},"end":{"line":43,"column":1}},"1":{"start":{"line":14,"column":29},"end":{"line":14,"column":77}},"2":{"start":{"line":14,"column":45},"end":{"line":14,"column":74}},"3":{"start":{"line":16,"column":16},"end":{"line":16,"column":67}},"4":{"start":{"line":18,"column":40},"end":{"line":29,"column":4}},"5":{"start":{"line":19,"column":4},"end":{"line":28,"column":5}},"6":{"start":{"line":20,"column":6},"end":{"line":23,"column":7}},"7":{"start":{"line":21,"column":21},"end":{"line":21,"column":47}},"8":{"start":{"line":22,"column":8},"end":{"line":22,"column":53}},"9":{"start":{"line":24,"column":6},"end":{"line":24,"column":15}},"10":{"start":{"line":26,"column":6},"end":{"line":26,"column":24}},"11":{"start":{"line":27,"column":6},"end":{"line":27,"column":25}},"12":{"start":{"line":31,"column":19},"end":{"line":41,"column":3}},"13":{"start":{"line":32,"column":4},"end":{"line":40,"column":5}},"14":{"start":{"line":34,"column":8},"end":{"line":34,"column":62}},"15":{"start":{"line":36,"column":6},"end":{"line":36,"column":34}},"16":{"start":{"line":37,"column":6},"end":{"line":37,"column":62}},"17":{"start":{"line":39,"column":6},"end":{"line":39,"column":24}},"18":{"start":{"line":42,"column":2},"end":{"line":42,"column":41}},"19":{"start":{"line":46,"column":30},"end":{"line":51,"column":1}},"20":{"start":{"line":47,"column":27},"end":{"line":47,"column":54}},"21":{"start":{"line":50,"column":2},"end":{"line":50,"column":37}},"22":{"start":{"line":54,"column":39},"end":{"line":58,"column":1}},"23":{"start":{"line":55,"column":27},"end":{"line":55,"column":54}},"24":{"start":{"line":56,"column":2},"end":{"line":56,"column":58}},"25":{"start":{"line":56,"column":49},"end":{"line":56,"column":58}},"26":{"start":{"line":57,"column":2},"end":{"line":57,"column":42}},"27":{"start":{"line":60,"column":30},"end":{"line":68,"column":1}},"28":{"start":{"line":61,"column":28},"end":{"line":61,"column":39}},"29":{"start":{"line":62,"column":23},"end":{"line":62,"column":56}},"30":{"start":{"line":62,"column":29},"end":{"line":62,"column":56}},"31":{"start":{"line":63,"column":2},"end":{"line":66,"column":13}},"32":{"start":{"line":64,"column":4},"end":{"line":64,"column":51}},"33":{"start":{"line":65,"column":4},"end":{"line":65,"column":67}},"34":{"start":{"line":65,"column":17},"end":{"line":65,"column":67}},"35":{"start":{"line":67,"column":2},"end":{"line":67,"column":14}}},"fnMap":{"0":{"name":"(anonymous_0)","decl":{"start":{"line":8,"column":26},"end":{"line":8,"column":27}},"loc":{"start":{"line":12,"column":5},"end":{"line":43,"column":1}},"line":12},"1":{"name":"(anonymous_1)","decl":{"start":{"line":14,"column":30},"end":{"line":14,"column":31}},"loc":{"start":{"line":14,"column":45},"end":{"line":14,"column":74}},"line":14},"2":{"name":"(anonymous_2)","decl":{"start":{"line":18,"column":52},"end":{"line":18,"column":53}},"loc":{"start":{"line":18,"column":58},"end":{"line":29,"column":3}},"line":18},"3":{"name":"(anonymous_3)","decl":{"start":{"line":31,"column":19},"end":{"line":31,"column":20}},"loc":{"start":{"line":31,"column":51},"end":{"line":41,"column":3}},"line":31},"4":{"name":"(anonymous_4)","decl":{"start":{"line":46,"column":30},"end":{"line":46,"column":31}},"loc":{"start":{"line":46,"column":36},"end":{"line":51,"column":1}},"line":46},"5":{"name":"(anonymous_5)","decl":{"start":{"line":54,"column":39},"end":{"line":54,"column":40}},"loc":{"start":{"line":54,"column":56},"end":{"line":58,"column":1}},"line":54},"6":{"name":"(anonymous_6)","decl":{"start":{"line":60,"column":30},"end":{"line":60,"column":31}},"loc":{"start":{"line":60,"column":36},"end":{"line":68,"column":1}},"line":60},"7":{"name":"(anonymous_7)","decl":{"start":{"line":62,"column":23},"end":{"line":62,"column":24}},"loc":{"start":{"line":62,"column":29},"end":{"line":62,"column":56}},"line":62},"8":{"name":"(anonymous_8)","decl":{"start":{"line":63,"column":12},"end":{"line":63,"column":13}},"loc":{"start":{"line":63,"column":18},"end":{"line":66,"column":3}},"line":63},"9":{"name":"(anonymous_9)","decl":{"start":{"line":65,"column":11},"end":{"line":65,"column":12}},"loc":{"start":{"line":65,"column":17},"end":{"line":65,"column":67}},"line":65}},"branchMap":{"0":{"loc":{"start":{"line":16,"column":16},"end":{"line":16,"column":67}},"type":"cond-expr","locations":[{"start":{"line":16,"column":34},"end":{"line":16,"column":48}},{"start":{"line":16,"column":51},"end":{"line":16,"column":67}}],"line":16},"1":{"loc":{"start":{"line":20,"column":6},"end":{"line":23,"column":7}},"type":"if","locations":[{"start":{"line":20,"column":6},"end":{"line":23,"column":7}},{"start":{"line":20,"column":6},"end":{"line":23,"column":7}}],"line":20},"2":{"loc":{"start":{"line":22,"column":15},"end":{"line":22,"column":53}},"type":"cond-expr","locations":[{"start":{"line":22,"column":22},"end":{"line":22,"column":38}},{"start":{"line":22,"column":41},"end":{"line":22,"column":53}}],"line":22},"3":{"loc":{"start":{"line":34,"column":8},"end":{"line":34,"column":62}},"type":"cond-expr","locations":[{"start":{"line":34,"column":36},"end":{"line":34,"column":54}},{"start":{"line":34,"column":57},"end":{"line":34,"column":62}}],"line":34},"4":{"loc":{"start":{"line":56,"column":2},"end":{"line":56,"column":58}},"type":"if","locations":[{"start":{"line":56,"column":2},"end":{"line":56,"column":58}},{"start":{"line":56,"column":2},"end":{"line":56,"column":58}}],"line":56}},"s":{"0":3,"1":0,"2":0,"3":0,"4":0,"5":0,"6":0,"7":0,"8":0,"9":0,"10":0,"11":0,"12":0,"13":0,"14":0,"15":0,"16":0,"17":0,"18":0,"19":3,"20":0,"21":0,"22":3,"23":29,"24":29,"25":0,"26":29,"27":3,"28":0,"29":0,"30":0,"31":0,"32":0,"33":0,"34":0,"35":0},"f":{"0":0,"1":0,"2":0,"3":0,"4":0,"5":29,"6":0,"7":0,"8":0,"9":0},"b":{"0":[0,0],"1":[0,0],"2":[0,0],"3":[0,0],"4":[0,29]},"_coverageSchema":"1a1c01bbd47fc00a2c39e90264f33305004495a9","hash":"db9fce5a9f985f67101b77d62f13279a74867731"}
,"/home/runner/work/profile-management/profile-management/components/Layout/BenefitInfo.tsx": {"path":"/home/runner/work/profile-management/profile-management/components/Layout/BenefitInfo.tsx","statementMap":{"0":{"start":{"line":3,"column":59},"end":{"line":9,"column":1}},"1":{"start":{"line":4,"column":2},"end":{"line":8,"column":3}}},"fnMap":{"0":{"name":"(anonymous_0)","decl":{"start":{"line":3,"column":59},"end":{"line":3,"column":60}},"loc":{"start":{"line":3,"column":75},"end":{"line":9,"column":1}},"line":3}},"branchMap":{},"s":{"0":0,"1":0},"f":{"0":0},"b":{}}
,"/home/runner/work/profile-management/profile-management/components/Layout/CommonFinancialInfo.tsx": {"path":"/home/runner/work/profile-management/profile-management/components/Layout/CommonFinancialInfo.tsx","statementMap":{"0":{"start":{"line":15,"column":5},"end":{"line":235,"column":1}},"1":{"start":{"line":16,"column":17},"end":{"line":16,"column":28}},"2":{"start":{"line":17,"column":19},"end":{"line":17,"column":34}},"3":{"start":{"line":19,"column":2},"end":{"line":30,"column":4}},"4":{"start":{"line":21,"column":4},"end":{"line":29,"column":5}},"5":{"start":{"line":22,"column":18},"end":{"line":23,"column":68}},"6":{"start":{"line":24,"column":19},"end":{"line":24,"column":24}},"7":{"start":{"line":25,"column":22},"end":{"line":25,"column":64}},"8":{"start":{"line":26,"column":20},"end":{"line":26,"column":70}},"9":{"start":{"line":28,"column":6},"end":{"line":28,"column":53}},"10":{"start":{"line":32,"column":44},"end":{"line":34,"column":3}},"11":{"start":{"line":37,"column":4},"end":{"line":37,"column":31}},"12":{"start":{"line":38,"column":52},"end":{"line":38,"column":79}},"13":{"start":{"line":40,"column":4},"end":{"line":40,"column":31}},"14":{"start":{"line":42,"column":32},"end":{"line":42,"column":56}},"15":{"start":{"line":43,"column":40},"end":{"line":43,"column":67}},"16":{"start":{"line":44,"column":42},"end":{"line":44,"column":69}},"17":{"start":{"line":46,"column":42},"end":{"line":48,"column":3}},"18":{"start":{"line":49,"column":52},"end":{"line":51,"column":3}},"19":{"start":{"line":52,"column":44},"end":{"line":54,"column":3}},"20":{"start":{"line":56,"column":17},"end":{"line":56,"column":50}},"21":{"start":{"line":57,"column":22},"end":{"line":57,"column":60}},"22":{"start":{"line":58,"column":18},"end":{"line":58,"column":52}},"23":{"start":{"line":59,"column":25},"end":{"line":59,"column":63}},"24":{"start":{"line":61,"column":22},"end":{"line":75,"column":3}},"25":{"start":{"line":62,"column":4},"end":{"line":62,"column":22}},"26":{"start":{"line":63,"column":4},"end":{"line":74,"column":5}},"27":{"start":{"line":71,"column":6},"end":{"line":71,"column":25}},"28":{"start":{"line":72,"column":6},"end":{"line":72,"column":30}},"29":{"start":{"line":73,"column":6},"end":{"line":73,"column":26}},"30":{"start":{"line":77,"column":23},"end":{"line":138,"column":3}},"31":{"start":{"line":78,"column":4},"end":{"line":78,"column":32}},"32":{"start":{"line":79,"column":4},"end":{"line":79,"column":22}},"33":{"start":{"line":80,"column":4},"end":{"line":80,"column":23}},"34":{"start":{"line":81,"column":4},"end":{"line":137,"column":5}},"35":{"start":{"line":82,"column":6},"end":{"line":82,"column":22}},"36":{"start":{"line":84,"column":23},"end":{"line":88,"column":7}},"37":{"start":{"line":90,"column":6},"end":{"line":90,"column":37}},"38":{"start":{"line":91,"column":6},"end":{"line":91,"column":38}},"39":{"start":{"line":92,"column":6},"end":{"line":92,"column":42}},"40":{"start":{"line":94,"column":6},"end":{"line":94,"column":31}},"41":{"start":{"line":95,"column":6},"end":{"line":95,"column":32}},"42":{"start":{"line":96,"column":6},"end":{"line":96,"column":27}},"43":{"start":{"line":97,"column":6},"end":{"line":129,"column":10}},"44":{"start":{"line":107,"column":28},"end":{"line":107,"column":43}},"45":{"start":{"line":109,"column":10},"end":{"line":111,"column":11}},"46":{"start":{"line":110,"column":12},"end":{"line":110,"column":43}},"47":{"start":{"line":113,"column":27},"end":{"line":113,"column":50}},"48":{"start":{"line":115,"column":10},"end":{"line":128,"column":12}},"49":{"start":{"line":116,"column":12},"end":{"line":127,"column":13}},"50":{"start":{"line":117,"column":14},"end":{"line":117,"column":39}},"51":{"start":{"line":118,"column":19},"end":{"line":127,"column":13}},"52":{"start":{"line":119,"column":14},"end":{"line":119,"column":40}},"53":{"start":{"line":120,"column":19},"end":{"line":127,"column":13}},"54":{"start":{"line":121,"column":14},"end":{"line":121,"column":44}},"55":{"start":{"line":123,"column":14},"end":{"line":123,"column":33}},"56":{"start":{"line":124,"column":14},"end":{"line":126,"column":15}},"57":{"start":{"line":125,"column":16},"end":{"line":125,"column":43}},"58":{"start":{"line":133,"column":6},"end":{"line":133,"column":23}},"59":{"start":{"line":134,"column":6},"end":{"line":134,"column":73}},"60":{"start":{"line":136,"column":6},"end":{"line":136,"column":23}},"61":{"start":{"line":139,"column":2},"end":{"line":234,"column":3}},"62":{"start":{"line":160,"column":31},"end":{"line":160,"column":62}},"63":{"start":{"line":174,"column":31},"end":{"line":174,"column":67}},"64":{"start":{"line":187,"column":31},"end":{"line":187,"column":63}}},"fnMap":{"0":{"name":"(anonymous_0)","decl":{"start":{"line":15,"column":5},"end":{"line":15,"column":6}},"loc":{"start":{"line":15,"column":31},"end":{"line":235,"column":1}},"line":15},"1":{"name":"(anonymous_1)","decl":{"start":{"line":19,"column":12},"end":{"line":19,"column":13}},"loc":{"start":{"line":19,"column":18},"end":{"line":30,"column":3}},"line":19},"2":{"name":"(anonymous_2)","decl":{"start":{"line":61,"column":22},"end":{"line":61,"column":23}},"loc":{"start":{"line":61,"column":35},"end":{"line":75,"column":3}},"line":61},"3":{"name":"(anonymous_3)","decl":{"start":{"line":77,"column":23},"end":{"line":77,"column":24}},"loc":{"start":{"line":77,"column":36},"end":{"line":138,"column":3}},"line":77},"4":{"name":"(anonymous_4)","decl":{"start":{"line":107,"column":14},"end":{"line":107,"column":15}},"loc":{"start":{"line":107,"column":28},"end":{"line":107,"column":43}},"line":107},"5":{"name":"(anonymous_5)","decl":{"start":{"line":108,"column":14},"end":{"line":108,"column":15}},"loc":{"start":{"line":108,"column":24},"end":{"line":129,"column":9}},"line":108},"6":{"name":"(anonymous_6)","decl":{"start":{"line":115,"column":27},"end":{"line":115,"column":28}},"loc":{"start":{"line":115,"column":36},"end":{"line":128,"column":11}},"line":115},"7":{"name":"(anonymous_7)","decl":{"start":{"line":160,"column":24},"end":{"line":160,"column":25}},"loc":{"start":{"line":160,"column":31},"end":{"line":160,"column":62}},"line":160},"8":{"name":"(anonymous_8)","decl":{"start":{"line":174,"column":24},"end":{"line":174,"column":25}},"loc":{"start":{"line":174,"column":31},"end":{"line":174,"column":67}},"line":174},"9":{"name":"(anonymous_9)","decl":{"start":{"line":187,"column":24},"end":{"line":187,"column":25}},"loc":{"start":{"line":187,"column":31},"end":{"line":187,"column":63}},"line":187}},"branchMap":{"0":{"loc":{"start":{"line":21,"column":4},"end":{"line":29,"column":5}},"type":"if","locations":[{"start":{"line":21,"column":4},"end":{"line":29,"column":5}},{"start":{"line":21,"column":4},"end":{"line":29,"column":5}}],"line":21},"1":{"loc":{"start":{"line":33,"column":4},"end":{"line":33,"column":71}},"type":"cond-expr","locations":[{"start":{"line":33,"column":37},"end":{"line":33,"column":59}},{"start":{"line":33,"column":62},"end":{"line":33,"column":71}}],"line":33},"2":{"loc":{"start":{"line":47,"column":4},"end":{"line":47,"column":52}},"type":"cond-expr","locations":[{"start":{"line":47,"column":20},"end":{"line":47,"column":47}},{"start":{"line":47,"column":50},"end":{"line":47,"column":52}}],"line":47},"3":{"loc":{"start":{"line":50,"column":4},"end":{"line":50,"column":56}},"type":"cond-expr","locations":[{"start":{"line":50,"column":20},"end":{"line":50,"column":51}},{"start":{"line":50,"column":54},"end":{"line":50,"column":56}}],"line":50},"4":{"loc":{"start":{"line":53,"column":4},"end":{"line":53,"column":52}},"type":"cond-expr","locations":[{"start":{"line":53,"column":20},"end":{"line":53,"column":47}},{"start":{"line":53,"column":50},"end":{"line":53,"column":52}}],"line":53},"5":{"loc":{"start":{"line":63,"column":4},"end":{"line":74,"column":5}},"type":"if","locations":[{"start":{"line":63,"column":4},"end":{"line":74,"column":5}},{"start":{"line":63,"column":4},"end":{"line":74,"column":5}}],"line":63},"6":{"loc":{"start":{"line":100,"column":18},"end":{"line":100,"column":49}},"type":"cond-expr","locations":[{"start":{"line":100,"column":35},"end":{"line":100,"column":41}},{"start":{"line":100,"column":44},"end":{"line":100,"column":49}}],"line":100},"7":{"loc":{"start":{"line":109,"column":10},"end":{"line":111,"column":11}},"type":"if","locations":[{"start":{"line":109,"column":10},"end":{"line":111,"column":11}},{"start":{"line":109,"column":10},"end":{"line":111,"column":11}}],"line":109},"8":{"loc":{"start":{"line":116,"column":12},"end":{"line":127,"column":13}},"type":"if","locations":[{"start":{"line":116,"column":12},"end":{"line":127,"column":13}},{"start":{"line":116,"column":12},"end":{"line":127,"column":13}}],"line":116},"9":{"loc":{"start":{"line":118,"column":19},"end":{"line":127,"column":13}},"type":"if","locations":[{"start":{"line":118,"column":19},"end":{"line":127,"column":13}},{"start":{"line":118,"column":19},"end":{"line":127,"column":13}}],"line":118},"10":{"loc":{"start":{"line":120,"column":19},"end":{"line":127,"column":13}},"type":"if","locations":[{"start":{"line":120,"column":19},"end":{"line":127,"column":13}},{"start":{"line":120,"column":19},"end":{"line":127,"column":13}}],"line":120},"11":{"loc":{"start":{"line":124,"column":14},"end":{"line":126,"column":15}},"type":"if","locations":[{"start":{"line":124,"column":14},"end":{"line":126,"column":15}},{"start":{"line":124,"column":14},"end":{"line":126,"column":15}}],"line":124},"12":{"loc":{"start":{"line":147,"column":9},"end":{"line":151,"column":9}},"type":"cond-expr","locations":[{"start":{"line":148,"column":10},"end":{"line":148,"column":42}},{"start":{"line":150,"column":10},"end":{"line":150,"column":41}}],"line":147},"13":{"loc":{"start":{"line":196,"column":27},"end":{"line":196,"column":69}},"type":"cond-expr","locations":[{"start":{"line":196,"column":55},"end":{"line":196,"column":64}},{"start":{"line":196,"column":67},"end":{"line":196,"column":69}}],"line":196},"14":{"loc":{"start":{"line":200,"column":27},"end":{"line":200,"column":68}},"type":"cond-expr","locations":[{"start":{"line":200,"column":56},"end":{"line":200,"column":63}},{"start":{"line":200,"column":66},"end":{"line":200,"column":68}}],"line":200},"15":{"loc":{"start":{"line":204,"column":13},"end":{"line":222,"column":13}},"type":"cond-expr","locations":[{"start":{"line":205,"column":14},"end":{"line":205,"column":16}},{"start":{"line":207,"column":14},"end":{"line":221,"column":20}}],"line":204}},"s":{"0":1,"1":2,"2":2,"3":2,"4":2,"5":0,"6":0,"7":0,"8":0,"9":0,"10":2,"11":2,"12":2,"13":2,"14":2,"15":2,"16":2,"17":2,"18":2,"19":2,"20":2,"21":2,"22":2,"23":2,"24":2,"25":0,"26":0,"27":0,"28":0,"29":0,"30":2,"31":0,"32":0,"33":0,"34":0,"35":0,"36":0,"37":0,"38":0,"39":0,"40":0,"41":0,"42":0,"43":0,"44":0,"45":0,"46":0,"47":0,"48":0,"49":0,"50":0,"51":0,"52":0,"53":0,"54":0,"55":0,"56":0,"57":0,"58":0,"59":0,"60":0,"61":2,"62":0,"63":0,"64":0},"f":{"0":2,"1":2,"2":0,"3":0,"4":0,"5":0,"6":0,"7":0,"8":0,"9":0},"b":{"0":[0,2],"1":[0,2],"2":[0,2],"3":[0,2],"4":[0,2],"5":[0,0],"6":[0,0],"7":[0,0],"8":[0,0],"9":[0,0],"10":[0,0],"11":[0,0],"12":[1,1],"13":[0,2],"14":[0,2],"15":[1,1]},"_coverageSchema":"1a1c01bbd47fc00a2c39e90264f33305004495a9","hash":"ee80f0ef82bb0a1e8a8fa84a1dde6f2b17e314f9"}
,"/home/runner/work/profile-management/profile-management/components/Layout/ContactInfo.tsx": {"path":"/home/runner/work/profile-management/profile-management/components/Layout/ContactInfo.tsx","statementMap":{"0":{"start":{"line":4,"column":59},"end":{"line":20,"column":1}},"1":{"start":{"line":5,"column":17},"end":{"line":5,"column":28}},"2":{"start":{"line":6,"column":19},"end":{"line":6,"column":34}},"3":{"start":{"line":7,"column":2},"end":{"line":19,"column":3}},"4":{"start":{"line":13,"column":26},"end":{"line":13,"column":74}}},"fnMap":{"0":{"name":"(anonymous_0)","decl":{"start":{"line":4,"column":59},"end":{"line":4,"column":60}},"loc":{"start":{"line":4,"column":75},"end":{"line":20,"column":1}},"line":4},"1":{"name":"(anonymous_1)","decl":{"start":{"line":13,"column":19},"end":{"line":13,"column":20}},"loc":{"start":{"line":13,"column":26},"end":{"line":13,"column":74}},"line":13}},"branchMap":{"0":{"loc":{"start":{"line":12,"column":28},"end":{"line":12,"column":66}},"type":"cond-expr","locations":[{"start":{"line":12,"column":37},"end":{"line":12,"column":50}},{"start":{"line":12,"column":53},"end":{"line":12,"column":66}}],"line":12}},"s":{"0":0,"1":0,"2":0,"3":0,"4":0},"f":{"0":0,"1":0},"b":{"0":[0,0]}}
,"/home/runner/work/profile-management/profile-management/components/Layout/FinancialInfo.tsx": {"path":"/home/runner/work/profile-management/profile-management/components/Layout/FinancialInfo.tsx","statementMap":{"0":{"start":{"line":5,"column":61},"end":{"line":40,"column":1}},"1":{"start":{"line":6,"column":17},"end":{"line":6,"column":28}},"2":{"start":{"line":7,"column":19},"end":{"line":7,"column":34}},"3":{"start":{"line":8,"column":2},"end":{"line":39,"column":3}},"4":{"start":{"line":14,"column":26},"end":{"line":14,"column":76}}},"fnMap":{"0":{"name":"(anonymous_0)","decl":{"start":{"line":5,"column":61},"end":{"line":5,"column":62}},"loc":{"start":{"line":5,"column":77},"end":{"line":40,"column":1}},"line":5},"1":{"name":"(anonymous_1)","decl":{"start":{"line":14,"column":19},"end":{"line":14,"column":20}},"loc":{"start":{"line":14,"column":26},"end":{"line":14,"column":76}},"line":14}},"branchMap":{"0":{"loc":{"start":{"line":13,"column":28},"end":{"line":13,"column":66}},"type":"cond-expr","locations":[{"start":{"line":13,"column":37},"end":{"line":13,"column":50}},{"start":{"line":13,"column":53},"end":{"line":13,"column":66}}],"line":13}},"s":{"0":1,"1":2,"2":2,"3":2,"4":0},"f":{"0":2,"1":0},"b":{"0":[1,1]},"_coverageSchema":"1a1c01bbd47fc00a2c39e90264f33305004495a9","hash":"3791e3e0115dcc02f509940493daf36abf3a8fa0"}
,"/home/runner/work/profile-management/profile-management/components/Layout/Footer.tsx": {"path":"/home/runner/work/profile-management/profile-management/components/Layout/Footer.tsx","statementMap":{"0":{"start":{"line":5,"column":22},"end":{"line":128,"column":1}},"1":{"start":{"line":6,"column":2},"end":{"line":127,"column":11}}},"fnMap":{"0":{"name":"(anonymous_0)","decl":{"start":{"line":5,"column":22},"end":{"line":5,"column":23}},"loc":{"start":{"line":6,"column":2},"end":{"line":127,"column":11}},"line":6}},"branchMap":{},"s":{"0":2,"1":3},"f":{"0":3},"b":{},"_coverageSchema":"1a1c01bbd47fc00a2c39e90264f33305004495a9","hash":"367736d30ae70cd21fd2b4d215e9db5f175f00a4"}
,"/home/runner/work/profile-management/profile-management/components/Layout/Header.tsx": {"path":"/home/runner/work/profile-management/profile-management/components/Layout/Header.tsx","statementMap":{"0":{"start":{"line":5,"column":22},"end":{"line":46,"column":1}},"1":{"start":{"line":6,"column":2},"end":{"line":45,"column":11}}},"fnMap":{"0":{"name":"(anonymous_0)","decl":{"start":{"line":5,"column":22},"end":{"line":5,"column":23}},"loc":{"start":{"line":6,"column":2},"end":{"line":45,"column":11}},"line":6}},"branchMap":{},"s":{"0":2,"1":3},"f":{"0":3},"b":{},"_coverageSchema":"1a1c01bbd47fc00a2c39e90264f33305004495a9","hash":"7e3c97621b002fbcf5e6bd56ac6a786226e9b979"}
,"/home/runner/work/profile-management/profile-management/components/Layout/UserPreferences.tsx": {"path":"/home/runner/work/profile-management/profile-management/components/Layout/UserPreferences.tsx","statementMap":{"0":{"start":{"line":4,"column":63},"end":{"line":20,"column":1}},"1":{"start":{"line":5,"column":17},"end":{"line":5,"column":28}},"2":{"start":{"line":6,"column":19},"end":{"line":6,"column":34}},"3":{"start":{"line":7,"column":2},"end":{"line":19,"column":3}},"4":{"start":{"line":13,"column":26},"end":{"line":13,"column":78}}},"fnMap":{"0":{"name":"(anonymous_0)","decl":{"start":{"line":4,"column":63},"end":{"line":4,"column":64}},"loc":{"start":{"line":4,"column":79},"end":{"line":20,"column":1}},"line":4},"1":{"name":"(anonymous_1)","decl":{"start":{"line":13,"column":19},"end":{"line":13,"column":20}},"loc":{"start":{"line":13,"column":26},"end":{"line":13,"column":78}},"line":13}},"branchMap":{"0":{"loc":{"start":{"line":12,"column":28},"end":{"line":12,"column":66}},"type":"cond-expr","locations":[{"start":{"line":12,"column":37},"end":{"line":12,"column":50}},{"start":{"line":12,"column":53},"end":{"line":12,"column":66}}],"line":12}},"s":{"0":0,"1":0,"2":0,"3":0,"4":0},"f":{"0":0,"1":0},"b":{"0":[0,0]}}
,"/home/runner/work/profile-management/profile-management/components/Layout/commonContactInfo.tsx": {"path":"/home/runner/work/profile-management/profile-management/components/Layout/commonContactInfo.tsx","statementMap":{"0":{"start":{"line":14,"column":28},"end":{"line":14,"column":29}},"1":{"start":{"line":15,"column":24},"end":{"line":15,"column":25}},"2":{"start":{"line":18,"column":2},"end":{"line":588,"column":3}},"3":{"start":{"line":19,"column":19},"end":{"line":19,"column":30}},"4":{"start":{"line":20,"column":21},"end":{"line":20,"column":36}},"5":{"start":{"line":22,"column":4},"end":{"line":33,"column":6}},"6":{"start":{"line":24,"column":6},"end":{"line":32,"column":7}},"7":{"start":{"line":25,"column":20},"end":{"line":26,"column":70}},"8":{"start":{"line":27,"column":21},"end":{"line":27,"column":26}},"9":{"start":{"line":28,"column":24},"end":{"line":28,"column":66}},"10":{"start":{"line":29,"column":22},"end":{"line":29,"column":70}},"11":{"start":{"line":31,"column":8},"end":{"line":31,"column":55}},"12":{"start":{"line":35,"column":42},"end":{"line":37,"column":5}},"13":{"start":{"line":39,"column":27},"end":{"line":39,"column":65}},"14":{"start":{"line":41,"column":58},"end":{"line":45,"column":5}},"15":{"start":{"line":47,"column":52},"end":{"line":47,"column":79}},"16":{"start":{"line":48,"column":49},"end":{"line":48,"column":76}},"17":{"start":{"line":49,"column":48},"end":{"line":49,"column":75}},"18":{"start":{"line":50,"column":50},"end":{"line":50,"column":77}},"19":{"start":{"line":51,"column":38},"end":{"line":51,"column":65}},"20":{"start":{"line":52,"column":40},"end":{"line":52,"column":67}},"21":{"start":{"line":53,"column":40},"end":{"line":53,"column":67}},"22":{"start":{"line":54,"column":44},"end":{"line":54,"column":71}},"23":{"start":{"line":56,"column":42},"end":{"line":56,"column":69}},"24":{"start":{"line":57,"column":44},"end":{"line":57,"column":71}},"25":{"start":{"line":59,"column":34},"end":{"line":59,"column":58}},"26":{"start":{"line":61,"column":20},"end":{"line":64,"column":5}},"27":{"start":{"line":66,"column":33},"end":{"line":68,"column":5}},"28":{"start":{"line":67,"column":6},"end":{"line":67,"column":55}},"29":{"start":{"line":70,"column":40},"end":{"line":72,"column":5}},"30":{"start":{"line":71,"column":6},"end":{"line":71,"column":76}},"31":{"start":{"line":74,"column":30},"end":{"line":76,"column":5}},"32":{"start":{"line":77,"column":30},"end":{"line":79,"column":5}},"33":{"start":{"line":81,"column":44},"end":{"line":87,"column":5}},"34":{"start":{"line":88,"column":38},"end":{"line":94,"column":5}},"35":{"start":{"line":95,"column":40},"end":{"line":101,"column":5}},"36":{"start":{"line":102,"column":40},"end":{"line":108,"column":5}},"37":{"start":{"line":109,"column":28},"end":{"line":115,"column":5}},"38":{"start":{"line":117,"column":34},"end":{"line":123,"column":5}},"39":{"start":{"line":125,"column":50},"end":{"line":131,"column":5}},"40":{"start":{"line":133,"column":58},"end":{"line":139,"column":5}},"41":{"start":{"line":140,"column":52},"end":{"line":146,"column":5}},"42":{"start":{"line":147,"column":54},"end":{"line":153,"column":5}},"43":{"start":{"line":154,"column":54},"end":{"line":160,"column":5}},"44":{"start":{"line":161,"column":42},"end":{"line":167,"column":5}},"45":{"start":{"line":168,"column":48},"end":{"line":174,"column":5}},"46":{"start":{"line":176,"column":6},"end":{"line":182,"column":7}},"47":{"start":{"line":183,"column":24},"end":{"line":206,"column":5}},"48":{"start":{"line":184,"column":6},"end":{"line":184,"column":24}},"49":{"start":{"line":185,"column":6},"end":{"line":205,"column":7}},"50":{"start":{"line":190,"column":8},"end":{"line":190,"column":20}},"51":{"start":{"line":191,"column":8},"end":{"line":191,"column":20}},"52":{"start":{"line":192,"column":8},"end":{"line":192,"column":27}},"53":{"start":{"line":193,"column":8},"end":{"line":193,"column":25}},"54":{"start":{"line":194,"column":8},"end":{"line":194,"column":24}},"55":{"start":{"line":195,"column":8},"end":{"line":195,"column":19}},"56":{"start":{"line":196,"column":8},"end":{"line":196,"column":25}},"57":{"start":{"line":197,"column":8},"end":{"line":197,"column":22}},"58":{"start":{"line":198,"column":8},"end":{"line":198,"column":34}},"59":{"start":{"line":199,"column":8},"end":{"line":199,"column":32}},"60":{"start":{"line":200,"column":8},"end":{"line":200,"column":31}},"61":{"start":{"line":201,"column":8},"end":{"line":201,"column":26}},"62":{"start":{"line":202,"column":8},"end":{"line":202,"column":32}},"63":{"start":{"line":203,"column":8},"end":{"line":203,"column":29}},"64":{"start":{"line":204,"column":8},"end":{"line":204,"column":33}},"65":{"start":{"line":208,"column":38},"end":{"line":231,"column":5}},"66":{"start":{"line":209,"column":6},"end":{"line":230,"column":7}},"67":{"start":{"line":210,"column":8},"end":{"line":229,"column":9}},"68":{"start":{"line":216,"column":10},"end":{"line":216,"column":75}},"69":{"start":{"line":217,"column":10},"end":{"line":217,"column":71}},"70":{"start":{"line":218,"column":10},"end":{"line":218,"column":69}},"71":{"start":{"line":219,"column":10},"end":{"line":219,"column":59}},"72":{"start":{"line":220,"column":10},"end":{"line":220,"column":71}},"73":{"start":{"line":221,"column":10},"end":{"line":221,"column":69}},"74":{"start":{"line":223,"column":10},"end":{"line":223,"column":36}},"75":{"start":{"line":224,"column":10},"end":{"line":224,"column":34}},"76":{"start":{"line":225,"column":10},"end":{"line":225,"column":33}},"77":{"start":{"line":226,"column":10},"end":{"line":226,"column":28}},"78":{"start":{"line":227,"column":10},"end":{"line":227,"column":34}},"79":{"start":{"line":228,"column":10},"end":{"line":228,"column":31}},"80":{"start":{"line":233,"column":25},"end":{"line":336,"column":5}},"81":{"start":{"line":234,"column":6},"end":{"line":234,"column":24}},"82":{"start":{"line":235,"column":6},"end":{"line":235,"column":25}},"83":{"start":{"line":236,"column":6},"end":{"line":335,"column":7}},"84":{"start":{"line":237,"column":8},"end":{"line":237,"column":24}},"85":{"start":{"line":238,"column":25},"end":{"line":273,"column":9}},"86":{"start":{"line":275,"column":8},"end":{"line":275,"column":38}},"87":{"start":{"line":276,"column":8},"end":{"line":276,"column":37}},"88":{"start":{"line":277,"column":8},"end":{"line":277,"column":36}},"89":{"start":{"line":278,"column":8},"end":{"line":278,"column":37}},"90":{"start":{"line":279,"column":8},"end":{"line":279,"column":31}},"91":{"start":{"line":280,"column":8},"end":{"line":280,"column":34}},"92":{"start":{"line":281,"column":8},"end":{"line":281,"column":32}},"93":{"start":{"line":282,"column":8},"end":{"line":282,"column":32}},"94":{"start":{"line":283,"column":8},"end":{"line":283,"column":33}},"95":{"start":{"line":284,"column":8},"end":{"line":284,"column":34}},"96":{"start":{"line":286,"column":8},"end":{"line":326,"column":12}},"97":{"start":{"line":296,"column":30},"end":{"line":296,"column":45}},"98":{"start":{"line":298,"column":12},"end":{"line":300,"column":13}},"99":{"start":{"line":299,"column":14},"end":{"line":299,"column":45}},"100":{"start":{"line":301,"column":29},"end":{"line":301,"column":52}},"101":{"start":{"line":302,"column":12},"end":{"line":325,"column":14}},"102":{"start":{"line":303,"column":14},"end":{"line":324,"column":15}},"103":{"start":{"line":304,"column":16},"end":{"line":304,"column":39}},"104":{"start":{"line":305,"column":21},"end":{"line":324,"column":15}},"105":{"start":{"line":306,"column":16},"end":{"line":306,"column":40}},"106":{"start":{"line":307,"column":21},"end":{"line":324,"column":15}},"107":{"start":{"line":308,"column":16},"end":{"line":308,"column":38}},"108":{"start":{"line":309,"column":21},"end":{"line":324,"column":15}},"109":{"start":{"line":310,"column":16},"end":{"line":310,"column":33}},"110":{"start":{"line":311,"column":21},"end":{"line":324,"column":15}},"111":{"start":{"line":312,"column":16},"end":{"line":312,"column":39}},"112":{"start":{"line":313,"column":21},"end":{"line":324,"column":15}},"113":{"start":{"line":314,"column":16},"end":{"line":314,"column":34}},"114":{"start":{"line":315,"column":21},"end":{"line":324,"column":15}},"115":{"start":{"line":316,"column":16},"end":{"line":316,"column":34}},"116":{"start":{"line":317,"column":21},"end":{"line":324,"column":15}},"117":{"start":{"line":318,"column":16},"end":{"line":318,"column":36}},"118":{"start":{"line":320,"column":16},"end":{"line":320,"column":35}},"119":{"start":{"line":321,"column":16},"end":{"line":323,"column":17}},"120":{"start":{"line":322,"column":18},"end":{"line":322,"column":43}},"121":{"start":{"line":330,"column":8},"end":{"line":330,"column":25}},"122":{"start":{"line":331,"column":8},"end":{"line":331,"column":75}},"123":{"start":{"line":332,"column":8},"end":{"line":332,"column":30}},"124":{"start":{"line":334,"column":8},"end":{"line":334,"column":25}},"125":{"start":{"line":337,"column":4},"end":{"line":587,"column":5}},"126":{"start":{"line":358,"column":33},"end":{"line":358,"column":64}},"127":{"start":{"line":370,"column":33},"end":{"line":370,"column":62}},"128":{"start":{"line":381,"column":33},"end":{"line":381,"column":61}},"129":{"start":{"line":391,"column":33},"end":{"line":391,"column":62}},"130":{"start":{"line":402,"column":33},"end":{"line":402,"column":56}},"131":{"start":{"line":416,"column":52},"end":{"line":416,"column":76}},"132":{"start":{"line":433,"column":22},"end":{"line":433,"column":66}},"133":{"start":{"line":434,"column":22},"end":{"line":434,"column":63}},"134":{"start":{"line":450,"column":37},"end":{"line":450,"column":75}},"135":{"start":{"line":461,"column":37},"end":{"line":461,"column":73}},"136":{"start":{"line":472,"column":37},"end":{"line":472,"column":72}},"137":{"start":{"line":482,"column":37},"end":{"line":482,"column":73}},"138":{"start":{"line":493,"column":37},"end":{"line":493,"column":67}},"139":{"start":{"line":514,"column":36},"end":{"line":514,"column":67}},"140":{"start":{"line":532,"column":33},"end":{"line":532,"column":57}},"141":{"start":{"line":543,"column":33},"end":{"line":543,"column":57}}},"fnMap":{"0":{"name":"(anonymous_0)","decl":{"start":{"line":18,"column":2},"end":{"line":18,"column":3}},"loc":{"start":{"line":18,"column":28},"end":{"line":588,"column":3}},"line":18},"1":{"name":"(anonymous_1)","decl":{"start":{"line":22,"column":14},"end":{"line":22,"column":15}},"loc":{"start":{"line":22,"column":20},"end":{"line":33,"column":5}},"line":22},"2":{"name":"(anonymous_2)","decl":{"start":{"line":66,"column":33},"end":{"line":66,"column":34}},"loc":{"start":{"line":66,"column":46},"end":{"line":68,"column":5}},"line":66},"3":{"name":"(anonymous_3)","decl":{"start":{"line":70,"column":40},"end":{"line":70,"column":41}},"loc":{"start":{"line":70,"column":60},"end":{"line":72,"column":5}},"line":70},"4":{"name":"(anonymous_4)","decl":{"start":{"line":183,"column":24},"end":{"line":183,"column":25}},"loc":{"start":{"line":183,"column":37},"end":{"line":206,"column":5}},"line":183},"5":{"name":"(anonymous_5)","decl":{"start":{"line":208,"column":38},"end":{"line":208,"column":39}},"loc":{"start":{"line":208,"column":63},"end":{"line":231,"column":5}},"line":208},"6":{"name":"(anonymous_6)","decl":{"start":{"line":233,"column":25},"end":{"line":233,"column":26}},"loc":{"start":{"line":233,"column":38},"end":{"line":336,"column":5}},"line":233},"7":{"name":"(anonymous_7)","decl":{"start":{"line":296,"column":16},"end":{"line":296,"column":17}},"loc":{"start":{"line":296,"column":30},"end":{"line":296,"column":45}},"line":296},"8":{"name":"(anonymous_8)","decl":{"start":{"line":297,"column":16},"end":{"line":297,"column":17}},"loc":{"start":{"line":297,"column":26},"end":{"line":326,"column":11}},"line":297},"9":{"name":"(anonymous_9)","decl":{"start":{"line":302,"column":29},"end":{"line":302,"column":30}},"loc":{"start":{"line":302,"column":38},"end":{"line":325,"column":13}},"line":302},"10":{"name":"(anonymous_10)","decl":{"start":{"line":358,"column":26},"end":{"line":358,"column":27}},"loc":{"start":{"line":358,"column":33},"end":{"line":358,"column":64}},"line":358},"11":{"name":"(anonymous_11)","decl":{"start":{"line":370,"column":26},"end":{"line":370,"column":27}},"loc":{"start":{"line":370,"column":33},"end":{"line":370,"column":62}},"line":370},"12":{"name":"(anonymous_12)","decl":{"start":{"line":381,"column":26},"end":{"line":381,"column":27}},"loc":{"start":{"line":381,"column":33},"end":{"line":381,"column":61}},"line":381},"13":{"name":"(anonymous_13)","decl":{"start":{"line":391,"column":26},"end":{"line":391,"column":27}},"loc":{"start":{"line":391,"column":33},"end":{"line":391,"column":62}},"line":391},"14":{"name":"(anonymous_14)","decl":{"start":{"line":402,"column":26},"end":{"line":402,"column":27}},"loc":{"start":{"line":402,"column":33},"end":{"line":402,"column":56}},"line":402},"15":{"name":"(anonymous_15)","decl":{"start":{"line":416,"column":40},"end":{"line":416,"column":41}},"loc":{"start":{"line":416,"column":52},"end":{"line":416,"column":76}},"line":416},"16":{"name":"(anonymous_16)","decl":{"start":{"line":432,"column":30},"end":{"line":432,"column":31}},"loc":{"start":{"line":432,"column":37},"end":{"line":435,"column":21}},"line":432},"17":{"name":"(anonymous_17)","decl":{"start":{"line":450,"column":30},"end":{"line":450,"column":31}},"loc":{"start":{"line":450,"column":37},"end":{"line":450,"column":75}},"line":450},"18":{"name":"(anonymous_18)","decl":{"start":{"line":461,"column":30},"end":{"line":461,"column":31}},"loc":{"start":{"line":461,"column":37},"end":{"line":461,"column":73}},"line":461},"19":{"name":"(anonymous_19)","decl":{"start":{"line":472,"column":30},"end":{"line":472,"column":31}},"loc":{"start":{"line":472,"column":37},"end":{"line":472,"column":72}},"line":472},"20":{"name":"(anonymous_20)","decl":{"start":{"line":482,"column":30},"end":{"line":482,"column":31}},"loc":{"start":{"line":482,"column":37},"end":{"line":482,"column":73}},"line":482},"21":{"name":"(anonymous_21)","decl":{"start":{"line":493,"column":30},"end":{"line":493,"column":31}},"loc":{"start":{"line":493,"column":37},"end":{"line":493,"column":67}},"line":493},"22":{"name":"(anonymous_22)","decl":{"start":{"line":514,"column":24},"end":{"line":514,"column":25}},"loc":{"start":{"line":514,"column":36},"end":{"line":514,"column":67}},"line":514},"23":{"name":"(anonymous_23)","decl":{"start":{"line":532,"column":26},"end":{"line":532,"column":27}},"loc":{"start":{"line":532,"column":33},"end":{"line":532,"column":57}},"line":532},"24":{"name":"(anonymous_24)","decl":{"start":{"line":543,"column":26},"end":{"line":543,"column":27}},"loc":{"start":{"line":543,"column":33},"end":{"line":543,"column":57}},"line":543}},"branchMap":{"0":{"loc":{"start":{"line":24,"column":6},"end":{"line":32,"column":7}},"type":"if","locations":[{"start":{"line":24,"column":6},"end":{"line":32,"column":7}},{"start":{"line":24,"column":6},"end":{"line":32,"column":7}}],"line":24},"1":{"loc":{"start":{"line":36,"column":6},"end":{"line":36,"column":53}},"type":"cond-expr","locations":[{"start":{"line":36,"column":25},"end":{"line":36,"column":41}},{"start":{"line":36,"column":44},"end":{"line":36,"column":53}}],"line":36},"2":{"loc":{"start":{"line":42,"column":6},"end":{"line":44,"column":15}},"type":"cond-expr","locations":[{"start":{"line":43,"column":10},"end":{"line":43,"column":75}},{"start":{"line":44,"column":10},"end":{"line":44,"column":15}}],"line":42},"3":{"loc":{"start":{"line":43,"column":10},"end":{"line":43,"column":75}},"type":"binary-expr","locations":[{"start":{"line":43,"column":10},"end":{"line":43,"column":35}},{"start":{"line":43,"column":39},"end":{"line":43,"column":75}}],"line":43},"4":{"loc":{"start":{"line":67,"column":17},"end":{"line":67,"column":54}},"type":"cond-expr","locations":[{"start":{"line":67,"column":36},"end":{"line":67,"column":38}},{"start":{"line":67,"column":41},"end":{"line":67,"column":54}}],"line":67},"5":{"loc":{"start":{"line":71,"column":24},"end":{"line":71,"column":75}},"type":"cond-expr","locations":[{"start":{"line":71,"column":50},"end":{"line":71,"column":52}},{"start":{"line":71,"column":55},"end":{"line":71,"column":75}}],"line":71},"6":{"loc":{"start":{"line":75,"column":6},"end":{"line":75,"column":42}},"type":"cond-expr","locations":[{"start":{"line":75,"column":20},"end":{"line":75,"column":37}},{"start":{"line":75,"column":40},"end":{"line":75,"column":42}}],"line":75},"7":{"loc":{"start":{"line":78,"column":6},"end":{"line":78,"column":42}},"type":"cond-expr","locations":[{"start":{"line":78,"column":20},"end":{"line":78,"column":37}},{"start":{"line":78,"column":40},"end":{"line":78,"column":42}}],"line":78},"8":{"loc":{"start":{"line":82,"column":6},"end":{"line":86,"column":12}},"type":"cond-expr","locations":[{"start":{"line":85,"column":10},"end":{"line":85,"column":51}},{"start":{"line":86,"column":10},"end":{"line":86,"column":12}}],"line":82},"9":{"loc":{"start":{"line":82,"column":6},"end":{"line":84,"column":44}},"type":"binary-expr","locations":[{"start":{"line":82,"column":6},"end":{"line":82,"column":17}},{"start":{"line":83,"column":8},"end":{"line":83,"column":33}},{"start":{"line":84,"column":8},"end":{"line":84,"column":44}}],"line":82},"10":{"loc":{"start":{"line":89,"column":6},"end":{"line":93,"column":12}},"type":"cond-expr","locations":[{"start":{"line":92,"column":10},"end":{"line":92,"column":48}},{"start":{"line":93,"column":10},"end":{"line":93,"column":12}}],"line":89},"11":{"loc":{"start":{"line":89,"column":6},"end":{"line":91,"column":44}},"type":"binary-expr","locations":[{"start":{"line":89,"column":6},"end":{"line":89,"column":17}},{"start":{"line":90,"column":8},"end":{"line":90,"column":33}},{"start":{"line":91,"column":8},"end":{"line":91,"column":44}}],"line":89},"12":{"loc":{"start":{"line":96,"column":6},"end":{"line":100,"column":12}},"type":"cond-expr","locations":[{"start":{"line":99,"column":10},"end":{"line":99,"column":49}},{"start":{"line":100,"column":10},"end":{"line":100,"column":12}}],"line":96},"13":{"loc":{"start":{"line":96,"column":6},"end":{"line":98,"column":44}},"type":"binary-expr","locations":[{"start":{"line":96,"column":6},"end":{"line":96,"column":17}},{"start":{"line":97,"column":8},"end":{"line":97,"column":33}},{"start":{"line":98,"column":8},"end":{"line":98,"column":44}}],"line":96},"14":{"loc":{"start":{"line":103,"column":6},"end":{"line":107,"column":12}},"type":"cond-expr","locations":[{"start":{"line":106,"column":10},"end":{"line":106,"column":49}},{"start":{"line":107,"column":10},"end":{"line":107,"column":12}}],"line":103},"15":{"loc":{"start":{"line":103,"column":6},"end":{"line":105,"column":44}},"type":"binary-expr","locations":[{"start":{"line":103,"column":6},"end":{"line":103,"column":17}},{"start":{"line":104,"column":8},"end":{"line":104,"column":33}},{"start":{"line":105,"column":8},"end":{"line":105,"column":44}}],"line":103},"16":{"loc":{"start":{"line":110,"column":6},"end":{"line":114,"column":12}},"type":"cond-expr","locations":[{"start":{"line":113,"column":10},"end":{"line":113,"column":43}},{"start":{"line":114,"column":10},"end":{"line":114,"column":12}}],"line":110},"17":{"loc":{"start":{"line":110,"column":6},"end":{"line":112,"column":44}},"type":"binary-expr","locations":[{"start":{"line":110,"column":6},"end":{"line":110,"column":17}},{"start":{"line":111,"column":8},"end":{"line":111,"column":33}},{"start":{"line":112,"column":8},"end":{"line":112,"column":44}}],"line":110},"18":{"loc":{"start":{"line":118,"column":6},"end":{"line":122,"column":12}},"type":"cond-expr","locations":[{"start":{"line":121,"column":10},"end":{"line":121,"column":50}},{"start":{"line":122,"column":10},"end":{"line":122,"column":12}}],"line":118},"19":{"loc":{"start":{"line":118,"column":6},"end":{"line":120,"column":44}},"type":"binary-expr","locations":[{"start":{"line":118,"column":6},"end":{"line":118,"column":17}},{"start":{"line":119,"column":8},"end":{"line":119,"column":33}},{"start":{"line":120,"column":8},"end":{"line":120,"column":44}}],"line":118},"20":{"loc":{"start":{"line":126,"column":6},"end":{"line":130,"column":12}},"type":"cond-expr","locations":[{"start":{"line":129,"column":10},"end":{"line":129,"column":54}},{"start":{"line":130,"column":10},"end":{"line":130,"column":12}}],"line":126},"21":{"loc":{"start":{"line":126,"column":6},"end":{"line":128,"column":44}},"type":"binary-expr","locations":[{"start":{"line":126,"column":6},"end":{"line":126,"column":17}},{"start":{"line":127,"column":8},"end":{"line":127,"column":33}},{"start":{"line":128,"column":8},"end":{"line":128,"column":44}}],"line":126},"22":{"loc":{"start":{"line":134,"column":6},"end":{"line":138,"column":12}},"type":"cond-expr","locations":[{"start":{"line":137,"column":10},"end":{"line":137,"column":51}},{"start":{"line":138,"column":10},"end":{"line":138,"column":12}}],"line":134},"23":{"loc":{"start":{"line":134,"column":6},"end":{"line":136,"column":44}},"type":"binary-expr","locations":[{"start":{"line":134,"column":6},"end":{"line":134,"column":17}},{"start":{"line":135,"column":8},"end":{"line":135,"column":33}},{"start":{"line":136,"column":8},"end":{"line":136,"column":44}}],"line":134},"24":{"loc":{"start":{"line":141,"column":6},"end":{"line":145,"column":12}},"type":"cond-expr","locations":[{"start":{"line":144,"column":10},"end":{"line":144,"column":48}},{"start":{"line":145,"column":10},"end":{"line":145,"column":12}}],"line":141},"25":{"loc":{"start":{"line":141,"column":6},"end":{"line":143,"column":44}},"type":"binary-expr","locations":[{"start":{"line":141,"column":6},"end":{"line":141,"column":17}},{"start":{"line":142,"column":8},"end":{"line":142,"column":33}},{"start":{"line":143,"column":8},"end":{"line":143,"column":44}}],"line":141},"26":{"loc":{"start":{"line":148,"column":6},"end":{"line":152,"column":12}},"type":"cond-expr","locations":[{"start":{"line":151,"column":10},"end":{"line":151,"column":49}},{"start":{"line":152,"column":10},"end":{"line":152,"column":12}}],"line":148},"27":{"loc":{"start":{"line":148,"column":6},"end":{"line":150,"column":44}},"type":"binary-expr","locations":[{"start":{"line":148,"column":6},"end":{"line":148,"column":17}},{"start":{"line":149,"column":8},"end":{"line":149,"column":33}},{"start":{"line":150,"column":8},"end":{"line":150,"column":44}}],"line":148},"28":{"loc":{"start":{"line":155,"column":6},"end":{"line":159,"column":12}},"type":"cond-expr","locations":[{"start":{"line":158,"column":10},"end":{"line":158,"column":49}},{"start":{"line":159,"column":10},"end":{"line":159,"column":12}}],"line":155},"29":{"loc":{"start":{"line":155,"column":6},"end":{"line":157,"column":44}},"type":"binary-expr","locations":[{"start":{"line":155,"column":6},"end":{"line":155,"column":17}},{"start":{"line":156,"column":8},"end":{"line":156,"column":33}},{"start":{"line":157,"column":8},"end":{"line":157,"column":44}}],"line":155},"30":{"loc":{"start":{"line":162,"column":6},"end":{"line":166,"column":12}},"type":"cond-expr","locations":[{"start":{"line":165,"column":10},"end":{"line":165,"column":43}},{"start":{"line":166,"column":10},"end":{"line":166,"column":12}}],"line":162},"31":{"loc":{"start":{"line":162,"column":6},"end":{"line":164,"column":44}},"type":"binary-expr","locations":[{"start":{"line":162,"column":6},"end":{"line":162,"column":17}},{"start":{"line":163,"column":8},"end":{"line":163,"column":33}},{"start":{"line":164,"column":8},"end":{"line":164,"column":44}}],"line":162},"32":{"loc":{"start":{"line":169,"column":6},"end":{"line":173,"column":12}},"type":"cond-expr","locations":[{"start":{"line":172,"column":10},"end":{"line":172,"column":50}},{"start":{"line":173,"column":10},"end":{"line":173,"column":12}}],"line":169},"33":{"loc":{"start":{"line":169,"column":6},"end":{"line":171,"column":44}},"type":"binary-expr","locations":[{"start":{"line":169,"column":6},"end":{"line":169,"column":17}},{"start":{"line":170,"column":8},"end":{"line":170,"column":33}},{"start":{"line":171,"column":8},"end":{"line":171,"column":44}}],"line":169},"34":{"loc":{"start":{"line":177,"column":8},"end":{"line":181,"column":14}},"type":"cond-expr","locations":[{"start":{"line":180,"column":12},"end":{"line":180,"column":56}},{"start":{"line":181,"column":12},"end":{"line":181,"column":14}}],"line":177},"35":{"loc":{"start":{"line":177,"column":8},"end":{"line":179,"column":46}},"type":"binary-expr","locations":[{"start":{"line":177,"column":8},"end":{"line":177,"column":19}},{"start":{"line":178,"column":10},"end":{"line":178,"column":35}},{"start":{"line":179,"column":10},"end":{"line":179,"column":46}}],"line":177},"36":{"loc":{"start":{"line":185,"column":6},"end":{"line":205,"column":7}},"type":"if","locations":[{"start":{"line":185,"column":6},"end":{"line":205,"column":7}},{"start":{"line":185,"column":6},"end":{"line":205,"column":7}}],"line":185},"37":{"loc":{"start":{"line":209,"column":6},"end":{"line":230,"column":7}},"type":"if","locations":[{"start":{"line":209,"column":6},"end":{"line":230,"column":7}},{"start":{"line":209,"column":6},"end":{"line":230,"column":7}}],"line":209},"38":{"loc":{"start":{"line":210,"column":8},"end":{"line":229,"column":9}},"type":"if","locations":[{"start":{"line":210,"column":8},"end":{"line":229,"column":9}},{"start":{"line":210,"column":8},"end":{"line":229,"column":9}}],"line":210},"39":{"loc":{"start":{"line":211,"column":10},"end":{"line":214,"column":57}},"type":"binary-expr","locations":[{"start":{"line":211,"column":10},"end":{"line":211,"column":21}},{"start":{"line":212,"column":10},"end":{"line":212,"column":35}},{"start":{"line":213,"column":10},"end":{"line":213,"column":46}},{"start":{"line":214,"column":10},"end":{"line":214,"column":57}}],"line":211},"40":{"loc":{"start":{"line":241,"column":25},"end":{"line":272,"column":15}},"type":"cond-expr","locations":[{"start":{"line":242,"column":14},"end":{"line":261,"column":15}},{"start":{"line":262,"column":14},"end":{"line":272,"column":15}}],"line":241},"41":{"loc":{"start":{"line":246,"column":29},"end":{"line":246,"column":57}},"type":"cond-expr","locations":[{"start":{"line":246,"column":41},"end":{"line":246,"column":50}},{"start":{"line":246,"column":53},"end":{"line":246,"column":57}}],"line":246},"42":{"loc":{"start":{"line":255,"column":29},"end":{"line":255,"column":71}},"type":"cond-expr","locations":[{"start":{"line":255,"column":48},"end":{"line":255,"column":64}},{"start":{"line":255,"column":67},"end":{"line":255,"column":71}}],"line":255},"43":{"loc":{"start":{"line":266,"column":29},"end":{"line":266,"column":57}},"type":"cond-expr","locations":[{"start":{"line":266,"column":41},"end":{"line":266,"column":50}},{"start":{"line":266,"column":53},"end":{"line":266,"column":57}}],"line":266},"44":{"loc":{"start":{"line":289,"column":20},"end":{"line":289,"column":49}},"type":"cond-expr","locations":[{"start":{"line":289,"column":35},"end":{"line":289,"column":41}},{"start":{"line":289,"column":44},"end":{"line":289,"column":49}}],"line":289},"45":{"loc":{"start":{"line":298,"column":12},"end":{"line":300,"column":13}},"type":"if","locations":[{"start":{"line":298,"column":12},"end":{"line":300,"column":13}},{"start":{"line":298,"column":12},"end":{"line":300,"column":13}}],"line":298},"46":{"loc":{"start":{"line":303,"column":14},"end":{"line":324,"column":15}},"type":"if","locations":[{"start":{"line":303,"column":14},"end":{"line":324,"column":15}},{"start":{"line":303,"column":14},"end":{"line":324,"column":15}}],"line":303},"47":{"loc":{"start":{"line":305,"column":21},"end":{"line":324,"column":15}},"type":"if","locations":[{"start":{"line":305,"column":21},"end":{"line":324,"column":15}},{"start":{"line":305,"column":21},"end":{"line":324,"column":15}}],"line":305},"48":{"loc":{"start":{"line":307,"column":21},"end":{"line":324,"column":15}},"type":"if","locations":[{"start":{"line":307,"column":21},"end":{"line":324,"column":15}},{"start":{"line":307,"column":21},"end":{"line":324,"column":15}}],"line":307},"49":{"loc":{"start":{"line":309,"column":21},"end":{"line":324,"column":15}},"type":"if","locations":[{"start":{"line":309,"column":21},"end":{"line":324,"column":15}},{"start":{"line":309,"column":21},"end":{"line":324,"column":15}}],"line":309},"50":{"loc":{"start":{"line":311,"column":21},"end":{"line":324,"column":15}},"type":"if","locations":[{"start":{"line":311,"column":21},"end":{"line":324,"column":15}},{"start":{"line":311,"column":21},"end":{"line":324,"column":15}}],"line":311},"51":{"loc":{"start":{"line":313,"column":21},"end":{"line":324,"column":15}},"type":"if","locations":[{"start":{"line":313,"column":21},"end":{"line":324,"column":15}},{"start":{"line":313,"column":21},"end":{"line":324,"column":15}}],"line":313},"52":{"loc":{"start":{"line":315,"column":21},"end":{"line":324,"column":15}},"type":"if","locations":[{"start":{"line":315,"column":21},"end":{"line":324,"column":15}},{"start":{"line":315,"column":21},"end":{"line":324,"column":15}}],"line":315},"53":{"loc":{"start":{"line":317,"column":21},"end":{"line":324,"column":15}},"type":"if","locations":[{"start":{"line":317,"column":21},"end":{"line":324,"column":15}},{"start":{"line":317,"column":21},"end":{"line":324,"column":15}}],"line":317},"54":{"loc":{"start":{"line":321,"column":16},"end":{"line":323,"column":17}},"type":"if","locations":[{"start":{"line":321,"column":16},"end":{"line":323,"column":17}},{"start":{"line":321,"column":16},"end":{"line":323,"column":17}}],"line":321},"55":{"loc":{"start":{"line":344,"column":11},"end":{"line":348,"column":11}},"type":"cond-expr","locations":[{"start":{"line":345,"column":12},"end":{"line":345,"column":42}},{"start":{"line":347,"column":12},"end":{"line":347,"column":41}}],"line":344},"56":{"loc":{"start":{"line":408,"column":17},"end":{"line":408,"column":79}},"type":"cond-expr","locations":[{"start":{"line":408,"column":32},"end":{"line":408,"column":74}},{"start":{"line":408,"column":77},"end":{"line":408,"column":79}}],"line":408},"57":{"loc":{"start":{"line":441,"column":15},"end":{"line":524,"column":15}},"type":"cond-expr","locations":[{"start":{"line":442,"column":16},"end":{"line":521,"column":22}},{"start":{"line":523,"column":16},"end":{"line":523,"column":18}}],"line":441},"58":{"loc":{"start":{"line":499,"column":21},"end":{"line":503,"column":21}},"type":"cond-expr","locations":[{"start":{"line":500,"column":22},"end":{"line":500,"column":64}},{"start":{"line":502,"column":22},"end":{"line":502,"column":24}}],"line":499},"59":{"loc":{"start":{"line":549,"column":29},"end":{"line":549,"column":71}},"type":"cond-expr","locations":[{"start":{"line":549,"column":57},"end":{"line":549,"column":66}},{"start":{"line":549,"column":69},"end":{"line":549,"column":71}}],"line":549},"60":{"loc":{"start":{"line":553,"column":29},"end":{"line":553,"column":70}},"type":"cond-expr","locations":[{"start":{"line":553,"column":58},"end":{"line":553,"column":65}},{"start":{"line":553,"column":68},"end":{"line":553,"column":70}}],"line":553},"61":{"loc":{"start":{"line":557,"column":15},"end":{"line":575,"column":15}},"type":"cond-expr","locations":[{"start":{"line":558,"column":16},"end":{"line":558,"column":18}},{"start":{"line":560,"column":16},"end":{"line":574,"column":22}}],"line":557},"62":{"loc":{"start":{"line":565,"column":30},"end":{"line":565,"column":45}},"type":"binary-expr","locations":[{"start":{"line":565,"column":30},"end":{"line":565,"column":37}},{"start":{"line":565,"column":41},"end":{"line":565,"column":45}}],"line":565},"63":{"loc":{"start":{"line":572,"column":30},"end":{"line":572,"column":45}},"type":"binary-expr","locations":[{"start":{"line":572,"column":30},"end":{"line":572,"column":37}},{"start":{"line":572,"column":41},"end":{"line":572,"column":45}}],"line":572}},"s":{"0":0,"1":0,"2":0,"3":0,"4":0,"5":0,"6":0,"7":0,"8":0,"9":0,"10":0,"11":0,"12":0,"13":0,"14":0,"15":0,"16":0,"17":0,"18":0,"19":0,"20":0,"21":0,"22":0,"23":0,"24":0,"25":0,"26":0,"27":0,"28":0,"29":0,"30":0,"31":0,"32":0,"33":0,"34":0,"35":0,"36":0,"37":0,"38":0,"39":0,"40":0,"41":0,"42":0,"43":0,"44":0,"45":0,"46":0,"47":0,"48":0,"49":0,"50":0,"51":0,"52":0,"53":0,"54":0,"55":0,"56":0,"57":0,"58":0,"59":0,"60":0,"61":0,"62":0,"63":0,"64":0,"65":0,"66":0,"67":0,"68":0,"69":0,"70":0,"71":0,"72":0,"73":0,"74":0,"75":0,"76":0,"77":0,"78":0,"79":0,"80":0,"81":0,"82":0,"83":0,"84":0,"85":0,"86":0,"87":0,"88":0,"89":0,"90":0,"91":0,"92":0,"93":0,"94":0,"95":0,"96":0,"97":0,"98":0,"99":0,"100":0,"101":0,"102":0,"103":0,"104":0,"105":0,"106":0,"107":0,"108":0,"109":0,"110":0,"111":0,"112":0,"113":0,"114":0,"115":0,"116":0,"117":0,"118":0,"119":0,"120":0,"121":0,"122":0,"123":0,"124":0,"125":0,"126":0,"127":0,"128":0,"129":0,"130":0,"131":0,"132":0,"133":0,"134":0,"135":0,"136":0,"137":0,"138":0,"139":0,"140":0,"141":0},"f":{"0":0,"1":0,"2":0,"3":0,"4":0,"5":0,"6":0,"7":0,"8":0,"9":0,"10":0,"11":0,"12":0,"13":0,"14":0,"15":0,"16":0,"17":0,"18":0,"19":0,"20":0,"21":0,"22":0,"23":0,"24":0},"b":{"0":[0,0],"1":[0,0],"2":[0,0],"3":[0,0],"4":[0,0],"5":[0,0],"6":[0,0],"7":[0,0],"8":[0,0],"9":[0,0,0],"10":[0,0],"11":[0,0,0],"12":[0,0],"13":[0,0,0],"14":[0,0],"15":[0,0,0],"16":[0,0],"17":[0,0,0],"18":[0,0],"19":[0,0,0],"20":[0,0],"21":[0,0,0],"22":[0,0],"23":[0,0,0],"24":[0,0],"25":[0,0,0],"26":[0,0],"27":[0,0,0],"28":[0,0],"29":[0,0,0],"30":[0,0],"31":[0,0,0],"32":[0,0],"33":[0,0,0],"34":[0,0],"35":[0,0,0],"36":[0,0],"37":[0,0],"38":[0,0],"39":[0,0,0,0],"40":[0,0],"41":[0,0],"42":[0,0],"43":[0,0],"44":[0,0],"45":[0,0],"46":[0,0],"47":[0,0],"48":[0,0],"49":[0,0],"50":[0,0],"51":[0,0],"52":[0,0],"53":[0,0],"54":[0,0],"55":[0,0],"56":[0,0],"57":[0,0],"58":[0,0],"59":[0,0],"60":[0,0],"61":[0,0],"62":[0,0],"63":[0,0]}}
,"/home/runner/work/profile-management/profile-management/components/Layout/commonUserPreferences.tsx": {"path":"/home/runner/work/profile-management/profile-management/components/Layout/commonUserPreferences.tsx","statementMap":{"0":{"start":{"line":17,"column":5},"end":{"line":429,"column":1}},"1":{"start":{"line":18,"column":17},"end":{"line":18,"column":28}},"2":{"start":{"line":19,"column":19},"end":{"line":19,"column":34}},"3":{"start":{"line":21,"column":2},"end":{"line":32,"column":4}},"4":{"start":{"line":23,"column":4},"end":{"line":31,"column":5}},"5":{"start":{"line":24,"column":18},"end":{"line":25,"column":68}},"6":{"start":{"line":26,"column":19},"end":{"line":26,"column":24}},"7":{"start":{"line":27,"column":22},"end":{"line":27,"column":64}},"8":{"start":{"line":28,"column":20},"end":{"line":28,"column":64}},"9":{"start":{"line":30,"column":6},"end":{"line":30,"column":53}},"10":{"start":{"line":34,"column":25},"end":{"line":34,"column":63}},"11":{"start":{"line":36,"column":32},"end":{"line":36,"column":56}},"12":{"start":{"line":38,"column":40},"end":{"line":38,"column":67}},"13":{"start":{"line":39,"column":42},"end":{"line":39,"column":69}},"14":{"start":{"line":41,"column":34},"end":{"line":43,"column":3}},"15":{"start":{"line":46,"column":4},"end":{"line":46,"column":31}},"16":{"start":{"line":48,"column":4},"end":{"line":48,"column":31}},"17":{"start":{"line":50,"column":4},"end":{"line":50,"column":31}},"18":{"start":{"line":52,"column":4},"end":{"line":52,"column":31}},"19":{"start":{"line":54,"column":4},"end":{"line":54,"column":31}},"20":{"start":{"line":55,"column":44},"end":{"line":55,"column":71}},"21":{"start":{"line":57,"column":42},"end":{"line":61,"column":3}},"22":{"start":{"line":63,"column":32},"end":{"line":65,"column":3}},"23":{"start":{"line":64,"column":4},"end":{"line":64,"column":33}},"24":{"start":{"line":67,"column":48},"end":{"line":69,"column":3}},"25":{"start":{"line":70,"column":31},"end":{"line":72,"column":3}},"26":{"start":{"line":71,"column":4},"end":{"line":71,"column":52}},"27":{"start":{"line":75,"column":4},"end":{"line":75,"column":73}},"28":{"start":{"line":77,"column":46},"end":{"line":79,"column":3}},"29":{"start":{"line":78,"column":4},"end":{"line":78,"column":74}},"30":{"start":{"line":81,"column":54},"end":{"line":87,"column":3}},"31":{"start":{"line":89,"column":38},"end":{"line":91,"column":3}},"32":{"start":{"line":90,"column":4},"end":{"line":90,"column":58}},"33":{"start":{"line":93,"column":60},"end":{"line":95,"column":3}},"34":{"start":{"line":97,"column":41},"end":{"line":99,"column":3}},"35":{"start":{"line":98,"column":4},"end":{"line":98,"column":64}},"36":{"start":{"line":101,"column":46},"end":{"line":103,"column":3}},"37":{"start":{"line":105,"column":34},"end":{"line":107,"column":3}},"38":{"start":{"line":106,"column":4},"end":{"line":106,"column":50}},"39":{"start":{"line":109,"column":23},"end":{"line":179,"column":3}},"40":{"start":{"line":110,"column":4},"end":{"line":110,"column":22}},"41":{"start":{"line":111,"column":4},"end":{"line":111,"column":23}},"42":{"start":{"line":112,"column":4},"end":{"line":178,"column":5}},"43":{"start":{"line":113,"column":6},"end":{"line":113,"column":22}},"44":{"start":{"line":115,"column":6},"end":{"line":115,"column":40}},"45":{"start":{"line":116,"column":6},"end":{"line":116,"column":51}},"46":{"start":{"line":117,"column":6},"end":{"line":117,"column":43}},"47":{"start":{"line":118,"column":6},"end":{"line":118,"column":46}},"48":{"start":{"line":119,"column":6},"end":{"line":119,"column":39}},"49":{"start":{"line":120,"column":6},"end":{"line":120,"column":33}},"50":{"start":{"line":121,"column":6},"end":{"line":121,"column":31}},"51":{"start":{"line":122,"column":6},"end":{"line":122,"column":32}},"52":{"start":{"line":124,"column":23},"end":{"line":136,"column":7}},"53":{"start":{"line":137,"column":6},"end":{"line":170,"column":10}},"54":{"start":{"line":144,"column":28},"end":{"line":144,"column":43}},"55":{"start":{"line":146,"column":10},"end":{"line":148,"column":11}},"56":{"start":{"line":147,"column":12},"end":{"line":147,"column":43}},"57":{"start":{"line":149,"column":27},"end":{"line":149,"column":50}},"58":{"start":{"line":150,"column":10},"end":{"line":169,"column":12}},"59":{"start":{"line":151,"column":12},"end":{"line":168,"column":13}},"60":{"start":{"line":152,"column":14},"end":{"line":152,"column":42}},"61":{"start":{"line":153,"column":19},"end":{"line":168,"column":13}},"62":{"start":{"line":154,"column":14},"end":{"line":154,"column":53}},"63":{"start":{"line":155,"column":19},"end":{"line":168,"column":13}},"64":{"start":{"line":156,"column":14},"end":{"line":156,"column":45}},"65":{"start":{"line":157,"column":19},"end":{"line":168,"column":13}},"66":{"start":{"line":158,"column":14},"end":{"line":158,"column":48}},"67":{"start":{"line":159,"column":19},"end":{"line":168,"column":13}},"68":{"start":{"line":160,"column":14},"end":{"line":160,"column":41}},"69":{"start":{"line":161,"column":19},"end":{"line":168,"column":13}},"70":{"start":{"line":162,"column":14},"end":{"line":162,"column":35}},"71":{"start":{"line":164,"column":14},"end":{"line":164,"column":33}},"72":{"start":{"line":165,"column":14},"end":{"line":167,"column":15}},"73":{"start":{"line":166,"column":16},"end":{"line":166,"column":38}},"74":{"start":{"line":174,"column":6},"end":{"line":174,"column":23}},"75":{"start":{"line":175,"column":6},"end":{"line":175,"column":73}},"76":{"start":{"line":177,"column":6},"end":{"line":177,"column":23}},"77":{"start":{"line":180,"column":2},"end":{"line":428,"column":3}}},"fnMap":{"0":{"name":"(anonymous_0)","decl":{"start":{"line":17,"column":5},"end":{"line":17,"column":6}},"loc":{"start":{"line":17,"column":31},"end":{"line":429,"column":1}},"line":17},"1":{"name":"(anonymous_1)","decl":{"start":{"line":21,"column":12},"end":{"line":21,"column":13}},"loc":{"start":{"line":21,"column":18},"end":{"line":32,"column":3}},"line":21},"2":{"name":"(anonymous_2)","decl":{"start":{"line":63,"column":32},"end":{"line":63,"column":33}},"loc":{"start":{"line":63,"column":50},"end":{"line":65,"column":3}},"line":63},"3":{"name":"(anonymous_3)","decl":{"start":{"line":70,"column":31},"end":{"line":70,"column":32}},"loc":{"start":{"line":70,"column":52},"end":{"line":72,"column":3}},"line":70},"4":{"name":"(anonymous_4)","decl":{"start":{"line":77,"column":46},"end":{"line":77,"column":47}},"loc":{"start":{"line":77,"column":78},"end":{"line":79,"column":3}},"line":77},"5":{"name":"(anonymous_5)","decl":{"start":{"line":89,"column":38},"end":{"line":89,"column":39}},"loc":{"start":{"line":89,"column":62},"end":{"line":91,"column":3}},"line":89},"6":{"name":"(anonymous_6)","decl":{"start":{"line":97,"column":41},"end":{"line":97,"column":42}},"loc":{"start":{"line":97,"column":68},"end":{"line":99,"column":3}},"line":97},"7":{"name":"(anonymous_7)","decl":{"start":{"line":105,"column":34},"end":{"line":105,"column":35}},"loc":{"start":{"line":105,"column":54},"end":{"line":107,"column":3}},"line":105},"8":{"name":"(anonymous_8)","decl":{"start":{"line":109,"column":23},"end":{"line":109,"column":24}},"loc":{"start":{"line":109,"column":36},"end":{"line":179,"column":3}},"line":109},"9":{"name":"(anonymous_9)","decl":{"start":{"line":144,"column":14},"end":{"line":144,"column":15}},"loc":{"start":{"line":144,"column":28},"end":{"line":144,"column":43}},"line":144},"10":{"name":"(anonymous_10)","decl":{"start":{"line":145,"column":14},"end":{"line":145,"column":15}},"loc":{"start":{"line":145,"column":24},"end":{"line":170,"column":9}},"line":145},"11":{"name":"(anonymous_11)","decl":{"start":{"line":150,"column":27},"end":{"line":150,"column":28}},"loc":{"start":{"line":150,"column":36},"end":{"line":169,"column":11}},"line":150}},"branchMap":{"0":{"loc":{"start":{"line":23,"column":4},"end":{"line":31,"column":5}},"type":"if","locations":[{"start":{"line":23,"column":4},"end":{"line":31,"column":5}},{"start":{"line":23,"column":4},"end":{"line":31,"column":5}}],"line":23},"1":{"loc":{"start":{"line":42,"column":4},"end":{"line":42,"column":45}},"type":"cond-expr","locations":[{"start":{"line":42,"column":20},"end":{"line":42,"column":33}},{"start":{"line":42,"column":36},"end":{"line":42,"column":45}}],"line":42},"2":{"loc":{"start":{"line":58,"column":4},"end":{"line":60,"column":56}},"type":"cond-expr","locations":[{"start":{"line":59,"column":8},"end":{"line":59,"column":29}},{"start":{"line":60,"column":8},"end":{"line":60,"column":56}}],"line":58},"3":{"loc":{"start":{"line":58,"column":4},"end":{"line":58,"column":37}},"type":"binary-expr","locations":[{"start":{"line":58,"column":4},"end":{"line":58,"column":12}},{"start":{"line":58,"column":16},"end":{"line":58,"column":37}}],"line":58},"4":{"loc":{"start":{"line":68,"column":4},"end":{"line":68,"column":44}},"type":"cond-expr","locations":[{"start":{"line":68,"column":15},"end":{"line":68,"column":39}},{"start":{"line":68,"column":42},"end":{"line":68,"column":44}}],"line":68},"5":{"loc":{"start":{"line":75,"column":21},"end":{"line":75,"column":72}},"type":"cond-expr","locations":[{"start":{"line":75,"column":32},"end":{"line":75,"column":67}},{"start":{"line":75,"column":70},"end":{"line":75,"column":72}}],"line":75},"6":{"loc":{"start":{"line":82,"column":4},"end":{"line":86,"column":12}},"type":"cond-expr","locations":[{"start":{"line":83,"column":8},"end":{"line":83,"column":9}},{"start":{"line":84,"column":8},"end":{"line":86,"column":12}}],"line":82},"7":{"loc":{"start":{"line":82,"column":4},"end":{"line":82,"column":51}},"type":"binary-expr","locations":[{"start":{"line":82,"column":4},"end":{"line":82,"column":12}},{"start":{"line":82,"column":16},"end":{"line":82,"column":51}}],"line":82},"8":{"loc":{"start":{"line":84,"column":8},"end":{"line":86,"column":12}},"type":"cond-expr","locations":[{"start":{"line":85,"column":8},"end":{"line":85,"column":9}},{"start":{"line":86,"column":8},"end":{"line":86,"column":12}}],"line":84},"9":{"loc":{"start":{"line":84,"column":8},"end":{"line":84,"column":56}},"type":"binary-expr","locations":[{"start":{"line":84,"column":8},"end":{"line":84,"column":16}},{"start":{"line":84,"column":20},"end":{"line":84,"column":56}}],"line":84},"10":{"loc":{"start":{"line":94,"column":4},"end":{"line":94,"column":50}},"type":"cond-expr","locations":[{"start":{"line":94,"column":15},"end":{"line":94,"column":45}},{"start":{"line":94,"column":48},"end":{"line":94,"column":50}}],"line":94},"11":{"loc":{"start":{"line":102,"column":4},"end":{"line":102,"column":43}},"type":"cond-expr","locations":[{"start":{"line":102,"column":15},"end":{"line":102,"column":38}},{"start":{"line":102,"column":41},"end":{"line":102,"column":43}}],"line":102},"12":{"loc":{"start":{"line":128,"column":10},"end":{"line":132,"column":18}},"type":"cond-expr","locations":[{"start":{"line":129,"column":14},"end":{"line":129,"column":18}},{"start":{"line":130,"column":14},"end":{"line":132,"column":18}}],"line":128},"13":{"loc":{"start":{"line":130,"column":14},"end":{"line":132,"column":18}},"type":"cond-expr","locations":[{"start":{"line":131,"column":14},"end":{"line":131,"column":19}},{"start":{"line":132,"column":14},"end":{"line":132,"column":18}}],"line":130},"14":{"loc":{"start":{"line":138,"column":16},"end":{"line":138,"column":42}},"type":"cond-expr","locations":[{"start":{"line":138,"column":28},"end":{"line":138,"column":34}},{"start":{"line":138,"column":37},"end":{"line":138,"column":42}}],"line":138},"15":{"loc":{"start":{"line":146,"column":10},"end":{"line":148,"column":11}},"type":"if","locations":[{"start":{"line":146,"column":10},"end":{"line":148,"column":11}},{"start":{"line":146,"column":10},"end":{"line":148,"column":11}}],"line":146},"16":{"loc":{"start":{"line":151,"column":12},"end":{"line":168,"column":13}},"type":"if","locations":[{"start"
[...]
,"/home/runner/work/profile-management/profile-management/components/TestHeader/index.tsx": {"path":"/home/runner/work/profile-management/profile-management/components/TestHeader/index.tsx","statementMap":{"0":{"start":{"line":1,"column":26},"end":{"line":24,"column":1}},"1":{"start":{"line":2,"column":2},"end":{"line":23,"column":8}}},"fnMap":{"0":{"name":"(anonymous_0)","decl":{"start":{"line":1,"column":26},"end":{"line":1,"column":27}},"loc":{"start":{"line":2,"column":2},"end":{"line":23,"column":8}},"line":2}},"branchMap":{},"s":{"0":2,"1":3},"f":{"0":3},"b":{},"_coverageSchema":"1a1c01bbd47fc00a2c39e90264f33305004495a9","hash":"398125024d1f600f4b8a0e8737ecc7443037131c"}
,"/home/runner/work/profile-management/profile-management/pages/_app.tsx": {"path":"/home/runner/work/profile-management/profile-management/pages/_app.tsx","statementMap":{"0":{"start":{"line":6,"column":2},"end":{"line":10,"column":3}}},"fnMap":{"0":{"name":"MyApp","decl":{"start":{"line":5,"column":9},"end":{"line":5,"column":14}},"loc":{"start":{"line":5,"column":51},"end":{"line":11,"column":1}},"line":5}},"branchMap":{},"s":{"0":0},"f":{"0":0},"b":{}}
,"/home/runner/work/profile-management/profile-management/pages/index.tsx": {"path":"/home/runner/work/profile-management/profile-management/pages/index.tsx","statementMap":{"0":{"start":{"line":10,"column":34},"end":{"line":10,"column":53}},"1":{"start":{"line":12,"column":2},"end":{"line":23,"column":4}},"2":{"start":{"line":14,"column":4},"end":{"line":22,"column":5}},"3":{"start":{"line":15,"column":18},"end":{"line":16,"column":68}},"4":{"start":{"line":17,"column":19},"end":{"line":17,"column":24}},"5":{"start":{"line":18,"column":22},"end":{"line":18,"column":64}},"6":{"start":{"line":19,"column":20},"end":{"line":19,"column":58}},"7":{"start":{"line":21,"column":6},"end":{"line":21,"column":53}},"8":{"start":{"line":25,"column":2},"end":{"line":61,"column":3}},"9":{"start":{"line":45,"column":20},"end":{"line":45,"column":64}},"10":{"start":{"line":64,"column":34},"end":{"line":84,"column":1}},"11":{"start":{"line":65,"column":14},"end":{"line":67,"column":3}},"12":{"start":{"line":68,"column":15},"end":{"line":68,"column":31}},"13":{"start":{"line":70,"column":14},"end":{"line":70,"column":16}},"14":{"start":{"line":72,"column":2},"end":{"line":77,"column":4}},"15":{"start":{"line":73,"column":4},"end":{"line":76,"column":6}},"16":{"start":{"line":79,"column":2},"end":{"line":83,"column":3}}},"fnMap":{"0":{"name":"Home","decl":{"start":{"line":9,"column":24},"end":{"line":9,"column":28}},"loc":{"start":{"line":9,"column":39},"end":{"line":62,"column":1}},"line":9},"1":{"name":"(anonymous_1)","decl":{"start":{"line":12,"column":12},"end":{"line":12,"column":13}},"loc":{"start":{"line":12,"column":18},"end":{"line":23,"column":3}},"line":12},"2":{"name":"(anonymous_2)","decl":{"start":{"line":44,"column":28},"end":{"line":44,"column":29}},"loc":{"start":{"line":44,"column":69},"end":{"line":46,"column":19}},"line":44},"3":{"name":"(anonymous_3)","decl":{"start":{"line":64,"column":34},"end":{"line":64,"column":35}},"loc":{"start":{"line":64,"column":59},"end":{"line":84,"column":1}},"line":64},"4":{"name":"(anonymous_4)","decl":{"start":{"line":72,"column":15},"end":{"line":72,"column":16}},"loc":{"start":{"line":72,"column":76},"end":{"line":77,"column":3}},"line":72}},"branchMap":{"0":{"loc":{"start":{"line":14,"column":4},"end":{"line":22,"column":5}},"type":"if","locations":[{"start":{"line":14,"column":4},"end":{"line":22,"column":5}},{"start":{"line":14,"column":4},"end":{"line":22,"column":5}}],"line":14},"1":{"loc":{"start":{"line":45,"column":32},"end":{"line":45,"column":63}},"type":"cond-expr","locations":[{"start":{"line":45,"column":44},"end":{"line":45,"column":51}},{"start":{"line":45,"column":54},"end":{"line":45,"column":63}}],"line":45},"2":{"loc":{"start":{"line":55,"column":22},"end":{"line":55,"column":70}},"type":"cond-expr","locations":[{"start":{"line":55,"column":33},"end":{"line":55,"column":64}},{"start":{"line":55,"column":67},"end":{"line":55,"column":70}}],"line":55}},"s":{"0":1,"1":1,"2":1,"3":0,"4":0,"5":0,"6":0,"7":0,"8":1,"9":0,"10":1,"11":0,"12":0,"13":0,"14":0,"15":0,"16":0},"f":{"0":1,"1":1,"2":0,"3":0,"4":0},"b":{"0":[0,1],"1":[0,0],"2":[0,1]},"_coverageSchema":"1a1c01bbd47fc00a2c39e90264f33305004495a9","hash":"11d31f9aa17513ca64811439b9665220fca9b535"}
,"/home/runner/work/profile-management/profile-management/pages/api/hello.ts": {"path":"/home/runner/work/profile-management/profile-management/pages/api/hello.ts","statementMap":{"0":{"start":{"line":4,"column":2},"end":{"line":4,"column":44}}},"fnMap":{"0":{"name":"handler","decl":{"start":{"line":3,"column":24},"end":{"line":3,"column":31}},"loc":{"start":{"line":3,"column":42},"end":{"line":5,"column":1}},"line":3}},"branchMap":{},"s":{"0":0},"f":{"0":0},"b":{}}
,"/home/runner/work/profile-management/profile-management/pages/api/metrics.ts": {"path":"/home/runner/work/profile-management/profile-management/pages/api/metrics.ts","statementMap":{"0":{"start":{"line":3,"column":0},"end":{"line":3,"column":53}},"1":{"start":{"line":6,"column":2},"end":{"line":6,"column":53}},"2":{"start":{"line":7,"column":2},"end":{"line":7,"column":30}}},"fnMap":{"0":{"name":"handler","decl":{"start":{"line":5,"column":24},"end":{"line":5,"column":31}},"loc":{"start":{"line":5,"column":42},"end":{"line":8,"column":1}},"line":5}},"branchMap":{},"s":{"0":0,"1":0,"2":0},"f":{"0":0},"b":{}}
,"/home/runner/work/profile-management/profile-management/pages/benefit-status/index.tsx": {"path":"/home/runner/work/profile-management/profile-management/pages/benefit-status/index.tsx","statementMap":{"0":{"start":{"line":11,"column":17},"end":{"line":11,"column":28}},"1":{"start":{"line":12,"column":19},"end":{"line":12,"column":34}},"2":{"start":{"line":14,"column":34},"end":{"line":16,"column":3}},"3":{"start":{"line":17,"column":22},"end":{"line":36,"column":3}},"4":{"start":{"line":18,"column":4},"end":{"line":35,"column":5}},"5":{"start":{"line":37,"column":30},"end":{"line":57,"column":3}},"6":{"start":{"line":38,"column":4},"end":{"line":56,"column":6}},"7":{"start":{"line":39,"column":64},"end":{"line":39,"column":71}},"8":{"start":{"line":40,"column":6},"end":{"line":55,"column":7}},"9":{"start":{"line":59,"column":2},"end":{"line":90,"column":3}},"10":{"start":{"line":93,"column":34},"end":{"line":104,"column":1}},"11":{"start":{"line":94,"column":19},"end":{"line":96,"column":3}},"12":{"start":{"line":97,"column":15},"end":{"line":97,"column":36}},"13":{"start":{"line":99,"column":2},"end":{"line":103,"column":3}}},"fnMap":{"0":{"name":"Index","decl":{"start":{"line":10,"column":24},"end":{"line":10,"column":29}},"loc":{"start":{"line":10,"column":40},"end":{"line":91,"column":1}},"line":10},"1":{"name":"(anonymous_1)","decl":{"start":{"line":17,"column":22},"end":{"line":17,"column":23}},"loc":{"start":{"line":17,"column":28},"end":{"line":36,"column":3}},"line":17},"2":{"name":"(anonymous_2)","decl":{"start":{"line":37,"column":30},"end":{"line":37,"column":31}},"loc":{"start":{"line":37,"column":36},"end":{"line":57,"column":3}},"line":37},"3":{"name":"(anonymous_3)","decl":{"start":{"line":38,"column":24},"end":{"line":38,"column":25}},"loc":{"start":{"line":38,"column":44},"end":{"line":56,"column":5}},"line":38},"4":{"name":"(anonymous_4)","decl":{"start":{"line":93,"column":34},"end":{"line":93,"column":35}},"loc":{"start":{"line":93,"column":59},"end":{"line":104,"column":1}},"line":93}},"branchMap":{"0":{"loc":{"start":{"line":15,"column":4},"end":{"line":15,"column":68}},"type":"cond-expr","locations":[{"start":{"line":15,"column":31},"end":{"line":15,"column":56}},{"start":{"line":15,"column":59},"end":{"line":15,"column":68}}],"line":15},"1":{"loc":{"start":{"line":52,"column":13},"end":{"line":52,"column":56}},"type":"cond-expr","locations":[{"start":{"line":52,"column":29},"end":{"line":52,"column":48}},{"start":{"line":52,"column":51},"end":{"line":52,"column":56}}],"line":52},"2":{"loc":{"start":{"line":67,"column":11},"end":{"line":81,"column":11}},"type":"cond-expr","locations":[{"start":{"line":68,"column":12},"end":{"line":71,"column":18}},{"start":{"line":73,"column":12},"end":{"line":80,"column":20}}],"line":67},"3":{"loc":{"start":{"line":67,"column":11},"end":{"line":67,"column":42}},"type":"binary-expr","locations":[{"start":{"line":67,"column":11},"end":{"line":67,"column":19}},{"start":{"line":67,"column":23},"end":{"line":67,"column":42}}],"line":67},"4":{"loc":{"start":{"line":85,"column":24},"end":{"line":85,"column":75}},"type":"cond-expr","locations":[{"start":{"line":85,"column":35},"end":{"line":85,"column":69}},{"start":{"line":85,"column":72},"end":{"line":85,"column":75}}],"line":85}},"s":{"0":0,"1":0,"2":0,"3":0,"4":0,"5":0,"6":0,"7":0,"8":0,"9":0,"10":0,"11":0,"12":0,"13":0},"f":{"0":0,"1":0,"2":0,"3":0,"4":0},"b":{"0":[0,0],"1":[0,0],"2":[0,0],"3":[0,0],"4":[0,0]}}
,"/home/runner/work/profile-management/profile-management/pages/contact-info/edit.tsx": {"path":"/home/runner/work/profile-management/profile-management/pages/contact-info/edit.tsx","statementMap":{"0":{"start":{"line":4,"column":28},"end":{"line":4,"column":29}},"1":{"start":{"line":5,"column":24},"end":{"line":5,"column":25}},"2":{"start":{"line":8,"column":2},"end":{"line":8,"column":79}},"3":{"start":{"line":11,"column":34},"end":{"line":21,"column":1}},"4":{"start":{"line":12,"column":14},"end":{"line":14,"column":3}},"5":{"start":{"line":15,"column":15},"end":{"line":15,"column":31}},"6":{"start":{"line":16,"column":2},"end":{"line":20,"column":3}}},"fnMap":{"0":{"name":"Edit","decl":{"start":{"line":7,"column":24},"end":{"line":7,"column":28}},"loc":{"start":{"line":7,"column":39},"end":{"line":9,"column":1}},"line":7},"1":{"name":"(anonymous_1)","decl":{"start":{"line":11,"column":34},"end":{"line":11,"column":35}},"loc":{"start":{"line":11,"column":59},"end":{"line":21,"column":1}},"line":11}},"branchMap":{},"s":{"0":0,"1":0,"2":0,"3":0,"4":0,"5":0,"6":0},"f":{"0":0,"1":0},"b":{}}
,"/home/runner/work/profile-management/profile-management/pages/contact-info/index.tsx": {"path":"/home/runner/work/profile-management/profile-management/pages/contact-info/index.tsx","statementMap":{"0":{"start":{"line":5,"column":2},"end":{"line":5,"column":78}},"1":{"start":{"line":8,"column":34},"end":{"line":19,"column":1}},"2":{"start":{"line":9,"column":14},"end":{"line":11,"column":3}},"3":{"start":{"line":12,"column":15},"end":{"line":12,"column":31}},"4":{"start":{"line":14,"column":2},"end":{"line":18,"column":3}}},"fnMap":{"0":{"name":"Index","decl":{"start":{"line":4,"column":24},"end":{"line":4,"column":29}},"loc":{"start":{"line":4,"column":40},"end":{"line":6,"column":1}},"line":4},"1":{"name":"(anonymous_1)","decl":{"start":{"line":8,"column":34},"end":{"line":8,"column":35}},"loc":{"start":{"line":8,"column":54},"end":{"line":19,"column":1}},"line":8}},"branchMap":{},"s":{"0":0,"1":0,"2":0,"3":0,"4":0},"f":{"0":0,"1":0},"b":{}}
,"/home/runner/work/profile-management/profile-management/pages/financial-info/edit.tsx": {"path":"/home/runner/work/profile-management/profile-management/pages/financial-info/edit.tsx","statementMap":{"0":{"start":{"line":4,"column":2},"end":{"line":6,"column":3}},"1":{"start":{"line":9,"column":34},"end":{"line":20,"column":1}},"2":{"start":{"line":10,"column":14},"end":{"line":12,"column":3}},"3":{"start":{"line":13,"column":15},"end":{"line":13,"column":31}},"4":{"start":{"line":15,"column":2},"end":{"line":19,"column":3}}},"fnMap":{"0":{"name":"Edit","decl":{"start":{"line":3,"column":24},"end":{"line":3,"column":28}},"loc":{"start":{"line":3,"column":39},"end":{"line":7,"column":1}},"line":3},"1":{"name":"(anonymous_1)","decl":{"start":{"line":9,"column":34},"end":{"line":9,"column":35}},"loc":{"start":{"line":9,"column":54},"end":{"line":20,"column":1}},"line":9}},"branchMap":{},"s":{"0":1,"1":1,"2":0,"3":0,"4":0},"f":{"0":1,"1":0},"b":{},"_coverageSchema":"1a1c01bbd47fc00a2c39e90264f33305004495a9","hash":"a048d9e2eea0e5c280c74a9370ee43c49f612422"}
,"/home/runner/work/profile-management/profile-management/pages/financial-info/index.tsx": {"path":"/home/runner/work/profile-management/profile-management/pages/financial-info/index.tsx","statementMap":{"0":{"start":{"line":7,"column":17},"end":{"line":7,"column":28}},"1":{"start":{"line":8,"column":19},"end":{"line":8,"column":34}},"2":{"start":{"line":10,"column":24},"end":{"line":10,"column":46}},"3":{"start":{"line":13,"column":4},"end":{"line":13,"column":31}},"4":{"start":{"line":14,"column":52},"end":{"line":14,"column":79}},"5":{"start":{"line":16,"column":4},"end":{"line":16,"column":31}},"6":{"start":{"line":18,"column":32},"end":{"line":18,"column":56}},"7":{"start":{"line":19,"column":40},"end":{"line":19,"column":67}},"8":{"start":{"line":20,"column":42},"end":{"line":20,"column":69}},"9":{"start":{"line":22,"column":42},"end":{"line":24,"column":3}},"10":{"start":{"line":25,"column":52},"end":{"line":27,"column":3}},"11":{"start":{"line":28,"column":44},"end":{"line":30,"column":3}},"12":{"start":{"line":32,"column":17},"end":{"line":32,"column":50}},"13":{"start":{"line":33,"column":22},"end":{"line":33,"column":60}},"14":{"start":{"line":34,"column":18},"end":{"line":34,"column":52}},"15":{"start":{"line":35,"column":25},"end":{"line":35,"column":63}},"16":{"start":{"line":37,"column":2},"end":{"line":39,"column":3}},"17":{"start":{"line":42,"column":34},"end":{"line":53,"column":1}},"18":{"start":{"line":43,"column":14},"end":{"line":45,"column":3}},"19":{"start":{"line":46,"column":15},"end":{"line":46,"column":31}},"20":{"start":{"line":48,"column":2},"end":{"line":52,"column":3}}},"fnMap":{"0":{"name":"Index","decl":{"start":{"line":6,"column":24},"end":{"line":6,"column":29}},"loc":{"start":{"line":6,"column":40},"end":{"line":40,"column":1}},"line":6},"1":{"name":"(anonymous_1)","decl":{"start":{"line":42,"column":34},"end":{"line":42,"column":35}},"loc":{"start":{"line":42,"column":54},"end":{"line":53,"column":1}},"line":42}},"branchMap":{"0":{"loc":{"start":{"line":23,"column":4},"end":{"line":23,"column":52}},"type":"cond-expr","locations":[{"start":{"line":23,"column":20},"end":{"line":23,"column":47}},{"start":{"line":23,"column":50},"end":{"line":23,"column":52}}],"line":23},"1":{"loc":{"start":{"line":26,"column":4},"end":{"line":26,"column":56}},"type":"cond-expr","locations":[{"start":{"line":26,"column":20},"end":{"line":26,"column":51}},{"start":{"line":26,"column":54},"end":{"line":26,"column":56}}],"line":26},"2":{"loc":{"start":{"line":29,"column":4},"end":{"line":29,"column":52}},"type":"cond-expr","locations":[{"start":{"line":29,"column":20},"end":{"line":29,"column":47}},{"start":{"line":29,"column":50},"end":{"line":29,"column":52}}],"line":29}},"s":{"0":1,"1":1,"2":1,"3":1,"4":1,"5":1,"6":1,"7":1,"8":1,"9":1,"10":1,"11":1,"12":1,"13":1,"14":1,"15":1,"16":1,"17":1,"18":0,"19":0,"20":0},"f":{"0":1,"1":0},"b":{"0":[0,1],"1":[0,1],"2":[0,1]},"_coverageSchema":"1a1c01bbd47fc00a2c39e90264f33305004495a9","hash":"16a600b9cae1915bb46884ef4870ed79d7aa4b94"}
,"/home/runner/work/profile-management/profile-management/pages/personal-info/index.tsx": {"path":"/home/runner/work/profile-management/profile-management/pages/personal-info/index.tsx","statementMap":{"0":{"start":{"line":10,"column":17},"end":{"line":10,"column":28}},"1":{"start":{"line":11,"column":19},"end":{"line":11,"column":34}},"2":{"start":{"line":13,"column":2},"end":{"line":24,"column":4}},"3":{"start":{"line":15,"column":4},"end":{"line":23,"column":5}},"4":{"start":{"line":16,"column":18},"end":{"line":17,"column":68}},"5":{"start":{"line":18,"column":19},"end":{"line":18,"column":24}},"6":{"start":{"line":19,"column":22},"end":{"line":19,"column":64}},"7":{"start":{"line":20,"column":20},"end":{"line":20,"column":69}},"8":{"start":{"line":22,"column":6},"end":{"line":22,"column":53}},"9":{"start":{"line":26,"column":2},"end":{"line":91,"column":3}},"10":{"start":{"line":35,"column":27},"end":{"line":35,"column":72}},"11":{"start":{"line":94,"column":34},"end":{"line":105,"column":1}},"12":{"start":{"line":95,"column":14},"end":{"line":97,"column":3}},"13":{"start":{"line":98,"column":15},"end":{"line":98,"column":31}},"14":{"start":{"line":100,"column":2},"end":{"line":104,"column":3}}},"fnMap":{"0":{"name":"Home","decl":{"start":{"line":9,"column":24},"end":{"line":9,"column":28}},"loc":{"start":{"line":9,"column":39},"end":{"line":92,"column":1}},"line":9},"1":{"name":"(anonymous_1)","decl":{"start":{"line":13,"column":12},"end":{"line":13,"column":13}},"loc":{"start":{"line":13,"column":18},"end":{"line":24,"column":3}},"line":13},"2":{"name":"(anonymous_2)","decl":{"start":{"line":35,"column":20},"end":{"line":35,"column":21}},"loc":{"start":{"line":35,"column":27},"end":{"line":35,"column":72}},"line":35},"3":{"name":"(anonymous_3)","decl":{"start":{"line":94,"column":34},"end":{"line":94,"column":35}},"loc":{"start":{"line":94,"column":54},"end":{"line":105,"column":1}},"line":94}},"branchMap":{"0":{"loc":{"start":{"line":15,"column":4},"end":{"line":23,"column":5}},"type":"if","locations":[{"start":{"line":15,"column":4},"end":{"line":23,"column":5}},{"start":{"line":15,"column":4},"end":{"line":23,"column":5}}],"line":15},"1":{"loc":{"start":{"line":77,"column":21},"end":{"line":77,"column":71}},"type":"cond-expr","locations":[{"start":{"line":77,"column":51},"end":{"line":77,"column":59}},{"start":{"line":77,"column":62},"end":{"line":77,"column":71}}],"line":77}},"s":{"0":0,"1":0,"2":0,"3":0,"4":0,"5":0,"6":0,"7":0,"8":0,"9":0,"10":0,"11":0,"12":0,"13":0,"14":0},"f":{"0":0,"1":0,"2":0,"3":0},"b":{"0":[0,0],"1":[0,0]}}
,"/home/runner/work/profile-management/profile-management/pages/user-preferences/edit.tsx": {"path":"/home/runner/work/profile-management/profile-management/pages/user-preferences/edit.tsx","statementMap":{"0":{"start":{"line":4,"column":2},"end":{"line":9,"column":3}},"1":{"start":{"line":12,"column":34},"end":{"line":23,"column":1}},"2":{"start":{"line":13,"column":14},"end":{"line":15,"column":3}},"3":{"start":{"line":16,"column":15},"end":{"line":16,"column":31}},"4":{"start":{"line":18,"column":2},"end":{"line":22,"column":3}}},"fnMap":{"0":{"name":"Edit","decl":{"start":{"line":3,"column":24},"end":{"line":3,"column":28}},"loc":{"start":{"line":3,"column":39},"end":{"line":10,"column":1}},"line":3},"1":{"name":"(anonymous_1)","decl":{"start":{"line":12,"column":34},"end":{"line":12,"column":35}},"loc":{"start":{"line":12,"column":54},"end":{"line":23,"column":1}},"line":12}},"branchMap":{},"s":{"0":0,"1":0,"2":0,"3":0,"4":0},"f":{"0":0,"1":0},"b":{}}
,"/home/runner/work/profile-management/profile-management/pages/user-preferences/index.tsx": {"path":"/home/runner/work/profile-management/profile-management/pages/user-preferences/index.tsx","statementMap":{"0":{"start":{"line":4,"column":2},"end":{"line":9,"column":3}},"1":{"start":{"line":12,"column":34},"end":{"line":23,"column":1}},"2":{"start":{"line":13,"column":14},"end":{"line":15,"column":3}},"3":{"start":{"line":16,"column":15},"end":{"line":16,"column":31}},"4":{"start":{"line":18,"column":2},"end":{"line":22,"column":3}}},"fnMap":{"0":{"name":"Index","decl":{"start":{"line":3,"column":24},"end":{"line":3,"column":29}},"loc":{"start":{"line":3,"column":40},"end":{"line":10,"column":1}},"line":3},"1":{"name":"(anonymous_1)","decl":{"start":{"line":12,"column":34},"end":{"line":12,"column":35}},"loc":{"start":{"line":12,"column":54},"end":{"line":23,"column":1}},"line":12}},"branchMap":{},"s":{"0":0,"1":0,"2":0,"3":0,"4":0},"f":{"0":0,"1":0},"b":{}}
}
