{"/home/runner/work/profile-management/profile-management/components/Alert/enums.ts": {"path":"/home/runner/work/profile-management/profile-management/components/Alert/enums.ts","statementMap":{},"fnMap":{},"branchMap":{},"s":{},"f":{},"b":{}}
,"/home/runner/work/profile-management/profile-management/components/Alert/index.tsx": {"path":"/home/runner/work/profile-management/profile-management/components/Alert/index.tsx","statementMap":{"0":{"start":{"line":6,"column":21},"end":{"line":6,"column":23}},"1":{"start":{"line":14,"column":5},"end":{"line":83,"column":1}},"2":{"start":{"line":15,"column":30},"end":{"line":15,"column":52}},"3":{"start":{"line":16,"column":22},"end":{"line":16,"column":38}},"4":{"start":{"line":17,"column":14},"end":{"line":17,"column":26}},"5":{"start":{"line":19,"column":2},"end":{"line":24,"column":19}},"6":{"start":{"line":20,"column":4},"end":{"line":23,"column":5}},"7":{"start":{"line":21,"column":21},"end":{"line":21,"column":45}},"8":{"start":{"line":22,"column":6},"end":{"line":22,"column":23}},"9":{"start":{"line":26,"column":20},"end":{"line":39,"column":6}},"10":{"start":{"line":27,"column":4},"end":{"line":38,"column":5}},"11":{"start":{"line":29,"column":8},"end":{"line":29,"column":48}},"12":{"start":{"line":31,"column":8},"end":{"line":31,"column":42}},"13":{"start":{"line":33,"column":8},"end":{"line":33,"column":48}},"14":{"start":{"line":35,"column":8},"end":{"line":35,"column":48}},"15":{"start":{"line":37,"column":8},"end":{"line":37,"column":13}},"16":{"start":{"line":41,"column":2},"end":{"line":82,"column":3}}},"fnMap":{"0":{"name":"(anonymous_0)","decl":{"start":{"line":14,"column":5},"end":{"line":14,"column":6}},"loc":{"start":{"line":14,"column":52},"end":{"line":83,"column":1}},"line":14},"1":{"name":"(anonymous_1)","decl":{"start":{"line":19,"column":12},"end":{"line":19,"column":13}},"loc":{"start":{"line":19,"column":18},"end":{"line":24,"column":3}},"line":19},"2":{"name":"(anonymous_2)","decl":{"start":{"line":26,"column":21},"end":{"line":26,"column":22}},"loc":{"start":{"line":26,"column":27},"end":{"line":39,"column":3}},"line":26}},"branchMap":{"0":{"loc":{"start":{"line":20,"column":4},"end":{"line":23,"column":5}},"type":"if","locations":[{"start":{"line":20,"column":4},"end":{"line":23,"column":5}},{"start":{"line":20,"column":4},"end":{"line":23,"column":5}}],"line":20},"1":{"loc":{"start":{"line":27,"column":4},"end":{"line":38,"column":5}},"type":"switch","locations":[{"start":{"line":28,"column":6},"end":{"line":29,"column":48}},{"start":{"line":30,"column":6},"end":{"line":31,"column":42}},{"start":{"line":32,"column":6},"end":{"line":33,"column":48}},{"start":{"line":34,"column":6},"end":{"line":35,"column":48}},{"start":{"line":36,"column":6},"end":{"line":37,"column":13}}],"line":27},"2":{"loc":{"start":{"line":71,"column":11},"end":{"line":78,"column":11}},"type":"cond-expr","locations":[{"start":{"line":72,"column":12},"end":{"line":72,"column":58}},{"start":{"line":74,"column":12},"end":{"line":77,"column":19}}],"line":71}},"s":{"0":0,"1":0,"2":0,"3":0,"4":0,"5":0,"6":0,"7":0,"8":0,"9":0,"10":0,"11":0,"12":0,"13":0,"14":0,"15":0,"16":0},"f":{"0":0,"1":0,"2":0},"b":{"0":[0,0],"1":[0,0,0,0,0],"2":[0,0]}}
,"/home/runner/work/profile-management/profile-management/components/Breadcrumbs/BreadcrumbItem.tsx": {"path":"/home/runner/work/profile-management/profile-management/components/Breadcrumbs/BreadcrumbItem.tsx","statementMap":{"0":{"start":{"line":4,"column":5},"end":{"line":18,"column":1}},"1":{"start":{"line":5,"column":2},"end":{"line":17,"column":7}}},"fnMap":{"0":{"name":"(anonymous_0)","decl":{"start":{"line":4,"column":5},"end":{"line":4,"column":6}},"loc":{"start":{"line":5,"column":2},"end":{"line":17,"column":7}},"line":5}},"branchMap":{"0":{"loc":{"start":{"line":8,"column":6},"end":{"line":8,"column":74}},"type":"binary-expr","locations":[{"start":{"line":8,"column":6},"end":{"line":8,"column":19}},{"start":{"line":8,"column":23},"end":{"line":8,"column":74}}],"line":8}},"s":{"0":2,"1":9},"f":{"0":9},"b":{"0":[9,6]},"_coverageSchema":"1a1c01bbd47fc00a2c39e90264f33305004495a9","hash":"1a9996b7bc9c23d003d343e010cc3e29dff9f3a3"}
,"/home/runner/work/profile-management/profile-management/components/Breadcrumbs/index.tsx": {"path":"/home/runner/work/profile-management/profile-management/components/Breadcrumbs/index.tsx","statementMap":{"0":{"start":{"line":3,"column":59},"end":{"line":17,"column":1}},"1":{"start":{"line":4,"column":2},"end":{"line":16,"column":3}},"2":{"start":{"line":8,"column":10},"end":{"line":12,"column":12}}},"fnMap":{"0":{"name":"(anonymous_0)","decl":{"start":{"line":3,"column":59},"end":{"line":3,"column":60}},"loc":{"start":{"line":3,"column":74},"end":{"line":17,"column":1}},"line":3},"1":{"name":"(anonymous_1)","decl":{"start":{"line":7,"column":19},"end":{"line":7,"column":20}},"loc":{"start":{"line":8,"column":10},"end":{"line":12,"column":12}},"line":8}},"branchMap":{},"s":{"0":2,"1":3,"2":9},"f":{"0":3,"1":9},"b":{},"_coverageSchema":"1a1c01bbd47fc00a2c39e90264f33305004495a9","hash":"a8a689bd234b547bb6811d23b5975d7256016359"}
,"/home/runner/work/profile-management/profile-management/components/Contexts/index.tsx": {"path":"/home/runner/work/profile-management/profile-management/components/Contexts/index.tsx","statementMap":{"0":{"start":{"line":5,"column":31},"end":{"line":8,"column":2}},"1":{"start":{"line":7,"column":36},"end":{"line":7,"column":42}},"2":{"start":{"line":11,"column":42},"end":{"line":15,"column":3}},"3":{"start":{"line":17,"column":2},"end":{"line":26,"column":3}},"4":{"start":{"line":21,"column":42},"end":{"line":21,"column":67}}},"fnMap":{"0":{"name":"(anonymous_0)","decl":{"start":{"line":7,"column":22},"end":{"line":7,"column":23}},"loc":{"start":{"line":7,"column":36},"end":{"line":7,"column":42}},"line":7},"1":{"name":"LanguageProvider","decl":{"start":{"line":10,"column":16},"end":{"line":10,"column":32}},"loc":{"start":{"line":10,"column":47},"end":{"line":27,"column":1}},"line":10},"2":{"name":"(anonymous_2)","decl":{"start":{"line":21,"column":28},"end":{"line":21,"column":29}},"loc":{"start":{"line":21,"column":42},"end":{"line":21,"column":67}},"line":21}},"branchMap":{},"s":{"0":3,"1":0,"2":0,"3":0,"4":0},"f":{"0":0,"1":0,"2":0},"b":{},"_coverageSchema":"1a1c01bbd47fc00a2c39e90264f33305004495a9","hash":"665c2fb6e7d0b847893e3013f07d97fce66b628e"}
,"/home/runner/work/profile-management/profile-management/components/Forms/Input.tsx": {"path":"/home/runner/work/profile-management/profile-management/components/Forms/Input.tsx","statementMap":{"0":{"start":{"line":11,"column":44},"end":{"line":33,"column":1}},"1":{"start":{"line":12,"column":23},"end":{"line":12,"column":34}},"2":{"start":{"line":13,"column":19},"end":{"line":13,"column":49}},"3":{"start":{"line":14,"column":2},"end":{"line":32,"column":3}}},"fnMap":{"0":{"name":"(anonymous_0)","decl":{"start":{"line":11,"column":44},"end":{"line":11,"column":45}},"loc":{"start":{"line":11,"column":55},"end":{"line":33,"column":1}},"line":11}},"branchMap":{"0":{"loc":{"start":{"line":17,"column":9},"end":{"line":19,"column":9}},"type":"binary-expr","locations":[{"start":{"line":17,"column":9},"end":{"line":17,"column":34}},{"start":{"line":18,"column":10},"end":{"line":18,"column":52}}],"line":17},"1":{"loc":{"start":{"line":20,"column":9},"end":{"line":20,"column":65}},"type":"binary-expr","locations":[{"start":{"line":20,"column":9},"end":{"line":20,"column":23}},{"start":{"line":20,"column":27},"end":{"line":20,"column":65}}],"line":20},"2":{"loc":{"start":{"line":21,"column":9},"end":{"line":21,"column":77}},"type":"binary-expr","locations":[{"start":{"line":21,"column":9},"end":{"line":21,"column":23}},{"start":{"line":21,"column":27},"end":{"line":21,"column":77}}],"line":21},"3":{"loc":{"start":{"line":28,"column":10},"end":{"line":28,"column":54}},"type":"binary-expr","locations":[{"start":{"line":28,"column":10},"end":{"line":28,"column":35}},{"start":{"line":28,"column":39},"end":{"line":28,"column":54}}],"line":28}},"s":{"0":2,"1":8,"2":8,"3":8},"f":{"0":8},"b":{"0":[8,1],"1":[8,8],"2":[8,8],"3":[8,1]},"_coverageSchema":"1a1c01bbd47fc00a2c39e90264f33305004495a9","hash":"7885e2db3478288c6d4ec1fa309c117f956bb661"}
,"/home/runner/work/profile-management/profile-management/components/Forms/validation/ErrorLabel.tsx": {"path":"/home/runner/work/profile-management/profile-management/components/Forms/validation/ErrorLabel.tsx","statementMap":{"0":{"start":{"line":1,"column":63},"end":{"line":10,"column":1}},"1":{"start":{"line":4,"column":2},"end":{"line":9,"column":8}}},"fnMap":{"0":{"name":"(anonymous_0)","decl":{"start":{"line":1,"column":63},"end":{"line":1,"column":64}},"loc":{"start":{"line":4,"column":2},"end":{"line":9,"column":8}},"line":4}},"branchMap":{},"s":{"0":2,"1":1},"f":{"0":1},"b":{},"_coverageSchema":"1a1c01bbd47fc00a2c39e90264f33305004495a9","hash":"e23f974eba22c9e3ea31d4d2fc80688b0358b4cb"}
,"/home/runner/work/profile-management/profile-management/components/Forms/validation/SubmitMessage.tsx": {"path":"/home/runner/work/profile-management/profile-management/components/Forms/validation/SubmitMessage.tsx","statementMap":{"0":{"start":{"line":4,"column":5},"end":{"line":18,"column":1}},"1":{"start":{"line":5,"column":2},"end":{"line":17,"column":8}}},"fnMap":{"0":{"name":"(anonymous_0)","decl":{"start":{"line":4,"column":5},"end":{"line":4,"column":6}},"loc":{"start":{"line":5,"column":2},"end":{"line":17,"column":8}},"line":5}},"branchMap":{"0":{"loc":{"start":{"line":7,"column":6},"end":{"line":11,"column":12}},"type":"cond-expr","locations":[{"start":{"line":8,"column":10},"end":{"line":8,"column":90}},{"start":{"line":9,"column":10},"end":{"line":11,"column":12}}],"line":7},"1":{"loc":{"start":{"line":9,"column":10},"end":{"line":11,"column":12}},"type":"cond-expr","locations":[{"start":{"line":10,"column":10},"end":{"line":10,"column":90}},{"start":{"line":11,"column":10},"end":{"line":11,"column":12}}],"line":9},"2":{"loc":{"start":{"line":14,"column":5},"end":{"line":14,"column":60}},"type":"cond-expr","locations":[{"start":{"line":14,"column":33},"end":{"line":14,"column":55}},{"start":{"line":14,"column":58},"end":{"line":14,"column":60}}],"line":14},"3":{"loc":{"start":{"line":15,"column":5},"end":{"line":15,"column":57}},"type":"cond-expr","locations":[{"start":{"line":15,"column":31},"end":{"line":15,"column":52}},{"start":{"line":15,"column":55},"end":{"line":15,"column":57}}],"line":15},"4":{"loc":{"start":{"line":16,"column":5},"end":{"line":16,"column":41}},"type":"cond-expr","locations":[{"start":{"line":16,"column":29},"end":{"line":16,"column":36}},{"start":{"line":16,"column":39},"end":{"line":16,"column":41}}],"line":16}},"s":{"0":1,"1":4},"f":{"0":4},"b":{"0":[0,4],"1":[0,4],"2":[0,4],"3":[0,4],"4":[0,4]},"_coverageSchema":"1a1c01bbd47fc00a2c39e90264f33305004495a9","hash":"7a0a9af0204fa128ce903c4cab5e46201f04e50a"}
,"/home/runner/work/profile-management/profile-management/components/Hooks/index.tsx": {"path":"/home/runner/work/profile-management/profile-management/components/Hooks/index.tsx","statementMap":{"0":{"start":{"line":8,"column":26},"end":{"line":43,"column":1}},"1":{"start":{"line":14,"column":29},"end":{"line":14,"column":77}},"2":{"start":{"line":14,"column":45},"end":{"line":14,"column":74}},"3":{"start":{"line":16,"column":16},"end":{"line":16,"column":67}},"4":{"start":{"line":18,"column":40},"end":{"line":29,"column":4}},"5":{"start":{"line":19,"column":4},"end":{"line":28,"column":5}},"6":{"start":{"line":20,"column":6},"end":{"line":23,"column":7}},"7":{"start":{"line":21,"column":21},"end":{"line":21,"column":47}},"8":{"start":{"line":22,"column":8},"end":{"line":22,"column":53}},"9":{"start":{"line":24,"column":6},"end":{"line":24,"column":15}},"10":{"start":{"line":26,"column":6},"end":{"line":26,"column":24}},"11":{"start":{"line":27,"column":6},"end":{"line":27,"column":25}},"12":{"start":{"line":31,"column":19},"end":{"line":41,"column":3}},"13":{"start":{"line":32,"column":4},"end":{"line":40,"column":5}},"14":{"start":{"line":34,"column":8},"end":{"line":34,"column":62}},"15":{"start":{"line":36,"column":6},"end":{"line":36,"column":34}},"16":{"start":{"line":37,"column":6},"end":{"line":37,"column":62}},"17":{"start":{"line":39,"column":6},"end":{"line":39,"column":24}},"18":{"start":{"line":42,"column":2},"end":{"line":42,"column":41}},"19":{"start":{"line":46,"column":30},"end":{"line":51,"column":1}},"20":{"start":{"line":47,"column":27},"end":{"line":47,"column":54}},"21":{"start":{"line":50,"column":2},"end":{"line":50,"column":37}},"22":{"start":{"line":54,"column":39},"end":{"line":58,"column":1}},"23":{"start":{"line":55,"column":27},"end":{"line":55,"column":54}},"24":{"start":{"line":56,"column":2},"end":{"line":56,"column":58}},"25":{"start":{"line":56,"column":49},"end":{"line":56,"column":58}},"26":{"start":{"line":57,"column":2},"end":{"line":57,"column":42}},"27":{"start":{"line":60,"column":30},"end":{"line":68,"column":1}},"28":{"start":{"line":61,"column":28},"end":{"line":61,"column":39}},"29":{"start":{"line":62,"column":23},"end":{"line":62,"column":56}},"30":{"start":{"line":62,"column":29},"end":{"line":62,"column":56}},"31":{"start":{"line":63,"column":2},"end":{"line":66,"column":13}},"32":{"start":{"line":64,"column":4},"end":{"line":64,"column":51}},"33":{"start":{"line":65,"column":4},"end":{"line":65,"column":67}},"34":{"start":{"line":65,"column":17},"end":{"line":65,"column":67}},"35":{"start":{"line":67,"column":2},"end":{"line":67,"column":14}}},"fnMap":{"0":{"name":"(anonymous_0)","decl":{"start":{"line":8,"column":26},"end":{"line":8,"column":27}},"loc":{"start":{"line":12,"column":5},"end":{"line":43,"column":1}},"line":12},"1":{"name":"(anonymous_1)","decl":{"start":{"line":14,"column":30},"end":{"line":14,"column":31}},"loc":{"start":{"line":14,"column":45},"end":{"line":14,"column":74}},"line":14},"2":{"name":"(anonymous_2)","decl":{"start":{"line":18,"column":52},"end":{"line":18,"column":53}},"loc":{"start":{"line":18,"column":58},"end":{"line":29,"column":3}},"line":18},"3":{"name":"(anonymous_3)","decl":{"start":{"line":31,"column":19},"end":{"line":31,"column":20}},"loc":{"start":{"line":31,"column":51},"end":{"line":41,"column":3}},"line":31},"4":{"name":"(anonymous_4)","decl":{"start":{"line":46,"column":30},"end":{"line":46,"column":31}},"loc":{"start":{"line":46,"column":36},"end":{"line":51,"column":1}},"line":46},"5":{"name":"(anonymous_5)","decl":{"start":{"line":54,"column":39},"end":{"line":54,"column":40}},"loc":{"start":{"line":54,"column":56},"end":{"line":58,"column":1}},"line":54},"6":{"name":"(anonymous_6)","decl":{"start":{"line":60,"column":30},"end":{"line":60,"column":31}},"loc":{"start":{"line":60,"column":36},"end":{"line":68,"column":1}},"line":60},"7":{"name":"(anonymous_7)","decl":{"start":{"line":62,"column":23},"end":{"line":62,"column":24}},"loc":{"start":{"line":62,"column":29},"end":{"line":62,"column":56}},"line":62},"8":{"name":"(anonymous_8)","decl":{"start":{"line":63,"column":12},"end":{"line":63,"column":13}},"loc":{"start":{"line":63,"column":18},"end":{"line":66,"column":3}},"line":63},"9":{"name":"(anonymous_9)","decl":{"start":{"line":65,"column":11},"end":{"line":65,"column":12}},"loc":{"start":{"line":65,"column":17},"end":{"line":65,"column":67}},"line":65}},"branchMap":{"0":{"loc":{"start":{"line":16,"column":16},"end":{"line":16,"column":67}},"type":"cond-expr","locations":[{"start":{"line":16,"column":34},"end":{"line":16,"column":48}},{"start":{"line":16,"column":51},"end":{"line":16,"column":67}}],"line":16},"1":{"loc":{"start":{"line":20,"column":6},"end":{"line":23,"column":7}},"type":"if","locations":[{"start":{"line":20,"column":6},"end":{"line":23,"column":7}},{"start":{"line":20,"column":6},"end":{"line":23,"column":7}}],"line":20},"2":{"loc":{"start":{"line":22,"column":15},"end":{"line":22,"column":53}},"type":"cond-expr","locations":[{"start":{"line":22,"column":22},"end":{"line":22,"column":38}},{"start":{"line":22,"column":41},"end":{"line":22,"column":53}}],"line":22},"3":{"loc":{"start":{"line":34,"column":8},"end":{"line":34,"column":62}},"type":"cond-expr","locations":[{"start":{"line":34,"column":36},"end":{"line":34,"column":54}},{"start":{"line":34,"column":57},"end":{"line":34,"column":62}}],"line":34},"4":{"loc":{"start":{"line":56,"column":2},"end":{"line":56,"column":58}},"type":"if","locations":[{"start":{"line":56,"column":2},"end":{"line":56,"column":58}},{"start":{"line":56,"column":2},"end":{"line":56,"column":58}}],"line":56}},"s":{"0":3,"1":0,"2":0,"3":0,"4":0,"5":0,"6":0,"7":0,"8":0,"9":0,"10":0,"11":0,"12":0,"13":0,"14":0,"15":0,"16":0,"17":0,"18":0,"19":3,"20":0,"21":0,"22":3,"23":25,"24":25,"25":0,"26":25,"27":3,"28":0,"29":0,"30":0,"31":0,"32":0,"33":0,"34":0,"35":0},"f":{"0":0,"1":0,"2":0,"3":0,"4":0,"5":25,"6":0,"7":0,"8":0,"9":0},"b":{"0":[0,0],"1":[0,0],"2":[0,0],"3":[0,0],"4":[0,25]},"_coverageSchema":"1a1c01bbd47fc00a2c39e90264f33305004495a9","hash":"db9fce5a9f985f67101b77d62f13279a74867731"}
,"/home/runner/work/profile-management/profile-management/components/Layout/BenefitInfo.tsx": {"path":"/home/runner/work/profile-management/profile-management/components/Layout/BenefitInfo.tsx","statementMap":{"0":{"start":{"line":3,"column":59},"end":{"line":9,"column":1}},"1":{"start":{"line":4,"column":2},"end":{"line":8,"column":3}}},"fnMap":{"0":{"name":"(anonymous_0)","decl":{"start":{"line":3,"column":59},"end":{"line":3,"column":60}},"loc":{"start":{"line":3,"column":75},"end":{"line":9,"column":1}},"line":3}},"branchMap":{},"s":{"0":0,"1":0},"f":{"0":0},"b":{}}
,"/home/runner/work/profile-management/profile-management/components/Layout/CommonFinancialInfo.tsx": {"path":"/home/runner/work/profile-management/profile-management/components/Layout/CommonFinancialInfo.tsx","statementMap":{"0":{"start":{"line":14,"column":5},"end":{"line":221,"column":1}},"1":{"start":{"line":15,"column":17},"end":{"line":15,"column":28}},"2":{"start":{"line":16,"column":19},"end":{"line":16,"column":34}},"3":{"start":{"line":18,"column":44},"end":{"line":20,"column":3}},"4":{"start":{"line":23,"column":4},"end":{"line":23,"column":31}},"5":{"start":{"line":24,"column":52},"end":{"line":24,"column":79}},"6":{"start":{"line":26,"column":4},"end":{"line":26,"column":31}},"7":{"start":{"line":28,"column":32},"end":{"line":28,"column":56}},"8":{"start":{"line":29,"column":40},"end":{"line":29,"column":67}},"9":{"start":{"line":30,"column":42},"end":{"line":30,"column":69}},"10":{"start":{"line":32,"column":42},"end":{"line":34,"column":3}},"11":{"start":{"line":35,"column":52},"end":{"line":37,"column":3}},"12":{"start":{"line":38,"column":44},"end":{"line":40,"column":3}},"13":{"start":{"line":42,"column":17},"end":{"line":42,"column":50}},"14":{"start":{"line":43,"column":22},"end":{"line":43,"column":60}},"15":{"start":{"line":44,"column":18},"end":{"line":44,"column":52}},"16":{"start":{"line":45,"column":25},"end":{"line":45,"column":63}},"17":{"start":{"line":47,"column":22},"end":{"line":61,"column":3}},"18":{"start":{"line":48,"column":4},"end":{"line":48,"column":22}},"19":{"start":{"line":49,"column":4},"end":{"line":60,"column":5}},"20":{"start":{"line":57,"column":6},"end":{"line":57,"column":25}},"21":{"start":{"line":58,"column":6},"end":{"line":58,"column":30}},"22":{"start":{"line":59,"column":6},"end":{"line":59,"column":26}},"23":{"start":{"line":63,"column":23},"end":{"line":124,"column":3}},"24":{"start":{"line":64,"column":4},"end":{"line":64,"column":32}},"25":{"start":{"line":65,"column":4},"end":{"line":65,"column":22}},"26":{"start":{"line":66,"column":4},"end":{"line":66,"column":23}},"27":{"start":{"line":67,"column":4},"end":{"line":123,"column":5}},"28":{"start":{"line":68,"column":6},"end":{"line":68,"column":22}},"29":{"start":{"line":70,"column":23},"end":{"line":74,"column":7}},"30":{"start":{"line":76,"column":6},"end":{"line":76,"column":37}},"31":{"start":{"line":77,"column":6},"end":{"line":77,"column":38}},"32":{"start":{"line":78,"column":6},"end":{"line":78,"column":42}},"33":{"start":{"line":80,"column":6},"end":{"line":80,"column":31}},"34":{"start":{"line":81,"column":6},"end":{"line":81,"column":32}},"35":{"start":{"line":82,"column":6},"end":{"line":82,"column":27}},"36":{"start":{"line":83,"column":6},"end":{"line":115,"column":10}},"37":{"start":{"line":93,"column":28},"end":{"line":93,"column":43}},"38":{"start":{"line":95,"column":10},"end":{"line":97,"column":11}},"39":{"start":{"line":96,"column":12},"end":{"line":96,"column":43}},"40":{"start":{"line":99,"column":27},"end":{"line":99,"column":50}},"41":{"start":{"line":101,"column":10},"end":{"line":114,"column":12}},"42":{"start":{"line":102,"column":12},"end":{"line":113,"column":13}},"43":{"start":{"line":103,"column":14},"end":{"line":103,"column":39}},"44":{"start":{"line":104,"column":19},"end":{"line":113,"column":13}},"45":{"start":{"line":105,"column":14},"end":{"line":105,"column":40}},"46":{"start":{"line":106,"column":19},"end":{"line":113,"column":13}},"47":{"start":{"line":107,"column":14},"end":{"line":107,"column":44}},"48":{"start":{"line":109,"column":14},"end":{"line":109,"column":33}},"49":{"start":{"line":110,"column":14},"end":{"line":112,"column":15}},"50":{"start":{"line":111,"column":16},"end":{"line":111,"column":43}},"51":{"start":{"line":119,"column":6},"end":{"line":119,"column":23}},"52":{"start":{"line":120,"column":6},"end":{"line":120,"column":73}},"53":{"start":{"line":122,"column":6},"end":{"line":122,"column":23}},"54":{"start":{"line":125,"column":2},"end":{"line":220,"column":3}},"55":{"start":{"line":146,"column":31},"end":{"line":146,"column":62}},"56":{"start":{"line":160,"column":31},"end":{"line":160,"column":67}},"57":{"start":{"line":173,"column":31},"end":{"line":173,"column":63}}},"fnMap":{"0":{"name":"(anonymous_0)","decl":{"start":{"line":14,"column":5},"end":{"line":14,"column":6}},"loc":{"start":{"line":14,"column":31},"end":{"line":221,"column":1}},"line":14},"1":{"name":"(anonymous_1)","decl":{"start":{"line":47,"column":22},"end":{"line":47,"column":23}},"loc":{"start":{"line":47,"column":35},"end":{"line":61,"column":3}},"line":47},"2":{"name":"(anonymous_2)","decl":{"start":{"line":63,"column":23},"end":{"line":63,"column":24}},"loc":{"start":{"line":63,"column":36},"end":{"line":124,"column":3}},"line":63},"3":{"name":"(anonymous_3)","decl":{"start":{"line":93,"column":14},"end":{"line":93,"column":15}},"loc":{"start":{"line":93,"column":28},"end":{"line":93,"column":43}},"line":93},"4":{"name":"(anonymous_4)","decl":{"start":{"line":94,"column":14},"end":{"line":94,"column":15}},"loc":{"start":{"line":94,"column":24},"end":{"line":115,"column":9}},"line":94},"5":{"name":"(anonymous_5)","decl":{"start":{"line":101,"column":27},"end":{"line":101,"column":28}},"loc":{"start":{"line":101,"column":36},"end":{"line":114,"column":11}},"line":101},"6":{"name":"(anonymous_6)","decl":{"start":{"line":146,"column":24},"end":{"line":146,"column":25}},"loc":{"start":{"line":146,"column":31},"end":{"line":146,"column":62}},"line":146},"7":{"name":"(anonymous_7)","decl":{"start":{"line":160,"column":24},"end":{"line":160,"column":25}},"loc":{"start":{"line":160,"column":31},"end":{"line":160,"column":67}},"line":160},"8":{"name":"(anonymous_8)","decl":{"start":{"line":173,"column":24},"end":{"line":173,"column":25}},"loc":{"start":{"line":173,"column":31},"end":{"line":173,"column":63}},"line":173}},"branchMap":{"0":{"loc":{"start":{"line":19,"column":4},"end":{"line":19,"column":71}},"type":"cond-expr","locations":[{"start":{"line":19,"column":37},"end":{"line":19,"column":59}},{"start":{"line":19,"column":62},"end":{"line":19,"column":71}}],"line":19},"1":{"loc":{"start":{"line":33,"column":4},"end":{"line":33,"column":52}},"type":"cond-expr","locations":[{"start":{"line":33,"column":20},"end":{"line":33,"column":47}},{"start":{"line":33,"column":50},"end":{"line":33,"column":52}}],"line":33},"2":{"loc":{"start":{"line":36,"column":4},"end":{"line":36,"column":56}},"type":"cond-expr","locations":[{"start":{"line":36,"column":20},"end":{"line":36,"column":51}},{"start":{"line":36,"column":54},"end":{"line":36,"column":56}}],"line":36},"3":{"loc":{"start":{"line":39,"column":4},"end":{"line":39,"column":52}},"type":"cond-expr","locations":[{"start":{"line":39,"column":20},"end":{"line":39,"column":47}},{"start":{"line":39,"column":50},"end":{"line":39,"column":52}}],"line":39},"4":{"loc":{"start":{"line":49,"column":4},"end":{"line":60,"column":5}},"type":"if","locations":[{"start":{"line":49,"column":4},"end":{"line":60,"column":5}},{"start":{"line":49,"column":4},"end":{"line":60,"column":5}}],"line":49},"5":{"loc":{"start":{"line":86,"column":18},"end":{"line":86,"column":49}},"type":"cond-expr","locations":[{"start":{"line":86,"column":35},"end":{"line":86,"column":41}},{"start":{"line":86,"column":44},"end":{"line":86,"column":49}}],"line":86},"6":{"loc":{"start":{"line":95,"column":10},"end":{"line":97,"column":11}},"type":"if","locations":[{"start":{"line":95,"column":10},"end":{"line":97,"column":11}},{"start":{"line":95,"column":10},"end":{"line":97,"column":11}}],"line":95},"7":{"loc":{"start":{"line":102,"column":12},"end":{"line":113,"column":13}},"type":"if","locations":[{"start":{"line":102,"column":12},"end":{"line":113,"column":13}},{"start":{"line":102,"column":12},"end":{"line":113,"column":13}}],"line":102},"8":{"loc":{"start":{"line":104,"column":19},"end":{"line":113,"column":13}},"type":"if","locations":[{"start":{"line":104,"column":19},"end":{"line":113,"column":13}},{"start":{"line":104,"column":19},"end":{"line":113,"column":13}}],"line":104},"9":{"loc":{"start":{"line":106,"column":19},"end":{"line":113,"column":13}},"type":"if","locations":[{"start":{"line":106,"column":19},"end":{"line":113,"column":13}},{"start":{"line":106,"column":19},"end":{"line":113,"column":13}}],"line":106},"10":{"loc":{"start":{"line":110,"column":14},"end":{"line":112,"column":15}},"type":"if","locations":[{"start":{"line":110,"column":14},"end":{"line":112,"column":15}},{"start":{"line":110,"column":14},"end":{"line":112,"column":15}}],"line":110},"11":{"loc":{"start":{"line":133,"column":9},"end":{"line":137,"column":9}},"type":"cond-expr","locations":[{"start":{"line":134,"column":10},"end":{"line":134,"column":42}},{"start":{"line":136,"column":10},"end":{"line":136,"column":41}}],"line":133},"12":{"loc":{"start":{"line":182,"column":27},"end":{"line":182,"column":69}},"type":"cond-expr","locations":[{"start":{"line":182,"column":55},"end":{"line":182,"column":64}},{"start":{"line":182,"column":67},"end":{"line":182,"column":69}}],"line":182},"13":{"loc":{"start":{"line":186,"column":27},"end":{"line":186,"column":68}},"type":"cond-expr","locations":[{"start":{"line":186,"column":56},"end":{"line":186,"column":63}},{"start":{"line":186,"column":66},"end":{"line":186,"column":68}}],"line":186},"14":{"loc":{"start":{"line":190,"column":13},"end":{"line":208,"column":13}},"type":"cond-expr","locations":[{"start":{"line":191,"column":14},"end":{"line":191,"column":16}},{"start":{"line":193,"column":14},"end":{"line":207,"column":20}}],"line":190}},"s":{"0":1,"1":2,"2":2,"3":2,"4":2,"5":2,"6":2,"7":2,"8":2,"9":2,"10":2,"11":2,"12":2,"13":2,"14":2,"15":2,"16":2,"17":2,"18":0,"19":0,"20":0,"21":0,"22":0,"23":2,"24":0,"25":0,"26":0,"27":0,"28":0,"29":0,"30":0,"31":0,"32":0,"33":0,"34":0,"35":0,"36":0,"37":0,"38":0,"39":0,"40":0,"41":0,"42":0,"43":0,"44":0,"45":0,"46":0,"47":0,"48":0,"49":0,"50":0,"51":0,"52":0,"53":0,"54":2,"55":0,"56":0,"57":0},"f":{"0":2,"1":0,"2":0,"3":0,"4":0,"5":0,"6":0,"7":0,"8":0},"b":{"0":[0,2],"1":[0,2],"2":[0,2],"3":[0,2],"4":[0,0],"5":[0,0],"6":[0,0],"7":[0,0],"8":[0,0],"9":[0,0],"10":[0,0],"11":[1,1],"12":[0,2],"13":[0,2],"14":[1,1]},"_coverageSchema":"1a1c01bbd47fc00a2c39e90264f33305004495a9","hash":"4e3616ad2933bc5d2e700d08d15f96ed0ea0d701"}
,"/home/runner/work/profile-management/profile-management/components/Layout/ContactInfo.tsx": {"path":"/home/runner/work/profile-management/profile-management/components/Layout/ContactInfo.tsx","statementMap":{"0":{"start":{"line":4,"column":59},"end":{"line":20,"column":1}},"1":{"start":{"line":5,"column":17},"end":{"line":5,"column":28}},"2":{"start":{"line":6,"column":19},"end":{"line":6,"column":34}},"3":{"start":{"line":7,"column":2},"end":{"line":19,"column":3}},"4":{"start":{"line":13,"column":26},"end":{"line":13,"column":74}}},"fnMap":{"0":{"name":"(anonymous_0)","decl":{"start":{"line":4,"column":59},"end":{"line":4,"column":60}},"loc":{"start":{"line":4,"column":75},"end":{"line":20,"column":1}},"line":4},"1":{"name":"(anonymous_1)","decl":{"start":{"line":13,"column":19},"end":{"line":13,"column":20}},"loc":{"start":{"line":13,"column":26},"end":{"line":13,"column":74}},"line":13}},"branchMap":{"0":{"loc":{"start":{"line":12,"column":28},"end":{"line":12,"column":66}},"type":"cond-expr","locations":[{"start":{"line":12,"column":37},"end":{"line":12,"column":50}},{"start":{"line":12,"column":53},"end":{"line":12,"column":66}}],"line":12}},"s":{"0":0,"1":0,"2":0,"3":0,"4":0},"f":{"0":0,"1":0},"b":{"0":[0,0]}}
,"/home/runner/work/profile-management/profile-management/components/Layout/FinancialInfo.tsx": {"path":"/home/runner/work/profile-management/profile-management/components/Layout/FinancialInfo.tsx","statementMap":{"0":{"start":{"line":5,"column":61},"end":{"line":40,"column":1}},"1":{"start":{"line":6,"column":17},"end":{"line":6,"column":28}},"2":{"start":{"line":7,"column":19},"end":{"line":7,"column":34}},"3":{"start":{"line":8,"column":2},"end":{"line":39,"column":3}},"4":{"start":{"line":14,"column":26},"end":{"line":14,"column":76}}},"fnMap":{"0":{"name":"(anonymous_0)","decl":{"start":{"line":5,"column":61},"end":{"line":5,"column":62}},"loc":{"start":{"line":5,"column":77},"end":{"line":40,"column":1}},"line":5},"1":{"name":"(anonymous_1)","decl":{"start":{"line":14,"column":19},"end":{"line":14,"column":20}},"loc":{"start":{"line":14,"column":26},"end":{"line":14,"column":76}},"line":14}},"branchMap":{"0":{"loc":{"start":{"line":13,"column":28},"end":{"line":13,"column":66}},"type":"cond-expr","locations":[{"start":{"line":13,"column":37},"end":{"line":13,"column":50}},{"start":{"line":13,"column":53},"end":{"line":13,"column":66}}],"line":13}},"s":{"0":1,"1":2,"2":2,"3":2,"4":0},"f":{"0":2,"1":0},"b":{"0":[1,1]},"_coverageSchema":"1a1c01bbd47fc00a2c39e90264f33305004495a9","hash":"3791e3e0115dcc02f509940493daf36abf3a8fa0"}
,"/home/runner/work/profile-management/profile-management/components/Layout/Footer.tsx": {"path":"/home/runner/work/profile-management/profile-management/components/Layout/Footer.tsx","statementMap":{"0":{"start":{"line":5,"column":22},"end":{"line":128,"column":1}},"1":{"start":{"line":6,"column":2},"end":{"line":127,"column":11}}},"fnMap":{"0":{"name":"(anonymous_0)","decl":{"start":{"line":5,"column":22},"end":{"line":5,"column":23}},"loc":{"start":{"line":6,"column":2},"end":{"line":127,"column":11}},"line":6}},"branchMap":{},"s":{"0":2,"1":3},"f":{"0":3},"b":{},"_coverageSchema":"1a1c01bbd47fc00a2c39e90264f33305004495a9","hash":"367736d30ae70cd21fd2b4d215e9db5f175f00a4"}
,"/home/runner/work/profile-management/profile-management/components/Layout/Header.tsx": {"path":"/home/runner/work/profile-management/profile-management/components/Layout/Header.tsx","statementMap":{"0":{"start":{"line":5,"column":22},"end":{"line":46,"column":1}},"1":{"start":{"line":6,"column":2},"end":{"line":45,"column":11}}},"fnMap":{"0":{"name":"(anonymous_0)","decl":{"start":{"line":5,"column":22},"end":{"line":5,"column":23}},"loc":{"start":{"line":6,"column":2},"end":{"line":45,"column":11}},"line":6}},"branchMap":{},"s":{"0":2,"1":3},"f":{"0":3},"b":{},"_coverageSchema":"1a1c01bbd47fc00a2c39e90264f33305004495a9","hash":"7e3c97621b002fbcf5e6bd56ac6a786226e9b979"}
,"/home/runner/work/profile-management/profile-management/components/Layout/UserList.tsx": {"path":"/home/runner/work/profile-management/profile-management/components/Layout/UserList.tsx","statementMap":{"0":{"start":{"line":8,"column":5},"end":{"line":38,"column":1}},"1":{"start":{"line":9,"column":34},"end":{"line":9,"column":53}},"2":{"start":{"line":11,"column":2},"end":{"line":37,"column":3}},"3":{"start":{"line":25,"column":18},"end":{"line":25,"column":62}}},"fnMap":{"0":{"name":"(anonymous_0)","decl":{"start":{"line":8,"column":5},"end":{"line":8,"column":6}},"loc":{"start":{"line":8,"column":19},"end":{"line":38,"column":1}},"line":8},"1":{"name":"(anonymous_1)","decl":{"start":{"line":24,"column":26},"end":{"line":24,"column":27}},"loc":{"start":{"line":24,"column":67},"end":{"line":26,"column":17}},"line":24}},"branchMap":{"0":{"loc":{"start":{"line":25,"column":30},"end":{"line":25,"column":61}},"type":"cond-expr","locations":[{"start":{"line":25,"column":42},"end":{"line":25,"column":49}},{"start":{"line":25,"column":52},"end":{"line":25,"column":61}}],"line":25},"1":{"loc":{"start":{"line":34,"column":20},"end":{"line":34,"column":68}},"type":"cond-expr","locations":[{"start":{"line":34,"column":31},"end":{"line":34,"column":62}},{"start":{"line":34,"column":65},"end":{"line":34,"column":68}}],"line":34}},"s":{"0":1,"1":1,"2":1,"3":0},"f":{"0":1,"1":0},"b":{"0":[0,0],"1":[0,1]},"_coverageSchema":"1a1c01bbd47fc00a2c39e90264f33305004495a9","hash":"f7b9bc75bdc641b828959b0be35998a5e22f8d59"}
,"/home/runner/work/profile-management/profile-management/components/Layout/UserPreferences.tsx": {"path":"/home/runner/work/profile-management/profile-management/components/Layout/UserPreferences.tsx","statementMap":{"0":{"start":{"line":4,"column":63},"end":{"line":20,"column":1}},"1":{"start":{"line":5,"column":17},"end":{"line":5,"column":28}},"2":{"start":{"line":6,"column":19},"end":{"line":6,"column":34}},"3":{"start":{"line":7,"column":2},"end":{"line":19,"column":3}},"4":{"start":{"line":13,"column":26},"end":{"line":13,"column":78}}},"fnMap":{"0":{"name":"(anonymous_0)","decl":{"start":{"line":4,"column":63},"end":{"line":4,"column":64}},"loc":{"start":{"line":4,"column":79},"end":{"line":20,"column":1}},"line":4},"1":{"name":"(anonymous_1)","decl":{"start":{"line":13,"column":19},"end":{"line":13,"column":20}},"loc":{"start":{"line":13,"column":26},"end":{"line":13,"column":78}},"line":13}},"branchMap":{"0":{"loc":{"start":{"line":12,"column":28},"end":{"line":12,"column":66}},"type":"cond-expr","locations":[{"start":{"line":12,"column":37},"end":{"line":12,"column":50}},{"start":{"line":12,"column":53},"end":{"line":12,"column":66}}],"line":12}},"s":{"0":0,"1":0,"2":0,"3":0,"4":0},"f":{"0":0,"1":0},"b":{"0":[0,0]}}
,"/home/runner/work/profile-management/profile-management/components/Layout/commonContactInfo.tsx": {"path":"/home/runner/work/profile-management/profile-management/components/Layout/commonContactInfo.tsx","statementMap":{"0":{"start":{"line":13,"column":28},"end":{"line":13,"column":29}},"1":{"start":{"line":14,"column":24},"end":{"line":14,"column":25}},"2":{"start":{"line":17,"column":2},"end":{"line":574,"column":3}},"3":{"start":{"line":18,"column":19},"end":{"line":18,"column":30}},"4":{"start":{"line":19,"column":21},"end":{"line":19,"column":36}},"5":{"start":{"line":21,"column":42},"end":{"line":23,"column":5}},"6":{"start":{"line":25,"column":27},"end":{"line":25,"column":65}},"7":{"start":{"line":27,"column":58},"end":{"line":31,"column":5}},"8":{"start":{"line":33,"column":52},"end":{"line":33,"column":79}},"9":{"start":{"line":34,"column":49},"end":{"line":34,"column":76}},"10":{"start":{"line":35,"column":48},"end":{"line":35,"column":75}},"11":{"start":{"line":36,"column":50},"end":{"line":36,"column":77}},"12":{"start":{"line":37,"column":38},"end":{"line":37,"column":65}},"13":{"start":{"line":38,"column":40},"end":{"line":38,"column":67}},"14":{"start":{"line":39,"column":40},"end":{"line":39,"column":67}},"15":{"start":{"line":40,"column":44},"end":{"line":40,"column":71}},"16":{"start":{"line":42,"column":42},"end":{"line":42,"column":69}},"17":{"start":{"line":43,"column":44},"end":{"line":43,"column":71}},"18":{"start":{"line":45,"column":34},"end":{"line":45,"column":58}},"19":{"start":{"line":47,"column":20},"end":{"line":50,"column":5}},"20":{"start":{"line":52,"column":33},"end":{"line":54,"column":5}},"21":{"start":{"line":53,"column":6},"end":{"line":53,"column":55}},"22":{"start":{"line":56,"column":40},"end":{"line":58,"column":5}},"23":{"start":{"line":57,"column":6},"end":{"line":57,"column":76}},"24":{"start":{"line":60,"column":30},"end":{"line":62,"column":5}},"25":{"start":{"line":63,"column":30},"end":{"line":65,"column":5}},"26":{"start":{"line":67,"column":44},"end":{"line":73,"column":5}},"27":{"start":{"line":74,"column":38},"end":{"line":80,"column":5}},"28":{"start":{"line":81,"column":40},"end":{"line":87,"column":5}},"29":{"start":{"line":88,"column":40},"end":{"line":94,"column":5}},"30":{"start":{"line":95,"column":28},"end":{"line":101,"column":5}},"31":{"start":{"line":103,"column":34},"end":{"line":109,"column":5}},"32":{"start":{"line":111,"column":50},"end":{"line":117,"column":5}},"33":{"start":{"line":119,"column":58},"end":{"line":125,"column":5}},"34":{"start":{"line":126,"column":52},"end":{"line":132,"column":5}},"35":{"start":{"line":133,"column":54},"end":{"line":139,"column":5}},"36":{"start":{"line":140,"column":54},"end":{"line":146,"column":5}},"37":{"start":{"line":147,"column":42},"end":{"line":153,"column":5}},"38":{"start":{"line":154,"column":48},"end":{"line":160,"column":5}},"39":{"start":{"line":162,"column":6},"end":{"line":168,"column":7}},"40":{"start":{"line":169,"column":24},"end":{"line":192,"column":5}},"41":{"start":{"line":170,"column":6},"end":{"line":170,"column":24}},"42":{"start":{"line":171,"column":6},"end":{"line":191,"column":7}},"43":{"start":{"line":176,"column":8},"end":{"line":176,"column":20}},"44":{"start":{"line":177,"column":8},"end":{"line":177,"column":20}},"45":{"start":{"line":178,"column":8},"end":{"line":178,"column":27}},"46":{"start":{"line":179,"column":8},"end":{"line":179,"column":25}},"47":{"start":{"line":180,"column":8},"end":{"line":180,"column":24}},"48":{"start":{"line":181,"column":8},"end":{"line":181,"column":19}},"49":{"start":{"line":182,"column":8},"end":{"line":182,"column":25}},"50":{"start":{"line":183,"column":8},"end":{"line":183,"column":22}},"51":{"start":{"line":184,"column":8},"end":{"line":184,"column":34}},"52":{"start":{"line":185,"column":8},"end":{"line":185,"column":32}},"53":{"start":{"line":186,"column":8},"end":{"line":186,"column":31}},"54":{"start":{"line":187,"column":8},"end":{"line":187,"column":26}},"55":{"start":{"line":188,"column":8},"end":{"line":188,"column":32}},"56":{"start":{"line":189,"column":8},"end":{"line":189,"column":29}},"57":{"start":{"line":190,"column":8},"end":{"line":190,"column":33}},"58":{"start":{"line":194,"column":38},"end":{"line":217,"column":5}},"59":{"start":{"line":195,"column":6},"end":{"line":216,"column":7}},"60":{"start":{"line":196,"column":8},"end":{"line":215,"column":9}},"61":{"start":{"line":202,"column":10},"end":{"line":202,"column":75}},"62":{"start":{"line":203,"column":10},"end":{"line":203,"column":71}},"63":{"start":{"line":204,"column":10},"end":{"line":204,"column":69}},"64":{"start":{"line":205,"column":10},"end":{"line":205,"column":59}},"65":{"start":{"line":206,"column":10},"end":{"line":206,"column":71}},"66":{"start":{"line":207,"column":10},"end":{"line":207,"column":69}},"67":{"start":{"line":209,"column":10},"end":{"line":209,"column":36}},"68":{"start":{"line":210,"column":10},"end":{"line":210,"column":34}},"69":{"start":{"line":211,"column":10},"end":{"line":211,"column":33}},"70":{"start":{"line":212,"column":10},"end":{"line":212,"column":28}},"71":{"start":{"line":213,"column":10},"end":{"line":213,"column":34}},"72":{"start":{"line":214,"column":10},"end":{"line":214,"column":31}},"73":{"start":{"line":219,"column":25},"end":{"line":322,"column":5}},"74":{"start":{"line":220,"column":6},"end":{"line":220,"column":24}},"75":{"start":{"line":221,"column":6},"end":{"line":221,"column":25}},"76":{"start":{"line":222,"column":6},"end":{"line":321,"column":7}},"77":{"start":{"line":223,"column":8},"end":{"line":223,"column":24}},"78":{"start":{"line":224,"column":25},"end":{"line":259,"column":9}},"79":{"start":{"line":261,"column":8},"end":{"line":261,"column":38}},"80":{"start":{"line":262,"column":8},"end":{"line":262,"column":37}},"81":{"start":{"line":263,"column":8},"end":{"line":263,"column":36}},"82":{"start":{"line":264,"column":8},"end":{"line":264,"column":37}},"83":{"start":{"line":265,"column":8},"end":{"line":265,"column":31}},"84":{"start":{"line":266,"column":8},"end":{"line":266,"column":34}},"85":{"start":{"line":267,"column":8},"end":{"line":267,"column":32}},"86":{"start":{"line":268,"column":8},"end":{"line":268,"column":32}},"87":{"start":{"line":269,"column":8},"end":{"line":269,"column":33}},"88":{"start":{"line":270,"column":8},"end":{"line":270,"column":34}},"89":{"start":{"line":272,"column":8},"end":{"line":312,"column":12}},"90":{"start":{"line":282,"column":30},"end":{"line":282,"column":45}},"91":{"start":{"line":284,"column":12},"end":{"line":286,"column":13}},"92":{"start":{"line":285,"column":14},"end":{"line":285,"column":45}},"93":{"start":{"line":287,"column":29},"end":{"line":287,"column":52}},"94":{"start":{"line":288,"column":12},"end":{"line":311,"column":14}},"95":{"start":{"line":289,"column":14},"end":{"line":310,"column":15}},"96":{"start":{"line":290,"column":16},"end":{"line":290,"column":39}},"97":{"start":{"line":291,"column":21},"end":{"line":310,"column":15}},"98":{"start":{"line":292,"column":16},"end":{"line":292,"column":40}},"99":{"start":{"line":293,"column":21},"end":{"line":310,"column":15}},"100":{"start":{"line":294,"column":16},"end":{"line":294,"column":38}},"101":{"start":{"line":295,"column":21},"end":{"line":310,"column":15}},"102":{"start":{"line":296,"column":16},"end":{"line":296,"column":33}},"103":{"start":{"line":297,"column":21},"end":{"line":310,"column":15}},"104":{"start":{"line":298,"column":16},"end":{"line":298,"column":39}},"105":{"start":{"line":299,"column":21},"end":{"line":310,"column":15}},"106":{"start":{"line":300,"column":16},"end":{"line":300,"column":34}},"107":{"start":{"line":301,"column":21},"end":{"line":310,"column":15}},"108":{"start":{"line":302,"column":16},"end":{"line":302,"column":34}},"109":{"start":{"line":303,"column":21},"end":{"line":310,"column":15}},"110":{"start":{"line":304,"column":16},"end":{"line":304,"column":36}},"111":{"start":{"line":306,"column":16},"end":{"line":306,"column":35}},"112":{"start":{"line":307,"column":16},"end":{"line":309,"column":17}},"113":{"start":{"line":308,"column":18},"end":{"line":308,"column":43}},"114":{"start":{"line":316,"column":8},"end":{"line":316,"column":25}},"115":{"start":{"line":317,"column":8},"end":{"line":317,"column":75}},"116":{"start":{"line":318,"column":8},"end":{"line":318,"column":30}},"117":{"start":{"line":320,"column":8},"end":{"line":320,"column":25}},"118":{"start":{"line":323,"column":4},"end":{"line":573,"column":5}},"119":{"start":{"line":344,"column":33},"end":{"line":344,"column":64}},"120":{"start":{"line":356,"column":33},"end":{"line":356,"column":62}},"121":{"start":{"line":367,"column":33},"end":{"line":367,"column":61}},"122":{"start":{"line":377,"column":33},"end":{"line":377,"column":62}},"123":{"start":{"line":388,"column":33},"end":{"line":388,"column":56}},"124":{"start":{"line":402,"column":52},"end":{"line":402,"column":76}},"125":{"start":{"line":419,"column":22},"end":{"line":419,"column":66}},"126":{"start":{"line":420,"column":22},"end":{"line":420,"column":63}},"127":{"start":{"line":436,"column":37},"end":{"line":436,"column":75}},"128":{"start":{"line":447,"column":37},"end":{"line":447,"column":73}},"129":{"start":{"line":458,"column":37},"end":{"line":458,"column":72}},"130":{"start":{"line":468,"column":37},"end":{"line":468,"column":73}},"131":{"start":{"line":479,"column":37},"end":{"line":479,"column":67}},"132":{"start":{"line":500,"column":36},"end":{"line":500,"column":67}},"133":{"start":{"line":518,"column":33},"end":{"line":518,"column":57}},"134":{"start":{"line":529,"column":33},"end":{"line":529,"column":57}}},"fnMap":{"0":{"name":"(anonymous_0)","decl":{"start":{"line":17,"column":2},"end":{"line":17,"column":3}},"loc":{"start":{"line":17,"column":28},"end":{"line":574,"column":3}},"line":17},"1":{"name":"(anonymous_1)","decl":{"start":{"line":52,"column":33},"end":{"line":52,"column":34}},"loc":{"start":{"line":52,"column":46},"end":{"line":54,"column":5}},"line":52},"2":{"name":"(anonymous_2)","decl":{"start":{"line":56,"column":40},"end":{"line":56,"column":41}},"loc":{"start":{"line":56,"column":60},"end":{"line":58,"column":5}},"line":56},"3":{"name":"(anonymous_3)","decl":{"start":{"line":169,"column":24},"end":{"line":169,"column":25}},"loc":{"start":{"line":169,"column":37},"end":{"line":192,"column":5}},"line":169},"4":{"name":"(anonymous_4)","decl":{"start":{"line":194,"column":38},"end":{"line":194,"column":39}},"loc":{"start":{"line":194,"column":63},"end":{"line":217,"column":5}},"line":194},"5":{"name":"(anonymous_5)","decl":{"start":{"line":219,"column":25},"end":{"line":219,"column":26}},"loc":{"start":{"line":219,"column":38},"end":{"line":322,"column":5}},"line":219},"6":{"name":"(anonymous_6)","decl":{"start":{"line":282,"column":16},"end":{"line":282,"column":17}},"loc":{"start":{"line":282,"column":30},"end":{"line":282,"column":45}},"line":282},"7":{"name":"(anonymous_7)","decl":{"start":{"line":283,"column":16},"end":{"line":283,"column":17}},"loc":{"start":{"line":283,"column":26},"end":{"line":312,"column":11}},"line":283},"8":{"name":"(anonymous_8)","decl":{"start":{"line":288,"column":29},"end":{"line":288,"column":30}},"loc":{"start":{"line":288,"column":38},"end":{"line":311,"column":13}},"line":288},"9":{"name":"(anonymous_9)","decl":{"start":{"line":344,"column":26},"end":{"line":344,"column":27}},"loc":{"start":{"line":344,"column":33},"end":{"line":344,"column":64}},"line":344},"10":{"name":"(anonymous_10)","decl":{"start":{"line":356,"column":26},"end":{"line":356,"column":27}},"loc":{"start":{"line":356,"column":33},"end":{"line":356,"column":62}},"line":356},"11":{"name":"(anonymous_11)","decl":{"start":{"line":367,"column":26},"end":{"line":367,"column":27}},"loc":{"start":{"line":367,"column":33},"end":{"line":367,"column":61}},"line":367},"12":{"name":"(anonymous_12)","decl":{"start":{"line":377,"column":26},"end":{"line":377,"column":27}},"loc":{"start":{"line":377,"column":33},"end":{"line":377,"column":62}},"line":377},"13":{"name":"(anonymous_13)","decl":{"start":{"line":388,"column":26},"end":{"line":388,"column":27}},"loc":{"start":{"line":388,"column":33},"end":{"line":388,"column":56}},"line":388},"14":{"name":"(anonymous_14)","decl":{"start":{"line":402,"column":40},"end":{"line":402,"column":41}},"loc":{"start":{"line":402,"column":52},"end":{"line":402,"column":76}},"line":402},"15":{"name":"(anonymous_15)","decl":{"start":{"line":418,"column":30},"end":{"line":418,"column":31}},"loc":{"start":{"line":418,"column":37},"end":{"line":421,"column":21}},"line":418},"16":{"name":"(anonymous_16)","decl":{"start":{"line":436,"column":30},"end":{"line":436,"column":31}},"loc":{"start":{"line":436,"column":37},"end":{"line":436,"column":75}},"line":436},"17":{"name":"(anonymous_17)","decl":{"start":{"line":447,"column":30},"end":{"line":447,"column":31}},"loc":{"start":{"line":447,"column":37},"end":{"line":447,"column":73}},"line":447},"18":{"name":"(anonymous_18)","decl":{"start":{"line":458,"column":30},"end":{"line":458,"column":31}},"loc":{"start":{"line":458,"column":37},"end":{"line":458,"column":72}},"line":458},"19":{"name":"(anonymous_19)","decl":{"start":{"line":468,"column":30},"end":{"line":468,"column":31}},"loc":{"start":{"line":468,"column":37},"end":{"line":468,"column":73}},"line":468},"20":{"name":"(anonymous_20)","decl":{"start":{"line":479,"column":30},"end":{"line":479,"column":31}},"loc":{"start":{"line":479,"column":37},"end":{"line":479,"column":67}},"line":479},"21":{"name":"(anonymous_21)","decl":{"start":{"line":500,"column":24},"end":{"line":500,"column":25}},"loc":{"start":{"line":500,"column":36},"end":{"line":500,"column":67}},"line":500},"22":{"name":"(anonymous_22)","decl":{"start":{"line":518,"column":26},"end":{"line":518,"column":27}},"loc":{"start":{"line":518,"column":33},"end":{"line":518,"column":57}},"line":518},"23":{"name":"(anonymous_23)","decl":{"start":{"line":529,"column":26},"end":{"line":529,"column":27}},"loc":{"start":{"line":529,"column":33},"end":{"line":529,"column":57}},"line":529}},"branchMap":{"0":{"loc":{"start":{"line":22,"column":6},"end":{"line":22,"column":53}},"type":"cond-expr","locations":[{"start":{"line":22,"column":25},"end":{"line":22,"column":41}},{"start":{"line":22,"column":44},"end":{"line":22,"column":53}}],"line":22},"1":{"loc":{"start":{"line":28,"column":6},"end":{"line":30,"column":15}},"type":"cond-expr","locations":[{"start":{"line":29,"column":10},"end":{"line":29,"column":75}},{"start":{"line":30,"column":10},"end":{"line":30,"column":15}}],"line":28},"2":{"loc":{"start":{"line":29,"column":10},"end":{"line":29,"column":75}},"type":"binary-expr","locations":[{"start":{"line":29,"column":10},"end":{"line":29,"column":35}},{"start":{"line":29,"column":39},"end":{"line":29,"column":75}}],"line":29},"3":{"loc":{"start":{"line":53,"column":17},"end":{"line":53,"column":54}},"type":"cond-expr","locations":[{"start":{"line":53,"column":36},"end":{"line":53,"column":38}},{"start":{"line":53,"column":41},"end":{"line":53,"column":54}}],"line":53},"4":{"loc":{"start":{"line":57,"column":24},"end":{"line":57,"column":75}},"type":"cond-expr","locations":[{"start":{"line":57,"column":50},"end":{"line":57,"column":52}},{"start":{"line":57,"column":55},"end":{"line":57,"column":75}}],"line":57},"5":{"loc":{"start":{"line":61,"column":6},"end":{"line":61,"column":42}},"type":"cond-expr","locations":[{"start":{"line":61,"column":20},"end":{"line":61,"column":37}},{"start":{"line":61,"column":40},"end":{"line":61,"column":42}}],"line":61},"6":{"loc":{"start":{"line":64,"column":6},"end":{"line":64,"column":42}},"type":"cond-expr","locations":[{"start":{"line":64,"column":20},"end":{"line":64,"column":37}},{"start":{"line":64,"column":40},"end":{"line":64,"column":42}}],"line":64},"7":{"loc":{"start":{"line":68,"column":6},"end":{"line":72,"column":12}},"type":"cond-expr","locations":[{"start":{"line":71,"column":10},"end":{"line":71,"column":51}},{"start":{"line":72,"column":10},"end":{"line":72,"column":12}}],"line":68},"8":{"loc":{"start":{"line":68,"column":6},"end":{"line":70,"column":44}},"type":"binary-expr","locations":[{"start":{"line":68,"column":6},"end":{"line":68,"column":17}},{"start":{"line":69,"column":8},"end":{"line":69,"column":33}},{"start":{"line":70,"column":8},"end":{"line":70,"column":44}}],"line":68},"9":{"loc":{"start":{"line":75,"column":6},"end":{"line":79,"column":12}},"type":"cond-expr","locations":[{"start":{"line":78,"column":10},"end":{"line":78,"column":48}},{"start":{"line":79,"column":10},"end":{"line":79,"column":12}}],"line":75},"10":{"loc":{"start":{"line":75,"column":6},"end":{"line":77,"column":44}},"type":"binary-expr","locations":[{"start":{"line":75,"column":6},"end":{"line":75,"column":17}},{"start":{"line":76,"column":8},"end":{"line":76,"column":33}},{"start":{"line":77,"column":8},"end":{"line":77,"column":44}}],"line":75},"11":{"loc":{"start":{"line":82,"column":6},"end":{"line":86,"column":12}},"type":"cond-expr","locations":[{"start":{"line":85,"column":10},"end":{"line":85,"column":49}},{"start":{"line":86,"column":10},"end":{"line":86,"column":12}}],"line":82},"12":{"loc":{"start":{"line":82,"column":6},"end":{"line":84,"column":44}},"type":"binary-expr","locations":[{"start":{"line":82,"column":6},"end":{"line":82,"column":17}},{"start":{"line":83,"column":8},"end":{"line":83,"column":33}},{"start":{"line":84,"column":8},"end":{"line":84,"column":44}}],"line":82},"13":{"loc":{"start":{"line":89,"column":6},"end":{"line":93,"column":12}},"type":"cond-expr","locations":[{"start":{"line":92,"column":10},"end":{"line":92,"column":49}},{"start":{"line":93,"column":10},"end":{"line":93,"column":12}}],"line":89},"14":{"loc":{"start":{"line":89,"column":6},"end":{"line":91,"column":44}},"type":"binary-expr","locations":[{"start":{"line":89,"column":6},"end":{"line":89,"column":17}},{"start":{"line":90,"column":8},"end":{"line":90,"column":33}},{"start":{"line":91,"column":8},"end":{"line":91,"column":44}}],"line":89},"15":{"loc":{"start":{"line":96,"column":6},"end":{"line":100,"column":12}},"type":"cond-expr","locations":[{"start":{"line":99,"column":10},"end":{"line":99,"column":43}},{"start":{"line":100,"column":10},"end":{"line":100,"column":12}}],"line":96},"16":{"loc":{"start":{"line":96,"column":6},"end":{"line":98,"column":44}},"type":"binary-expr","locations":[{"start":{"line":96,"column":6},"end":{"line":96,"column":17}},{"start":{"line":97,"column":8},"end":{"line":97,"column":33}},{"start":{"line":98,"column":8},"end":{"line":98,"column":44}}],"line":96},"17":{"loc":{"start":{"line":104,"column":6},"end":{"line":108,"column":12}},"type":"cond-expr","locations":[{"start":{"line":107,"column":10},"end":{"line":107,"column":50}},{"start":{"line":108,"column":10},"end":{"line":108,"column":12}}],"line":104},"18":{"loc":{"start":{"line":104,"column":6},"end":{"line":106,"column":44}},"type":"binary-expr","locations":[{"start":{"line":104,"column":6},"end":{"line":104,"column":17}},{"start":{"line":105,"column":8},"end":{"line":105,"column":33}},{"start":{"line":106,"column":8},"end":{"line":106,"column":44}}],"line":104},"19":{"loc":{"start":{"line":112,"column":6},"end":{"line":116,"column":12}},"type":"cond-expr","locations":[{"start":{"line":115,"column":10},"end":{"line":115,"column":54}},{"start":{"line":116,"column":10},"end":{"line":116,"column":12}}],"line":112},"20":{"loc":{"start":{"line":112,"column":6},"end":{"line":114,"column":44}},"type":"binary-expr","locations":[{"start":{"line":112,"column":6},"end":{"line":112,"column":17}},{"start":{"line":113,"column":8},"end":{"line":113,"column":33}},{"start":{"line":114,"column":8},"end":{"line":114,"column":44}}],"line":112},"21":{"loc":{"start":{"line":120,"column":6},"end":{"line":124,"column":12}},"type":"cond-expr","locations":[{"start":{"line":123,"column":10},"end":{"line":123,"column":51}},{"start":{"line":124,"column":10},"end":{"line":124,"column":12}}],"line":120},"22":{"loc":{"start":{"line":120,"column":6},"end":{"line":122,"column":44}},"type":"binary-expr","locations":[{"start":{"line":120,"column":6},"end":{"line":120,"column":17}},{"start":{"line":121,"column":8},"end":{"line":121,"column":33}},{"start":{"line":122,"column":8},"end":{"line":122,"column":44}}],"line":120},"23":{"loc":{"start":{"line":127,"column":6},"end":{"line":131,"column":12}},"type":"cond-expr","locations":[{"start":{"line":130,"column":10},"end":{"line":130,"column":48}},{"start":{"line":131,"column":10},"end":{"line":131,"column":12}}],"line":127},"24":{"loc":{"start":{"line":127,"column":6},"end":{"line":129,"column":44}},"type":"binary-expr","locations":[{"start":{"line":127,"column":6},"end":{"line":127,"column":17}},{"start":{"line":128,"column":8},"end":{"line":128,"column":33}},{"start":{"line":129,"column":8},"end":{"line":129,"column":44}}],"line":127},"25":{"loc":{"start":{"line":134,"column":6},"end":{"line":138,"column":12}},"type":"cond-expr","locations":[{"start":{"line":137,"column":10},"end":{"line":137,"column":49}},{"start":{"line":138,"column":10},"end":{"line":138,"column":12}}],"line":134},"26":{"loc":{"start":{"line":134,"column":6},"end":{"line":136,"column":44}},"type":"binary-expr","locations":[{"start":{"line":134,"column":6},"end":{"line":134,"column":17}},{"start":{"line":135,"column":8},"end":{"line":135,"column":33}},{"start":{"line":136,"column":8},"end":{"line":136,"column":44}}],"line":134},"27":{"loc":{"start":{"line":141,"column":6},"end":{"line":145,"column":12}},"type":"cond-expr","locations":[{"start":{"line":144,"column":10},"end":{"line":144,"column":49}},{"start":{"line":145,"column":10},"end":{"line":145,"column":12}}],"line":141},"28":{"loc":{"start":{"line":141,"column":6},"end":{"line":143,"column":44}},"type":"binary-expr","locations":[{"start":{"line":141,"column":6},"end":{"line":141,"column":17}},{"start":{"line":142,"column":8},"end":{"line":142,"column":33}},{"start":{"line":143,"column":8},"end":{"line":143,"column":44}}],"line":141},"29":{"loc":{"start":{"line":148,"column":6},"end":{"line":152,"column":12}},"type":"cond-expr","locations":[{"start":{"line":151,"column":10},"end":{"line":151,"column":43}},{"start":{"line":152,"column":10},"end":{"line":152,"column":12}}],"line":148},"30":{"loc":{"start":{"line":148,"column":6},"end":{"line":150,"column":44}},"type":"binary-expr","locations":[{"start":{"line":148,"column":6},"end":{"line":148,"column":17}},{"start":{"line":149,"column":8},"end":{"line":149,"column":33}},{"start":{"line":150,"column":8},"end":{"line":150,"column":44}}],"line":148},"31":{"loc":{"start":{"line":155,"column":6},"end":{"line":159,"column":12}},"type":"cond-expr","locations":[{"start":{"line":158,"column":10},"end":{"line":158,"column":50}},{"start":{"line":159,"column":10},"end":{"line":159,"column":12}}],"line":155},"32":{"loc":{"start":{"line":155,"column":6},"end":{"line":157,"column":44}},"type":"binary-expr","locations":[{"start":{"line":155,"column":6},"end":{"line":155,"column":17}},{"start":{"line":156,"column":8},"end":{"line":156,"column":33}},{"start":{"line":157,"column":8},"end":{"line":157,"column":44}}],"line":155},"33":{"loc":{"start":{"line":163,"column":8},"end":{"line":167,"column":14}},"type":"cond-expr","locations":[{"start":{"line":166,"column":12},"end":{"line":166,"column":56}},{"start":{"line":167,"column":12},"end":{"line":167,"column":14}}],"line":163},"34":{"loc":{"start":{"line":163,"column":8},"end":{"line":165,"column":46}},"type":"binary-expr","locations":[{"start":{"line":163,"column":8},"end":{"line":163,"column":19}},{"start":{"line":164,"column":10},"end":{"line":164,"column":35}},{"start":{"line":165,"column":10},"end":{"line":165,"column":46}}],"line":163},"35":{"loc":{"start":{"line":171,"column":6},"end":{"line":191,"column":7}},"type":"if","locations":[{"start":{"line":171,"column":6},"end":{"line":191,"column":7}},{"start":{"line":171,"column":6},"end":{"line":191,"column":7}}],"line":171},"36":{"loc":{"start":{"line":195,"column":6},"end":{"line":216,"column":7}},"type":"if","locations":[{"start":{"line":195,"column":6},"end":{"line":216,"column":7}},{"start":{"line":195,"column":6},"end":{"line":216,"column":7}}],"line":195},"37":{"loc":{"start":{"line":196,"column":8},"end":{"line":215,"column":9}},"type":"if","locations":[{"start":{"line":196,"column":8},"end":{"line":215,"column":9}},{"start":{"line":196,"column":8},"end":{"line":215,"column":9}}],"line":196},"38":{"loc":{"start":{"line":197,"column":10},"end":{"line":200,"column":57}},"type":"binary-expr","locations":[{"start":{"line":197,"column":10},"end":{"line":197,"column":21}},{"start":{"line":198,"column":10},"end":{"line":198,"column":35}},{"start":{"line":199,"column":10},"end":{"line":199,"column":46}},{"start":{"line":200,"column":10},"end":{"line":200,"column":57}}],"line":197},"39":{"loc":{"start":{"line":227,"column":25},"end":{"line":258,"column":15}},"type":"cond-expr","locations":[{"start":{"line":228,"column":14},"end":{"line":247,"column":15}},{"start":{"line":248,"column":14},"end":{"line":258,"column":15}}],"line":227},"40":{"loc":{"start":{"line":232,"column":29},"end":{"line":232,"column":57}},"type":"cond-expr","locations":[{"start":{"line":232,"column":41},"end":{"line":232,"column":50}},{"start":{"line":232,"column":53},"end":{"line":232,"column":57}}],"line":232},"41":{"loc":{"start":{"line":241,"column":29},"end":{"line":241,"column":71}},"type":"cond-expr","locations":[{"start":{"line":241,"column":48},"end":{"line":241,"column":64}},{"start":{"line":241,"column":67},"end":{"line":241,"column":71}}],"line":241},"42":{"loc":{"start":{"line":252,"column":29},"end":{"line":252,"column":57}},"type":"cond-expr","locations":[{"start":{"line":252,"column":41},"end":{"line":252,"column":50}},{"start":{"line":252,"column":53},"end":{"line":252,"column":57}}],"line":252},"43":{"loc":{"start":{"line":275,"column":20},"end":{"line":275,"column":49}},"type":"cond-expr","locations":[{"start":{"line":275,"column":35},"end":{"line":275,"column":41}},{"start":{"line":275,"column":44},"end":{"line":275,"column":49}}],"line":275},"44":{"loc":{"start":{"line":284,"column":12},"end":{"line":286,"column":13}},"type":"if","locations":[{"start":{"line":284,"column":12},"end":{"line":286,"column":13}},{"start":{"line":284,"column":12},"end":{"line":286,"column":13}}],"line":284},"45":{"loc":{"start":{"line":289,"column":14},"end":{"line":310,"column":15}},"type":"if","locations":[{"start":{"line":289,"column":14},"end":{"line":310,"column":15}},{"start":{"line":289,"column":14},"end":{"line":310,"column":15}}],"line":289},"46":{"loc":{"start":{"line":291,"column":21},"end":{"line":310,"column":15}},"type":"if","locations":[{"start":{"line":291,"column":21},"end":{"line":310,"column":15}},{"start":{"line":291,"column":21},"end":{"line":310,"column":15}}],"line":291},"47":{"loc":{"start":{"line":293,"column":21},"end":{"line":310,"column":15}},"type":"if","locations":[{"start":{"line":293,"column":21},"end":{"line":310,"column":15}},{"start":{"line":293,"column":21},"end":{"line":310,"column":15}}],"line":293},"48":{"loc":{"start":{"line":295,"column":21},"end":{"line":310,"column":15}},"type":"if","locations":[{"start":{"line":295,"column":21},"end":{"line":310,"column":15}},{"start":{"line":295,"column":21},"end":{"line":310,"column":15}}],"line":295},"49":{"loc":{"start":{"line":297,"column":21},"end":{"line":310,"column":15}},"type":"if","locations":[{"start":{"line":297,"column":21},"end":{"line":310,"column":15}},{"start":{"line":297,"column":21},"end":{"line":310,"column":15}}],"line":297},"50":{"loc":{"start":{"line":299,"column":21},"end":{"line":310,"column":15}},"type":"if","locations":[{"start":{"line":299,"column":21},"end":{"line":310,"column":15}},{"start":{"line":299,"column":21},"end":{"line":310,"column":15}}],"line":299},"51":{"loc":{"start":{"line":301,"column":21},"end":{"line":310,"column":15}},"type":"if","locations":[{"start":{"line":301,"column":21},"end":{"line":310,"column":15}},{"start":{"line":301,"column":21},"end":{"line":310,"column":15}}],"line":301},"52":{"loc":{"start":{"line":303,"column":21},"end":{"line":310,"column":15}},"type":"if","locations":[{"start":{"line":303,"column":21},"end":{"line":310,"column":15}},{"start":{"line":303,"column":21},"end":{"line":310,"column":15}}],"line":303},"53":{"loc":{"start":{"line":307,"column":16},"end":{"line":309,"column":17}},"type":"if","locations":[{"start":{"line":307,"column":16},"end":{"line":309,"column":17}},{"start":{"line":307,"column":16},"end":{"line":309,"column":17}}],"line":307},"54":{"loc":{"start":{"line":330,"column":11},"end":{"line":334,"column":11}},"type":"cond-expr","locations":[{"start":{"line":331,"column":12},"end":{"line":331,"column":42}},{"start":{"line":333,"column":12},"end":{"line":333,"column":41}}],"line":330},"55":{"loc":{"start":{"line":394,"column":17},"end":{"line":394,"column":79}},"type":"cond-expr","locations":[{"start":{"line":394,"column":32},"end":{"line":394,"column":74}},{"start":{"line":394,"column":77},"end":{"line":394,"column":79}}],"line":394},"56":{"loc":{"start":{"line":427,"column":15},"end":{"line":510,"column":15}},"type":"cond-expr","locations":[{"start":{"line":428,"column":16},"end":{"line":507,"column":22}},{"start":{"line":509,"column":16},"end":{"line":509,"column":18}}],"line":427},"57":{"loc":{"start":{"line":485,"column":21},"end":{"line":489,"column":21}},"type":"cond-expr","locations":[{"start":{"line":486,"column":22},"end":{"line":486,"column":64}},{"start":{"line":488,"column":22},"end":{"line":488,"column":24}}],"line":485},"58":{"loc":{"start":{"line":535,"column":29},"end":{"line":535,"column":71}},"type":"cond-expr","locations":[{"start":{"line":535,"column":57},"end":{"line":535,"column":66}},{"start":{"line":535,"column":69},"end":{"line":535,"column":71}}],"line":535},"59":{"loc":{"start":{"line":539,"column":29},"end":{"line":539,"column":70}},"type":"cond-expr","locations":[{"start":{"line":539,"column":58},"end":{"line":539,"column":65}},{"start":{"line":539,"column":68},"end":{"line":539,"column":70}}],"line":539},"60":{"loc":{"start":{"line":543,"column":15},"end":{"line":561,"column":15}},"type":"cond-expr","locations":[{"start":{"line":544,"column":16},"end":{"line":544,"column":18}},{"start":{"line":546,"column":16},"end":{"line":560,"column":22}}],"line":543},"61":{"loc":{"start":{"line":551,"column":30},"end":{"line":551,"column":45}},"type":"binary-expr","locations":[{"start":{"line":551,"column":30},"end":{"line":551,"column":37}},{"start":{"line":551,"column":41},"end":{"line":551,"column":45}}],"line":551},"62":{"loc":{"start":{"line":558,"column":30},"end":{"line":558,"column":45}},"type":"binary-expr","locations":[{"start":{"line":558,"column":30},"end":{"line":558,"column":37}},{"start":{"line":558,"column":41},"end":{"line":558,"column":45}}],"line":558}},"s":{"0":0,"1":0,"2":0,"3":0,"4":0,"5":0,"6":0,"7":0,"8":0,"9":0,"10":0,"11":0,"12":0,"13":0,"14":0,"15":0,"16":0,"17":0,"18":0,"19":0,"20":0,"21":0,"22":0,"23":0,"24":0,"25":0,"26":0,"27":0,"28":0,"29":0,"30":0,"31":0,"32":0,"33":0,"34":0,"35":0,"36":0,"37":0,"38":0,"39":0,"40":0,"41":0,"42":0,"43":0,"44":0,"45":0,"46":0,"47":0,"48":0,"49":0,"50":0,"51":0,"52":0,"53":0,"54":0,"55":0,"56":0,"57":0,"58":0,"59":0,"60":0,"61":0,"62":0,"63":0,"64":0,"65":0,"66":0,"67":0,"68":0,"69":0,"70":0,"71":0,"72":0,"73":0,"74":0,"75":0,"76":0,"77":0,"78":0,"79":0,"80":0,"81":0,"82":0,"83":0,"84":0,"85":0,"86":0,"87":0,"88":0,"89":0,"90":0,"91":0,"92":0,"93":0,"94":0,"95":0,"96":0,"97":0,"98":0,"99":0,"100":0,"101":0,"102":0,"103":0,"104":0,"105":0,"106":0,"107":0,"108":0,"109":0,"110":0,"111":0,"112":0,"113":0,"114":0,"115":0,"116":0,"117":0,"118":0,"119":0,"120":0,"121":0,"122":0,"123":0,"124":0,"125":0,"126":0,"127":0,"128":0,"129":0,"130":0,"131":0,"132":0,"133":0,"134":0},"f":{"0":0,"1":0,"2":0,"3":0,"4":0,"5":0,"6":0,"7":0,"8":0,"9":0,"10":0,"11":0,"12":0,"13":0,"14":0,"15":0,"16":0,"17":0,"18":0,"19":0,"20":0,"21":0,"22":0,"23":0},"b":{"0":[0,0],"1":[0,0],"2":[0,0],"3":[0,0],"4":[0,0],"5":[0,0],"6":[0,0],"7":[0,0],"8":[0,0,0],"9":[0,0],"10":[0,0,0],"11":[0,0],"12":[0,0,0],"13":[0,0],"14":[0,0,0],"15":[0,0],"16":[0,0,0],"17":[0,0],"18":[0,0,0],"19":[0,0],"20":[0,0,0],"21":[0,0],"22":[0,0,0],"23":[0,0],"24":[0,0,0],"25":[0,0],"26":[0,0,0],"27":[0,0],"28":[0,0,0],"29":[0,0],"30":[0,0,0],"31":[0,0],"32":[0,0,0],"33":[0,0],"34":[0,0,0],"35":[0,0],"36":[0,0],"37":[0,0],"38":[0,0,0,0],"39":[0,0],"40":[0,0],"41":[0,0],"42":[0,0],"43":[0,0],"44":[0,0],"45":[0,0],"46":[0,0],"47":[0,0],"48":[0,0],"49":[0,0],"50":[0,0],"51":[0,0],"52":[0,0],"53":[0,0],"54":[0,0],"55":[0,0],"56":[0,0],"57":[0,0],"58":[0,0],"59":[0,0],"60":[0,0],"61":[0,0],"62":[0,0]}}
,"/home/runner/work/profile-management/profile-management/components/Layout/commonUserPreferences.tsx": {"path":"/home/runner/work/profile-management/profile-management/components/Layout/commonUserPreferences.tsx","statementMap":{"0":{"start":{"line":16,"column":5},"end":{"line":415,"column":1}},"1":{"start":{"line":17,"column":17},"end":{"line":17,"column":28}},"2":{"start":{"line":18,"column":19},"end":{"line":18,"column":34}},"3":{"start":{"line":20,"column":25},"end":{"line":20,"column":63}},"4":{"start":{"line":22,"column":32},"end":{"line":22,"column":56}},"5":{"start":{"line":24,"column":40},"end":{"line":24,"column":67}},"6":{"start":{"line":25,"column":42},"end":{"line":25,"column":69}},"7":{"start":{"line":27,"column":34},"end":{"line":29,"column":3}},"8":{"start":{"line":32,"column":4},"end":{"line":32,"column":31}},"9":{"start":{"line":34,"column":4},"end":{"line":34,"column":31}},"10":{"start":{"line":36,"column":4},"end":{"line":36,"column":31}},"11":{"start":{"line":38,"column":4},"end":{"line":38,"column":31}},"12":{"start":{"line":40,"column":4},"end":{"line":40,"column":31}},"13":{"start":{"line":41,"column":44},"end":{"line":41,"column":71}},"14":{"start":{"line":43,"column":42},"end":{"line":47,"column":3}},"15":{"start":{"line":49,"column":32},"end":{"line":51,"column":3}},"16":{"start":{"line":50,"column":4},"end":{"line":50,"column":33}},"17":{"start":{"line":53,"column":48},"end":{"line":55,"column":3}},"18":{"start":{"line":56,"column":31},"end":{"line":58,"column":3}},"19":{"start":{"line":57,"column":4},"end":{"line":57,"column":52}},"20":{"start":{"line":61,"column":4},"end":{"line":61,"column":73}},"21":{"start":{"line":63,"column":46},"end":{"line":65,"column":3}},"22":{"start":{"line":64,"column":4},"end":{"line":64,"column":74}},"23":{"start":{"line":67,"column":54},"end":{"line":73,"column":3}},"24":{"start":{"line":75,"column":38},"end":{"line":77,"column":3}},"25":{"start":{"line":76,"column":4},"end":{"line":76,"column":58}},"26":{"start":{"line":79,"column":60},"end":{"line":81,"column":3}},"27":{"start":{"line":83,"column":41},"end":{"line":85,"column":3}},"28":{"start":{"line":84,"column":4},"end":{"line":84,"column":64}},"29":{"start":{"line":87,"column":46},"end":{"line":89,"column":3}},"30":{"start":{"line":91,"column":34},"end":{"line":93,"column":3}},"31":{"start":{"line":92,"column":4},"end":{"line":92,"column":50}},"32":{"start":{"line":95,"column":23},"end":{"line":165,"column":3}},"33":{"start":{"line":96,"column":4},"end":{"line":96,"column":22}},"34":{"start":{"line":97,"column":4},"end":{"line":97,"column":23}},"35":{"start":{"line":98,"column":4},"end":{"line":164,"column":5}},"36":{"start":{"line":99,"column":6},"end":{"line":99,"column":22}},"37":{"start":{"line":101,"column":6},"end":{"line":101,"column":40}},"38":{"start":{"line":102,"column":6},"end":{"line":102,"column":51}},"39":{"start":{"line":103,"column":6},"end":{"line":103,"column":43}},"40":{"start":{"line":104,"column":6},"end":{"line":104,"column":46}},"41":{"start":{"line":105,"column":6},"end":{"line":105,"column":39}},"42":{"start":{"line":106,"column":6},"end":{"line":106,"column":33}},"43":{"start":{"line":107,"column":6},"end":{"line":107,"column":31}},"44":{"start":{"line":108,"column":6},"end":{"line":108,"column":32}},"45":{"start":{"line":110,"column":23},"end":{"line":122,"column":7}},"46":{"start":{"line":123,"column":6},"end":{"line":156,"column":10}},"47":{"start":{"line":130,"column":28},"end":{"line":130,"column":43}},"48":{"start":{"line":132,"column":10},"end":{"line":134,"column":11}},"49":{"start":{"line":133,"column":12},"end":{"line":133,"column":43}},"50":{"start":{"line":135,"column":27},"end":{"line":135,"column":50}},"51":{"start":{"line":136,"column":10},"end":{"line":155,"column":12}},"52":{"start":{"line":137,"column":12},"end":{"line":154,"column":13}},"53":{"start":{"line":138,"column":14},"end":{"line":138,"column":42}},"54":{"start":{"line":139,"column":19},"end":{"line":154,"column":13}},"55":{"start":{"line":140,"column":14},"end":{"line":140,"column":53}},"56":{"start":{"line":141,"column":19},"end":{"line":154,"column":13}},"57":{"start":{"line":142,"column":14},"end":{"line":142,"column":45}},"58":{"start":{"line":143,"column":19},"end":{"line":154,"column":13}},"59":{"start":{"line":144,"column":14},"end":{"line":144,"column":48}},"60":{"start":{"line":145,"column":19},"end":{"line":154,"column":13}},"61":{"start":{"line":146,"column":14},"end":{"line":146,"column":41}},"62":{"start":{"line":147,"column":19},"end":{"line":154,"column":13}},"63":{"start":{"line":148,"column":14},"end":{"line":148,"column":35}},"64":{"start":{"line":150,"column":14},"end":{"line":150,"column":33}},"65":{"start":{"line":151,"column":14},"end":{"line":153,"column":15}},"66":{"start":{"line":152,"column":16},"end":{"line":152,"column":38}},"67":{"start":{"line":160,"column":6},"end":{"line":160,"column":23}},"68":{"start":{"line":161,"column":6},"end":{"line":161,"column":73}},"69":{"start":{"line":163,"column":6},"end":{"line":163,"column":23}},"70":{"start":{"line":166,"column":2},"end":{"line":414,"column":3}}},"fnMap":{"0":{"name":"(anonymous_0)","decl":{"start":{"line":16,"column":5},"end":{"line":16,"column":6}},"loc":{"start":{"line":16,"column":31},"end":{"line":415,"column":1}},"line":16},"1":{"name":"(anonymous_1)","decl":{"start":{"line":49,"column":32},"end":{"line":49,"column":33}},"loc":{"start":{"line":49,"column":50},"end":{"line":51,"column":3}},"line":49},"2":{"name":"(anonymous_2)","decl":{"start":{"line":56,"column":31},"end":{"line":56,"column":32}},"loc":{"start":{"line":56,"column":52},"end":{"line":58,"column":3}},"line":56},"3":{"name":"(anonymous_3)","decl":{"start":{"line":63,"column":46},"end":{"line":63,"column":47}},"loc":{"start":{"line":63,"column":78},"end":{"line":65,"column":3}},"line":63},"4":{"name":"(anonymous_4)","decl":{"start":{"line":75,"column":38},"end":{"line":75,"column":39}},"loc":{"start":{"line":75,"column":62},"end":{"line":77,"column":3}},"line":75},"5":{"name":"(anonymous_5)","decl":{"start":{"line":83,"column":41},"end":{"line":83,"column":42}},"loc":{"start":{"line":83,"column":68},"end":{"line":85,"column":3}},"line":83},"6":{"name":"(anonymous_6)","decl":{"start":{"line":91,"column":34},"end":{"line":91,"column":35}},"loc":{"start":{"line":91,"column":54},"end":{"line":93,"column":3}},"line":91},"7":{"name":"(anonymous_7)","decl":{"start":{"line":95,"column":23},"end":{"line":95,"column":24}},"loc":{"start":{"line":95,"column":36},"end":{"line":165,"column":3}},"line":95},"8":{"name":"(anonymous_8)","decl":{"start":{"line":130,"column":14},"end":{"line":130,"column":15}},"loc":{"start":{"line":130,"column":28},"end":{"line":130,"column":43}},"line":130},"9":{"name":"(anonymous_9)","decl":{"start":{"line":131,"column":14},"end":{"line":131,"column":15}},"loc":{"start":{"line":131,"column":24},"end":{"line":156,"column":9}},"line":131},"10":{"name":"(anonymous_10)","decl":{"start":{"line":136,"column":27},"end":{"line":136,"column":28}},"loc":{"start":{"line":136,"column":36},"end":{"line":155,"column":11}},"line":136}},"branchMap":{"0":{"loc":{"start":{"line":28,"column":4},"end":{"line":28,"column":45}},"type":"cond-expr","locations":[{"start":{"line":28,"column":20},"end":{"line":28,"column":33}},{"start":{"line":28,"column":36},"end":{"line":28,"column":45}}],"line":28},"1":{"loc":{"start":{"line":44,"column":4},"end":{"line":46,"column":56}},"type":"cond-expr","locations":[{"start":{"line":45,"column":8},"end":{"line":45,"column":29}},{"start":{"line":46,"column":8},"end":{"line":46,"column":56}}],"line":44},"2":{"loc":{"start":{"line":44,"column":4},"end":{"line":44,"column":37}},"type":"binary-expr","locations":[{"start":{"line":44,"column":4},"end":{"line":44,"column":12}},{"start":{"line":44,"column":16},"end":{"line":44,"column":37}}],"line":44},"3":{"loc":{"start":{"line":54,"column":4},"end":{"line":54,"column":44}},"type":"cond-expr","locations":[{"start":{"line":54,"column":15},"end":{"line":54,"column":39}},{"start":{"line":54,"column":42},"end":{"line":54,"column":44}}],"line":54},"4":{"loc":{"start":{"line":61,"column":21},"end":{"line":61,"column":72}},"type":"cond-expr","locations":[{"start":{"line":61,"column":32},"end":{"line":61,"column":67}},{"start":{"line":61,"column":70},"end":{"line":61,"column":72}}],"line":61},"5":{"loc":{"start":{"line":68,"column":4},"end":{"line":72,"column":12}},"type":"cond-expr","locations":[{"start":{"line":69,"column":8},"end":{"line":69,"column":9}},{"start":{"line":70,"column":8},"end":{"line":72,"column":12}}],"line":68},"6":{"loc":{"start":{"line":68,"column":4},"end":{"line":68,"column":51}},"type":"binary-expr","locations":[{"start":{"line":68,"column":4},"end":{"line":68,"column":12}},{"start":{"line":68,"column":16},"end":{"line":68,"column":51}}],"line":68},"7":{"loc":{"start":{"line":70,"column":8},"end":{"line":72,"column":12}},"type":"cond-expr","locations":[{"start":{"line":71,"column":8},"end":{"line":71,"column":9}},{"start":{"line":72,"column":8},"end":{"line":72,"column":12}}],"line":70},"8":{"loc":{"start":{"line":70,"column":8},"end":{"line":70,"column":56}},"type":"binary-expr","locations":[{"start":{"line":70,"column":8},"end":{"line":70,"column":16}},{"start":{"line":70,"column":20},"end":{"line":70,"column":56}}],"line":70},"9":{"loc":{"start":{"line":80,"column":4},"end":{"line":80,"column":50}},"type":"cond-expr","locations":[{"start":{"line":80,"column":15},"end":{"line":80,"column":45}},{"start":{"line":80,"column":48},"end":{"line":80,"column":50}}],"line":80},"10":{"loc":{"start":{"line":88,"column":4},"end":{"line":88,"column":43}},"type":"cond-expr","locations":[{"start":{"line":88,"column":15},"end":{"line":88,"column":38}},{"start":{"line":88,"column":41},"end":{"line":88,"column":43}}],"line":88},"11":{"loc":{"start":{"line":114,"column":10},"end":{"line":118,"column":18}},"type":"cond-expr","locations":[{"start":{"line":115,"column":14},"end":{"line":115,"column":18}},{"start":{"line":116,"column":14},"end":{"line":118,"column":18}}],"line":114},"12":{"loc":{"start":{"line":116,"column":14},"end":{"line":118,"column":18}},"type":"cond-expr","locations":[{"start":{"line":117,"column":14},"end":{"line":117,"column":19}},{"start":{"line":118,"column":14},"end":{"line":118,"column":18}}],"line":116},"13":{"loc":{"start":{"line":124,"column":16},"end":{"line":124,"column":42}},"type":"cond-expr","locations":[{"start":{"line":124,"column":28},"end":{"line":124,"column":34}},{"start":{"line":124,"column":37},"end":{"line":124,"column":42}}],"line":124},"14":{"loc":{"start":{"line":132,"column":10},"end":{"line":134,"column":11}},"type":"if","locations":[{"start":{"line":132,"column":10},"end":{"line":134,"column":11}},{"start":{"line":132,"column":10},"end":{"line":134,"column":11}}],"line":132},"15":{"loc":{"start":{"line":137,"column":12},"end":{"line":154,"column":13}},"type":"if","locations":[{"start":{"line":137,"column":12},"end":{"line":154,"column":13}},{"start":{"line":137,"column":12},"end":{"line":154,"column":13}}],"line":137},"16":{"loc":{"start":{"line":139,"column":19},"end":{"line":154,"column":13}},"type":"if","locations":[{"start":{"line":139,"column":19},"end":{"line":154,"column":13}},{"start":{"line":139,"column":19},"end":{"line":154,"column":13}}],"line":139},"17":{"loc":{"start":{"line":141,"column":19},"end":{"line":154,"column":13}},"type":"if","locations":[{"start":{"line":141,"column":19},"end":{"line":154,"column":13}},{"start":{"line":141,"column":19},"end":{"line":154,"column":13}}],"line":141},"18":{"loc":{"start":{"line":143,"column":19},"end":{"line":154,"column":13}},"type":"if","locations":[{"start":{"line":143,"column":19},"end":{"line":154,"column":13}},{"start":{"line":143,"column":19},"end":{"line":154,"column":13}}],"line":143},"19":{"loc":{"start":{"line":145,"column":19},"end":{"line":154,"column":13}},"type":"if","locations":[{"start":{"line":145,"column":19},"end":{"line":154,"column":13}},{"start":{"line":145,"column":19},"end":{"line":154,"column":13}}],"line":145},"20":{"loc":{"start":{"line":147,"column":19},"end":{"line":154,"column":13}},"type":"if","locations":[{"start":{"line":147,"column":19},"end":{"line":154,"column":13}},{"start":{"line":147,"column":19},"end":{"line":154,"column":13}}],"line":147},"21":{"loc":{"start"
[...]
,"/home/runner/work/profile-management/profile-management/pages/api/hello.ts": {"path":"/home/runner/work/profile-management/profile-management/pages/api/hello.ts","statementMap":{"0":{"start":{"line":4,"column":2},"end":{"line":4,"column":44}}},"fnMap":{"0":{"name":"handler","decl":{"start":{"line":3,"column":24},"end":{"line":3,"column":31}},"loc":{"start":{"line":3,"column":42},"end":{"line":5,"column":1}},"line":3}},"branchMap":{},"s":{"0":0},"f":{"0":0},"b":{}}
,"/home/runner/work/profile-management/profile-management/pages/api/metrics.ts": {"path":"/home/runner/work/profile-management/profile-management/pages/api/metrics.ts","statementMap":{"0":{"start":{"line":3,"column":0},"end":{"line":3,"column":53}},"1":{"start":{"line":6,"column":2},"end":{"line":6,"column":53}},"2":{"start":{"line":7,"column":2},"end":{"line":7,"column":30}}},"fnMap":{"0":{"name":"handler","decl":{"start":{"line":5,"column":24},"end":{"line":5,"column":31}},"loc":{"start":{"line":5,"column":42},"end":{"line":8,"column":1}},"line":5}},"branchMap":{},"s":{"0":0,"1":0,"2":0},"f":{"0":0},"b":{}}
,"/home/runner/work/profile-management/profile-management/pages/benefit-status/index.tsx": {"path":"/home/runner/work/profile-management/profile-management/pages/benefit-status/index.tsx","statementMap":{"0":{"start":{"line":11,"column":17},"end":{"line":11,"column":28}},"1":{"start":{"line":12,"column":19},"end":{"line":12,"column":34}},"2":{"start":{"line":14,"column":34},"end":{"line":16,"column":3}},"3":{"start":{"line":17,"column":22},"end":{"line":36,"column":3}},"4":{"start":{"line":18,"column":4},"end":{"line":35,"column":5}},"5":{"start":{"line":37,"column":30},"end":{"line":57,"column":3}},"6":{"start":{"line":38,"column":4},"end":{"line":56,"column":6}},"7":{"start":{"line":39,"column":64},"end":{"line":39,"column":71}},"8":{"start":{"line":40,"column":6},"end":{"line":55,"column":7}},"9":{"start":{"line":59,"column":2},"end":{"line":90,"column":3}},"10":{"start":{"line":93,"column":34},"end":{"line":104,"column":1}},"11":{"start":{"line":94,"column":19},"end":{"line":96,"column":3}},"12":{"start":{"line":97,"column":15},"end":{"line":97,"column":36}},"13":{"start":{"line":99,"column":2},"end":{"line":103,"column":3}}},"fnMap":{"0":{"name":"Index","decl":{"start":{"line":10,"column":24},"end":{"line":10,"column":29}},"loc":{"start":{"line":10,"column":40},"end":{"line":91,"column":1}},"line":10},"1":{"name":"(anonymous_1)","decl":{"start":{"line":17,"column":22},"end":{"line":17,"column":23}},"loc":{"start":{"line":17,"column":28},"end":{"line":36,"column":3}},"line":17},"2":{"name":"(anonymous_2)","decl":{"start":{"line":37,"column":30},"end":{"line":37,"column":31}},"loc":{"start":{"line":37,"column":36},"end":{"line":57,"column":3}},"line":37},"3":{"name":"(anonymous_3)","decl":{"start":{"line":38,"column":24},"end":{"line":38,"column":25}},"loc":{"start":{"line":38,"column":44},"end":{"line":56,"column":5}},"line":38},"4":{"name":"(anonymous_4)","decl":{"start":{"line":93,"column":34},"end":{"line":93,"column":35}},"loc":{"start":{"line":93,"column":59},"end":{"line":104,"column":1}},"line":93}},"branchMap":{"0":{"loc":{"start":{"line":15,"column":4},"end":{"line":15,"column":68}},"type":"cond-expr","locations":[{"start":{"line":15,"column":31},"end":{"line":15,"column":56}},{"start":{"line":15,"column":59},"end":{"line":15,"column":68}}],"line":15},"1":{"loc":{"start":{"line":52,"column":13},"end":{"line":52,"column":56}},"type":"cond-expr","locations":[{"start":{"line":52,"column":29},"end":{"line":52,"column":48}},{"start":{"line":52,"column":51},"end":{"line":52,"column":56}}],"line":52},"2":{"loc":{"start":{"line":67,"column":11},"end":{"line":81,"column":11}},"type":"cond-expr","locations":[{"start":{"line":68,"column":12},"end":{"line":71,"column":18}},{"start":{"line":73,"column":12},"end":{"line":80,"column":20}}],"line":67},"3":{"loc":{"start":{"line":67,"column":11},"end":{"line":67,"column":42}},"type":"binary-expr","locations":[{"start":{"line":67,"column":11},"end":{"line":67,"column":19}},{"start":{"line":67,"column":23},"end":{"line":67,"column":42}}],"line":67},"4":{"loc":{"start":{"line":85,"column":24},"end":{"line":85,"column":75}},"type":"cond-expr","locations":[{"start":{"line":85,"column":35},"end":{"line":85,"column":69}},{"start":{"line":85,"column":72},"end":{"line":85,"column":75}}],"line":85}},"s":{"0":0,"1":0,"2":0,"3":0,"4":0,"5":0,"6":0,"7":0,"8":0,"9":0,"10":0,"11":0,"12":0,"13":0},"f":{"0":0,"1":0,"2":0,"3":0,"4":0},"b":{"0":[0,0],"1":[0,0],"2":[0,0],"3":[0,0],"4":[0,0]}}
,"/home/runner/work/profile-management/profile-management/pages/contact-info/edit.tsx": {"path":"/home/runner/work/profile-management/profile-management/pages/contact-info/edit.tsx","statementMap":{"0":{"start":{"line":5,"column":28},"end":{"line":5,"column":29}},"1":{"start":{"line":6,"column":24},"end":{"line":6,"column":25}},"2":{"start":{"line":9,"column":2},"end":{"line":20,"column":4}},"3":{"start":{"line":11,"column":4},"end":{"line":19,"column":5}},"4":{"start":{"line":12,"column":18},"end":{"line":13,"column":68}},"5":{"start":{"line":14,"column":19},"end":{"line":14,"column":24}},"6":{"start":{"line":15,"column":22},"end":{"line":15,"column":64}},"7":{"start":{"line":16,"column":20},"end":{"line":16,"column":68}},"8":{"start":{"line":18,"column":6},"end":{"line":18,"column":53}},"9":{"start":{"line":21,"column":2},"end":{"line":21,"column":79}},"10":{"start":{"line":24,"column":34},"end":{"line":34,"column":1}},"11":{"start":{"line":25,"column":14},"end":{"line":27,"column":3}},"12":{"start":{"line":28,"column":15},"end":{"line":28,"column":31}},"13":{"start":{"line":29,"column":2},"end":{"line":33,"column":3}}},"fnMap":{"0":{"name":"Edit","decl":{"start":{"line":8,"column":24},"end":{"line":8,"column":28}},"loc":{"start":{"line":8,"column":39},"end":{"line":22,"column":1}},"line":8},"1":{"name":"(anonymous_1)","decl":{"start":{"line":9,"column":12},"end":{"line":9,"column":13}},"loc":{"start":{"line":9,"column":18},"end":{"line":20,"column":3}},"line":9},"2":{"name":"(anonymous_2)","decl":{"start":{"line":24,"column":34},"end":{"line":24,"column":35}},"loc":{"start":{"line":24,"column":59},"end":{"line":34,"column":1}},"line":24}},"branchMap":{"0":{"loc":{"start":{"line":11,"column":4},"end":{"line":19,"column":5}},"type":"if","locations":[{"start":{"line":11,"column":4},"end":{"line":19,"column":5}},{"start":{"line":11,"column":4},"end":{"line":19,"column":5}}],"line":11}},"s":{"0":0,"1":0,"2":0,"3":0,"4":0,"5":0,"6":0,"7":0,"8":0,"9":0,"10":0,"11":0,"12":0,"13":0},"f":{"0":0,"1":0,"2":0},"b":{"0":[0,0]}}
,"/home/runner/work/profile-management/profile-management/pages/contact-info/index.tsx": {"path":"/home/runner/work/profile-management/profile-management/pages/contact-info/index.tsx","statementMap":{"0":{"start":{"line":6,"column":2},"end":{"line":17,"column":4}},"1":{"start":{"line":8,"column":4},"end":{"line":16,"column":5}},"2":{"start":{"line":9,"column":18},"end":{"line":10,"column":68}},"3":{"start":{"line":11,"column":19},"end":{"line":11,"column":24}},"4":{"start":{"line":12,"column":22},"end":{"line":12,"column":64}},"5":{"start":{"line":13,"column":20},"end":{"line":13,"column":68}},"6":{"start":{"line":15,"column":6},"end":{"line":15,"column":53}},"7":{"start":{"line":18,"column":2},"end":{"line":18,"column":78}},"8":{"start":{"line":21,"column":34},"end":{"line":32,"column":1}},"9":{"start":{"line":22,"column":14},"end":{"line":24,"column":3}},"10":{"start":{"line":25,"column":15},"end":{"line":25,"column":31}},"11":{"start":{"line":27,"column":2},"end":{"line":31,"column":3}}},"fnMap":{"0":{"name":"Index","decl":{"start":{"line":5,"column":24},"end":{"line":5,"column":29}},"loc":{"start":{"line":5,"column":40},"end":{"line":19,"column":1}},"line":5},"1":{"name":"(anonymous_1)","decl":{"start":{"line":6,"column":12},"end":{"line":6,"column":13}},"loc":{"start":{"line":6,"column":18},"end":{"line":17,"column":3}},"line":6},"2":{"name":"(anonymous_2)","decl":{"start":{"line":21,"column":34},"end":{"line":21,"column":35}},"loc":{"start":{"line":21,"column":54},"end":{"line":32,"column":1}},"line":21}},"branchMap":{"0":{"loc":{"start":{"line":8,"column":4},"end":{"line":16,"column":5}},"type":"if","locations":[{"start":{"line":8,"column":4},"end":{"line":16,"column":5}},{"start":{"line":8,"column":4},"end":{"line":16,"column":5}}],"line":8}},"s":{"0":0,"1":0,"2":0,"3":0,"4":0,"5":0,"6":0,"7":0,"8":0,"9":0,"10":0,"11":0},"f":{"0":0,"1":0,"2":0},"b":{"0":[0,0]}}
,"/home/runner/work/profile-management/profile-management/pages/financial-info/edit.tsx": {"path":"/home/runner/work/profile-management/profile-management/pages/financial-info/edit.tsx","statementMap":{"0":{"start":{"line":6,"column":2},"end":{"line":17,"column":4}},"1":{"start":{"line":8,"column":4},"end":{"line":16,"column":5}},"2":{"start":{"line":9,"column":18},"end":{"line":10,"column":68}},"3":{"start":{"line":11,"column":19},"end":{"line":11,"column":24}},"4":{"start":{"line":12,"column":22},"end":{"line":12,"column":64}},"5":{"start":{"line":13,"column":20},"end":{"line":13,"column":70}},"6":{"start":{"line":15,"column":6},"end":{"line":15,"column":53}},"7":{"start":{"line":18,"column":2},"end":{"line":20,"column":3}},"8":{"start":{"line":23,"column":34},"end":{"line":34,"column":1}},"9":{"start":{"line":24,"column":14},"end":{"line":26,"column":3}},"10":{"start":{"line":27,"column":15},"end":{"line":27,"column":31}},"11":{"start":{"line":29,"column":2},"end":{"line":33,"column":3}}},"fnMap":{"0":{"name":"Edit","decl":{"start":{"line":5,"column":24},"end":{"line":5,"column":28}},"loc":{"start":{"line":5,"column":39},"end":{"line":21,"column":1}},"line":5},"1":{"name":"(anonymous_1)","decl":{"start":{"line":6,"column":12},"end":{"line":6,"column":13}},"loc":{"start":{"line":6,"column":18},"end":{"line":17,"column":3}},"line":6},"2":{"name":"(anonymous_2)","decl":{"start":{"line":23,"column":34},"end":{"line":23,"column":35}},"loc":{"start":{"line":23,"column":54},"end":{"line":34,"column":1}},"line":23}},"branchMap":{"0":{"loc":{"start":{"line":8,"column":4},"end":{"line":16,"column":5}},"type":"if","locations":[{"start":{"line":8,"column":4},"end":{"line":16,"column":5}},{"start":{"line":8,"column":4},"end":{"line":16,"column":5}}],"line":8}},"s":{"0":1,"1":1,"2":0,"3":0,"4":0,"5":0,"6":0,"7":1,"8":1,"9":0,"10":0,"11":0},"f":{"0":1,"1":1,"2":0},"b":{"0":[0,1]},"_coverageSchema":"1a1c01bbd47fc00a2c39e90264f33305004495a9","hash":"ab330a1ae5feff76260dfd8e8fc86cd43f3000c3"}
,"/home/runner/work/profile-management/profile-management/pages/financial-info/index.tsx": {"path":"/home/runner/work/profile-management/profile-management/pages/financial-info/index.tsx","statementMap":{"0":{"start":{"line":8,"column":2},"end":{"line":19,"column":4}},"1":{"start":{"line":10,"column":4},"end":{"line":18,"column":5}},"2":{"start":{"line":11,"column":18},"end":{"line":12,"column":68}},"3":{"start":{"line":13,"column":19},"end":{"line":13,"column":24}},"4":{"start":{"line":14,"column":22},"end":{"line":14,"column":64}},"5":{"start":{"line":15,"column":20},"end":{"line":15,"column":70}},"6":{"start":{"line":17,"column":6},"end":{"line":17,"column":53}},"7":{"start":{"line":20,"column":2},"end":{"line":22,"column":3}},"8":{"start":{"line":25,"column":34},"end":{"line":36,"column":1}},"9":{"start":{"line":26,"column":14},"end":{"line":28,"column":3}},"10":{"start":{"line":29,"column":15},"end":{"line":29,"column":31}},"11":{"start":{"line":31,"column":2},"end":{"line":35,"column":3}}},"fnMap":{"0":{"name":"Index","decl":{"start":{"line":7,"column":24},"end":{"line":7,"column":29}},"loc":{"start":{"line":7,"column":40},"end":{"line":23,"column":1}},"line":7},"1":{"name":"(anonymous_1)","decl":{"start":{"line":8,"column":12},"end":{"line":8,"column":13}},"loc":{"start":{"line":8,"column":18},"end":{"line":19,"column":3}},"line":8},"2":{"name":"(anonymous_2)","decl":{"start":{"line":25,"column":34},"end":{"line":25,"column":35}},"loc":{"start":{"line":25,"column":54},"end":{"line":36,"column":1}},"line":25}},"branchMap":{"0":{"loc":{"start":{"line":10,"column":4},"end":{"line":18,"column":5}},"type":"if","locations":[{"start":{"line":10,"column":4},"end":{"line":18,"column":5}},{"start":{"line":10,"column":4},"end":{"line":18,"column":5}}],"line":10}},"s":{"0":1,"1":1,"2":0,"3":0,"4":0,"5":0,"6":0,"7":1,"8":1,"9":0,"10":0,"11":0},"f":{"0":1,"1":1,"2":0},"b":{"0":[0,1]},"_coverageSchema":"1a1c01bbd47fc00a2c39e90264f33305004495a9","hash":"eaf1e22c0a1f7287f81c3606ba4de5998b979f34"}
,"/home/runner/work/profile-management/profile-management/pages/personal-info/index.tsx": {"path":"/home/runner/work/profile-management/profile-management/pages/personal-info/index.tsx","statementMap":{"0":{"start":{"line":10,"column":17},"end":{"line":10,"column":28}},"1":{"start":{"line":11,"column":19},"end":{"line":11,"column":34}},"2":{"start":{"line":13,"column":2},"end":{"line":24,"column":4}},"3":{"start":{"line":15,"column":4},"end":{"line":23,"column":5}},"4":{"start":{"line":16,"column":18},"end":{"line":17,"column":68}},"5":{"start":{"line":18,"column":19},"end":{"line":18,"column":24}},"6":{"start":{"line":19,"column":22},"end":{"line":19,"column":64}},"7":{"start":{"line":20,"column":20},"end":{"line":20,"column":69}},"8":{"start":{"line":22,"column":6},"end":{"line":22,"column":53}},"9":{"start":{"line":26,"column":2},"end":{"line":91,"column":3}},"10":{"start":{"line":35,"column":27},"end":{"line":35,"column":72}},"11":{"start":{"line":94,"column":34},"end":{"line":105,"column":1}},"12":{"start":{"line":95,"column":14},"end":{"line":97,"column":3}},"13":{"start":{"line":98,"column":15},"end":{"line":98,"column":31}},"14":{"start":{"line":100,"column":2},"end":{"line":104,"column":3}}},"fnMap":{"0":{"name":"Home","decl":{"start":{"line":9,"column":24},"end":{"line":9,"column":28}},"loc":{"start":{"line":9,"column":39},"end":{"line":92,"column":1}},"line":9},"1":{"name":"(anonymous_1)","decl":{"start":{"line":13,"column":12},"end":{"line":13,"column":13}},"loc":{"start":{"line":13,"column":18},"end":{"line":24,"column":3}},"line":13},"2":{"name":"(anonymous_2)","decl":{"start":{"line":35,"column":20},"end":{"line":35,"column":21}},"loc":{"start":{"line":35,"column":27},"end":{"line":35,"column":72}},"line":35},"3":{"name":"(anonymous_3)","decl":{"start":{"line":94,"column":34},"end":{"line":94,"column":35}},"loc":{"start":{"line":94,"column":54},"end":{"line":105,"column":1}},"line":94}},"branchMap":{"0":{"loc":{"start":{"line":15,"column":4},"end":{"line":23,"column":5}},"type":"if","locations":[{"start":{"line":15,"column":4},"end":{"line":23,"column":5}},{"start":{"line":15,"column":4},"end":{"line":23,"column":5}}],"line":15},"1":{"loc":{"start":{"line":77,"column":21},"end":{"line":77,"column":71}},"type":"cond-expr","locations":[{"start":{"line":77,"column":51},"end":{"line":77,"column":59}},{"start":{"line":77,"column":62},"end":{"line":77,"column":71}}],"line":77}},"s":{"0":0,"1":0,"2":0,"3":0,"4":0,"5":0,"6":0,"7":0,"8":0,"9":0,"10":0,"11":0,"12":0,"13":0,"14":0},"f":{"0":0,"1":0,"2":0,"3":0},"b":{"0":[0,0],"1":[0,0]}}
,"/home/runner/work/profile-management/profile-management/pages/user-preferences/edit.tsx": {"path":"/home/runner/work/profile-management/profile-management/pages/user-preferences/edit.tsx","statementMap":{"0":{"start":{"line":6,"column":2},"end":{"line":17,"column":4}},"1":{"start":{"line":8,"column":4},"end":{"line":16,"column":5}},"2":{"start":{"line":9,"column":18},"end":{"line":10,"column":68}},"3":{"start":{"line":11,"column":19},"end":{"line":11,"column":24}},"4":{"start":{"line":12,"column":22},"end":{"line":12,"column":64}},"5":{"start":{"line":13,"column":20},"end":{"line":13,"column":64}},"6":{"start":{"line":15,"column":6},"end":{"line":15,"column":53}},"7":{"start":{"line":19,"column":2},"end":{"line":24,"column":3}},"8":{"start":{"line":27,"column":34},"end":{"line":38,"column":1}},"9":{"start":{"line":28,"column":14},"end":{"line":30,"column":3}},"10":{"start":{"line":31,"column":15},"end":{"line":31,"column":31}},"11":{"start":{"line":33,"column":2},"end":{"line":37,"column":3}}},"fnMap":{"0":{"name":"Edit","decl":{"start":{"line":5,"column":24},"end":{"line":5,"column":28}},"loc":{"start":{"line":5,"column":39},"end":{"line":25,"column":1}},"line":5},"1":{"name":"(anonymous_1)","decl":{"start":{"line":6,"column":12},"end":{"line":6,"column":13}},"loc":{"start":{"line":6,"column":18},"end":{"line":17,"column":3}},"line":6},"2":{"name":"(anonymous_2)","decl":{"start":{"line":27,"column":34},"end":{"line":27,"column":35}},"loc":{"start":{"line":27,"column":54},"end":{"line":38,"column":1}},"line":27}},"branchMap":{"0":{"loc":{"start":{"line":8,"column":4},"end":{"line":16,"column":5}},"type":"if","locations":[{"start":{"line":8,"column":4},"end":{"line":16,"column":5}},{"start":{"line":8,"column":4},"end":{"line":16,"column":5}}],"line":8}},"s":{"0":0,"1":0,"2":0,"3":0,"4":0,"5":0,"6":0,"7":0,"8":0,"9":0,"10":0,"11":0},"f":{"0":0,"1":0,"2":0},"b":{"0":[0,0]}}
,"/home/runner/work/profile-management/profile-management/pages/user-preferences/index.tsx": {"path":"/home/runner/work/profile-management/profile-management/pages/user-preferences/index.tsx","statementMap":{"0":{"start":{"line":6,"column":2},"end":{"line":17,"column":4}},"1":{"start":{"line":8,"column":4},"end":{"line":16,"column":5}},"2":{"start":{"line":9,"column":18},"end":{"line":10,"column":68}},"3":{"start":{"line":11,"column":19},"end":{"line":11,"column":24}},"4":{"start":{"line":12,"column":22},"end":{"line":12,"column":64}},"5":{"start":{"line":13,"column":20},"end":{"line":13,"column":64}},"6":{"start":{"line":15,"column":6},"end":{"line":15,"column":53}},"7":{"start":{"line":19,"column":2},"end":{"line":24,"column":3}},"8":{"start":{"line":27,"column":34},"end":{"line":38,"column":1}},"9":{"start":{"line":28,"column":14},"end":{"line":30,"column":3}},"10":{"start":{"line":31,"column":15},"end":{"line":31,"column":31}},"11":{"start":{"line":33,"column":2},"end":{"line":37,"column":3}}},"fnMap":{"0":{"name":"Index","decl":{"start":{"line":5,"column":24},"end":{"line":5,"column":29}},"loc":{"start":{"line":5,"column":40},"end":{"line":25,"column":1}},"line":5},"1":{"name":"(anonymous_1)","decl":{"start":{"line":6,"column":12},"end":{"line":6,"column":13}},"loc":{"start":{"line":6,"column":18},"end":{"line":17,"column":3}},"line":6},"2":{"name":"(anonymous_2)","decl":{"start":{"line":27,"column":34},"end":{"line":27,"column":35}},"loc":{"start":{"line":27,"column":54},"end":{"line":38,"column":1}},"line":27}},"branchMap":{"0":{"loc":{"start":{"line":8,"column":4},"end":{"line":16,"column":5}},"type":"if","locations":[{"start":{"line":8,"column":4},"end":{"line":16,"column":5}},{"start":{"line":8,"column":4},"end":{"line":16,"column":5}}],"line":8}},"s":{"0":0,"1":0,"2":0,"3":0,"4":0,"5":0,"6":0,"7":0,"8":0,"9":0,"10":0,"11":0},"f":{"0":0,"1":0,"2":0},"b":{"0":[0,0]}}
}
