TN:
SF:components/Alert/enums.ts
FNF:0
FNH:0
LF:0
LH:0
BRF:0
BRH:0
end_of_record
TN:
SF:components/Alert/index.tsx
FN:14,(anonymous_0)
FN:19,(anonymous_1)
FN:26,(anonymous_2)
FNF:3
FNH:0
FNDA:0,(anonymous_0)
FNDA:0,(anonymous_1)
FNDA:0,(anonymous_2)
DA:6,0
DA:14,0
DA:15,0
DA:16,0
DA:17,0
DA:19,0
DA:20,0
DA:21,0
DA:22,0
DA:26,0
DA:27,0
DA:29,0
DA:31,0
DA:33,0
DA:35,0
DA:37,0
DA:41,0
LF:17
LH:0
BRDA:20,0,0,0
BRDA:20,0,1,0
BRDA:27,1,0,0
BRDA:27,1,1,0
BRDA:27,1,2,0
BRDA:27,1,3,0
BRDA:27,1,4,0
BRDA:71,2,0,0
BRDA:71,2,1,0
BRF:9
BRH:0
end_of_record
TN:
SF:components/Breadcrumbs/BreadcrumbItem.tsx
FN:4,(anonymous_0)
FNF:1
FNH:1
FNDA:9,(anonymous_0)
DA:4,2
DA:5,9
LF:2
LH:2
BRDA:8,0,0,9
BRDA:8,0,1,6
BRF:2
BRH:2
end_of_record
TN:
SF:components/Breadcrumbs/index.tsx
FN:3,(anonymous_0)
FN:7,(anonymous_1)
FNF:2
FNH:2
FNDA:3,(anonymous_0)
FNDA:9,(anonymous_1)
DA:3,2
DA:4,3
DA:8,9
LF:3
LH:3
BRF:0
BRH:0
end_of_record
TN:
SF:components/Contexts/index.tsx
FN:7,(anonymous_0)
FN:10,LanguageProvider
FN:21,(anonymous_2)
FNF:3
FNH:0
FNDA:0,(anonymous_0)
FNDA:0,LanguageProvider
FNDA:0,(anonymous_2)
DA:5,3
DA:7,0
DA:11,0
DA:17,0
DA:21,0
LF:5
LH:1
BRF:0
BRH:0
end_of_record
TN:
SF:components/Forms/Input.tsx
FN:11,(anonymous_0)
FNF:1
FNH:1
FNDA:8,(anonymous_0)
DA:11,2
DA:12,8
DA:13,8
DA:14,8
LF:4
LH:4
BRDA:17,0,0,8
BRDA:17,0,1,1
BRDA:20,1,0,8
BRDA:20,1,1,8
BRDA:21,2,0,8
BRDA:21,2,1,8
BRDA:28,3,0,8
BRDA:28,3,1,1
BRF:8
BRH:8
end_of_record
TN:
SF:components/Forms/validation/ErrorLabel.tsx
FN:1,(anonymous_0)
FNF:1
FNH:1
FNDA:1,(anonymous_0)
DA:1,2
DA:4,1
LF:2
LH:2
BRF:0
BRH:0
end_of_record
TN:
SF:components/Forms/validation/SubmitMessage.tsx
FN:4,(anonymous_0)
FNF:1
FNH:1
FNDA:4,(anonymous_0)
DA:4,1
DA:5,4
LF:2
LH:2
BRDA:7,0,0,0
BRDA:7,0,1,4
BRDA:9,1,0,0
BRDA:9,1,1,4
BRDA:14,2,0,0
BRDA:14,2,1,4
BRDA:15,3,0,0
BRDA:15,3,1,4
BRDA:16,4,0,0
BRDA:16,4,1,4
BRF:10
BRH:5
end_of_record
TN:
SF:components/Hooks/index.tsx
FN:8,(anonymous_0)
FN:14,(anonymous_1)
FN:18,(anonymous_2)
FN:31,(anonymous_3)
FN:46,(anonymous_4)
FN:54,(anonymous_5)
FN:60,(anonymous_6)
FN:62,(anonymous_7)
FN:63,(anonymous_8)
FN:65,(anonymous_9)
FNF:10
FNH:1
FNDA:0,(anonymous_0)
FNDA:0,(anonymous_1)
FNDA:0,(anonymous_2)
FNDA:0,(anonymous_3)
FNDA:0,(anonymous_4)
FNDA:29,(anonymous_5)
FNDA:0,(anonymous_6)
FNDA:0,(anonymous_7)
FNDA:0,(anonymous_8)
FNDA:0,(anonymous_9)
DA:8,3
DA:14,0
DA:16,0
DA:18,0
DA:19,0
DA:20,0
DA:21,0
DA:22,0
DA:24,0
DA:26,0
DA:27,0
DA:31,0
DA:32,0
DA:34,0
DA:36,0
DA:37,0
DA:39,0
DA:42,0
DA:46,3
DA:47,0
DA:50,0
DA:54,3
DA:55,29
DA:56,29
DA:57,29
DA:60,3
DA:61,0
DA:62,0
DA:63,0
DA:64,0
DA:65,0
DA:67,0
LF:32
LH:7
BRDA:16,0,0,0
BRDA:16,0,1,0
BRDA:20,1,0,0
BRDA:20,1,1,0
BRDA:22,2,0,0
BRDA:22,2,1,0
BRDA:34,3,0,0
BRDA:34,3,1,0
BRDA:56,4,0,0
BRDA:56,4,1,29
BRF:10
BRH:1
end_of_record
TN:
SF:components/Layout/BenefitInfo.tsx
FN:3,(anonymous_0)
FNF:1
FNH:0
FNDA:0,(anonymous_0)
DA:3,0
DA:4,0
LF:2
LH:0
BRF:0
BRH:0
end_of_record
TN:
SF:components/Layout/CommonFinancialInfo.tsx
FN:15,(anonymous_0)
FN:19,(anonymous_1)
FN:61,(anonymous_2)
FN:77,(anonymous_3)
FN:107,(anonymous_4)
FN:108,(anonymous_5)
FN:115,(anonymous_6)
FN:160,(anonymous_7)
FN:174,(anonymous_8)
FN:187,(anonymous_9)
FNF:10
FNH:2
FNDA:2,(anonymous_0)
FNDA:2,(anonymous_1)
FNDA:0,(anonymous_2)
FNDA:0,(anonymous_3)
FNDA:0,(anonymous_4)
FNDA:0,(anonymous_5)
FNDA:0,(anonymous_6)
FNDA:0,(anonymous_7)
FNDA:0,(anonymous_8)
FNDA:0,(anonymous_9)
DA:15,1
DA:16,2
DA:17,2
DA:19,2
DA:21,2
DA:22,0
DA:24,0
DA:25,0
DA:26,0
DA:28,0
DA:32,2
DA:37,2
DA:38,2
DA:40,2
DA:42,2
DA:43,2
DA:44,2
DA:46,2
DA:49,2
DA:52,2
DA:56,2
DA:57,2
DA:58,2
DA:59,2
DA:61,2
DA:62,0
DA:63,0
DA:71,0
DA:72,0
DA:73,0
DA:77,2
DA:78,0
DA:79,0
DA:80,0
DA:81,0
DA:82,0
DA:84,0
DA:90,0
DA:91,0
DA:92,0
DA:94,0
DA:95,0
DA:96,0
DA:97,0
DA:107,0
DA:109,0
DA:110,0
DA:113,0
DA:115,0
DA:116,0
DA:117,0
DA:118,0
DA:119,0
DA:120,0
DA:121,0
DA:123,0
DA:124,0
DA:125,0
DA:133,0
DA:134,0
DA:136,0
DA:139,2
DA:160,0
DA:174,0
DA:187,0
LF:65
LH:22
BRDA:21,0,0,0
BRDA:21,0,1,2
BRDA:33,1,0,0
BRDA:33,1,1,2
BRDA:47,2,0,0
BRDA:47,2,1,2
BRDA:50,3,0,0
BRDA:50,3,1,2
BRDA:53,4,0,0
BRDA:53,4,1,2
BRDA:63,5,0,0
BRDA:63,5,1,0
BRDA:100,6,0,0
BRDA:100,6,1,0
BRDA:109,7,0,0
BRDA:109,7,1,0
BRDA:116,8,0,0
BRDA:116,8,1,0
BRDA:118,9,0,0
BRDA:118,9,1,0
BRDA:120,10,0,0
BRDA:120,10,1,0
BRDA:124,11,0,0
BRDA:124,11,1,0
BRDA:147,12,0,1
BRDA:147,12,1,1
BRDA:196,13,0,0
BRDA:196,13,1,2
BRDA:200,14,0,0
BRDA:200,14,1,2
BRDA:204,15,0,1
BRDA:204,15,1,1
BRF:32
BRH:11
end_of_record
TN:
SF:components/Layout/ContactInfo.tsx
FN:4,(anonymous_0)
FN:13,(anonymous_1)
FNF:2
FNH:0
FNDA:0,(anonymous_0)
FNDA:0,(anonymous_1)
DA:4,0
DA:5,0
DA:6,0
DA:7,0
DA:13,0
LF:5
LH:0
BRDA:12,0,0,0
BRDA:12,0,1,0
BRF:2
BRH:0
end_of_record
TN:
SF:components/Layout/FinancialInfo.tsx
FN:5,(anonymous_0)
FN:14,(anonymous_1)
FNF:2
FNH:1
FNDA:2,(anonymous_0)
FNDA:0,(anonymous_1)
DA:5,1
DA:6,2
DA:7,2
DA:8,2
DA:14,0
LF:5
LH:4
BRDA:13,0,0,1
BRDA:13,0,1,1
BRF:2
BRH:2
end_of_record
TN:
SF:components/Layout/Footer.tsx
FN:5,(anonymous_0)
FNF:1
FNH:1
FNDA:3,(anonymous_0)
DA:5,2
DA:6,3
LF:2
LH:2
BRF:0
BRH:0
end_of_record
TN:
SF:components/Layout/Header.tsx
FN:5,(anonymous_0)
FNF:1
FNH:1
FNDA:3,(anonymous_0)
DA:5,2
DA:6,3
LF:2
LH:2
BRF:0
BRH:0
end_of_record
TN:
SF:components/Layout/UserPreferences.tsx
FN:4,(anonymous_0)
FN:13,(anonymous_1)
FNF:2
FNH:0
FNDA:0,(anonymous_0)
FNDA:0,(anonymous_1)
DA:4,0
DA:5,0
DA:6,0
DA:7,0
DA:13,0
LF:5
LH:0
BRDA:12,0,0,0
BRDA:12,0,1,0
BRF:2
BRH:0
end_of_record
TN:
SF:components/Layout/commonContactInfo.tsx
FN:18,(anonymous_0)
FN:22,(anonymous_1)
FN:66,(anonymous_2)
FN:70,(anonymous_3)
FN:183,(anonymous_4)
FN:208,(anonymous_5)
FN:233,(anonymous_6)
FN:296,(anonymous_7)
FN:297,(anonymous_8)
FN:302,(anonymous_9)
FN:358,(anonymous_10)
FN:370,(anonymous_11)
FN:381,(anonymous_12)
FN:391,(anonymous_13)
FN:402,(anonymous_14)
FN:416,(anonymous_15)
FN:432,(anonymous_16)
FN:450,(anonymous_17)
FN:461,(anonymous_18)
FN:472,(anonymous_19)
FN:482,(anonymous_20)
FN:493,(anonymous_21)
FN:514,(anonymous_22)
FN:532,(anonymous_23)
FN:543,(anonymous_24)
FNF:25
FNH:0
FNDA:0,(anonymous_0)
FNDA:0,(anonymous_1)
FNDA:0,(anonymous_2)
FNDA:0,(anonymous_3)
FNDA:0,(anonymous_4)
FNDA:0,(anonymous_5)
FNDA:0,(anonymous_6)
FNDA:0,(anonymous_7)
FNDA:0,(anonymous_8)
FNDA:0,(anonymous_9)
FNDA:0,(anonymous_10)
FNDA:0,(anonymous_11)
FNDA:0,(anonymous_12)
FNDA:0,(anonymous_13)
FNDA:0,(anonymous_14)
FNDA:0,(anonymous_15)
FNDA:0,(anonymous_16)
FNDA:0,(anonymous_17)
FNDA:0,(anonymous_18)
FNDA:0,(anonymous_19)
FNDA:0,(anonymous_20)
FNDA:0,(anonymous_21)
FNDA:0,(anonymous_22)
FNDA:0,(anonymous_23)
FNDA:0,(anonymous_24)
DA:14,0
DA:15,0
DA:18,0
DA:19,0
DA:20,0
DA:22,0
DA:24,0
DA:25,0
DA:27,0
DA:28,0
DA:29,0
DA:31,0
DA:35,0
DA:39,0
DA:41,0
DA:47,0
DA:48,0
DA:49,0
DA:50,0
DA:51,0
DA:52,0
DA:53,0
DA:54,0
DA:56,0
DA:57,0
DA:59,0
DA:61,0
DA:66,0
DA:67,0
DA:70,0
DA:71,0
DA:74,0
DA:77,0
DA:81,0
DA:88,0
DA:95,0
DA:102,0
DA:109,0
DA:117,0
DA:125,0
DA:133,0
DA:140,0
DA:147,0
DA:154,0
DA:161,0
DA:168,0
DA:176,0
DA:183,0
DA:184,0
DA:185,0
DA:190,0
DA:191,0
DA:192,0
DA:193,0
DA:194,0
DA:195,0
DA:196,0
DA:197,0
DA:198,0
DA:199,0
DA:200,0
DA:201,0
DA:202,0
DA:203,0
DA:204,0
DA:208,0
DA:209,0
DA:210,0
DA:216,0
DA:217,0
DA:218,0
DA:219,0
DA:220,0
DA:221,0
DA:223,0
DA:224,0
DA:225,0
DA:226,0
DA:227,0
DA:228,0
DA:233,0
DA:234,0
DA:235,0
DA:236,0
DA:237,0
DA:238,0
DA:275,0
DA:276,0
DA:277,0
DA:278,0
DA:279,0
DA:280,0
DA:281,0
DA:282,0
DA:283,0
DA:284,0
DA:286,0
DA:296,0
DA:298,0
DA:299,0
DA:301,0
DA:302,0
DA:303,0
DA:304,0
DA:305,0
DA:306,0
DA:307,0
DA:308,0
DA:309,0
DA:310,0
DA:311,0
DA:312,0
DA:313,0
DA:314,0
DA:315,0
DA:316,0
DA:317,0
DA:318,0
DA:320,0
DA:321,0
DA:322,0
DA:330,0
DA:331,0
DA:332,0
DA:334,0
DA:337,0
DA:358,0
DA:370,0
DA:381,0
DA:391,0
DA:402,0
DA:416,0
DA:433,0
DA:434,0
DA:450,0
DA:461,0
DA:472,0
DA:482,0
DA:493,0
DA:514,0
DA:532,0
DA:543,0
LF:142
LH:0
BRDA:24,0,0,0
BRDA:24,0,1,0
BRDA:36,1,0,0
BRDA:36,1,1,0
BRDA:42,2,0,0
BRDA:42,2,1,0
BRDA:43,3,0,0
BRDA:43,3,1,0
BRDA:67,4,0,0
BRDA:67,4,1,0
BRDA:71,5,0,0
BRDA:71,5,1,0
BRDA:75,6,0,0
BRDA:75,6,1,0
BRDA:78,7,0,0
BRDA:78,7,1,0
BRDA:82,8,0,0
BRDA:82,8,1,0
BRDA:82,9,0,0
BRDA:82,9,1,0
BRDA:82,9,2,0
BRDA:89,10,0,0
BRDA:89,10,1,0
BRDA:89,11,0,0
BRDA:89,11,1,0
BRDA:89,11,2,0
BRDA:96,12,0,0
BRDA:96,12,1,0
BRDA:96,13,0,0
BRDA:96,13,1,0
BRDA:96,13,2,0
BRDA:103,14,0,0
BRDA:103,14,1,0
BRDA:103,15,0,0
BRDA:103,15,1,0
BRDA:103,15,2,0
BRDA:110,16,0,0
BRDA:110,16,1,0
BRDA:110,17,0,0
BRDA:110,17,1,0
BRDA:110,17,2,0
BRDA:118,18,0,0
BRDA:118,18,1,0
BRDA:118,19,0,0
BRDA:118,19,1,0
BRDA:118,19,2,0
BRDA:126,20,0,0
BRDA:126,20,1,0
BRDA:126,21,0,0
BRDA:126,21,1,0
BRDA:126,21,2,0
BRDA:134,22,0,0
BRDA:134,22,1,0
BRDA:134,23,0,0
BRDA:134,23,1,0
BRDA:134,23,2,0
BRDA:141,24,0,0
BRDA:141,24,1,0
BRDA:141,25,0,0
BRDA:141,25,1,0
BRDA:141,25,2,0
BRDA:148,26,0,0
BRDA:148,26,1,0
BRDA:148,27,0,0
BRDA:148,27,1,0
BRDA:148,27,2,0
BRDA:155,28,0,0
BRDA:155,28,1,0
BRDA:155,29,0,0
BRDA:155,29,1,0
BRDA:155,29,2,0
BRDA:162,30,0,0
BRDA:162,30,1,0
BRDA:162,31,0,0
BRDA:162,31,1,0
BRDA:162,31,2,0
BRDA:169,32,0,0
BRDA:169,32,1,0
BRDA:169,33,0,0
BRDA:169,33,1,0
BRDA:169,33,2,0
BRDA:177,34,0,0
BRDA:177,34,1,0
BRDA:177,35,0,0
BRDA:177,35,1,0
BRDA:177,35,2,0
BRDA:185,36,0,0
BRDA:185,36,1,0
BRDA:209,37,0,0
BRDA:209,37,1,0
BRDA:210,38,0,0
BRDA:210,38,1,0
BRDA:211,39,0,0
BRDA:211,39,1,0
BRDA:211,39,2,0
BRDA:211,39,3,0
BRDA:241,40,0,0
BRDA:241,40,1,0
BRDA:246,41,0,0
BRDA:246,41,1,0
BRDA:255,42,0,0
BRDA:255,42,1,0
BRDA:266,43,0,0
BRDA:266,43,1,0
BRDA:289,44,0,0
BRDA:289,44,1,0
BRDA:298,45,0,0
BRDA:298,45,1,0
BRDA:303,46,0,0
BRDA:303,46,1,0
BRDA:305,47,0,0
BRDA:305,47,1,0
BRDA:307,48,0,0
BRDA:307,48,1,0
BRDA:309,49,0,0
BRDA:309,49,1,0
BRDA:311,50,0,0
BRDA:311,50,1,0
BRDA:313,51,0,0
BRDA:313,51,1,0
BRDA:315,52,0,0
BRDA:315,52,1,0
BRDA:317,53,0,0
BRDA:317,53,1,0
BRDA:321,54,0,0
BRDA:321,54,1,0
BRDA:344,55,0,0
BRDA:344,55,1,0
BRDA:408,56,0,0
BRDA:408,56,1,0
BRDA:441,57,0,0
BRDA:441,57,1,0
BRDA:499,58,0,0
BRDA:499,58,1,0
BRDA:549,59,0,0
BRDA:549,59,1,0
BRDA:553,60,0,0
BRDA:553,60,1,0
BRDA:557,61,0,0
BRDA:557,61,1,0
BRDA:565,62,0,0
BRDA:565,62,1,0
BRDA:572,63,0,0
BRDA:572,63,1,0
BRF:144
BRH:0
end_of_record
TN:
SF:components/Layout/commonUserPreferences.tsx
FN:17,(anonymous_0)
FN:21,(anonymous_1)
FN:63,(anonymous_2)
FN:70,(anonymous_3)
FN:77,(anonymous_4)
FN:89,(anonymous_5)
FN:97,(anonymous_6)
FN:105,(anonymous_7)
FN:109,(anonymous_8)
FN:144,(anonymous_9)
FN:145,(anonymous_10)
FN:150,(anonymous_11)
FNF:12
FNH:0
FNDA:0,(anonymous_0)
FNDA:0,(anonymous_1)
FNDA:0,(anonymous_2)
FNDA:0,(anonymous_3)
FNDA:0,(anonymous_4)
FNDA:0,(anonymous_5)
FNDA:0,(anonymous_6)
FNDA:0,(anonymous_7)
FNDA:0,(anonymous_8)
FNDA:0,(anonymous_9)
FNDA:0,(anonymous_10)
FNDA:0,(anonymous_11)
DA:17,0
DA:18,0
DA:19,0
DA:21,0
DA:23,0
DA:24,0
DA:26,0
DA:27,0
DA:28,0
DA:30,0
DA:34,0
DA:36,0
DA:38,0
DA:39,0
DA:41,0
DA:46,0
DA:48,0
DA:50,0
DA:52,0
DA:54,0
DA:55,0
DA:57,0
DA:63,0
DA:64,0
DA:67,0
DA:70,0
DA:71,0
DA:75,0
DA:77,0
DA:78,0
DA:81,0
DA:89,0
DA:90,0
DA:93,0
DA:97,0
DA:98,0
DA:101,0
DA:105,0
DA:106,0
DA:109,0
DA:110,0
DA:111,0
DA:112,0
DA:113,0
DA:115,0
DA:116,0
DA:117,0
DA:118,0
DA:119,0
DA:120,0
DA:121,0
DA:122,0
DA:124,0
DA:137,0
DA:144,0
DA:146,0
DA:147,0
DA:149,0
DA:150,0
DA:151,0
DA:152,0
DA:153,0
DA:154,0
DA:155,0
DA:156,0
DA:157,0
DA:158,0
DA:159,0
DA:160,0
DA:161,0
DA:162,0
DA:164,0
DA:165,0
DA:166,0
DA:174,0
DA:175,0
DA:177,0
DA:180,0
LF:78
LH:0
BRDA:23,0,0,0
BRDA:23,0,1,0
BRDA:42,1,0,0
BRDA:42,1,1,0
BRDA:58,2,0,0
BRDA:58,2,1,0
BRDA:58,3,0,0
BRDA:58,3,1,0
BRDA:68,4,0,0
BRDA:68,4,1,0
BRDA:75,5,0,0
BRDA:75,5,1,0
BRDA:82,6,0,0
BRDA:82,6,1,0
BRDA:82,7,0,0
BRDA:82,7,1,0
BRDA:84,8,0,0
BRDA:84,8,1,0
BRDA:84,9,0,0
BRDA:84,9,1,0
BRDA:94,10,0,0
BRDA:94,10,1,0
BRDA:102,11,0,0
BRDA:102,11,1,0
BRDA:128,12,0,0
BRDA:128,12,1,0
BRDA:130,13,0,0
BRDA:130,13,1,0
BRDA:138,14,0,0
BRDA:138,14,1,0
BRDA:146,15,0,0
BRDA:146,15,1,0
BRDA:151,16,0,0
BRDA:151,16,1,0
BRDA:153,17,0,0
BRDA:153,17,1,0
BRDA:155,18,0,0
BRDA:155,18,1,0
BRDA:157,19,0,0
BRDA:157,19,1,0
BRDA:159,20,0,0
BRDA:159,20,1,0
BRDA:161,21,0,0
BRDA:161,21,1,0
BRDA:165,22,0,0
BRDA:165,22,1,0
BRDA:187,23,0,0
BRDA:187,23,1,0
BRDA:195,24,0,0
BRDA:195,24,1,0
BRDA:232,25,0,0
BRDA:232,25,1,0
BRDA:270,26,0,0
BRDA:270,26,1,0
BRDA:308,27,0,0
BRDA:308,27,1,0
BRDA:346,28,0,0
BRDA:346,28,1,0
BRDA:384,29,0,0
BRDA:384,29,1,0
BRDA:397,30,0,0
BRDA:397,30,1,0
BRDA:401,31,0,0
BRDA:401,31,1,0
BRDA:405,32,0,0
BRDA:405,32,1,0
BRDA:413,33,0,0
BRDA:413,33,1,0
BRF:68
BRH:0
end_of_record
TN:
SF:components/Layout/index.tsx
FN:15,(anonymous_0)
FN:30,(anonymous_1)
FNF:2
FNH:1
FNDA:3,(anonymous_0)
FNDA:0,(anonymous_1)
DA:15,2
DA:16,3
DA:17,3
DA:18,3
DA:20,3
DA:22,3
DA:30,0
LF:7
LH:6
BRDA:49,0,0,0
BRDA:49,0,1,3
BRDA:49,1,0,3
BRDA:49,1,1,0
BRDA:54,2,0,0
BRDA:54,2,1,3
BRF:6
BRH:3
end_of_record
TN:
SF:components/NavButtons/index.tsx
FN:9,(anonymous_0)
FNF:1
FNH:1
FNDA:3,(anonymous_0)
DA:9,2
DA:13,3
LF:2
LH:2
BRF:0
BRH:0
end_of_record
TN:
SF:components/NavigationHeader/index.tsx
FN:5,(anonymous_0)
FNF:1
FNH:0
FNDA:0,(anonymous_0)
DA:5,2
DA:6,0
DA:7,0
DA:8,0
LF:4
LH:1
BRDA:13,0,0,0
BRDA:13,0,1,0
BRDA:24,1,0,0
BRDA:24,1,1,0
BRDA:35,2,0,0
BRDA:35,2,1,0
BRDA:46,3,0,0
BRDA:46,3,1,0
BRF:8
BRH:0
end_of_record
TN:
SF:components/TestHeader/index.tsx
FN:1,(anonymous_0)
FNF:1
FNH:1
FNDA:3,(anonymous_0)
DA:1,2
DA:2,3
LF:2
LH:2
BRF:0
BRH:0
end_of_record
TN:
SF:pages/_app.tsx
FN:5,MyApp
FNF:1
FNH:0
FNDA:0,MyApp
DA:6,0
LF:1
LH:0
BRF:0
BRH:0
end_of_record
TN:
SF:pages/index.tsx
FN:9,Home
FN:12,(anonymous_1)
FN:44,(anonymous_2)
FN:64,(anonymous_3)
FN:72,(anonymous_4)
FNF:5
FNH:2
FNDA:1,Home
FNDA:1,(anonymous_1)
FNDA:0,(anonymous_2)
FNDA:0,(anonymous_3)
FNDA:0,(anonymous_4)
DA:10,1
DA:12,1
DA:14,1
DA:15,0
DA:17,0
DA:18,0
DA:19,0
DA:21,0
DA:25,1
DA:45,0
DA:64,1
DA:65,0
DA:68,0
DA:70,0
DA:72,0
DA:73,0
DA:79,0
LF:17
LH:5
BRDA:14,0,0,0
BRDA:14,0,1,1
BRDA:45,1,0,0
BRDA:45,1,1,0
BRDA:55,2,0,0
BRDA:55,2,1,1
BRF:6
BRH:2
end_of_record
TN:
SF:pages/api/hello.ts
FN:3,handler
FNF:1
FNH:0
FNDA:0,handler
DA:4,0
LF:1
LH:0
BRF:0
BRH:0
end_of_record
TN:
SF:pages/api/metrics.ts
FN:5,handler
FNF:1
FNH:0
FNDA:0,handler
DA:3,0
DA:6,0
DA:7,0
LF:3
LH:0
BRF:0
BRH:0
end_of_record
TN:
SF:pages/benefit-status/index.tsx
FN:10,Index
FN:17,(anonymous_1)
FN:37,(anonymous_2)
FN:38,(anonymous_3)
FN:93,(anonymous_4)
FNF:5
FNH:0
FNDA:0,Index
FNDA:0,(anonymous_1)
FNDA:0,(anonymous_2)
FNDA:0,(anonymous_3)
FNDA:0,(anonymous_4)
DA:11,0
DA:12,0
DA:14,0
DA:17,0
DA:18,0
DA:37,0
DA:38,0
DA:39,0
DA:40,0
DA:59,0
DA:93,0
DA:94,0
DA:97,0
DA:99,0
LF:14
LH:0
BRDA:15,0,0,0
BRDA:15,0,1,0
BRDA:52,1,0,0
BRDA:52,1,1,0
BRDA:67,2,0,0
BRDA:67,2,1,0
BRDA:67,3,0,0
BRDA:67,3,1,0
BRDA:85,4,0,0
BRDA:85,4,1,0
BRF:10
BRH:0
end_of_record
TN:
SF:pages/contact-info/edit.tsx
FN:7,Edit
FN:11,(anonymous_1)
FNF:2
FNH:0
FNDA:0,Edit
FNDA:0,(anonymous_1)
DA:4,0
DA:5,0
DA:8,0
DA:11,0
DA:12,0
DA:15,0
DA:16,0
LF:7
LH:0
BRF:0
BRH:0
end_of_record
TN:
SF:pages/contact-info/index.tsx
FN:4,Index
FN:8,(anonymous_1)
FNF:2
FNH:0
FNDA:0,Index
FNDA:0,(anonymous_1)
DA:5,0
DA:8,0
DA:9,0
DA:12,0
DA:14,0
LF:5
LH:0
BRF:0
BRH:0
end_of_record
TN:
SF:pages/financial-info/edit.tsx
FN:3,Edit
FN:9,(anonymous_1)
FNF:2
FNH:1
FNDA:1,Edit
FNDA:0,(anonymous_1)
DA:4,1
DA:9,1
DA:10,0
DA:13,0
DA:15,0
LF:5
LH:2
BRF:0
BRH:0
end_of_record
TN:
SF:pages/financial-info/index.tsx
FN:6,Index
FN:42,(anonymous_1)
FNF:2
FNH:1
FNDA:1,Index
FNDA:0,(anonymous_1)
DA:7,1
DA:8,1
DA:10,1
DA:13,1
DA:14,1
DA:16,1
DA:18,1
DA:19,1
DA:20,1
DA:22,1
DA:25,1
DA:28,1
DA:32,1
DA:33,1
DA:34,1
DA:35,1
DA:37,1
DA:42,1
DA:43,0
DA:46,0
DA:48,0
LF:21
LH:18
BRDA:23,0,0,0
BRDA:23,0,1,1
BRDA:26,1,0,0
BRDA:26,1,1,1
BRDA:29,2,0,0
BRDA:29,2,1,1
BRF:6
BRH:3
end_of_record
TN:
SF:pages/personal-info/index.tsx
FN:9,Home
FN:13,(anonymous_1)
FN:35,(anonymous_2)
FN:94,(anonymous_3)
FNF:4
FNH:0
FNDA:0,Home
FNDA:0,(anonymous_1)
FNDA:0,(anonymous_2)
FNDA:0,(anonymous_3)
DA:10,0
DA:11,0
DA:13,0
DA:15,0
DA:16,0
DA:18,0
DA:19,0
DA:20,0
DA:22,0
DA:26,0
DA:35,0
DA:94,0
DA:95,0
DA:98,0
DA:100,0
LF:15
LH:0
BRDA:15,0,0,0
BRDA:15,0,1,0
BRDA:77,1,0,0
BRDA:77,1,1,0
BRF:4
BRH:0
end_of_record
TN:
SF:pages/user-preferences/edit.tsx
FN:3,Edit
FN:12,(anonymous_1)
FNF:2
FNH:0
FNDA:0,Edit
FNDA:0,(anonymous_1)
DA:4,0
DA:12,0
DA:13,0
DA:16,0
DA:18,0
LF:5
LH:0
BRF:0
BRH:0
end_of_record
TN:
SF:pages/user-preferences/index.tsx
FN:3,Index
FN:12,(anonymous_1)
FNF:2
FNH:0
FNDA:0,Index
FNDA:0,(anonymous_1)
DA:4,0
DA:12,0
DA:13,0
DA:16,0
DA:18,0
LF:5
LH:0
BRF:0
BRH:0
end_of_record
