{"/home/runner/work/profile-management/profile-management/components/Alert/enums.ts": {"path":"/home/runner/work/profile-management/profile-management/components/Alert/enums.ts","statementMap":{},"fnMap":{},"branchMap":{},"s":{},"f":{},"b":{}}
,"/home/runner/work/profile-management/profile-management/components/Alert/index.tsx": {"path":"/home/runner/work/profile-management/profile-management/components/Alert/index.tsx","statementMap":{"0":{"start":{"line":6,"column":21},"end":{"line":6,"column":23}},"1":{"start":{"line":14,"column":5},"end":{"line":83,"column":1}},"2":{"start":{"line":15,"column":30},"end":{"line":15,"column":52}},"3":{"start":{"line":16,"column":22},"end":{"line":16,"column":38}},"4":{"start":{"line":17,"column":14},"end":{"line":17,"column":26}},"5":{"start":{"line":19,"column":2},"end":{"line":24,"column":19}},"6":{"start":{"line":20,"column":4},"end":{"line":23,"column":5}},"7":{"start":{"line":21,"column":21},"end":{"line":21,"column":45}},"8":{"start":{"line":22,"column":6},"end":{"line":22,"column":23}},"9":{"start":{"line":26,"column":20},"end":{"line":39,"column":6}},"10":{"start":{"line":27,"column":4},"end":{"line":38,"column":5}},"11":{"start":{"line":29,"column":8},"end":{"line":29,"column":48}},"12":{"start":{"line":31,"column":8},"end":{"line":31,"column":42}},"13":{"start":{"line":33,"column":8},"end":{"line":33,"column":48}},"14":{"start":{"line":35,"column":8},"end":{"line":35,"column":48}},"15":{"start":{"line":37,"column":8},"end":{"line":37,"column":13}},"16":{"start":{"line":41,"column":2},"end":{"line":82,"column":3}}},"fnMap":{"0":{"name":"(anonymous_0)","decl":{"start":{"line":14,"column":5},"end":{"line":14,"column":6}},"loc":{"start":{"line":14,"column":52},"end":{"line":83,"column":1}},"line":14},"1":{"name":"(anonymous_1)","decl":{"start":{"line":19,"column":12},"end":{"line":19,"column":13}},"loc":{"start":{"line":19,"column":18},"end":{"line":24,"column":3}},"line":19},"2":{"name":"(anonymous_2)","decl":{"start":{"line":26,"column":21},"end":{"line":26,"column":22}},"loc":{"start":{"line":26,"column":27},"end":{"line":39,"column":3}},"line":26}},"branchMap":{"0":{"loc":{"start":{"line":20,"column":4},"end":{"line":23,"column":5}},"type":"if","locations":[{"start":{"line":20,"column":4},"end":{"line":23,"column":5}},{"start":{"line":20,"column":4},"end":{"line":23,"column":5}}],"line":20},"1":{"loc":{"start":{"line":27,"column":4},"end":{"line":38,"column":5}},"type":"switch","locations":[{"start":{"line":28,"column":6},"end":{"line":29,"column":48}},{"start":{"line":30,"column":6},"end":{"line":31,"column":42}},{"start":{"line":32,"column":6},"end":{"line":33,"column":48}},{"start":{"line":34,"column":6},"end":{"line":35,"column":48}},{"start":{"line":36,"column":6},"end":{"line":37,"column":13}}],"line":27},"2":{"loc":{"start":{"line":71,"column":11},"end":{"line":78,"column":11}},"type":"cond-expr","locations":[{"start":{"line":72,"column":12},"end":{"line":72,"column":58}},{"start":{"line":74,"column":12},"end":{"line":77,"column":19}}],"line":71}},"s":{"0":0,"1":0,"2":0,"3":0,"4":0,"5":0,"6":0,"7":0,"8":0,"9":0,"10":0,"11":0,"12":0,"13":0,"14":0,"15":0,"16":0},"f":{"0":0,"1":0,"2":0},"b":{"0":[0,0],"1":[0,0,0,0,0],"2":[0,0]}}
,"/home/runner/work/profile-management/profile-management/components/Breadcrumbs/BreadcrumbItem.tsx": {"path":"/home/runner/work/profile-management/profile-management/components/Breadcrumbs/BreadcrumbItem.tsx","statementMap":{"0":{"start":{"line":4,"column":5},"end":{"line":18,"column":1}},"1":{"start":{"line":5,"column":2},"end":{"line":17,"column":7}}},"fnMap":{"0":{"name":"(anonymous_0)","decl":{"start":{"line":4,"column":5},"end":{"line":4,"column":6}},"loc":{"start":{"line":5,"column":2},"end":{"line":17,"column":7}},"line":5}},"branchMap":{"0":{"loc":{"start":{"line":8,"column":6},"end":{"line":8,"column":74}},"type":"binary-expr","locations":[{"start":{"line":8,"column":6},"end":{"line":8,"column":19}},{"start":{"line":8,"column":23},"end":{"line":8,"column":74}}],"line":8}},"s":{"0":2,"1":9},"f":{"0":9},"b":{"0":[9,6]},"_coverageSchema":"1a1c01bbd47fc00a2c39e90264f33305004495a9","hash":"1a9996b7bc9c23d003d343e010cc3e29dff9f3a3"}
,"/home/runner/work/profile-management/profile-management/components/Breadcrumbs/index.tsx": {"path":"/home/runner/work/profile-management/profile-management/components/Breadcrumbs/index.tsx","statementMap":{"0":{"start":{"line":3,"column":59},"end":{"line":17,"column":1}},"1":{"start":{"line":4,"column":2},"end":{"line":16,"column":3}},"2":{"start":{"line":8,"column":10},"end":{"line":12,"column":12}}},"fnMap":{"0":{"name":"(anonymous_0)","decl":{"start":{"line":3,"column":59},"end":{"line":3,"column":60}},"loc":{"start":{"line":3,"column":74},"end":{"line":17,"column":1}},"line":3},"1":{"name":"(anonymous_1)","decl":{"start":{"line":7,"column":19},"end":{"line":7,"column":20}},"loc":{"start":{"line":8,"column":10},"end":{"line":12,"column":12}},"line":8}},"branchMap":{},"s":{"0":2,"1":3,"2":9},"f":{"0":3,"1":9},"b":{},"_coverageSchema":"1a1c01bbd47fc00a2c39e90264f33305004495a9","hash":"a8a689bd234b547bb6811d23b5975d7256016359"}
,"/home/runner/work/profile-management/profile-management/components/Contexts/index.tsx": {"path":"/home/runner/work/profile-management/profile-management/components/Contexts/index.tsx","statementMap":{"0":{"start":{"line":5,"column":31},"end":{"line":8,"column":2}},"1":{"start":{"line":7,"column":36},"end":{"line":7,"column":42}},"2":{"start":{"line":11,"column":42},"end":{"line":15,"column":3}},"3":{"start":{"line":17,"column":2},"end":{"line":26,"column":3}},"4":{"start":{"line":21,"column":42},"end":{"line":21,"column":67}}},"fnMap":{"0":{"name":"(anonymous_0)","decl":{"start":{"line":7,"column":22},"end":{"line":7,"column":23}},"loc":{"start":{"line":7,"column":36},"end":{"line":7,"column":42}},"line":7},"1":{"name":"LanguageProvider","decl":{"start":{"line":10,"column":16},"end":{"line":10,"column":32}},"loc":{"start":{"line":10,"column":47},"end":{"line":27,"column":1}},"line":10},"2":{"name":"(anonymous_2)","decl":{"start":{"line":21,"column":28},"end":{"line":21,"column":29}},"loc":{"start":{"line":21,"column":42},"end":{"line":21,"column":67}},"line":21}},"branchMap":{},"s":{"0":3,"1":0,"2":0,"3":0,"4":0},"f":{"0":0,"1":0,"2":0},"b":{},"_coverageSchema":"1a1c01bbd47fc00a2c39e90264f33305004495a9","hash":"665c2fb6e7d0b847893e3013f07d97fce66b628e"}
,"/home/runner/work/profile-management/profile-management/components/Forms/Input.tsx": {"path":"/home/runner/work/profile-management/profile-management/components/Forms/Input.tsx","statementMap":{"0":{"start":{"line":11,"column":44},"end":{"line":33,"column":1}},"1":{"start":{"line":12,"column":23},"end":{"line":12,"column":34}},"2":{"start":{"line":13,"column":19},"end":{"line":13,"column":49}},"3":{"start":{"line":14,"column":2},"end":{"line":32,"column":3}}},"fnMap":{"0":{"name":"(anonymous_0)","decl":{"start":{"line":11,"column":44},"end":{"line":11,"column":45}},"loc":{"start":{"line":11,"column":55},"end":{"line":33,"column":1}},"line":11}},"branchMap":{"0":{"loc":{"start":{"line":17,"column":9},"end":{"line":19,"column":9}},"type":"binary-expr","locations":[{"start":{"line":17,"column":9},"end":{"line":17,"column":34}},{"start":{"line":18,"column":10},"end":{"line":18,"column":52}}],"line":17},"1":{"loc":{"start":{"line":20,"column":9},"end":{"line":20,"column":65}},"type":"binary-expr","locations":[{"start":{"line":20,"column":9},"end":{"line":20,"column":23}},{"start":{"line":20,"column":27},"end":{"line":20,"column":65}}],"line":20},"2":{"loc":{"start":{"line":21,"column":9},"end":{"line":21,"column":77}},"type":"binary-expr","locations":[{"start":{"line":21,"column":9},"end":{"line":21,"column":23}},{"start":{"line":21,"column":27},"end":{"line":21,"column":77}}],"line":21},"3":{"loc":{"start":{"line":28,"column":10},"end":{"line":28,"column":54}},"type":"binary-expr","locations":[{"start":{"line":28,"column":10},"end":{"line":28,"column":35}},{"start":{"line":28,"column":39},"end":{"line":28,"column":54}}],"line":28}},"s":{"0":2,"1":8,"2":8,"3":8},"f":{"0":8},"b":{"0":[8,1],"1":[8,8],"2":[8,8],"3":[8,1]},"_coverageSchema":"1a1c01bbd47fc00a2c39e90264f33305004495a9","hash":"7885e2db3478288c6d4ec1fa309c117f956bb661"}
,"/home/runner/work/profile-management/profile-management/components/Forms/validation/ErrorLabel.tsx": {"path":"/home/runner/work/profile-management/profile-management/components/Forms/validation/ErrorLabel.tsx","statementMap":{"0":{"start":{"line":1,"column":63},"end":{"line":10,"column":1}},"1":{"start":{"line":4,"column":2},"end":{"line":9,"column":8}}},"fnMap":{"0":{"name":"(anonymous_0)","decl":{"start":{"line":1,"column":63},"end":{"line":1,"column":64}},"loc":{"start":{"line":4,"column":2},"end":{"line":9,"column":8}},"line":4}},"branchMap":{},"s":{"0":2,"1":1},"f":{"0":1},"b":{},"_coverageSchema":"1a1c01bbd47fc00a2c39e90264f33305004495a9","hash":"e23f974eba22c9e3ea31d4d2fc80688b0358b4cb"}
,"/home/runner/work/profile-management/profile-management/components/Forms/validation/SubmitMessage.tsx": {"path":"/home/runner/work/profile-management/profile-management/components/Forms/validation/SubmitMessage.tsx","statementMap":{"0":{"start":{"line":4,"column":5},"end":{"line":18,"column":1}},"1":{"start":{"line":5,"column":2},"end":{"line":17,"column":8}}},"fnMap":{"0":{"name":"(anonymous_0)","decl":{"start":{"line":4,"column":5},"end":{"line":4,"column":6}},"loc":{"start":{"line":5,"column":2},"end":{"line":17,"column":8}},"line":5}},"branchMap":{"0":{"loc":{"start":{"line":7,"column":6},"end":{"line":11,"column":12}},"type":"cond-expr","locations":[{"start":{"line":8,"column":10},"end":{"line":8,"column":90}},{"start":{"line":9,"column":10},"end":{"line":11,"column":12}}],"line":7},"1":{"loc":{"start":{"line":9,"column":10},"end":{"line":11,"column":12}},"type":"cond-expr","locations":[{"start":{"line":10,"column":10},"end":{"line":10,"column":90}},{"start":{"line":11,"column":10},"end":{"line":11,"column":12}}],"line":9},"2":{"loc":{"start":{"line":14,"column":5},"end":{"line":14,"column":60}},"type":"cond-expr","locations":[{"start":{"line":14,"column":33},"end":{"line":14,"column":55}},{"start":{"line":14,"column":58},"end":{"line":14,"column":60}}],"line":14},"3":{"loc":{"start":{"line":15,"column":5},"end":{"line":15,"column":57}},"type":"cond-expr","locations":[{"start":{"line":15,"column":31},"end":{"line":15,"column":52}},{"start":{"line":15,"column":55},"end":{"line":15,"column":57}}],"line":15},"4":{"loc":{"start":{"line":16,"column":5},"end":{"line":16,"column":41}},"type":"cond-expr","locations":[{"start":{"line":16,"column":29},"end":{"line":16,"column":36}},{"start":{"line":16,"column":39},"end":{"line":16,"column":41}}],"line":16}},"s":{"0":1,"1":4},"f":{"0":4},"b":{"0":[0,4],"1":[0,4],"2":[0,4],"3":[0,4],"4":[0,4]},"_coverageSchema":"1a1c01bbd47fc00a2c39e90264f33305004495a9","hash":"7a0a9af0204fa128ce903c4cab5e46201f04e50a"}
,"/home/runner/work/profile-management/profile-management/components/Hooks/index.tsx": {"path":"/home/runner/work/profile-management/profile-management/components/Hooks/index.tsx","statementMap":{"0":{"start":{"line":8,"column":26},"end":{"line":43,"column":1}},"1":{"start":{"line":14,"column":29},"end":{"line":14,"column":77}},"2":{"start":{"line":14,"column":45},"end":{"line":14,"column":74}},"3":{"start":{"line":16,"column":16},"end":{"line":16,"column":67}},"4":{"start":{"line":18,"column":40},"end":{"line":29,"column":4}},"5":{"start":{"line":19,"column":4},"end":{"line":28,"column":5}},"6":{"start":{"line":20,"column":6},"end":{"line":23,"column":7}},"7":{"start":{"line":21,"column":21},"end":{"line":21,"column":47}},"8":{"start":{"line":22,"column":8},"end":{"line":22,"column":53}},"9":{"start":{"line":24,"column":6},"end":{"line":24,"column":15}},"10":{"start":{"line":26,"column":6},"end":{"line":26,"column":24}},"11":{"start":{"line":27,"column":6},"end":{"line":27,"column":25}},"12":{"start":{"line":31,"column":19},"end":{"line":41,"column":3}},"13":{"start":{"line":32,"column":4},"end":{"line":40,"column":5}},"14":{"start":{"line":34,"column":8},"end":{"line":34,"column":62}},"15":{"start":{"line":36,"column":6},"end":{"line":36,"column":34}},"16":{"start":{"line":37,"column":6},"end":{"line":37,"column":62}},"17":{"start":{"line":39,"column":6},"end":{"line":39,"column":24}},"18":{"start":{"line":42,"column":2},"end":{"line":42,"column":41}},"19":{"start":{"line":46,"column":30},"end":{"line":51,"column":1}},"20":{"start":{"line":47,"column":27},"end":{"line":47,"column":54}},"21":{"start":{"line":50,"column":2},"end":{"line":50,"column":37}},"22":{"start":{"line":54,"column":39},"end":{"line":58,"column":1}},"23":{"start":{"line":55,"column":27},"end":{"line":55,"column":54}},"24":{"start":{"line":56,"column":2},"end":{"line":56,"column":58}},"25":{"start":{"line":56,"column":49},"end":{"line":56,"column":58}},"26":{"start":{"line":57,"column":2},"end":{"line":57,"column":42}},"27":{"start":{"line":60,"column":30},"end":{"line":68,"column":1}},"28":{"start":{"line":61,"column":28},"end":{"line":61,"column":39}},"29":{"start":{"line":62,"column":23},"end":{"line":62,"column":56}},"30":{"start":{"line":62,"column":29},"end":{"line":62,"column":56}},"31":{"start":{"line":63,"column":2},"end":{"line":66,"column":13}},"32":{"start":{"line":64,"column":4},"end":{"line":64,"column":51}},"33":{"start":{"line":65,"column":4},"end":{"line":65,"column":67}},"34":{"start":{"line":65,"column":17},"end":{"line":65,"column":67}},"35":{"start":{"line":67,"column":2},"end":{"line":67,"column":14}}},"fnMap":{"0":{"name":"(anonymous_0)","decl":{"start":{"line":8,"column":26},"end":{"line":8,"column":27}},"loc":{"start":{"line":12,"column":5},"end":{"line":43,"column":1}},"line":12},"1":{"name":"(anonymous_1)","decl":{"start":{"line":14,"column":30},"end":{"line":14,"column":31}},"loc":{"start":{"line":14,"column":45},"end":{"line":14,"column":74}},"line":14},"2":{"name":"(anonymous_2)","decl":{"start":{"line":18,"column":52},"end":{"line":18,"column":53}},"loc":{"start":{"line":18,"column":58},"end":{"line":29,"column":3}},"line":18},"3":{"name":"(anonymous_3)","decl":{"start":{"line":31,"column":19},"end":{"line":31,"column":20}},"loc":{"start":{"line":31,"column":51},"end":{"line":41,"column":3}},"line":31},"4":{"name":"(anonymous_4)","decl":{"start":{"line":46,"column":30},"end":{"line":46,"column":31}},"loc":{"start":{"line":46,"column":36},"end":{"line":51,"column":1}},"line":46},"5":{"name":"(anonymous_5)","decl":{"start":{"line":54,"column":39},"end":{"line":54,"column":40}},"loc":{"start":{"line":54,"column":56},"end":{"line":58,"column":1}},"line":54},"6":{"name":"(anonymous_6)","decl":{"start":{"line":60,"column":30},"end":{"line":60,"column":31}},"loc":{"start":{"line":60,"column":36},"end":{"line":68,"column":1}},"line":60},"7":{"name":"(anonymous_7)","decl":{"start":{"line":62,"column":23},"end":{"line":62,"column":24}},"loc":{"start":{"line":62,"column":29},"end":{"line":62,"column":56}},"line":62},"8":{"name":"(anonymous_8)","decl":{"start":{"line":63,"column":12},"end":{"line":63,"column":13}},"loc":{"start":{"line":63,"column":18},"end":{"line":66,"column":3}},"line":63},"9":{"name":"(anonymous_9)","decl":{"start":{"line":65,"column":11},"end":{"line":65,"column":12}},"loc":{"start":{"line":65,"column":17},"end":{"line":65,"column":67}},"line":65}},"branchMap":{"0":{"loc":{"start":{"line":16,"column":16},"end":{"line":16,"column":67}},"type":"cond-expr","locations":[{"start":{"line":16,"column":34},"end":{"line":16,"column":48}},{"start":{"line":16,"column":51},"end":{"line":16,"column":67}}],"line":16},"1":{"loc":{"start":{"line":20,"column":6},"end":{"line":23,"column":7}},"type":"if","locations":[{"start":{"line":20,"column":6},"end":{"line":23,"column":7}},{"start":{"line":20,"column":6},"end":{"line":23,"column":7}}],"line":20},"2":{"loc":{"start":{"line":22,"column":15},"end":{"line":22,"column":53}},"type":"cond-expr","locations":[{"start":{"line":22,"column":22},"end":{"line":22,"column":38}},{"start":{"line":22,"column":41},"end":{"line":22,"column":53}}],"line":22},"3":{"loc":{"start":{"line":34,"column":8},"end":{"line":34,"column":62}},"type":"cond-expr","locations":[{"start":{"line":34,"column":36},"end":{"line":34,"column":54}},{"start":{"line":34,"column":57},"end":{"line":34,"column":62}}],"line":34},"4":{"loc":{"start":{"line":56,"column":2},"end":{"line":56,"column":58}},"type":"if","locations":[{"start":{"line":56,"column":2},"end":{"line":56,"column":58}},{"start":{"line":56,"column":2},"end":{"line":56,"column":58}}],"line":56}},"s":{"0":3,"1":0,"2":0,"3":0,"4":0,"5":0,"6":0,"7":0,"8":0,"9":0,"10":0,"11":0,"12":0,"13":0,"14":0,"15":0,"16":0,"17":0,"18":0,"19":3,"20":0,"21":0,"22":3,"23":29,"24":29,"25":0,"26":29,"27":3,"28":0,"29":0,"30":0,"31":0,"32":0,"33":0,"34":0,"35":0},"f":{"0":0,"1":0,"2":0,"3":0,"4":0,"5":29,"6":0,"7":0,"8":0,"9":0},"b":{"0":[0,0],"1":[0,0],"2":[0,0],"3":[0,0],"4":[0,29]},"_coverageSchema":"1a1c01bbd47fc00a2c39e90264f33305004495a9","hash":"db9fce5a9f985f67101b77d62f13279a74867731"}
,"/home/runner/work/profile-management/profile-management/components/Layout/BenefitInfo.tsx": {"path":"/home/runner/work/profile-management/profile-management/components/Layout/BenefitInfo.tsx","statementMap":{"0":{"start":{"line":3,"column":59},"end":{"line":9,"column":1}},"1":{"start":{"line":4,"column":2},"end":{"line":8,"column":3}}},"fnMap":{"0":{"name":"(anonymous_0)","decl":{"start":{"line":3,"column":59},"end":{"line":3,"column":60}},"loc":{"start":{"line":3,"column":75},"end":{"line":9,"column":1}},"line":3}},"branchMap":{},"s":{"0":0,"1":0},"f":{"0":0},"b":{}}
,"/home/runner/work/profile-management/profile-management/components/Layout/CommonFinancialInfo.tsx": {"path":"/home/runner/work/profile-management/profile-management/components/Layout/CommonFinancialInfo.tsx","statementMap":{"0":{"start":{"line":14,"column":5},"end":{"line":217,"column":1}},"1":{"start":{"line":15,"column":17},"end":{"line":15,"column":28}},"2":{"start":{"line":16,"column":19},"end":{"line":16,"column":34}},"3":{"start":{"line":17,"column":44},"end":{"line":19,"column":3}},"4":{"start":{"line":22,"column":4},"end":{"line":22,"column":31}},"5":{"start":{"line":23,"column":52},"end":{"line":23,"column":79}},"6":{"start":{"line":25,"column":4},"end":{"line":25,"column":31}},"7":{"start":{"line":27,"column":32},"end":{"line":27,"column":56}},"8":{"start":{"line":28,"column":40},"end":{"line":28,"column":67}},"9":{"start":{"line":29,"column":42},"end":{"line":29,"column":69}},"10":{"start":{"line":31,"column":42},"end":{"line":33,"column":3}},"11":{"start":{"line":34,"column":52},"end":{"line":36,"column":3}},"12":{"start":{"line":37,"column":44},"end":{"line":39,"column":3}},"13":{"start":{"line":41,"column":17},"end":{"line":41,"column":50}},"14":{"start":{"line":42,"column":22},"end":{"line":42,"column":60}},"15":{"start":{"line":43,"column":18},"end":{"line":43,"column":52}},"16":{"start":{"line":44,"column":25},"end":{"line":44,"column":63}},"17":{"start":{"line":46,"column":22},"end":{"line":60,"column":3}},"18":{"start":{"line":47,"column":4},"end":{"line":47,"column":22}},"19":{"start":{"line":48,"column":4},"end":{"line":59,"column":5}},"20":{"start":{"line":56,"column":6},"end":{"line":56,"column":25}},"21":{"start":{"line":57,"column":6},"end":{"line":57,"column":30}},"22":{"start":{"line":58,"column":6},"end":{"line":58,"column":26}},"23":{"start":{"line":62,"column":23},"end":{"line":123,"column":3}},"24":{"start":{"line":63,"column":4},"end":{"line":63,"column":32}},"25":{"start":{"line":64,"column":4},"end":{"line":64,"column":22}},"26":{"start":{"line":65,"column":4},"end":{"line":65,"column":23}},"27":{"start":{"line":66,"column":4},"end":{"line":122,"column":5}},"28":{"start":{"line":67,"column":6},"end":{"line":67,"column":22}},"29":{"start":{"line":69,"column":23},"end":{"line":73,"column":7}},"30":{"start":{"line":75,"column":6},"end":{"line":75,"column":37}},"31":{"start":{"line":76,"column":6},"end":{"line":76,"column":38}},"32":{"start":{"line":77,"column":6},"end":{"line":77,"column":42}},"33":{"start":{"line":79,"column":6},"end":{"line":79,"column":31}},"34":{"start":{"line":80,"column":6},"end":{"line":80,"column":32}},"35":{"start":{"line":81,"column":6},"end":{"line":81,"column":27}},"36":{"start":{"line":82,"column":6},"end":{"line":114,"column":10}},"37":{"start":{"line":92,"column":28},"end":{"line":92,"column":43}},"38":{"start":{"line":94,"column":10},"end":{"line":96,"column":11}},"39":{"start":{"line":95,"column":12},"end":{"line":95,"column":43}},"40":{"start":{"line":98,"column":27},"end":{"line":98,"column":50}},"41":{"start":{"line":100,"column":10},"end":{"line":113,"column":12}},"42":{"start":{"line":101,"column":12},"end":{"line":112,"column":13}},"43":{"start":{"line":102,"column":14},"end":{"line":102,"column":39}},"44":{"start":{"line":103,"column":19},"end":{"line":112,"column":13}},"45":{"start":{"line":104,"column":14},"end":{"line":104,"column":40}},"46":{"start":{"line":105,"column":19},"end":{"line":112,"column":13}},"47":{"start":{"line":106,"column":14},"end":{"line":106,"column":44}},"48":{"start":{"line":108,"column":14},"end":{"line":108,"column":33}},"49":{"start":{"line":109,"column":14},"end":{"line":111,"column":15}},"50":{"start":{"line":110,"column":16},"end":{"line":110,"column":43}},"51":{"start":{"line":118,"column":6},"end":{"line":118,"column":23}},"52":{"start":{"line":119,"column":6},"end":{"line":119,"column":73}},"53":{"start":{"line":121,"column":6},"end":{"line":121,"column":23}},"54":{"start":{"line":124,"column":2},"end":{"line":216,"column":3}},"55":{"start":{"line":144,"column":31},"end":{"line":144,"column":62}},"56":{"start":{"line":158,"column":31},"end":{"line":158,"column":67}},"57":{"start":{"line":171,"column":31},"end":{"line":171,"column":63}}},"fnMap":{"0":{"name":"(anonymous_0)","decl":{"start":{"line":14,"column":5},"end":{"line":14,"column":6}},"loc":{"start":{"line":14,"column":31},"end":{"line":217,"column":1}},"line":14},"1":{"name":"(anonymous_1)","decl":{"start":{"line":46,"column":22},"end":{"line":46,"column":23}},"loc":{"start":{"line":46,"column":35},"end":{"line":60,"column":3}},"line":46},"2":{"name":"(anonymous_2)","decl":{"start":{"line":62,"column":23},"end":{"line":62,"column":24}},"loc":{"start":{"line":62,"column":36},"end":{"line":123,"column":3}},"line":62},"3":{"name":"(anonymous_3)","decl":{"start":{"line":92,"column":14},"end":{"line":92,"column":15}},"loc":{"start":{"line":92,"column":28},"end":{"line":92,"column":43}},"line":92},"4":{"name":"(anonymous_4)","decl":{"start":{"line":93,"column":14},"end":{"line":93,"column":15}},"loc":{"start":{"line":93,"column":24},"end":{"line":114,"column":9}},"line":93},"5":{"name":"(anonymous_5)","decl":{"start":{"line":100,"column":27},"end":{"line":100,"column":28}},"loc":{"start":{"line":100,"column":36},"end":{"line":113,"column":11}},"line":100},"6":{"name":"(anonymous_6)","decl":{"start":{"line":144,"column":24},"end":{"line":144,"column":25}},"loc":{"start":{"line":144,"column":31},"end":{"line":144,"column":62}},"line":144},"7":{"name":"(anonymous_7)","decl":{"start":{"line":158,"column":24},"end":{"line":158,"column":25}},"loc":{"start":{"line":158,"column":31},"end":{"line":158,"column":67}},"line":158},"8":{"name":"(anonymous_8)","decl":{"start":{"line":171,"column":24},"end":{"line":171,"column":25}},"loc":{"start":{"line":171,"column":31},"end":{"line":171,"column":63}},"line":171}},"branchMap":{"0":{"loc":{"start":{"line":18,"column":4},"end":{"line":18,"column":71}},"type":"cond-expr","locations":[{"start":{"line":18,"column":37},"end":{"line":18,"column":59}},{"start":{"line":18,"column":62},"end":{"line":18,"column":71}}],"line":18},"1":{"loc":{"start":{"line":32,"column":4},"end":{"line":32,"column":52}},"type":"cond-expr","locations":[{"start":{"line":32,"column":20},"end":{"line":32,"column":47}},{"start":{"line":32,"column":50},"end":{"line":32,"column":52}}],"line":32},"2":{"loc":{"start":{"line":35,"column":4},"end":{"line":35,"column":56}},"type":"cond-expr","locations":[{"start":{"line":35,"column":20},"end":{"line":35,"column":51}},{"start":{"line":35,"column":54},"end":{"line":35,"column":56}}],"line":35},"3":{"loc":{"start":{"line":38,"column":4},"end":{"line":38,"column":52}},"type":"cond-expr","locations":[{"start":{"line":38,"column":20},"end":{"line":38,"column":47}},{"start":{"line":38,"column":50},"end":{"line":38,"column":52}}],"line":38},"4":{"loc":{"start":{"line":48,"column":4},"end":{"line":59,"column":5}},"type":"if","locations":[{"start":{"line":48,"column":4},"end":{"line":59,"column":5}},{"start":{"line":48,"column":4},"end":{"line":59,"column":5}}],"line":48},"5":{"loc":{"start":{"line":85,"column":18},"end":{"line":85,"column":49}},"type":"cond-expr","locations":[{"start":{"line":85,"column":35},"end":{"line":85,"column":41}},{"start":{"line":85,"column":44},"end":{"line":85,"column":49}}],"line":85},"6":{"loc":{"start":{"line":94,"column":10},"end":{"line":96,"column":11}},"type":"if","locations":[{"start":{"line":94,"column":10},"end":{"line":96,"column":11}},{"start":{"line":94,"column":10},"end":{"line":96,"column":11}}],"line":94},"7":{"loc":{"start":{"line":101,"column":12},"end":{"line":112,"column":13}},"type":"if","locations":[{"start":{"line":101,"column":12},"end":{"line":112,"column":13}},{"start":{"line":101,"column":12},"end":{"line":112,"column":13}}],"line":101},"8":{"loc":{"start":{"line":103,"column":19},"end":{"line":112,"column":13}},"type":"if","locations":[{"start":{"line":103,"column":19},"end":{"line":112,"column":13}},{"start":{"line":103,"column":19},"end":{"line":112,"column":13}}],"line":103},"9":{"loc":{"start":{"line":105,"column":19},"end":{"line":112,"column":13}},"type":"if","locations":[{"start":{"line":105,"column":19},"end":{"line":112,"column":13}},{"start":{"line":105,"column":19},"end":{"line":112,"column":13}}],"line":105},"10":{"loc":{"start":{"line":109,"column":14},"end":{"line":111,"column":15}},"type":"if","locations":[{"start":{"line":109,"column":14},"end":{"line":111,"column":15}},{"start":{"line":109,"column":14},"end":{"line":111,"column":15}}],"line":109},"11":{"loc":{"start":{"line":131,"column":9},"end":{"line":135,"column":9}},"type":"cond-expr","locations":[{"start":{"line":132,"column":10},"end":{"line":132,"column":42}},{"start":{"line":134,"column":10},"end":{"line":134,"column":41}}],"line":131},"12":{"loc":{"start":{"line":180,"column":27},"end":{"line":180,"column":69}},"type":"cond-expr","locations":[{"start":{"line":180,"column":55},"end":{"line":180,"column":64}},{"start":{"line":180,"column":67},"end":{"line":180,"column":69}}],"line":180},"13":{"loc":{"start":{"line":184,"column":27},"end":{"line":184,"column":68}},"type":"cond-expr","locations":[{"start":{"line":184,"column":56},"end":{"line":184,"column":63}},{"start":{"line":184,"column":66},"end":{"line":184,"column":68}}],"line":184},"14":{"loc":{"start":{"line":188,"column":13},"end":{"line":206,"column":13}},"type":"cond-expr","locations":[{"start":{"line":189,"column":14},"end":{"line":189,"column":16}},{"start":{"line":191,"column":14},"end":{"line":205,"column":20}}],"line":188}},"s":{"0":1,"1":2,"2":2,"3":2,"4":2,"5":2,"6":2,"7":2,"8":2,"9":2,"10":2,"11":2,"12":2,"13":2,"14":2,"15":2,"16":2,"17":2,"18":0,"19":0,"20":0,"21":0,"22":0,"23":2,"24":0,"25":0,"26":0,"27":0,"28":0,"29":0,"30":0,"31":0,"32":0,"33":0,"34":0,"35":0,"36":0,"37":0,"38":0,"39":0,"40":0,"41":0,"42":0,"43":0,"44":0,"45":0,"46":0,"47":0,"48":0,"49":0,"50":0,"51":0,"52":0,"53":0,"54":2,"55":0,"56":0,"57":0},"f":{"0":2,"1":0,"2":0,"3":0,"4":0,"5":0,"6":0,"7":0,"8":0},"b":{"0":[0,2],"1":[0,2],"2":[0,2],"3":[0,2],"4":[0,0],"5":[0,0],"6":[0,0],"7":[0,0],"8":[0,0],"9":[0,0],"10":[0,0],"11":[1,1],"12":[0,2],"13":[0,2],"14":[1,1]},"_coverageSchema":"1a1c01bbd47fc00a2c39e90264f33305004495a9","hash":"0e46915cae2c8001b93a66b2629767418b4adaa5"}
,"/home/runner/work/profile-management/profile-management/components/Layout/ContactInfo.tsx": {"path":"/home/runner/work/profile-management/profile-management/components/Layout/ContactInfo.tsx","statementMap":{"0":{"start":{"line":4,"column":59},"end":{"line":20,"column":1}},"1":{"start":{"line":5,"column":17},"end":{"line":5,"column":28}},"2":{"start":{"line":6,"column":19},"end":{"line":6,"column":34}},"3":{"start":{"line":7,"column":2},"end":{"line":19,"column":3}},"4":{"start":{"line":13,"column":26},"end":{"line":13,"column":74}}},"fnMap":{"0":{"name":"(anonymous_0)","decl":{"start":{"line":4,"column":59},"end":{"line":4,"column":60}},"loc":{"start":{"line":4,"column":75},"end":{"line":20,"column":1}},"line":4},"1":{"name":"(anonymous_1)","decl":{"start":{"line":13,"column":19},"end":{"line":13,"column":20}},"loc":{"start":{"line":13,"column":26},"end":{"line":13,"column":74}},"line":13}},"branchMap":{"0":{"loc":{"start":{"line":12,"column":28},"end":{"line":12,"column":66}},"type":"cond-expr","locations":[{"start":{"line":12,"column":37},"end":{"line":12,"column":50}},{"start":{"line":12,"column":53},"end":{"line":12,"column":66}}],"line":12}},"s":{"0":0,"1":0,"2":0,"3":0,"4":0},"f":{"0":0,"1":0},"b":{"0":[0,0]}}
,"/home/runner/work/profile-management/profile-management/components/Layout/FinancialInfo.tsx": {"path":"/home/runner/work/profile-management/profile-management/components/Layout/FinancialInfo.tsx","statementMap":{"0":{"start":{"line":5,"column":61},"end":{"line":40,"column":1}},"1":{"start":{"line":6,"column":17},"end":{"line":6,"column":28}},"2":{"start":{"line":7,"column":19},"end":{"line":7,"column":34}},"3":{"start":{"line":8,"column":2},"end":{"line":39,"column":3}},"4":{"start":{"line":14,"column":26},"end":{"line":14,"column":76}}},"fnMap":{"0":{"name":"(anonymous_0)","decl":{"start":{"line":5,"column":61},"end":{"line":5,"column":62}},"loc":{"start":{"line":5,"column":77},"end":{"line":40,"column":1}},"line":5},"1":{"name":"(anonymous_1)","decl":{"start":{"line":14,"column":19},"end":{"line":14,"column":20}},"loc":{"start":{"line":14,"column":26},"end":{"line":14,"column":76}},"line":14}},"branchMap":{"0":{"loc":{"start":{"line":13,"column":28},"end":{"line":13,"column":66}},"type":"cond-expr","locations":[{"start":{"line":13,"column":37},"end":{"line":13,"column":50}},{"start":{"line":13,"column":53},"end":{"line":13,"column":66}}],"line":13}},"s":{"0":1,"1":2,"2":2,"3":2,"4":0},"f":{"0":2,"1":0},"b":{"0":[1,1]},"_coverageSchema":"1a1c01bbd47fc00a2c39e90264f33305004495a9","hash":"3791e3e0115dcc02f509940493daf36abf3a8fa0"}
,"/home/runner/work/profile-management/profile-management/components/Layout/Footer.tsx": {"path":"/home/runner/work/profile-management/profile-management/components/Layout/Footer.tsx","statementMap":{"0":{"start":{"line":5,"column":22},"end":{"line":128,"column":1}},"1":{"start":{"line":6,"column":2},"end":{"line":127,"column":11}}},"fnMap":{"0":{"name":"(anonymous_0)","decl":{"start":{"line":5,"column":22},"end":{"line":5,"column":23}},"loc":{"start":{"line":6,"column":2},"end":{"line":127,"column":11}},"line":6}},"branchMap":{},"s":{"0":2,"1":3},"f":{"0":3},"b":{},"_coverageSchema":"1a1c01bbd47fc00a2c39e90264f33305004495a9","hash":"367736d30ae70cd21fd2b4d215e9db5f175f00a4"}
,"/home/runner/work/profile-management/profile-management/components/Layout/Header.tsx": {"path":"/home/runner/work/profile-management/profile-management/components/Layout/Header.tsx","statementMap":{"0":{"start":{"line":5,"column":22},"end":{"line":46,"column":1}},"1":{"start":{"line":6,"column":2},"end":{"line":45,"column":11}}},"fnMap":{"0":{"name":"(anonymous_0)","decl":{"start":{"line":5,"column":22},"end":{"line":5,"column":23}},"loc":{"start":{"line":6,"column":2},"end":{"line":45,"column":11}},"line":6}},"branchMap":{},"s":{"0":2,"1":3},"f":{"0":3},"b":{},"_coverageSchema":"1a1c01bbd47fc00a2c39e90264f33305004495a9","hash":"7e3c97621b002fbcf5e6bd56ac6a786226e9b979"}
,"/home/runner/work/profile-management/profile-management/components/Layout/UserPreferences.tsx": {"path":"/home/runner/work/profile-management/profile-management/components/Layout/UserPreferences.tsx","statementMap":{"0":{"start":{"line":4,"column":63},"end":{"line":20,"column":1}},"1":{"start":{"line":5,"column":17},"end":{"line":5,"column":28}},"2":{"start":{"line":6,"column":19},"end":{"line":6,"column":34}},"3":{"start":{"line":7,"column":2},"end":{"line":19,"column":3}},"4":{"start":{"line":13,"column":26},"end":{"line":13,"column":78}}},"fnMap":{"0":{"name":"(anonymous_0)","decl":{"start":{"line":4,"column":63},"end":{"line":4,"column":64}},"loc":{"start":{"line":4,"column":79},"end":{"line":20,"column":1}},"line":4},"1":{"name":"(anonymous_1)","decl":{"start":{"line":13,"column":19},"end":{"line":13,"column":20}},"loc":{"start":{"line":13,"column":26},"end":{"line":13,"column":78}},"line":13}},"branchMap":{"0":{"loc":{"start":{"line":12,"column":28},"end":{"line":12,"column":66}},"type":"cond-expr","locations":[{"start":{"line":12,"column":37},"end":{"line":12,"column":50}},{"start":{"line":12,"column":53},"end":{"line":12,"column":66}}],"line":12}},"s":{"0":0,"1":0,"2":0,"3":0,"4":0},"f":{"0":0,"1":0},"b":{"0":[0,0]}}
,"/home/runner/work/profile-management/profile-management/components/Layout/commonContactInfo.tsx": {"path":"/home/runner/work/profile-management/profile-management/components/Layout/commonContactInfo.tsx","statementMap":{"0":{"start":{"line":12,"column":28},"end":{"line":12,"column":29}},"1":{"start":{"line":13,"column":24},"end":{"line":13,"column":25}},"2":{"start":{"line":16,"column":2},"end":{"line":565,"column":3}},"3":{"start":{"line":17,"column":19},"end":{"line":17,"column":30}},"4":{"start":{"line":18,"column":21},"end":{"line":18,"column":36}},"5":{"start":{"line":20,"column":42},"end":{"line":22,"column":5}},"6":{"start":{"line":24,"column":27},"end":{"line":24,"column":65}},"7":{"start":{"line":26,"column":58},"end":{"line":30,"column":5}},"8":{"start":{"line":32,"column":52},"end":{"line":32,"column":79}},"9":{"start":{"line":33,"column":49},"end":{"line":33,"column":76}},"10":{"start":{"line":34,"column":48},"end":{"line":34,"column":75}},"11":{"start":{"line":35,"column":50},"end":{"line":35,"column":77}},"12":{"start":{"line":36,"column":38},"end":{"line":36,"column":65}},"13":{"start":{"line":37,"column":40},"end":{"line":37,"column":67}},"14":{"start":{"line":38,"column":40},"end":{"line":38,"column":67}},"15":{"start":{"line":39,"column":44},"end":{"line":39,"column":71}},"16":{"start":{"line":41,"column":42},"end":{"line":41,"column":69}},"17":{"start":{"line":42,"column":44},"end":{"line":42,"column":71}},"18":{"start":{"line":44,"column":34},"end":{"line":44,"column":58}},"19":{"start":{"line":46,"column":20},"end":{"line":49,"column":5}},"20":{"start":{"line":51,"column":33},"end":{"line":53,"column":5}},"21":{"start":{"line":52,"column":6},"end":{"line":52,"column":55}},"22":{"start":{"line":55,"column":40},"end":{"line":57,"column":5}},"23":{"start":{"line":56,"column":6},"end":{"line":56,"column":76}},"24":{"start":{"line":59,"column":30},"end":{"line":61,"column":5}},"25":{"start":{"line":62,"column":30},"end":{"line":64,"column":5}},"26":{"start":{"line":66,"column":44},"end":{"line":72,"column":5}},"27":{"start":{"line":73,"column":38},"end":{"line":79,"column":5}},"28":{"start":{"line":80,"column":40},"end":{"line":86,"column":5}},"29":{"start":{"line":87,"column":40},"end":{"line":93,"column":5}},"30":{"start":{"line":94,"column":28},"end":{"line":100,"column":5}},"31":{"start":{"line":102,"column":34},"end":{"line":108,"column":5}},"32":{"start":{"line":110,"column":50},"end":{"line":116,"column":5}},"33":{"start":{"line":118,"column":58},"end":{"line":124,"column":5}},"34":{"start":{"line":125,"column":52},"end":{"line":131,"column":5}},"35":{"start":{"line":132,"column":54},"end":{"line":138,"column":5}},"36":{"start":{"line":139,"column":54},"end":{"line":145,"column":5}},"37":{"start":{"line":146,"column":42},"end":{"line":152,"column":5}},"38":{"start":{"line":153,"column":48},"end":{"line":159,"column":5}},"39":{"start":{"line":161,"column":6},"end":{"line":167,"column":7}},"40":{"start":{"line":168,"column":24},"end":{"line":191,"column":5}},"41":{"start":{"line":169,"column":6},"end":{"line":169,"column":24}},"42":{"start":{"line":170,"column":6},"end":{"line":190,"column":7}},"43":{"start":{"line":175,"column":8},"end":{"line":175,"column":20}},"44":{"start":{"line":176,"column":8},"end":{"line":176,"column":20}},"45":{"start":{"line":177,"column":8},"end":{"line":177,"column":27}},"46":{"start":{"line":178,"column":8},"end":{"line":178,"column":25}},"47":{"start":{"line":179,"column":8},"end":{"line":179,"column":24}},"48":{"start":{"line":180,"column":8},"end":{"line":180,"column":19}},"49":{"start":{"line":181,"column":8},"end":{"line":181,"column":25}},"50":{"start":{"line":182,"column":8},"end":{"line":182,"column":22}},"51":{"start":{"line":183,"column":8},"end":{"line":183,"column":34}},"52":{"start":{"line":184,"column":8},"end":{"line":184,"column":32}},"53":{"start":{"line":185,"column":8},"end":{"line":185,"column":31}},"54":{"start":{"line":186,"column":8},"end":{"line":186,"column":26}},"55":{"start":{"line":187,"column":8},"end":{"line":187,"column":32}},"56":{"start":{"line":188,"column":8},"end":{"line":188,"column":29}},"57":{"start":{"line":189,"column":8},"end":{"line":189,"column":33}},"58":{"start":{"line":193,"column":38},"end":{"line":216,"column":5}},"59":{"start":{"line":194,"column":6},"end":{"line":215,"column":7}},"60":{"start":{"line":195,"column":8},"end":{"line":214,"column":9}},"61":{"start":{"line":201,"column":10},"end":{"line":201,"column":75}},"62":{"start":{"line":202,"column":10},"end":{"line":202,"column":71}},"63":{"start":{"line":203,"column":10},"end":{"line":203,"column":69}},"64":{"start":{"line":204,"column":10},"end":{"line":204,"column":59}},"65":{"start":{"line":205,"column":10},"end":{"line":205,"column":71}},"66":{"start":{"line":206,"column":10},"end":{"line":206,"column":69}},"67":{"start":{"line":208,"column":10},"end":{"line":208,"column":36}},"68":{"start":{"line":209,"column":10},"end":{"line":209,"column":34}},"69":{"start":{"line":210,"column":10},"end":{"line":210,"column":33}},"70":{"start":{"line":211,"column":10},"end":{"line":211,"column":28}},"71":{"start":{"line":212,"column":10},"end":{"line":212,"column":34}},"72":{"start":{"line":213,"column":10},"end":{"line":213,"column":31}},"73":{"start":{"line":218,"column":25},"end":{"line":321,"column":5}},"74":{"start":{"line":219,"column":6},"end":{"line":219,"column":24}},"75":{"start":{"line":220,"column":6},"end":{"line":220,"column":25}},"76":{"start":{"line":221,"column":6},"end":{"line":320,"column":7}},"77":{"start":{"line":222,"column":8},"end":{"line":222,"column":24}},"78":{"start":{"line":223,"column":25},"end":{"line":258,"column":9}},"79":{"start":{"line":260,"column":8},"end":{"line":260,"column":38}},"80":{"start":{"line":261,"column":8},"end":{"line":261,"column":37}},"81":{"start":{"line":262,"column":8},"end":{"line":262,"column":36}},"82":{"start":{"line":263,"column":8},"end":{"line":263,"column":37}},"83":{"start":{"line":264,"column":8},"end":{"line":264,"column":31}},"84":{"start":{"line":265,"column":8},"end":{"line":265,"column":34}},"85":{"start":{"line":266,"column":8},"end":{"line":266,"column":32}},"86":{"start":{"line":267,"column":8},"end":{"line":267,"column":32}},"87":{"start":{"line":268,"column":8},"end":{"line":268,"column":33}},"88":{"start":{"line":269,"column":8},"end":{"line":269,"column":34}},"89":{"start":{"line":271,"column":8},"end":{"line":311,"column":12}},"90":{"start":{"line":281,"column":30},"end":{"line":281,"column":45}},"91":{"start":{"line":283,"column":12},"end":{"line":285,"column":13}},"92":{"start":{"line":284,"column":14},"end":{"line":284,"column":45}},"93":{"start":{"line":286,"column":29},"end":{"line":286,"column":52}},"94":{"start":{"line":287,"column":12},"end":{"line":310,"column":14}},"95":{"start":{"line":288,"column":14},"end":{"line":309,"column":15}},"96":{"start":{"line":289,"column":16},"end":{"line":289,"column":39}},"97":{"start":{"line":290,"column":21},"end":{"line":309,"column":15}},"98":{"start":{"line":291,"column":16},"end":{"line":291,"column":40}},"99":{"start":{"line":292,"column":21},"end":{"line":309,"column":15}},"100":{"start":{"line":293,"column":16},"end":{"line":293,"column":38}},"101":{"start":{"line":294,"column":21},"end":{"line":309,"column":15}},"102":{"start":{"line":295,"column":16},"end":{"line":295,"column":33}},"103":{"start":{"line":296,"column":21},"end":{"line":309,"column":15}},"104":{"start":{"line":297,"column":16},"end":{"line":297,"column":39}},"105":{"start":{"line":298,"column":21},"end":{"line":309,"column":15}},"106":{"start":{"line":299,"column":16},"end":{"line":299,"column":34}},"107":{"start":{"line":300,"column":21},"end":{"line":309,"column":15}},"108":{"start":{"line":301,"column":16},"end":{"line":301,"column":34}},"109":{"start":{"line":302,"column":21},"end":{"line":309,"column":15}},"110":{"start":{"line":303,"column":16},"end":{"line":303,"column":36}},"111":{"start":{"line":305,"column":16},"end":{"line":305,"column":35}},"112":{"start":{"line":306,"column":16},"end":{"line":308,"column":17}},"113":{"start":{"line":307,"column":18},"end":{"line":307,"column":43}},"114":{"start":{"line":315,"column":8},"end":{"line":315,"column":25}},"115":{"start":{"line":316,"column":8},"end":{"line":316,"column":75}},"116":{"start":{"line":317,"column":8},"end":{"line":317,"column":30}},"117":{"start":{"line":319,"column":8},"end":{"line":319,"column":25}},"118":{"start":{"line":322,"column":4},"end":{"line":564,"column":5}},"119":{"start":{"line":338,"column":31},"end":{"line":338,"column":62}},"120":{"start":{"line":350,"column":31},"end":{"line":350,"column":60}},"121":{"start":{"line":361,"column":31},"end":{"line":361,"column":59}},"122":{"start":{"line":371,"column":31},"end":{"line":371,"column":60}},"123":{"start":{"line":382,"column":31},"end":{"line":382,"column":54}},"124":{"start":{"line":396,"column":50},"end":{"line":396,"column":74}},"125":{"start":{"line":413,"column":20},"end":{"line":413,"column":64}},"126":{"start":{"line":414,"column":20},"end":{"line":414,"column":61}},"127":{"start":{"line":430,"column":35},"end":{"line":430,"column":73}},"128":{"start":{"line":441,"column":35},"end":{"line":441,"column":71}},"129":{"start":{"line":452,"column":35},"end":{"line":452,"column":70}},"130":{"start":{"line":462,"column":35},"end":{"line":462,"column":71}},"131":{"start":{"line":473,"column":35},"end":{"line":473,"column":65}},"132":{"start":{"line":494,"column":34},"end":{"line":494,"column":65}},"133":{"start":{"line":512,"column":31},"end":{"line":512,"column":55}},"134":{"start":{"line":523,"column":31},"end":{"line":523,"column":55}}},"fnMap":{"0":{"name":"(anonymous_0)","decl":{"start":{"line":16,"column":2},"end":{"line":16,"column":3}},"loc":{"start":{"line":16,"column":28},"end":{"line":565,"column":3}},"line":16},"1":{"name":"(anonymous_1)","decl":{"start":{"line":51,"column":33},"end":{"line":51,"column":34}},"loc":{"start":{"line":51,"column":46},"end":{"line":53,"column":5}},"line":51},"2":{"name":"(anonymous_2)","decl":{"start":{"line":55,"column":40},"end":{"line":55,"column":41}},"loc":{"start":{"line":55,"column":60},"end":{"line":57,"column":5}},"line":55},"3":{"name":"(anonymous_3)","decl":{"start":{"line":168,"column":24},"end":{"line":168,"column":25}},"loc":{"start":{"line":168,"column":37},"end":{"line":191,"column":5}},"line":168},"4":{"name":"(anonymous_4)","decl":{"start":{"line":193,"column":38},"end":{"line":193,"column":39}},"loc":{"start":{"line":193,"column":63},"end":{"line":216,"column":5}},"line":193},"5":{"name":"(anonymous_5)","decl":{"start":{"line":218,"column":25},"end":{"line":218,"column":26}},"loc":{"start":{"line":218,"column":38},"end":{"line":321,"column":5}},"line":218},"6":{"name":"(anonymous_6)","decl":{"start":{"line":281,"column":16},"end":{"line":281,"column":17}},"loc":{"start":{"line":281,"column":30},"end":{"line":281,"column":45}},"line":281},"7":{"name":"(anonymous_7)","decl":{"start":{"line":282,"column":16},"end":{"line":282,"column":17}},"loc":{"start":{"line":282,"column":26},"end":{"line":311,"column":11}},"line":282},"8":{"name":"(anonymous_8)","decl":{"start":{"line":287,"column":29},"end":{"line":287,"column":30}},"loc":{"start":{"line":287,"column":38},"end":{"line":310,"column":13}},"line":287},"9":{"name":"(anonymous_9)","decl":{"start":{"line":338,"column":24},"end":{"line":338,"column":25}},"loc":{"start":{"line":338,"column":31},"end":{"line":338,"column":62}},"line":338},"10":{"name":"(anonymous_10)","decl":{"start":{"line":350,"column":24},"end":{"line":350,"column":25}},"loc":{"start":{"line":350,"column":31},"end":{"line":350,"column":60}},"line":350},"11":{"name":"(anonymous_11)","decl":{"start":{"line":361,"column":24},"end":{"line":361,"column":25}},"loc":{"start":{"line":361,"column":31},"end":{"line":361,"column":59}},"line":361},"12":{"name":"(anonymous_12)","decl":{"start":{"line":371,"column":24},"end":{"line":371,"column":25}},"loc":{"start":{"line":371,"column":31},"end":{"line":371,"column":60}},"line":371},"13":{"name":"(anonymous_13)","decl":{"start":{"line":382,"column":24},"end":{"line":382,"column":25}},"loc":{"start":{"line":382,"column":31},"end":{"line":382,"column":54}},"line":382},"14":{"name":"(anonymous_14)","decl":{"start":{"line":396,"column":38},"end":{"line":396,"column":39}},"loc":{"start":{"line":396,"column":50},"end":{"line":396,"column":74}},"line":396},"15":{"name":"(anonymous_15)","decl":{"start":{"line":412,"column":28},"end":{"line":412,"column":29}},"loc":{"start":{"line":412,"column":35},"end":{"line":415,"column":19}},"line":412},"16":{"name":"(anonymous_16)","decl":{"start":{"line":430,"column":28},"end":{"line":430,"column":29}},"loc":{"start":{"line":430,"column":35},"end":{"line":430,"column":73}},"line":430},"17":{"name":"(anonymous_17)","decl":{"start":{"line":441,"column":28},"end":{"line":441,"column":29}},"loc":{"start":{"line":441,"column":35},"end":{"line":441,"column":71}},"line":441},"18":{"name":"(anonymous_18)","decl":{"start":{"line":452,"column":28},"end":{"line":452,"column":29}},"loc":{"start":{"line":452,"column":35},"end":{"line":452,"column":70}},"line":452},"19":{"name":"(anonymous_19)","decl":{"start":{"line":462,"column":28},"end":{"line":462,"column":29}},"loc":{"start":{"line":462,"column":35},"end":{"line":462,"column":71}},"line":462},"20":{"name":"(anonymous_20)","decl":{"start":{"line":473,"column":28},"end":{"line":473,"column":29}},"loc":{"start":{"line":473,"column":35},"end":{"line":473,"column":65}},"line":473},"21":{"name":"(anonymous_21)","decl":{"start":{"line":494,"column":22},"end":{"line":494,"column":23}},"loc":{"start":{"line":494,"column":34},"end":{"line":494,"column":65}},"line":494},"22":{"name":"(anonymous_22)","decl":{"start":{"line":512,"column":24},"end":{"line":512,"column":25}},"loc":{"start":{"line":512,"column":31},"end":{"line":512,"column":55}},"line":512},"23":{"name":"(anonymous_23)","decl":{"start":{"line":523,"column":24},"end":{"line":523,"column":25}},"loc":{"start":{"line":523,"column":31},"end":{"line":523,"column":55}},"line":523}},"branchMap":{"0":{"loc":{"start":{"line":21,"column":6},"end":{"line":21,"column":53}},"type":"cond-expr","locations":[{"start":{"line":21,"column":25},"end":{"line":21,"column":41}},{"start":{"line":21,"column":44},"end":{"line":21,"column":53}}],"line":21},"1":{"loc":{"start":{"line":27,"column":6},"end":{"line":29,"column":15}},"type":"cond-expr","locations":[{"start":{"line":28,"column":10},"end":{"line":28,"column":75}},{"start":{"line":29,"column":10},"end":{"line":29,"column":15}}],"line":27},"2":{"loc":{"start":{"line":28,"column":10},"end":{"line":28,"column":75}},"type":"binary-expr","locations":[{"start":{"line":28,"column":10},"end":{"line":28,"column":35}},{"start":{"line":28,"column":39},"end":{"line":28,"column":75}}],"line":28},"3":{"loc":{"start":{"line":52,"column":17},"end":{"line":52,"column":54}},"type":"cond-expr","locations":[{"start":{"line":52,"column":36},"end":{"line":52,"column":38}},{"start":{"line":52,"column":41},"end":{"line":52,"column":54}}],"line":52},"4":{"loc":{"start":{"line":56,"column":24},"end":{"line":56,"column":75}},"type":"cond-expr","locations":[{"start":{"line":56,"column":50},"end":{"line":56,"column":52}},{"start":{"line":56,"column":55},"end":{"line":56,"column":75}}],"line":56},"5":{"loc":{"start":{"line":60,"column":6},"end":{"line":60,"column":42}},"type":"cond-expr","locations":[{"start":{"line":60,"column":20},"end":{"line":60,"column":37}},{"start":{"line":60,"column":40},"end":{"line":60,"column":42}}],"line":60},"6":{"loc":{"start":{"line":63,"column":6},"end":{"line":63,"column":42}},"type":"cond-expr","locations":[{"start":{"line":63,"column":20},"end":{"line":63,"column":37}},{"start":{"line":63,"column":40},"end":{"line":63,"column":42}}],"line":63},"7":{"loc":{"start":{"line":67,"column":6},"end":{"line":71,"column":12}},"type":"cond-expr","locations":[{"start":{"line":70,"column":10},"end":{"line":70,"column":51}},{"start":{"line":71,"column":10},"end":{"line":71,"column":12}}],"line":67},"8":{"loc":{"start":{"line":67,"column":6},"end":{"line":69,"column":44}},"type":"binary-expr","locations":[{"start":{"line":67,"column":6},"end":{"line":67,"column":17}},{"start":{"line":68,"column":8},"end":{"line":68,"column":33}},{"start":{"line":69,"column":8},"end":{"line":69,"column":44}}],"line":67},"9":{"loc":{"start":{"line":74,"column":6},"end":{"line":78,"column":12}},"type":"cond-expr","locations":[{"start":{"line":77,"column":10},"end":{"line":77,"column":48}},{"start":{"line":78,"column":10},"end":{"line":78,"column":12}}],"line":74},"10":{"loc":{"start":{"line":74,"column":6},"end":{"line":76,"column":44}},"type":"binary-expr","locations":[{"start":{"line":74,"column":6},"end":{"line":74,"column":17}},{"start":{"line":75,"column":8},"end":{"line":75,"column":33}},{"start":{"line":76,"column":8},"end":{"line":76,"column":44}}],"line":74},"11":{"loc":{"start":{"line":81,"column":6},"end":{"line":85,"column":12}},"type":"cond-expr","locations":[{"start":{"line":84,"column":10},"end":{"line":84,"column":49}},{"start":{"line":85,"column":10},"end":{"line":85,"column":12}}],"line":81},"12":{"loc":{"start":{"line":81,"column":6},"end":{"line":83,"column":44}},"type":"binary-expr","locations":[{"start":{"line":81,"column":6},"end":{"line":81,"column":17}},{"start":{"line":82,"column":8},"end":{"line":82,"column":33}},{"start":{"line":83,"column":8},"end":{"line":83,"column":44}}],"line":81},"13":{"loc":{"start":{"line":88,"column":6},"end":{"line":92,"column":12}},"type":"cond-expr","locations":[{"start":{"line":91,"column":10},"end":{"line":91,"column":49}},{"start":{"line":92,"column":10},"end":{"line":92,"column":12}}],"line":88},"14":{"loc":{"start":{"line":88,"column":6},"end":{"line":90,"column":44}},"type":"binary-expr","locations":[{"start":{"line":88,"column":6},"end":{"line":88,"column":17}},{"start":{"line":89,"column":8},"end":{"line":89,"column":33}},{"start":{"line":90,"column":8},"end":{"line":90,"column":44}}],"line":88},"15":{"loc":{"start":{"line":95,"column":6},"end":{"line":99,"column":12}},"type":"cond-expr","locations":[{"start":{"line":98,"column":10},"end":{"line":98,"column":43}},{"start":{"line":99,"column":10},"end":{"line":99,"column":12}}],"line":95},"16":{"loc":{"start":{"line":95,"column":6},"end":{"line":97,"column":44}},"type":"binary-expr","locations":[{"start":{"line":95,"column":6},"end":{"line":95,"column":17}},{"start":{"line":96,"column":8},"end":{"line":96,"column":33}},{"start":{"line":97,"column":8},"end":{"line":97,"column":44}}],"line":95},"17":{"loc":{"start":{"line":103,"column":6},"end":{"line":107,"column":12}},"type":"cond-expr","locations":[{"start":{"line":106,"column":10},"end":{"line":106,"column":50}},{"start":{"line":107,"column":10},"end":{"line":107,"column":12}}],"line":103},"18":{"loc":{"start":{"line":103,"column":6},"end":{"line":105,"column":44}},"type":"binary-expr","locations":[{"start":{"line":103,"column":6},"end":{"line":103,"column":17}},{"start":{"line":104,"column":8},"end":{"line":104,"column":33}},{"start":{"line":105,"column":8},"end":{"line":105,"column":44}}],"line":103},"19":{"loc":{"start":{"line":111,"column":6},"end":{"line":115,"column":12}},"type":"cond-expr","locations":[{"start":{"line":114,"column":10},"end":{"line":114,"column":54}},{"start":{"line":115,"column":10},"end":{"line":115,"column":12}}],"line":111},"20":{"loc":{"start":{"line":111,"column":6},"end":{"line":113,"column":44}},"type":"binary-expr","locations":[{"start":{"line":111,"column":6},"end":{"line":111,"column":17}},{"start":{"line":112,"column":8},"end":{"line":112,"column":33}},{"start":{"line":113,"column":8},"end":{"line":113,"column":44}}],"line":111},"21":{"loc":{"start":{"line":119,"column":6},"end":{"line":123,"column":12}},"type":"cond-expr","locations":[{"start":{"line":122,"column":10},"end":{"line":122,"column":51}},{"start":{"line":123,"column":10},"end":{"line":123,"column":12}}],"line":119},"22":{"loc":{"start":{"line":119,"column":6},"end":{"line":121,"column":44}},"type":"binary-expr","locations":[{"start":{"line":119,"column":6},"end":{"line":119,"column":17}},{"start":{"line":120,"column":8},"end":{"line":120,"column":33}},{"start":{"line":121,"column":8},"end":{"line":121,"column":44}}],"line":119},"23":{"loc":{"start":{"line":126,"column":6},"end":{"line":130,"column":12}},"type":"cond-expr","locations":[{"start":{"line":129,"column":10},"end":{"line":129,"column":48}},{"start":{"line":130,"column":10},"end":{"line":130,"column":12}}],"line":126},"24":{"loc":{"start":{"line":126,"column":6},"end":{"line":128,"column":44}},"type":"binary-expr","locations":[{"start":{"line":126,"column":6},"end":{"line":126,"column":17}},{"start":{"line":127,"column":8},"end":{"line":127,"column":33}},{"start":{"line":128,"column":8},"end":{"line":128,"column":44}}],"line":126},"25":{"loc":{"start":{"line":133,"column":6},"end":{"line":137,"column":12}},"type":"cond-expr","locations":[{"start":{"line":136,"column":10},"end":{"line":136,"column":49}},{"start":{"line":137,"column":10},"end":{"line":137,"column":12}}],"line":133},"26":{"loc":{"start":{"line":133,"column":6},"end":{"line":135,"column":44}},"type":"binary-expr","locations":[{"start":{"line":133,"column":6},"end":{"line":133,"column":17}},{"start":{"line":134,"column":8},"end":{"line":134,"column":33}},{"start":{"line":135,"column":8},"end":{"line":135,"column":44}}],"line":133},"27":{"loc":{"start":{"line":140,"column":6},"end":{"line":144,"column":12}},"type":"cond-expr","locations":[{"start":{"line":143,"column":10},"end":{"line":143,"column":49}},{"start":{"line":144,"column":10},"end":{"line":144,"column":12}}],"line":140},"28":{"loc":{"start":{"line":140,"column":6},"end":{"line":142,"column":44}},"type":"binary-expr","locations":[{"start":{"line":140,"column":6},"end":{"line":140,"column":17}},{"start":{"line":141,"column":8},"end":{"line":141,"column":33}},{"start":{"line":142,"column":8},"end":{"line":142,"column":44}}],"line":140},"29":{"loc":{"start":{"line":147,"column":6},"end":{"line":151,"column":12}},"type":"cond-expr","locations":[{"start":{"line":150,"column":10},"end":{"line":150,"column":43}},{"start":{"line":151,"column":10},"end":{"line":151,"column":12}}],"line":147},"30":{"loc":{"start":{"line":147,"column":6},"end":{"line":149,"column":44}},"type":"binary-expr","locations":[{"start":{"line":147,"column":6},"end":{"line":147,"column":17}},{"start":{"line":148,"column":8},"end":{"line":148,"column":33}},{"start":{"line":149,"column":8},"end":{"line":149,"column":44}}],"line":147},"31":{"loc":{"start":{"line":154,"column":6},"end":{"line":158,"column":12}},"type":"cond-expr","locations":[{"start":{"line":157,"column":10},"end":{"line":157,"column":50}},{"start":{"line":158,"column":10},"end":{"line":158,"column":12}}],"line":154},"32":{"loc":{"start":{"line":154,"column":6},"end":{"line":156,"column":44}},"type":"binary-expr","locations":[{"start":{"line":154,"column":6},"end":{"line":154,"column":17}},{"start":{"line":155,"column":8},"end":{"line":155,"column":33}},{"start":{"line":156,"column":8},"end":{"line":156,"column":44}}],"line":154},"33":{"loc":{"start":{"line":162,"column":8},"end":{"line":166,"column":14}},"type":"cond-expr","locations":[{"start":{"line":165,"column":12},"end":{"line":165,"column":56}},{"start":{"line":166,"column":12},"end":{"line":166,"column":14}}],"line":162},"34":{"loc":{"start":{"line":162,"column":8},"end":{"line":164,"column":46}},"type":"binary-expr","locations":[{"start":{"line":162,"column":8},"end":{"line":162,"column":19}},{"start":{"line":163,"column":10},"end":{"line":163,"column":35}},{"start":{"line":164,"column":10},"end":{"line":164,"column":46}}],"line":162},"35":{"loc":{"start":{"line":170,"column":6},"end":{"line":190,"column":7}},"type":"if","locations":[{"start":{"line":170,"column":6},"end":{"line":190,"column":7}},{"start":{"line":170,"column":6},"end":{"line":190,"column":7}}],"line":170},"36":{"loc":{"start":{"line":194,"column":6},"end":{"line":215,"column":7}},"type":"if","locations":[{"start":{"line":194,"column":6},"end":{"line":215,"column":7}},{"start":{"line":194,"column":6},"end":{"line":215,"column":7}}],"line":194},"37":{"loc":{"start":{"line":195,"column":8},"end":{"line":214,"column":9}},"type":"if","locations":[{"start":{"line":195,"column":8},"end":{"line":214,"column":9}},{"start":{"line":195,"column":8},"end":{"line":214,"column":9}}],"line":195},"38":{"loc":{"start":{"line":196,"column":10},"end":{"line":199,"column":57}},"type":"binary-expr","locations":[{"start":{"line":196,"column":10},"end":{"line":196,"column":21}},{"start":{"line":197,"column":10},"end":{"line":197,"column":35}},{"start":{"line":198,"column":10},"end":{"line":198,"column":46}},{"start":{"line":199,"column":10},"end":{"line":199,"column":57}}],"line":196},"39":{"loc":{"start":{"line":226,"column":25},"end":{"line":257,"column":15}},"type":"cond-expr","locations":[{"start":{"line":227,"column":14},"end":{"line":246,"column":15}},{"start":{"line":247,"column":14},"end":{"line":257,"column":15}}],"line":226},"40":{"loc":{"start":{"line":231,"column":29},"end":{"line":231,"column":57}},"type":"cond-expr","locations":[{"start":{"line":231,"column":41},"end":{"line":231,"column":50}},{"start":{"line":231,"column":53},"end":{"line":231,"column":57}}],"line":231},"41":{"loc":{"start":{"line":240,"column":29},"end":{"line":240,"column":71}},"type":"cond-expr","locations":[{"start":{"line":240,"column":48},"end":{"line":240,"column":64}},{"start":{"line":240,"column":67},"end":{"line":240,"column":71}}],"line":240},"42":{"loc":{"start":{"line":251,"column":29},"end":{"line":251,"column":57}},"type":"cond-expr","locations":[{"start":{"line":251,"column":41},"end":{"line":251,"column":50}},{"start":{"line":251,"column":53},"end":{"line":251,"column":57}}],"line":251},"43":{"loc":{"start":{"line":274,"column":20},"end":{"line":274,"column":49}},"type":"cond-expr","locations":[{"start":{"line":274,"column":35},"end":{"line":274,"column":41}},{"start":{"line":274,"column":44},"end":{"line":274,"column":49}}],"line":274},"44":{"loc":{"start":{"line":283,"column":12},"end":{"line":285,"column":13}},"type":"if","locations":[{"start":{"line":283,"column":12},"end":{"line":285,"column":13}},{"start":{"line":283,"column":12},"end":{"line":285,"column":13}}],"line":283},"45":{"loc":{"start":{"line":288,"column":14},"end":{"line":309,"column":15}},"type":"if","locations":[{"start":{"line":288,"column":14},"end":{"line":309,"column":15}},{"start":{"line":288,"column":14},"end":{"line":309,"column":15}}],"line":288},"46":{"loc":{"start":{"line":290,"column":21},"end":{"line":309,"column":15}},"type":"if","locations":[{"start":{"line":290,"column":21},"end":{"line":309,"column":15}},{"start":{"line":290,"column":21},"end":{"line":309,"column":15}}],"line":290},"47":{"loc":{"start":{"line":292,"column":21},"end":{"line":309,"column":15}},"type":"if","locations":[{"start":{"line":292,"column":21},"end":{"line":309,"column":15}},{"start":{"line":292,"column":21},"end":{"line":309,"column":15}}],"line":292},"48":{"loc":{"start":{"line":294,"column":21},"end":{"line":309,"column":15}},"type":"if","locations":[{"start":{"line":294,"column":21},"end":{"line":309,"column":15}},{"start":{"line":294,"column":21},"end":{"line":309,"column":15}}],"line":294},"49":{"loc":{"start":{"line":296,"column":21},"end":{"line":309,"column":15}},"type":"if","locations":[{"start":{"line":296,"column":21},"end":{"line":309,"column":15}},{"start":{"line":296,"column":21},"end":{"line":309,"column":15}}],"line":296},"50":{"loc":{"start":{"line":298,"column":21},"end":{"line":309,"column":15}},"type":"if","locations":[{"start":{"line":298,"column":21},"end":{"line":309,"column":15}},{"start":{"line":298,"column":21},"end":{"line":309,"column":15}}],"line":298},"51":{"loc":{"start":{"line":300,"column":21},"end":{"line":309,"column":15}},"type":"if","locations":[{"start":{"line":300,"column":21},"end":{"line":309,"column":15}},{"start":{"line":300,"column":21},"end":{"line":309,"column":15}}],"line":300},"52":{"loc":{"start":{"line":302,"column":21},"end":{"line":309,"column":15}},"type":"if","locations":[{"start":{"line":302,"column":21},"end":{"line":309,"column":15}},{"start":{"line":302,"column":21},"end":{"line":309,"column":15}}],"line":302},"53":{"loc":{"start":{"line":306,"column":16},"end":{"line":308,"column":17}},"type":"if","locations":[{"start":{"line":306,"column":16},"end":{"line":308,"column":17}},{"start":{"line":306,"column":16},"end":{"line":308,"column":17}}],"line":306},"54":{"loc":{"start":{"line":324,"column":9},"end":{"line":328,"column":9}},"type":"cond-expr","locations":[{"start":{"line":325,"column":10},"end":{"line":325,"column":40}},{"start":{"line":327,"column":10},"end":{"line":327,"column":39}}],"line":324},"55":{"loc":{"start":{"line":388,"column":15},"end":{"line":388,"column":77}},"type":"cond-expr","locations":[{"start":{"line":388,"column":30},"end":{"line":388,"column":72}},{"start":{"line":388,"column":75},"end":{"line":388,"column":77}}],"line":388},"56":{"loc":{"start":{"line":421,"column":13},"end":{"line":504,"column":13}},"type":"cond-expr","locations":[{"start":{"line":422,"column":14},"end":{"line":501,"column":20}},{"start":{"line":503,"column":14},"end":{"line":503,"column":16}}],"line":421},"57":{"loc":{"start":{"line":479,"column":19},"end":{"line":483,"column":19}},"type":"cond-expr","locations":[{"start":{"line":480,"column":20},"end":{"line":480,"column":62}},{"start":{"line":482,"column":20},"end":{"line":482,"column":22}}],"line":479},"58":{"loc":{"start":{"line":529,"column":27},"end":{"line":529,"column":69}},"type":"cond-expr","locations":[{"start":{"line":529,"column":55},"end":{"line":529,"column":64}},{"start":{"line":529,"column":67},"end":{"line":529,"column":69}}],"line":529},"59":{"loc":{"start":{"line":533,"column":27},"end":{"line":533,"column":68}},"type":"cond-expr","locations":[{"start":{"line":533,"column":56},"end":{"line":533,"column":63}},{"start":{"line":533,"column":66},"end":{"line":533,"column":68}}],"line":533},"60":{"loc":{"start":{"line":537,"column":13},"end":{"line":555,"column":13}},"type":"cond-expr","locations":[{"start":{"line":538,"column":14},"end":{"line":538,"column":16}},{"start":{"line":540,"column":14},"end":{"line":554,"column":20}}],"line":537},"61":{"loc":{"start":{"line":545,"column":28},"end":{"line":545,"column":43}},"type":"binary-expr","locations":[{"start":{"line":545,"column":28},"end":{"line":545,"column":35}},{"start":{"line":545,"column":39},"end":{"line":545,"column":43}}],"line":545},"62":{"loc":{"start":{"line":552,"column":28},"end":{"line":552,"column":43}},"type":"binary-expr","locations":[{"start":{"line":552,"column":28},"end":{"line":552,"column":35}},{"start":{"line":552,"column":39},"end":{"line":552,"column":43}}],"line":552}},"s":{"0":0,"1":0,"2":0,"3":0,"4":0,"5":0,"6":0,"7":0,"8":0,"9":0,"10":0,"11":0,"12":0,"13":0,"14":0,"15":0,"16":0,"17":0,"18":0,"19":0,"20":0,"21":0,"22":0,"23":0,"24":0,"25":0,"26":0,"27":0,"28":0,"29":0,"30":0,"31":0,"32":0,"33":0,"34":0,"35":0,"36":0,"37":0,"38":0,"39":0,"40":0,"41":0,"42":0,"43":0,"44":0,"45":0,"46":0,"47":0,"48":0,"49":0,"50":0,"51":0,"52":0,"53":0,"54":0,"55":0,"56":0,"57":0,"58":0,"59":0,"60":0,"61":0,"62":0,"63":0,"64":0,"65":0,"66":0,"67":0,"68":0,"69":0,"70":0,"71":0,"72":0,"73":0,"74":0,"75":0,"76":0,"77":0,"78":0,"79":0,"80":0,"81":0,"82":0,"83":0,"84":0,"85":0,"86":0,"87":0,"88":0,"89":0,"90":0,"91":0,"92":0,"93":0,"94":0,"95":0,"96":0,"97":0,"98":0,"99":0,"100":0,"101":0,"102":0,"103":0,"104":0,"105":0,"106":0,"107":0,"108":0,"109":0,"110":0,"111":0,"112":0,"113":0,"114":0,"115":0,"116":0,"117":0,"118":0,"119":0,"120":0,"121":0,"122":0,"123":0,"124":0,"125":0,"126":0,"127":0,"128":0,"129":0,"130":0,"131":0,"132":0,"133":0,"134":0},"f":{"0":0,"1":0,"2":0,"3":0,"4":0,"5":0,"6":0,"7":0,"8":0,"9":0,"10":0,"11":0,"12":0,"13":0,"14":0,"15":0,"16":0,"17":0,"18":0,"19":0,"20":0,"21":0,"22":0,"23":0},"b":{"0":[0,0],"1":[0,0],"2":[0,0],"3":[0,0],"4":[0,0],"5":[0,0],"6":[0,0],"7":[0,0],"8":[0,0,0],"9":[0,0],"10":[0,0,0],"11":[0,0],"12":[0,0,0],"13":[0,0],"14":[0,0,0],"15":[0,0],"16":[0,0,0],"17":[0,0],"18":[0,0,0],"19":[0,0],"20":[0,0,0],"21":[0,0],"22":[0,0,0],"23":[0,0],"24":[0,0,0],"25":[0,0],"26":[0,0,0],"27":[0,0],"28":[0,0,0],"29":[0,0],"30":[0,0,0],"31":[0,0],"32":[0,0,0],"33":[0,0],"34":[0,0,0],"35":[0,0],"36":[0,0],"37":[0,0],"38":[0,0,0,0],"39":[0,0],"40":[0,0],"41":[0,0],"42":[0,0],"43":[0,0],"44":[0,0],"45":[0,0],"46":[0,0],"47":[0,0],"48":[0,0],"49":[0,0],"50":[0,0],"51":[0,0],"52":[0,0],"53":[0,0],"54":[0,0],"55":[0,0],"56":[0,0],"57":[0,0],"58":[0,0],"59":[0,0],"60":[0,0],"61":[0,0],"62":[0,0]}}
,"/home/runner/work/profile-management/profile-management/components/Layout/commonUserPreferences.tsx": {"path":"/home/runner/work/profile-management/profile-management/components/Layout/commonUserPreferences.tsx","statementMap":{"0":{"start":{"line":15,"column":5},"end":{"line":404,"column":1}},"1":{"start":{"line":16,"column":17},"end":{"line":16,"column":28}},"2":{"start":{"line":17,"column":19},"end":{"line":17,"column":34}},"3":{"start":{"line":19,"column":25},"end":{"line":19,"column":63}},"4":{"start":{"line":21,"column":32},"end":{"line":21,"column":56}},"5":{"start":{"line":23,"column":40},"end":{"line":23,"column":67}},"6":{"start":{"line":24,"column":42},"end":{"line":24,"column":69}},"7":{"start":{"line":26,"column":34},"end":{"line":28,"column":3}},"8":{"start":{"line":31,"column":4},"end":{"line":31,"column":31}},"9":{"start":{"line":33,"column":4},"end":{"line":33,"column":31}},"10":{"start":{"line":35,"column":4},"end":{"line":35,"column":31}},"11":{"start":{"line":37,"column":4},"end":{"line":37,"column":31}},"12":{"start":{"line":39,"column":4},"end":{"line":39,"column":31}},"13":{"start":{"line":40,"column":44},"end":{"line":40,"column":71}},"14":{"start":{"line":42,"column":42},"end":{"line":46,"column":3}},"15":{"start":{"line":48,"column":32},"end":{"line":50,"column":3}},"16":{"start":{"line":49,"column":4},"end":{"line":49,"column":33}},"17":{"start":{"line":52,"column":48},"end":{"line":54,"column":3}},"18":{"start":{"line":55,"column":31},"end":{"line":57,"column":3}},"19":{"start":{"line":56,"column":4},"end":{"line":56,"column":52}},"20":{"start":{"line":60,"column":4},"end":{"line":60,"column":73}},"21":{"start":{"line":62,"column":46},"end":{"line":64,"column":3}},"22":{"start":{"line":63,"column":4},"end":{"line":63,"column":74}},"23":{"start":{"line":66,"column":54},"end":{"line":72,"column":3}},"24":{"start":{"line":74,"column":38},"end":{"line":76,"column":3}},"25":{"start":{"line":75,"column":4},"end":{"line":75,"column":58}},"26":{"start":{"line":78,"column":60},"end":{"line":80,"column":3}},"27":{"start":{"line":82,"column":41},"end":{"line":84,"column":3}},"28":{"start":{"line":83,"column":4},"end":{"line":83,"column":64}},"29":{"start":{"line":86,"column":46},"end":{"line":88,"column":3}},"30":{"start":{"line":90,"column":34},"end":{"line":92,"column":3}},"31":{"start":{"line":91,"column":4},"end":{"line":91,"column":50}},"32":{"start":{"line":94,"column":23},"end":{"line":164,"column":3}},"33":{"start":{"line":95,"column":4},"end":{"line":95,"column":22}},"34":{"start":{"line":96,"column":4},"end":{"line":96,"column":23}},"35":{"start":{"line":97,"column":4},"end":{"line":163,"column":5}},"36":{"start":{"line":98,"column":6},"end":{"line":98,"column":22}},"37":{"start":{"line":100,"column":6},"end":{"line":100,"column":40}},"38":{"start":{"line":101,"column":6},"end":{"line":101,"column":51}},"39":{"start":{"line":102,"column":6},"end":{"line":102,"column":43}},"40":{"start":{"line":103,"column":6},"end":{"line":103,"column":46}},"41":{"start":{"line":104,"column":6},"end":{"line":104,"column":39}},"42":{"start":{"line":105,"column":6},"end":{"line":105,"column":33}},"43":{"start":{"line":106,"column":6},"end":{"line":106,"column":31}},"44":{"start":{"line":107,"column":6},"end":{"line":107,"column":32}},"45":{"start":{"line":109,"column":23},"end":{"line":121,"column":7}},"46":{"start":{"line":122,"column":6},"end":{"line":155,"column":10}},"47":{"start":{"line":129,"column":28},"end":{"line":129,"column":43}},"48":{"start":{"line":131,"column":10},"end":{"line":133,"column":11}},"49":{"start":{"line":132,"column":12},"end":{"line":132,"column":43}},"50":{"start":{"line":134,"column":27},"end":{"line":134,"column":50}},"51":{"start":{"line":135,"column":10},"end":{"line":154,"column":12}},"52":{"start":{"line":136,"column":12},"end":{"line":153,"column":13}},"53":{"start":{"line":137,"column":14},"end":{"line":137,"column":42}},"54":{"start":{"line":138,"column":19},"end":{"line":153,"column":13}},"55":{"start":{"line":139,"column":14},"end":{"line":139,"column":53}},"56":{"start":{"line":140,"column":19},"end":{"line":153,"column":13}},"57":{"start":{"line":141,"column":14},"end":{"line":141,"column":45}},"58":{"start":{"line":142,"column":19},"end":{"line":153,"column":13}},"59":{"start":{"line":143,"column":14},"end":{"line":143,"column":48}},"60":{"start":{"line":144,"column":19},"end":{"line":153,"column":13}},"61":{"start":{"line":145,"column":14},"end":{"line":145,"column":41}},"62":{"start":{"line":146,"column":19},"end":{"line":153,"column":13}},"63":{"start":{"line":147,"column":14},"end":{"line":147,"column":35}},"64":{"start":{"line":149,"column":14},"end":{"line":149,"column":33}},"65":{"start":{"line":150,"column":14},"end":{"line":152,"column":15}},"66":{"start":{"line":151,"column":16},"end":{"line":151,"column":38}},"67":{"start":{"line":159,"column":6},"end":{"line":159,"column":23}},"68":{"start":{"line":160,"column":6},"end":{"line":160,"column":73}},"69":{"start":{"line":162,"column":6},"end":{"line":162,"column":23}},"70":{"start":{"line":165,"column":2},"end":{"line":403,"column":3}}},"fnMap":{"0":{"name":"(anonymous_0)","decl":{"start":{"line":15,"column":5},"end":{"line":15,"column":6}},"loc":{"start":{"line":15,"column":31},"end":{"line":404,"column":1}},"line":15},"1":{"name":"(anonymous_1)","decl":{"start":{"line":48,"column":32},"end":{"line":48,"column":33}},"loc":{"start":{"line":48,"column":50},"end":{"line":50,"column":3}},"line":48},"2":{"name":"(anonymous_2)","decl":{"start":{"line":55,"column":31},"end":{"line":55,"column":32}},"loc":{"start":{"line":55,"column":52},"end":{"line":57,"column":3}},"line":55},"3":{"name":"(anonymous_3)","decl":{"start":{"line":62,"column":46},"end":{"line":62,"column":47}},"loc":{"start":{"line":62,"column":78},"end":{"line":64,"column":3}},"line":62},"4":{"name":"(anonymous_4)","decl":{"start":{"line":74,"column":38},"end":{"line":74,"column":39}},"loc":{"start":{"line":74,"column":62},"end":{"line":76,"column":3}},"line":74},"5":{"name":"(anonymous_5)","decl":{"start":{"line":82,"column":41},"end":{"line":82,"column":42}},"loc":{"start":{"line":82,"column":68},"end":{"line":84,"column":3}},"line":82},"6":{"name":"(anonymous_6)","decl":{"start":{"line":90,"column":34},"end":{"line":90,"column":35}},"loc":{"start":{"line":90,"column":54},"end":{"line":92,"column":3}},"line":90},"7":{"name":"(anonymous_7)","decl":{"start":{"line":94,"column":23},"end":{"line":94,"column":24}},"loc":{"start":{"line":94,"column":36},"end":{"line":164,"column":3}},"line":94},"8":{"name":"(anonymous_8)","decl":{"start":{"line":129,"column":14},"end":{"line":129,"column":15}},"loc":{"start":{"line":129,"column":28},"end":{"line":129,"column":43}},"line":129},"9":{"name":"(anonymous_9)","decl":{"start":{"line":130,"column":14},"end":{"line":130,"column":15}},"loc":{"start":{"line":130,"column":24},"end":{"line":155,"column":9}},"line":130},"10":{"name":"(anonymous_10)","decl":{"start":{"line":135,"column":27},"end":{"line":135,"column":28}},"loc":{"start":{"line":135,"column":36},"end":{"line":154,"column":11}},"line":135}},"branchMap":{"0":{"loc":{"start":{"line":27,"column":4},"end":{"line":27,"column":45}},"type":"cond-expr","locations":[{"start":{"line":27,"column":20},"end":{"line":27,"column":33}},{"start":{"line":27,"column":36},"end":{"line":27,"column":45}}],"line":27},"1":{"loc":{"start":{"line":43,"column":4},"end":{"line":45,"column":56}},"type":"cond-expr","locations":[{"start":{"line":44,"column":8},"end":{"line":44,"column":29}},{"start":{"line":45,"column":8},"end":{"line":45,"column":56}}],"line":43},"2":{"loc":{"start":{"line":43,"column":4},"end":{"line":43,"column":37}},"type":"binary-expr","locations":[{"start":{"line":43,"column":4},"end":{"line":43,"column":12}},{"start":{"line":43,"column":16},"end":{"line":43,"column":37}}],"line":43},"3":{"loc":{"start":{"line":53,"column":4},"end":{"line":53,"column":44}},"type":"cond-expr","locations":[{"start":{"line":53,"column":15},"end":{"line":53,"column":39}},{"start":{"line":53,"column":42},"end":{"line":53,"column":44}}],"line":53},"4":{"loc":{"start":{"line":60,"column":21},"end":{"line":60,"column":72}},"type":"cond-expr","locations":[{"start":{"line":60,"column":32},"end":{"line":60,"column":67}},{"start":{"line":60,"column":70},"end":{"line":60,"column":72}}],"line":60},"5":{"loc":{"start":{"line":67,"column":4},"end":{"line":71,"column":12}},"type":"cond-expr","locations":[{"start":{"line":68,"column":8},"end":{"line":68,"column":9}},{"start":{"line":69,"column":8},"end":{"line":71,"column":12}}],"line":67},"6":{"loc":{"start":{"line":67,"column":4},"end":{"line":67,"column":51}},"type":"binary-expr","locations":[{"start":{"line":67,"column":4},"end":{"line":67,"column":12}},{"start":{"line":67,"column":16},"end":{"line":67,"column":51}}],"line":67},"7":{"loc":{"start":{"line":69,"column":8},"end":{"line":71,"column":12}},"type":"cond-expr","locations":[{"start":{"line":70,"column":8},"end":{"line":70,"column":9}},{"start":{"line":71,"column":8},"end":{"line":71,"column":12}}],"line":69},"8":{"loc":{"start":{"line":69,"column":8},"end":{"line":69,"column":56}},"type":"binary-expr","locations":[{"start":{"line":69,"column":8},"end":{"line":69,"column":16}},{"start":{"line":69,"column":20},"end":{"line":69,"column":56}}],"line":69},"9":{"loc":{"start":{"line":79,"column":4},"end":{"line":79,"column":50}},"type":"cond-expr","locations":[{"start":{"line":79,"column":15},"end":{"line":79,"column":45}},{"start":{"line":79,"column":48},"end":{"line":79,"column":50}}],"line":79},"10":{"loc":{"start":{"line":87,"column":4},"end":{"line":87,"column":43}},"type":"cond-expr","locations":[{"start":{"line":87,"column":15},"end":{"line":87,"column":38}},{"start":{"line":87,"column":41},"end":{"line":87,"column":43}}],"line":87},"11":{"loc":{"start":{"line":113,"column":10},"end":{"line":117,"column":18}},"type":"cond-expr","locations":[{"start":{"line":114,"column":14},"end":{"line":114,"column":18}},{"start":{"line":115,"column":14},"end":{"line":117,"column":18}}],"line":113},"12":{"loc":{"start":{"line":115,"column":14},"end":{"line":117,"column":18}},"type":"cond-expr","locations":[{"start":{"line":116,"column":14},"end":{"line":116,"column":19}},{"start":{"line":117,"column":14},"end":{"line":117,"column":18}}],"line":115},"13":{"loc":{"start":{"line":123,"column":16},"end":{"line":123,"column":42}},"type":"cond-expr","locations":[{"start":{"line":123,"column":28},"end":{"line":123,"column":34}},{"start":{"line":123,"column":37},"end":{"line":123,"column":42}}],"line":123},"14":{"loc":{"start":{"line":131,"column":10},"end":{"line":133,"column":11}},"type":"if","locations":[{"start":{"line":131,"column":10},"end":{"line":133,"column":11}},{"start":{"line":131,"column":10},"end":{"line":133,"column":11}}],"line":131},"15":{"loc":{"start":{"line":136,"column":12},"end":{"line":153,"column":13}},"type":"if","locations":[{"start":{"line":136,"column":12},"end":{"line":153,"column":13}},{"start":{"line":136,"column":12},"end":{"line":153,"column":13}}],"line":136},"16":{"loc":{"start":{"line":138,"column":19},"end":{"line":153,"column":13}},"type":"if","locations":[{"start":{"line":138,"column":19},"end":{"line":153,"column":13}},{"start":{"line":138,"column":19},"end":{"line":153,"column":13}}],"line":138},"17":{"loc":{"start":{"line":140,"column":19},"end":{"line":153,"column":13}},"type":"if","locations":[{"start":{"line":140,"column":19},"end":{"line":153,"column":13}},{"start":{"line":140,"column":19},"end":{"line":153,"column":13}}],"line":140},"18":{"loc":{"start":{"line":142,"column":19},"end":{"line":153,"column":13}},"type":"if","locations":[{"start":{"line":142,"column":19},"end":{"line":153,"column":13}},{"start":{"line":142,"column":19},"end":{"line":153,"column":13}}],"line":142},"19":{"loc":{"start":{"line":144,"column":19},"end":{"line":153,"column":13}},"type":"if","locations":[{"start":{"line":144,"column":19},"end":{"line":153,"column":13}},{"start":{"line":144,"column":19},"end":{"line":153,"column":13}}],"line":144},"20":{"loc":{"start":{"line":146,"column":19},"end":{"line":153,"column":13}},"type":"if","locations":[{"start":{"line":146,"column":19},"end":{"line":153,"column":13}},{"start":{"line":146,"column":19},"end":{"line":153,"column":13}}],"line":146},"21":{"loc":{"start":{"line":150,"column":14},"end":{"line":152,"column":15}},"type":"if","locations":[{"start":{"line":150,"column":14},"end":{"line":152,"column":15}},{"start":{"line":150,"column":14},"end":{"line":152,"column":15}}],"line":150},"22":{"loc":{"start":{"line":167,"column":7},"end":{"line":171,"column":7}},"type":"cond-expr","locations":[{"start":{"line":168,"column":8},"end":{"line":168,"column":42}},{"start":{"line":170,"column":8},"end":{"line":170,"column":41}}],"line":167},"23":{"loc":{"start":{"line":175,"column":13},"end":{"line":179,"column":13}},"type":"cond-expr","locations":[{"start":{"line":176,"column":14},"end":{"line":176,"column":64}},{"start":{"line":178,"column":14},"end":{"line":178,"column":16}}],"line":175},"24":{"loc":{"start":{"line":212,"column":13},"end":{"line":216,"column":13}},"type":"cond-expr","locations":[{"start":{"line":213,"column":14},"end":{"line":213,"column":75}},{"start":{"line":215,"column":14},"end":{"line":215,"column":16}}],"line":212},"25":{"loc":{"start":{"line":250,"column":13},"end":{"line":254,"column":13}},"type":"cond-expr","locations":[{"start":{"line":251,"column":14},"end":{"line":251,"column":67}},{"start":{"line":253,"column":14},"end":{"line":253,"column":16}}],"line":250},"26":{"loc":{"start":{"line":288,"column":13},"end":{"line":292,"column":13}},"type":"cond-expr","locations":[{"start":{"line":289,"column":14},"end":{"line":289,"column":70}},{"start":{"line":291,"column":14},"end":{"line":291,"column":16}}],"line":288},"27":{"loc":{"start":{"line":326,
[...]
,"/home/runner/work/profile-management/profile-management/components/NavigationHeader/index.tsx": {"path":"/home/runner/work/profile-management/profile-management/components/NavigationHeader/index.tsx","statementMap":{"0":{"start":{"line":5,"column":61},"end":{"line":67,"column":1}},"1":{"start":{"line":6,"column":17},"end":{"line":6,"column":28}},"2":{"start":{"line":7,"column":19},"end":{"line":7,"column":34}},"3":{"start":{"line":8,"column":2},"end":{"line":66,"column":3}}},"fnMap":{"0":{"name":"(anonymous_0)","decl":{"start":{"line":5,"column":61},"end":{"line":5,"column":62}},"loc":{"start":{"line":5,"column":75},"end":{"line":67,"column":1}},"line":5}},"branchMap":{"0":{"loc":{"start":{"line":13,"column":12},"end":{"line":15,"column":77}},"type":"cond-expr","locations":[{"start":{"line":14,"column":16},"end":{"line":14,"column":47}},{"start":{"line":15,"column":16},"end":{"line":15,"column":77}}],"line":13},"1":{"loc":{"start":{"line":24,"column":12},"end":{"line":26,"column":77}},"type":"cond-expr","locations":[{"start":{"line":25,"column":16},"end":{"line":25,"column":47}},{"start":{"line":26,"column":16},"end":{"line":26,"column":77}}],"line":24},"2":{"loc":{"start":{"line":35,"column":12},"end":{"line":37,"column":77}},"type":"cond-expr","locations":[{"start":{"line":36,"column":16},"end":{"line":36,"column":47}},{"start":{"line":37,"column":16},"end":{"line":37,"column":77}}],"line":35},"3":{"loc":{"start":{"line":46,"column":12},"end":{"line":48,"column":77}},"type":"cond-expr","locations":[{"start":{"line":47,"column":16},"end":{"line":47,"column":47}},{"start":{"line":48,"column":16},"end":{"line":48,"column":77}}],"line":46},"4":{"loc":{"start":{"line":57,"column":12},"end":{"line":59,"column":77}},"type":"cond-expr","locations":[{"start":{"line":58,"column":16},"end":{"line":58,"column":47}},{"start":{"line":59,"column":16},"end":{"line":59,"column":77}}],"line":57}},"s":{"0":2,"1":0,"2":0,"3":0},"f":{"0":0},"b":{"0":[0,0],"1":[0,0],"2":[0,0],"3":[0,0],"4":[0,0]},"_coverageSchema":"1a1c01bbd47fc00a2c39e90264f33305004495a9","hash":"6f231588cb5878905ea13ba3fb160a3717c4e989"}
,"/home/runner/work/profile-management/profile-management/components/TestHeader/index.tsx": {"path":"/home/runner/work/profile-management/profile-management/components/TestHeader/index.tsx","statementMap":{"0":{"start":{"line":1,"column":26},"end":{"line":24,"column":1}},"1":{"start":{"line":2,"column":2},"end":{"line":23,"column":8}}},"fnMap":{"0":{"name":"(anonymous_0)","decl":{"start":{"line":1,"column":26},"end":{"line":1,"column":27}},"loc":{"start":{"line":2,"column":2},"end":{"line":23,"column":8}},"line":2}},"branchMap":{},"s":{"0":2,"1":3},"f":{"0":3},"b":{},"_coverageSchema":"1a1c01bbd47fc00a2c39e90264f33305004495a9","hash":"398125024d1f600f4b8a0e8737ecc7443037131c"}
,"/home/runner/work/profile-management/profile-management/pages/_app.tsx": {"path":"/home/runner/work/profile-management/profile-management/pages/_app.tsx","statementMap":{"0":{"start":{"line":6,"column":2},"end":{"line":10,"column":3}}},"fnMap":{"0":{"name":"MyApp","decl":{"start":{"line":5,"column":9},"end":{"line":5,"column":14}},"loc":{"start":{"line":5,"column":51},"end":{"line":11,"column":1}},"line":5}},"branchMap":{},"s":{"0":0},"f":{"0":0},"b":{}}
,"/home/runner/work/profile-management/profile-management/pages/index.tsx": {"path":"/home/runner/work/profile-management/profile-management/pages/index.tsx","statementMap":{"0":{"start":{"line":9,"column":34},"end":{"line":9,"column":53}},"1":{"start":{"line":11,"column":2},"end":{"line":44,"column":3}},"2":{"start":{"line":30,"column":20},"end":{"line":30,"column":64}},"3":{"start":{"line":47,"column":34},"end":{"line":67,"column":1}},"4":{"start":{"line":48,"column":14},"end":{"line":50,"column":3}},"5":{"start":{"line":51,"column":15},"end":{"line":51,"column":31}},"6":{"start":{"line":53,"column":14},"end":{"line":53,"column":16}},"7":{"start":{"line":55,"column":2},"end":{"line":60,"column":4}},"8":{"start":{"line":56,"column":4},"end":{"line":59,"column":6}},"9":{"start":{"line":62,"column":2},"end":{"line":66,"column":3}}},"fnMap":{"0":{"name":"Home","decl":{"start":{"line":8,"column":24},"end":{"line":8,"column":28}},"loc":{"start":{"line":8,"column":39},"end":{"line":45,"column":1}},"line":8},"1":{"name":"(anonymous_1)","decl":{"start":{"line":29,"column":28},"end":{"line":29,"column":29}},"loc":{"start":{"line":29,"column":69},"end":{"line":31,"column":19}},"line":29},"2":{"name":"(anonymous_2)","decl":{"start":{"line":47,"column":34},"end":{"line":47,"column":35}},"loc":{"start":{"line":47,"column":59},"end":{"line":67,"column":1}},"line":47},"3":{"name":"(anonymous_3)","decl":{"start":{"line":55,"column":15},"end":{"line":55,"column":16}},"loc":{"start":{"line":55,"column":76},"end":{"line":60,"column":3}},"line":55}},"branchMap":{"0":{"loc":{"start":{"line":30,"column":32},"end":{"line":30,"column":63}},"type":"cond-expr","locations":[{"start":{"line":30,"column":44},"end":{"line":30,"column":51}},{"start":{"line":30,"column":54},"end":{"line":30,"column":63}}],"line":30},"1":{"loc":{"start":{"line":40,"column":22},"end":{"line":40,"column":70}},"type":"cond-expr","locations":[{"start":{"line":40,"column":33},"end":{"line":40,"column":64}},{"start":{"line":40,"column":67},"end":{"line":40,"column":70}}],"line":40}},"s":{"0":1,"1":1,"2":0,"3":1,"4":0,"5":0,"6":0,"7":0,"8":0,"9":0},"f":{"0":1,"1":0,"2":0,"3":0},"b":{"0":[0,0],"1":[0,1]},"_coverageSchema":"1a1c01bbd47fc00a2c39e90264f33305004495a9","hash":"7053852749669e80a608a0498f2f532c46490306"}
,"/home/runner/work/profile-management/profile-management/pages/api/hello.ts": {"path":"/home/runner/work/profile-management/profile-management/pages/api/hello.ts","statementMap":{"0":{"start":{"line":4,"column":2},"end":{"line":4,"column":44}}},"fnMap":{"0":{"name":"handler","decl":{"start":{"line":3,"column":24},"end":{"line":3,"column":31}},"loc":{"start":{"line":3,"column":42},"end":{"line":5,"column":1}},"line":3}},"branchMap":{},"s":{"0":0},"f":{"0":0},"b":{}}
,"/home/runner/work/profile-management/profile-management/pages/api/metrics.ts": {"path":"/home/runner/work/profile-management/profile-management/pages/api/metrics.ts","statementMap":{"0":{"start":{"line":3,"column":0},"end":{"line":3,"column":53}},"1":{"start":{"line":6,"column":2},"end":{"line":6,"column":53}},"2":{"start":{"line":7,"column":2},"end":{"line":7,"column":30}}},"fnMap":{"0":{"name":"handler","decl":{"start":{"line":5,"column":24},"end":{"line":5,"column":31}},"loc":{"start":{"line":5,"column":42},"end":{"line":8,"column":1}},"line":5}},"branchMap":{},"s":{"0":0,"1":0,"2":0},"f":{"0":0},"b":{}}
,"/home/runner/work/profile-management/profile-management/pages/benefit-status/index.tsx": {"path":"/home/runner/work/profile-management/profile-management/pages/benefit-status/index.tsx","statementMap":{"0":{"start":{"line":11,"column":17},"end":{"line":11,"column":28}},"1":{"start":{"line":12,"column":19},"end":{"line":12,"column":34}},"2":{"start":{"line":14,"column":34},"end":{"line":16,"column":3}},"3":{"start":{"line":17,"column":22},"end":{"line":36,"column":3}},"4":{"start":{"line":18,"column":4},"end":{"line":35,"column":5}},"5":{"start":{"line":37,"column":30},"end":{"line":57,"column":3}},"6":{"start":{"line":38,"column":4},"end":{"line":56,"column":6}},"7":{"start":{"line":39,"column":64},"end":{"line":39,"column":71}},"8":{"start":{"line":40,"column":6},"end":{"line":55,"column":7}},"9":{"start":{"line":59,"column":2},"end":{"line":90,"column":3}},"10":{"start":{"line":93,"column":34},"end":{"line":104,"column":1}},"11":{"start":{"line":94,"column":19},"end":{"line":96,"column":3}},"12":{"start":{"line":97,"column":15},"end":{"line":97,"column":36}},"13":{"start":{"line":99,"column":2},"end":{"line":103,"column":3}}},"fnMap":{"0":{"name":"Index","decl":{"start":{"line":10,"column":24},"end":{"line":10,"column":29}},"loc":{"start":{"line":10,"column":40},"end":{"line":91,"column":1}},"line":10},"1":{"name":"(anonymous_1)","decl":{"start":{"line":17,"column":22},"end":{"line":17,"column":23}},"loc":{"start":{"line":17,"column":28},"end":{"line":36,"column":3}},"line":17},"2":{"name":"(anonymous_2)","decl":{"start":{"line":37,"column":30},"end":{"line":37,"column":31}},"loc":{"start":{"line":37,"column":36},"end":{"line":57,"column":3}},"line":37},"3":{"name":"(anonymous_3)","decl":{"start":{"line":38,"column":24},"end":{"line":38,"column":25}},"loc":{"start":{"line":38,"column":44},"end":{"line":56,"column":5}},"line":38},"4":{"name":"(anonymous_4)","decl":{"start":{"line":93,"column":34},"end":{"line":93,"column":35}},"loc":{"start":{"line":93,"column":59},"end":{"line":104,"column":1}},"line":93}},"branchMap":{"0":{"loc":{"start":{"line":15,"column":4},"end":{"line":15,"column":68}},"type":"cond-expr","locations":[{"start":{"line":15,"column":31},"end":{"line":15,"column":56}},{"start":{"line":15,"column":59},"end":{"line":15,"column":68}}],"line":15},"1":{"loc":{"start":{"line":52,"column":13},"end":{"line":52,"column":56}},"type":"cond-expr","locations":[{"start":{"line":52,"column":29},"end":{"line":52,"column":48}},{"start":{"line":52,"column":51},"end":{"line":52,"column":56}}],"line":52},"2":{"loc":{"start":{"line":67,"column":11},"end":{"line":81,"column":11}},"type":"cond-expr","locations":[{"start":{"line":68,"column":12},"end":{"line":71,"column":18}},{"start":{"line":73,"column":12},"end":{"line":80,"column":20}}],"line":67},"3":{"loc":{"start":{"line":67,"column":11},"end":{"line":67,"column":42}},"type":"binary-expr","locations":[{"start":{"line":67,"column":11},"end":{"line":67,"column":19}},{"start":{"line":67,"column":23},"end":{"line":67,"column":42}}],"line":67},"4":{"loc":{"start":{"line":85,"column":24},"end":{"line":85,"column":75}},"type":"cond-expr","locations":[{"start":{"line":85,"column":35},"end":{"line":85,"column":69}},{"start":{"line":85,"column":72},"end":{"line":85,"column":75}}],"line":85}},"s":{"0":0,"1":0,"2":0,"3":0,"4":0,"5":0,"6":0,"7":0,"8":0,"9":0,"10":0,"11":0,"12":0,"13":0},"f":{"0":0,"1":0,"2":0,"3":0,"4":0},"b":{"0":[0,0],"1":[0,0],"2":[0,0],"3":[0,0],"4":[0,0]}}
,"/home/runner/work/profile-management/profile-management/pages/contact-info/edit.tsx": {"path":"/home/runner/work/profile-management/profile-management/pages/contact-info/edit.tsx","statementMap":{"0":{"start":{"line":4,"column":28},"end":{"line":4,"column":29}},"1":{"start":{"line":5,"column":24},"end":{"line":5,"column":25}},"2":{"start":{"line":8,"column":2},"end":{"line":8,"column":79}},"3":{"start":{"line":11,"column":34},"end":{"line":21,"column":1}},"4":{"start":{"line":12,"column":14},"end":{"line":14,"column":3}},"5":{"start":{"line":15,"column":15},"end":{"line":15,"column":31}},"6":{"start":{"line":16,"column":2},"end":{"line":20,"column":3}}},"fnMap":{"0":{"name":"Edit","decl":{"start":{"line":7,"column":24},"end":{"line":7,"column":28}},"loc":{"start":{"line":7,"column":39},"end":{"line":9,"column":1}},"line":7},"1":{"name":"(anonymous_1)","decl":{"start":{"line":11,"column":34},"end":{"line":11,"column":35}},"loc":{"start":{"line":11,"column":59},"end":{"line":21,"column":1}},"line":11}},"branchMap":{},"s":{"0":0,"1":0,"2":0,"3":0,"4":0,"5":0,"6":0},"f":{"0":0,"1":0},"b":{}}
,"/home/runner/work/profile-management/profile-management/pages/contact-info/index.tsx": {"path":"/home/runner/work/profile-management/profile-management/pages/contact-info/index.tsx","statementMap":{"0":{"start":{"line":5,"column":2},"end":{"line":5,"column":78}},"1":{"start":{"line":8,"column":34},"end":{"line":19,"column":1}},"2":{"start":{"line":9,"column":14},"end":{"line":11,"column":3}},"3":{"start":{"line":12,"column":15},"end":{"line":12,"column":31}},"4":{"start":{"line":14,"column":2},"end":{"line":18,"column":3}}},"fnMap":{"0":{"name":"Index","decl":{"start":{"line":4,"column":24},"end":{"line":4,"column":29}},"loc":{"start":{"line":4,"column":40},"end":{"line":6,"column":1}},"line":4},"1":{"name":"(anonymous_1)","decl":{"start":{"line":8,"column":34},"end":{"line":8,"column":35}},"loc":{"start":{"line":8,"column":54},"end":{"line":19,"column":1}},"line":8}},"branchMap":{},"s":{"0":0,"1":0,"2":0,"3":0,"4":0},"f":{"0":0,"1":0},"b":{}}
,"/home/runner/work/profile-management/profile-management/pages/financial-info/edit.tsx": {"path":"/home/runner/work/profile-management/profile-management/pages/financial-info/edit.tsx","statementMap":{"0":{"start":{"line":4,"column":2},"end":{"line":6,"column":3}},"1":{"start":{"line":9,"column":34},"end":{"line":20,"column":1}},"2":{"start":{"line":10,"column":14},"end":{"line":12,"column":3}},"3":{"start":{"line":13,"column":15},"end":{"line":13,"column":31}},"4":{"start":{"line":15,"column":2},"end":{"line":19,"column":3}}},"fnMap":{"0":{"name":"Edit","decl":{"start":{"line":3,"column":24},"end":{"line":3,"column":28}},"loc":{"start":{"line":3,"column":39},"end":{"line":7,"column":1}},"line":3},"1":{"name":"(anonymous_1)","decl":{"start":{"line":9,"column":34},"end":{"line":9,"column":35}},"loc":{"start":{"line":9,"column":54},"end":{"line":20,"column":1}},"line":9}},"branchMap":{},"s":{"0":1,"1":1,"2":0,"3":0,"4":0},"f":{"0":1,"1":0},"b":{},"_coverageSchema":"1a1c01bbd47fc00a2c39e90264f33305004495a9","hash":"a048d9e2eea0e5c280c74a9370ee43c49f612422"}
,"/home/runner/work/profile-management/profile-management/pages/financial-info/index.tsx": {"path":"/home/runner/work/profile-management/profile-management/pages/financial-info/index.tsx","statementMap":{"0":{"start":{"line":7,"column":17},"end":{"line":7,"column":28}},"1":{"start":{"line":8,"column":19},"end":{"line":8,"column":34}},"2":{"start":{"line":10,"column":24},"end":{"line":10,"column":46}},"3":{"start":{"line":13,"column":4},"end":{"line":13,"column":31}},"4":{"start":{"line":14,"column":52},"end":{"line":14,"column":79}},"5":{"start":{"line":16,"column":4},"end":{"line":16,"column":31}},"6":{"start":{"line":18,"column":32},"end":{"line":18,"column":56}},"7":{"start":{"line":19,"column":40},"end":{"line":19,"column":67}},"8":{"start":{"line":20,"column":42},"end":{"line":20,"column":69}},"9":{"start":{"line":22,"column":42},"end":{"line":24,"column":3}},"10":{"start":{"line":25,"column":52},"end":{"line":27,"column":3}},"11":{"start":{"line":28,"column":44},"end":{"line":30,"column":3}},"12":{"start":{"line":32,"column":17},"end":{"line":32,"column":50}},"13":{"start":{"line":33,"column":22},"end":{"line":33,"column":60}},"14":{"start":{"line":34,"column":18},"end":{"line":34,"column":52}},"15":{"start":{"line":35,"column":25},"end":{"line":35,"column":63}},"16":{"start":{"line":37,"column":2},"end":{"line":39,"column":3}},"17":{"start":{"line":42,"column":34},"end":{"line":53,"column":1}},"18":{"start":{"line":43,"column":14},"end":{"line":45,"column":3}},"19":{"start":{"line":46,"column":15},"end":{"line":46,"column":31}},"20":{"start":{"line":48,"column":2},"end":{"line":52,"column":3}}},"fnMap":{"0":{"name":"Index","decl":{"start":{"line":6,"column":24},"end":{"line":6,"column":29}},"loc":{"start":{"line":6,"column":40},"end":{"line":40,"column":1}},"line":6},"1":{"name":"(anonymous_1)","decl":{"start":{"line":42,"column":34},"end":{"line":42,"column":35}},"loc":{"start":{"line":42,"column":54},"end":{"line":53,"column":1}},"line":42}},"branchMap":{"0":{"loc":{"start":{"line":23,"column":4},"end":{"line":23,"column":52}},"type":"cond-expr","locations":[{"start":{"line":23,"column":20},"end":{"line":23,"column":47}},{"start":{"line":23,"column":50},"end":{"line":23,"column":52}}],"line":23},"1":{"loc":{"start":{"line":26,"column":4},"end":{"line":26,"column":56}},"type":"cond-expr","locations":[{"start":{"line":26,"column":20},"end":{"line":26,"column":51}},{"start":{"line":26,"column":54},"end":{"line":26,"column":56}}],"line":26},"2":{"loc":{"start":{"line":29,"column":4},"end":{"line":29,"column":52}},"type":"cond-expr","locations":[{"start":{"line":29,"column":20},"end":{"line":29,"column":47}},{"start":{"line":29,"column":50},"end":{"line":29,"column":52}}],"line":29}},"s":{"0":1,"1":1,"2":1,"3":1,"4":1,"5":1,"6":1,"7":1,"8":1,"9":1,"10":1,"11":1,"12":1,"13":1,"14":1,"15":1,"16":1,"17":1,"18":0,"19":0,"20":0},"f":{"0":1,"1":0},"b":{"0":[0,1],"1":[0,1],"2":[0,1]},"_coverageSchema":"1a1c01bbd47fc00a2c39e90264f33305004495a9","hash":"16a600b9cae1915bb46884ef4870ed79d7aa4b94"}
,"/home/runner/work/profile-management/profile-management/pages/personal-info/index.tsx": {"path":"/home/runner/work/profile-management/profile-management/pages/personal-info/index.tsx","statementMap":{"0":{"start":{"line":8,"column":17},"end":{"line":8,"column":28}},"1":{"start":{"line":9,"column":19},"end":{"line":9,"column":34}},"2":{"start":{"line":11,"column":2},"end":{"line":73,"column":3}},"3":{"start":{"line":19,"column":27},"end":{"line":19,"column":72}},"4":{"start":{"line":76,"column":34},"end":{"line":87,"column":1}},"5":{"start":{"line":77,"column":14},"end":{"line":79,"column":3}},"6":{"start":{"line":80,"column":15},"end":{"line":80,"column":31}},"7":{"start":{"line":82,"column":2},"end":{"line":86,"column":3}}},"fnMap":{"0":{"name":"Home","decl":{"start":{"line":7,"column":24},"end":{"line":7,"column":28}},"loc":{"start":{"line":7,"column":39},"end":{"line":74,"column":1}},"line":7},"1":{"name":"(anonymous_1)","decl":{"start":{"line":19,"column":20},"end":{"line":19,"column":21}},"loc":{"start":{"line":19,"column":27},"end":{"line":19,"column":72}},"line":19},"2":{"name":"(anonymous_2)","decl":{"start":{"line":76,"column":34},"end":{"line":76,"column":35}},"loc":{"start":{"line":76,"column":54},"end":{"line":87,"column":1}},"line":76}},"branchMap":{"0":{"loc":{"start":{"line":61,"column":21},"end":{"line":61,"column":71}},"type":"cond-expr","locations":[{"start":{"line":61,"column":51},"end":{"line":61,"column":59}},{"start":{"line":61,"column":62},"end":{"line":61,"column":71}}],"line":61}},"s":{"0":0,"1":0,"2":0,"3":0,"4":0,"5":0,"6":0,"7":0},"f":{"0":0,"1":0,"2":0},"b":{"0":[0,0]}}
,"/home/runner/work/profile-management/profile-management/pages/user-preferences/edit.tsx": {"path":"/home/runner/work/profile-management/profile-management/pages/user-preferences/edit.tsx","statementMap":{"0":{"start":{"line":4,"column":2},"end":{"line":9,"column":3}},"1":{"start":{"line":12,"column":34},"end":{"line":23,"column":1}},"2":{"start":{"line":13,"column":14},"end":{"line":15,"column":3}},"3":{"start":{"line":16,"column":15},"end":{"line":16,"column":31}},"4":{"start":{"line":18,"column":2},"end":{"line":22,"column":3}}},"fnMap":{"0":{"name":"Edit","decl":{"start":{"line":3,"column":24},"end":{"line":3,"column":28}},"loc":{"start":{"line":3,"column":39},"end":{"line":10,"column":1}},"line":3},"1":{"name":"(anonymous_1)","decl":{"start":{"line":12,"column":34},"end":{"line":12,"column":35}},"loc":{"start":{"line":12,"column":54},"end":{"line":23,"column":1}},"line":12}},"branchMap":{},"s":{"0":0,"1":0,"2":0,"3":0,"4":0},"f":{"0":0,"1":0},"b":{}}
,"/home/runner/work/profile-management/profile-management/pages/user-preferences/index.tsx": {"path":"/home/runner/work/profile-management/profile-management/pages/user-preferences/index.tsx","statementMap":{"0":{"start":{"line":4,"column":2},"end":{"line":9,"column":3}},"1":{"start":{"line":12,"column":34},"end":{"line":23,"column":1}},"2":{"start":{"line":13,"column":14},"end":{"line":15,"column":3}},"3":{"start":{"line":16,"column":15},"end":{"line":16,"column":31}},"4":{"start":{"line":18,"column":2},"end":{"line":22,"column":3}}},"fnMap":{"0":{"name":"Index","decl":{"start":{"line":3,"column":24},"end":{"line":3,"column":29}},"loc":{"start":{"line":3,"column":40},"end":{"line":10,"column":1}},"line":3},"1":{"name":"(anonymous_1)","decl":{"start":{"line":12,"column":34},"end":{"line":12,"column":35}},"loc":{"start":{"line":12,"column":54},"end":{"line":23,"column":1}},"line":12}},"branchMap":{},"s":{"0":0,"1":0,"2":0,"3":0,"4":0},"f":{"0":0,"1":0},"b":{}}
}
