TN:
SF:components/Alert/enums.ts
FNF:0
FNH:0
LF:0
LH:0
BRF:0
BRH:0
end_of_record
TN:
SF:components/Alert/index.tsx
FN:14,(anonymous_0)
FN:19,(anonymous_1)
FN:26,(anonymous_2)
FNF:3
FNH:0
FNDA:0,(anonymous_0)
FNDA:0,(anonymous_1)
FNDA:0,(anonymous_2)
DA:6,0
DA:14,0
DA:15,0
DA:16,0
DA:17,0
DA:19,0
DA:20,0
DA:21,0
DA:22,0
DA:26,0
DA:27,0
DA:29,0
DA:31,0
DA:33,0
DA:35,0
DA:37,0
DA:41,0
LF:17
LH:0
BRDA:20,0,0,0
BRDA:20,0,1,0
BRDA:27,1,0,0
BRDA:27,1,1,0
BRDA:27,1,2,0
BRDA:27,1,3,0
BRDA:27,1,4,0
BRDA:71,2,0,0
BRDA:71,2,1,0
BRF:9
BRH:0
end_of_record
TN:
SF:components/Breadcrumbs/BreadcrumbItem.tsx
FN:4,(anonymous_0)
FNF:1
FNH:1
FNDA:9,(anonymous_0)
DA:4,2
DA:5,9
LF:2
LH:2
BRDA:8,0,0,9
BRDA:8,0,1,6
BRF:2
BRH:2
end_of_record
TN:
SF:components/Breadcrumbs/index.tsx
FN:3,(anonymous_0)
FN:7,(anonymous_1)
FNF:2
FNH:2
FNDA:3,(anonymous_0)
FNDA:9,(anonymous_1)
DA:3,2
DA:4,3
DA:8,9
LF:3
LH:3
BRF:0
BRH:0
end_of_record
TN:
SF:components/Contexts/index.tsx
FN:7,(anonymous_0)
FN:10,LanguageProvider
FN:21,(anonymous_2)
FNF:3
FNH:0
FNDA:0,(anonymous_0)
FNDA:0,LanguageProvider
FNDA:0,(anonymous_2)
DA:5,3
DA:7,0
DA:11,0
DA:17,0
DA:21,0
LF:5
LH:1
BRF:0
BRH:0
end_of_record
TN:
SF:components/Forms/Input.tsx
FN:11,(anonymous_0)
FNF:1
FNH:1
FNDA:8,(anonymous_0)
DA:11,2
DA:12,8
DA:13,8
DA:14,8
LF:4
LH:4
BRDA:17,0,0,8
BRDA:17,0,1,1
BRDA:20,1,0,8
BRDA:20,1,1,8
BRDA:21,2,0,8
BRDA:21,2,1,8
BRDA:28,3,0,8
BRDA:28,3,1,1
BRF:8
BRH:8
end_of_record
TN:
SF:components/Forms/validation/ErrorLabel.tsx
FN:1,(anonymous_0)
FNF:1
FNH:1
FNDA:1,(anonymous_0)
DA:1,2
DA:4,1
LF:2
LH:2
BRF:0
BRH:0
end_of_record
TN:
SF:components/Forms/validation/SubmitMessage.tsx
FN:4,(anonymous_0)
FNF:1
FNH:1
FNDA:4,(anonymous_0)
DA:4,1
DA:5,4
LF:2
LH:2
BRDA:7,0,0,0
BRDA:7,0,1,4
BRDA:9,1,0,0
BRDA:9,1,1,4
BRDA:14,2,0,0
BRDA:14,2,1,4
BRDA:15,3,0,0
BRDA:15,3,1,4
BRDA:16,4,0,0
BRDA:16,4,1,4
BRF:10
BRH:5
end_of_record
TN:
SF:components/Hooks/index.tsx
FN:8,(anonymous_0)
FN:14,(anonymous_1)
FN:18,(anonymous_2)
FN:31,(anonymous_3)
FN:46,(anonymous_4)
FN:54,(anonymous_5)
FN:60,(anonymous_6)
FN:62,(anonymous_7)
FN:63,(anonymous_8)
FN:65,(anonymous_9)
FNF:10
FNH:1
FNDA:0,(anonymous_0)
FNDA:0,(anonymous_1)
FNDA:0,(anonymous_2)
FNDA:0,(anonymous_3)
FNDA:0,(anonymous_4)
FNDA:29,(anonymous_5)
FNDA:0,(anonymous_6)
FNDA:0,(anonymous_7)
FNDA:0,(anonymous_8)
FNDA:0,(anonymous_9)
DA:8,3
DA:14,0
DA:16,0
DA:18,0
DA:19,0
DA:20,0
DA:21,0
DA:22,0
DA:24,0
DA:26,0
DA:27,0
DA:31,0
DA:32,0
DA:34,0
DA:36,0
DA:37,0
DA:39,0
DA:42,0
DA:46,3
DA:47,0
DA:50,0
DA:54,3
DA:55,29
DA:56,29
DA:57,29
DA:60,3
DA:61,0
DA:62,0
DA:63,0
DA:64,0
DA:65,0
DA:67,0
LF:32
LH:7
BRDA:16,0,0,0
BRDA:16,0,1,0
BRDA:20,1,0,0
BRDA:20,1,1,0
BRDA:22,2,0,0
BRDA:22,2,1,0
BRDA:34,3,0,0
BRDA:34,3,1,0
BRDA:56,4,0,0
BRDA:56,4,1,29
BRF:10
BRH:1
end_of_record
TN:
SF:components/Layout/BenefitInfo.tsx
FN:3,(anonymous_0)
FNF:1
FNH:0
FNDA:0,(anonymous_0)
DA:3,0
DA:4,0
LF:2
LH:0
BRF:0
BRH:0
end_of_record
TN:
SF:components/Layout/CommonFinancialInfo.tsx
FN:14,(anonymous_0)
FN:46,(anonymous_1)
FN:62,(anonymous_2)
FN:92,(anonymous_3)
FN:93,(anonymous_4)
FN:100,(anonymous_5)
FN:144,(anonymous_6)
FN:158,(anonymous_7)
FN:171,(anonymous_8)
FNF:9
FNH:1
FNDA:2,(anonymous_0)
FNDA:0,(anonymous_1)
FNDA:0,(anonymous_2)
FNDA:0,(anonymous_3)
FNDA:0,(anonymous_4)
FNDA:0,(anonymous_5)
FNDA:0,(anonymous_6)
FNDA:0,(anonymous_7)
FNDA:0,(anonymous_8)
DA:14,1
DA:15,2
DA:16,2
DA:17,2
DA:22,2
DA:23,2
DA:25,2
DA:27,2
DA:28,2
DA:29,2
DA:31,2
DA:34,2
DA:37,2
DA:41,2
DA:42,2
DA:43,2
DA:44,2
DA:46,2
DA:47,0
DA:48,0
DA:56,0
DA:57,0
DA:58,0
DA:62,2
DA:63,0
DA:64,0
DA:65,0
DA:66,0
DA:67,0
DA:69,0
DA:75,0
DA:76,0
DA:77,0
DA:79,0
DA:80,0
DA:81,0
DA:82,0
DA:92,0
DA:94,0
DA:95,0
DA:98,0
DA:100,0
DA:101,0
DA:102,0
DA:103,0
DA:104,0
DA:105,0
DA:106,0
DA:108,0
DA:109,0
DA:110,0
DA:118,0
DA:119,0
DA:121,0
DA:124,2
DA:144,0
DA:158,0
DA:171,0
LF:58
LH:20
BRDA:18,0,0,0
BRDA:18,0,1,2
BRDA:32,1,0,0
BRDA:32,1,1,2
BRDA:35,2,0,0
BRDA:35,2,1,2
BRDA:38,3,0,0
BRDA:38,3,1,2
BRDA:48,4,0,0
BRDA:48,4,1,0
BRDA:85,5,0,0
BRDA:85,5,1,0
BRDA:94,6,0,0
BRDA:94,6,1,0
BRDA:101,7,0,0
BRDA:101,7,1,0
BRDA:103,8,0,0
BRDA:103,8,1,0
BRDA:105,9,0,0
BRDA:105,9,1,0
BRDA:109,10,0,0
BRDA:109,10,1,0
BRDA:131,11,0,1
BRDA:131,11,1,1
BRDA:180,12,0,0
BRDA:180,12,1,2
BRDA:184,13,0,0
BRDA:184,13,1,2
BRDA:188,14,0,1
BRDA:188,14,1,1
BRF:30
BRH:10
end_of_record
TN:
SF:components/Layout/ContactInfo.tsx
FN:4,(anonymous_0)
FN:13,(anonymous_1)
FNF:2
FNH:0
FNDA:0,(anonymous_0)
FNDA:0,(anonymous_1)
DA:4,0
DA:5,0
DA:6,0
DA:7,0
DA:13,0
LF:5
LH:0
BRDA:12,0,0,0
BRDA:12,0,1,0
BRF:2
BRH:0
end_of_record
TN:
SF:components/Layout/FinancialInfo.tsx
FN:5,(anonymous_0)
FN:14,(anonymous_1)
FNF:2
FNH:1
FNDA:2,(anonymous_0)
FNDA:0,(anonymous_1)
DA:5,1
DA:6,2
DA:7,2
DA:8,2
DA:14,0
LF:5
LH:4
BRDA:13,0,0,1
BRDA:13,0,1,1
BRF:2
BRH:2
end_of_record
TN:
SF:components/Layout/Footer.tsx
FN:4,(anonymous_0)
FNF:1
FNH:1
FNDA:3,(anonymous_0)
DA:4,2
DA:5,3
LF:2
LH:2
BRF:0
BRH:0
end_of_record
TN:
SF:components/Layout/Header.tsx
FN:5,(anonymous_0)
FNF:1
FNH:1
FNDA:3,(anonymous_0)
DA:5,2
DA:6,3
LF:2
LH:2
BRF:0
BRH:0
end_of_record
TN:
SF:components/Layout/UserPreferences.tsx
FN:4,(anonymous_0)
FN:13,(anonymous_1)
FNF:2
FNH:0
FNDA:0,(anonymous_0)
FNDA:0,(anonymous_1)
DA:4,0
DA:5,0
DA:6,0
DA:7,0
DA:13,0
LF:5
LH:0
BRDA:12,0,0,0
BRDA:12,0,1,0
BRF:2
BRH:0
end_of_record
TN:
SF:components/Layout/commonContactInfo.tsx
FN:16,(anonymous_0)
FN:51,(anonymous_1)
FN:55,(anonymous_2)
FN:168,(anonymous_3)
FN:193,(anonymous_4)
FN:218,(anonymous_5)
FN:281,(anonymous_6)
FN:282,(anonymous_7)
FN:287,(anonymous_8)
FN:338,(anonymous_9)
FN:350,(anonymous_10)
FN:361,(anonymous_11)
FN:371,(anonymous_12)
FN:382,(anonymous_13)
FN:396,(anonymous_14)
FN:412,(anonymous_15)
FN:430,(anonymous_16)
FN:441,(anonymous_17)
FN:452,(anonymous_18)
FN:462,(anonymous_19)
FN:473,(anonymous_20)
FN:494,(anonymous_21)
FN:512,(anonymous_22)
FN:523,(anonymous_23)
FNF:24
FNH:0
FNDA:0,(anonymous_0)
FNDA:0,(anonymous_1)
FNDA:0,(anonymous_2)
FNDA:0,(anonymous_3)
FNDA:0,(anonymous_4)
FNDA:0,(anonymous_5)
FNDA:0,(anonymous_6)
FNDA:0,(anonymous_7)
FNDA:0,(anonymous_8)
FNDA:0,(anonymous_9)
FNDA:0,(anonymous_10)
FNDA:0,(anonymous_11)
FNDA:0,(anonymous_12)
FNDA:0,(anonymous_13)
FNDA:0,(anonymous_14)
FNDA:0,(anonymous_15)
FNDA:0,(anonymous_16)
FNDA:0,(anonymous_17)
FNDA:0,(anonymous_18)
FNDA:0,(anonymous_19)
FNDA:0,(anonymous_20)
FNDA:0,(anonymous_21)
FNDA:0,(anonymous_22)
FNDA:0,(anonymous_23)
DA:12,0
DA:13,0
DA:16,0
DA:17,0
DA:18,0
DA:20,0
DA:24,0
DA:26,0
DA:32,0
DA:33,0
DA:34,0
DA:35,0
DA:36,0
DA:37,0
DA:38,0
DA:39,0
DA:41,0
DA:42,0
DA:44,0
DA:46,0
DA:51,0
DA:52,0
DA:55,0
DA:56,0
DA:59,0
DA:62,0
DA:66,0
DA:73,0
DA:80,0
DA:87,0
DA:94,0
DA:102,0
DA:110,0
DA:118,0
DA:125,0
DA:132,0
DA:139,0
DA:146,0
DA:153,0
DA:161,0
DA:168,0
DA:169,0
DA:170,0
DA:175,0
DA:176,0
DA:177,0
DA:178,0
DA:179,0
DA:180,0
DA:181,0
DA:182,0
DA:183,0
DA:184,0
DA:185,0
DA:186,0
DA:187,0
DA:188,0
DA:189,0
DA:193,0
DA:194,0
DA:195,0
DA:201,0
DA:202,0
DA:203,0
DA:204,0
DA:205,0
DA:206,0
DA:208,0
DA:209,0
DA:210,0
DA:211,0
DA:212,0
DA:213,0
DA:218,0
DA:219,0
DA:220,0
DA:221,0
DA:222,0
DA:223,0
DA:260,0
DA:261,0
DA:262,0
DA:263,0
DA:264,0
DA:265,0
DA:266,0
DA:267,0
DA:268,0
DA:269,0
DA:271,0
DA:281,0
DA:283,0
DA:284,0
DA:286,0
DA:287,0
DA:288,0
DA:289,0
DA:290,0
DA:291,0
DA:292,0
DA:293,0
DA:294,0
DA:295,0
DA:296,0
DA:297,0
DA:298,0
DA:299,0
DA:300,0
DA:301,0
DA:302,0
DA:303,0
DA:305,0
DA:306,0
DA:307,0
DA:315,0
DA:316,0
DA:317,0
DA:319,0
DA:322,0
DA:338,0
DA:350,0
DA:361,0
DA:371,0
DA:382,0
DA:396,0
DA:413,0
DA:414,0
DA:430,0
DA:441,0
DA:452,0
DA:462,0
DA:473,0
DA:494,0
DA:512,0
DA:523,0
LF:135
LH:0
BRDA:21,0,0,0
BRDA:21,0,1,0
BRDA:27,1,0,0
BRDA:27,1,1,0
BRDA:28,2,0,0
BRDA:28,2,1,0
BRDA:52,3,0,0
BRDA:52,3,1,0
BRDA:56,4,0,0
BRDA:56,4,1,0
BRDA:60,5,0,0
BRDA:60,5,1,0
BRDA:63,6,0,0
BRDA:63,6,1,0
BRDA:67,7,0,0
BRDA:67,7,1,0
BRDA:67,8,0,0
BRDA:67,8,1,0
BRDA:67,8,2,0
BRDA:74,9,0,0
BRDA:74,9,1,0
BRDA:74,10,0,0
BRDA:74,10,1,0
BRDA:74,10,2,0
BRDA:81,11,0,0
BRDA:81,11,1,0
BRDA:81,12,0,0
BRDA:81,12,1,0
BRDA:81,12,2,0
BRDA:88,13,0,0
BRDA:88,13,1,0
BRDA:88,14,0,0
BRDA:88,14,1,0
BRDA:88,14,2,0
BRDA:95,15,0,0
BRDA:95,15,1,0
BRDA:95,16,0,0
BRDA:95,16,1,0
BRDA:95,16,2,0
BRDA:103,17,0,0
BRDA:103,17,1,0
BRDA:103,18,0,0
BRDA:103,18,1,0
BRDA:103,18,2,0
BRDA:111,19,0,0
BRDA:111,19,1,0
BRDA:111,20,0,0
BRDA:111,20,1,0
BRDA:111,20,2,0
BRDA:119,21,0,0
BRDA:119,21,1,0
BRDA:119,22,0,0
BRDA:119,22,1,0
BRDA:119,22,2,0
BRDA:126,23,0,0
BRDA:126,23,1,0
BRDA:126,24,0,0
BRDA:126,24,1,0
BRDA:126,24,2,0
BRDA:133,25,0,0
BRDA:133,25,1,0
BRDA:133,26,0,0
BRDA:133,26,1,0
BRDA:133,26,2,0
BRDA:140,27,0,0
BRDA:140,27,1,0
BRDA:140,28,0,0
BRDA:140,28,1,0
BRDA:140,28,2,0
BRDA:147,29,0,0
BRDA:147,29,1,0
BRDA:147,30,0,0
BRDA:147,30,1,0
BRDA:147,30,2,0
BRDA:154,31,0,0
BRDA:154,31,1,0
BRDA:154,32,0,0
BRDA:154,32,1,0
BRDA:154,32,2,0
BRDA:162,33,0,0
BRDA:162,33,1,0
BRDA:162,34,0,0
BRDA:162,34,1,0
BRDA:162,34,2,0
BRDA:170,35,0,0
BRDA:170,35,1,0
BRDA:194,36,0,0
BRDA:194,36,1,0
BRDA:195,37,0,0
BRDA:195,37,1,0
BRDA:196,38,0,0
BRDA:196,38,1,0
BRDA:196,38,2,0
BRDA:196,38,3,0
BRDA:226,39,0,0
BRDA:226,39,1,0
BRDA:231,40,0,0
BRDA:231,40,1,0
BRDA:240,41,0,0
BRDA:240,41,1,0
BRDA:251,42,0,0
BRDA:251,42,1,0
BRDA:274,43,0,0
BRDA:274,43,1,0
BRDA:283,44,0,0
BRDA:283,44,1,0
BRDA:288,45,0,0
BRDA:288,45,1,0
BRDA:290,46,0,0
BRDA:290,46,1,0
BRDA:292,47,0,0
BRDA:292,47,1,0
BRDA:294,48,0,0
BRDA:294,48,1,0
BRDA:296,49,0,0
BRDA:296,49,1,0
BRDA:298,50,0,0
BRDA:298,50,1,0
BRDA:300,51,0,0
BRDA:300,51,1,0
BRDA:302,52,0,0
BRDA:302,52,1,0
BRDA:306,53,0,0
BRDA:306,53,1,0
BRDA:324,54,0,0
BRDA:324,54,1,0
BRDA:388,55,0,0
BRDA:388,55,1,0
BRDA:421,56,0,0
BRDA:421,56,1,0
BRDA:479,57,0,0
BRDA:479,57,1,0
BRDA:529,58,0,0
BRDA:529,58,1,0
BRDA:533,59,0,0
BRDA:533,59,1,0
BRDA:537,60,0,0
BRDA:537,60,1,0
BRDA:545,61,0,0
BRDA:545,61,1,0
BRDA:552,62,0,0
BRDA:552,62,1,0
BRF:142
BRH:0
end_of_record
TN:
SF:components/Layout/commonUserPreferences.tsx
FN:15,(anonymous_0)
FN:48,(anonymous_1)
FN:55,(anonymous_2)
FN:62,(anonymous_3)
FN:74,(anonymous_4)
FN:82,(anonymous_5)
FN:90,(anonymous_6)
FN:94,(anonymous_7)
FN:129,(anonymous_8)
FN:130,(anonymous_9)
FN:135,(anonymous_10)
FNF:11
FNH:0
FNDA:0,(anonymous_0)
FNDA:0,(anonymous_1)
FNDA:0,(anonymous_2)
FNDA:0,(anonymous_3)
FNDA:0,(anonymous_4)
FNDA:0,(anonymous_5)
FNDA:0,(anonymous_6)
FNDA:0,(anonymous_7)
FNDA:0,(anonymous_8)
FNDA:0,(anonymous_9)
FNDA:0,(anonymous_10)
DA:15,0
DA:16,0
DA:17,0
DA:19,0
DA:21,0
DA:23,0
DA:24,0
DA:26,0
DA:31,0
DA:33,0
DA:35,0
DA:37,0
DA:39,0
DA:40,0
DA:42,0
DA:48,0
DA:49,0
DA:52,0
DA:55,0
DA:56,0
DA:60,0
DA:62,0
DA:63,0
DA:66,0
DA:74,0
DA:75,0
DA:78,0
DA:82,0
DA:83,0
DA:86,0
DA:90,0
DA:91,0
DA:94,0
DA:95,0
DA:96,0
DA:97,0
DA:98,0
DA:100,0
DA:101,0
DA:102,0
DA:103,0
DA:104,0
DA:105,0
DA:106,0
DA:107,0
DA:109,0
DA:122,0
DA:129,0
DA:131,0
DA:132,0
DA:134,0
DA:135,0
DA:136,0
DA:137,0
DA:138,0
DA:139,0
DA:140,0
DA:141,0
DA:142,0
DA:143,0
DA:144,0
DA:145,0
DA:146,0
DA:147,0
DA:149,0
DA:150,0
DA:151,0
DA:159,0
DA:160,0
DA:162,0
DA:165,0
LF:71
LH:0
BRDA:27,0,0,0
BRDA:27,0,1,0
BRDA:43,1,0,0
BRDA:43,1,1,0
BRDA:43,2,0,0
BRDA:43,2,1,0
BRDA:53,3,0,0
BRDA:53,3,1,0
BRDA:60,4,0,0
BRDA:60,4,1,0
BRDA:67,5,0,0
BRDA:67,5,1,0
BRDA:67,6,0,0
BRDA:67,6,1,0
BRDA:69,7,0,0
BRDA:69,7,1,0
BRDA:69,8,0,0
BRDA:69,8,1,0
BRDA:79,9,0,0
BRDA:79,9,1,0
BRDA:87,10,0,0
BRDA:87,10,1,0
BRDA:113,11,0,0
BRDA:113,11,1,0
BRDA:115,12,0,0
BRDA:115,12,1,0
BRDA:123,13,0,0
BRDA:123,13,1,0
BRDA:131,14,0,0
BRDA:131,14,1,0
BRDA:136,15,0,0
BRDA:136,15,1,0
BRDA:138,16,0,0
BRDA:138,16,1,0
BRDA:140,17,0,0
BRDA:140,17,1,0
BRDA:142,18,0,0
BRDA:142,18,1,0
BRDA:144,19,0,0
BRDA:144,19,1,0
BRDA:146,20,0,0
BRDA:146,20,1,0
BRDA:150,21,0,0
BRDA:150,21,1,0
BRDA:167,22,0,0
BRDA:167,22,1,0
BRDA:175,23,0,0
BRDA:175,23,1,0
BRDA:212,24,0,0
BRDA:212,24,1,0
BRDA:250,25,0,0
BRDA:250,25,1,0
BRDA:288,26,0,0
BRDA:288,26,1,0
BRDA:326,27,0,0
BRDA:326,27,1,0
BRDA:362,28,0,0
BRDA:362,28,1,0
BRDA:375,29,0,0
BRDA:375,29,1,0
BRDA:379,30,0,0
BRDA:379,30,1,0
BRDA:383,31,0,0
BRDA:383,31,1,0
BRDA:391,32,0,0
BRDA:391,32,1,0
BRF:66
BRH:0
end_of_record
TN:
SF:components/Layout/index.tsx
FN:15,(anonymous_0)
FN:30,(anonymous_1)
FNF:2
FNH:1
FNDA:3,(anonymous_0)
FNDA:0,(anonymous_1)
DA:15,2
DA:16,3
DA:17,3
DA:18,3
DA:20,3
DA:22,3
DA:30,0
LF:7
LH:6
BRDA:49,0,0,0
BRDA:49,0,1,3
BRDA:49,1,0,3
BRDA:49,1,1,0
BRDA:54,2,0,0
BRDA:54,2,1,3
BRF:6
BRH:3
end_of_record
TN:
SF:components/NavButtons/index.tsx
FN:9,(anonymous_0)
FNF:1
FNH:1
FNDA:3,(anonymous_0)
DA:9,2
DA:13,3
LF:2
LH:2
BRF:0
BRH:0
end_of_record
TN:
SF:components/NavigationHeader/index.tsx
FN:5,(anonymous_0)
FNF:1
FNH:0
FNDA:0,(anonymous_0)
DA:5,2
DA:6,0
DA:7,0
DA:8,0
LF:4
LH:1
BRDA:13,0,0,0
BRDA:13,0,1,0
BRDA:24,1,0,0
BRDA:24,1,1,0
BRDA:35,2,0,0
BRDA:35,2,1,0
BRDA:46,3,0,0
BRDA:46,3,1,0
BRDA:57,4,0,0
BRDA:57,4,1,0
BRF:10
BRH:0
end_of_record
TN:
SF:components/TestHeader/index.tsx
FN:1,(anonymous_0)
FNF:1
FNH:1
FNDA:3,(anonymous_0)
DA:1,2
DA:2,3
LF:2
LH:2
BRF:0
BRH:0
end_of_record
TN:
SF:pages/_app.tsx
FN:5,MyApp
FNF:1
FNH:0
FNDA:0,MyApp
DA:6,0
LF:1
LH:0
BRF:0
BRH:0
end_of_record
TN:
SF:pages/index.tsx
FN:8,Home
FN:29,(anonymous_1)
FN:47,(anonymous_2)
FN:55,(anonymous_3)
FNF:4
FNH:1
FNDA:1,Home
FNDA:0,(anonymous_1)
FNDA:0,(anonymous_2)
FNDA:0,(anonymous_3)
DA:9,1
DA:11,1
DA:30,0
DA:47,1
DA:48,0
DA:51,0
DA:53,0
DA:55,0
DA:56,0
DA:62,0
LF:10
LH:3
BRDA:30,0,0,0
BRDA:30,0,1,0
BRDA:40,1,0,0
BRDA:40,1,1,1
BRF:4
BRH:1
end_of_record
TN:
SF:pages/api/hello.ts
FN:3,handler
FNF:1
FNH:0
FNDA:0,handler
DA:4,0
LF:1
LH:0
BRF:0
BRH:0
end_of_record
TN:
SF:pages/api/metrics.ts
FN:5,handler
FNF:1
FNH:0
FNDA:0,handler
DA:3,0
DA:6,0
DA:7,0
LF:3
LH:0
BRF:0
BRH:0
end_of_record
TN:
SF:pages/benefit-status/index.tsx
FN:10,Index
FN:17,(anonymous_1)
FN:37,(anonymous_2)
FN:38,(anonymous_3)
FN:93,(anonymous_4)
FNF:5
FNH:0
FNDA:0,Index
FNDA:0,(anonymous_1)
FNDA:0,(anonymous_2)
FNDA:0,(anonymous_3)
FNDA:0,(anonymous_4)
DA:11,0
DA:12,0
DA:14,0
DA:17,0
DA:18,0
DA:37,0
DA:38,0
DA:39,0
DA:40,0
DA:59,0
DA:93,0
DA:94,0
DA:97,0
DA:99,0
LF:14
LH:0
BRDA:15,0,0,0
BRDA:15,0,1,0
BRDA:52,1,0,0
BRDA:52,1,1,0
BRDA:67,2,0,0
BRDA:67,2,1,0
BRDA:67,3,0,0
BRDA:67,3,1,0
BRDA:85,4,0,0
BRDA:85,4,1,0
BRF:10
BRH:0
end_of_record
TN:
SF:pages/contact-info/edit.tsx
FN:7,Edit
FN:11,(anonymous_1)
FNF:2
FNH:0
FNDA:0,Edit
FNDA:0,(anonymous_1)
DA:4,0
DA:5,0
DA:8,0
DA:11,0
DA:12,0
DA:15,0
DA:16,0
LF:7
LH:0
BRF:0
BRH:0
end_of_record
TN:
SF:pages/contact-info/index.tsx
FN:4,Index
FN:8,(anonymous_1)
FNF:2
FNH:0
FNDA:0,Index
FNDA:0,(anonymous_1)
DA:5,0
DA:8,0
DA:9,0
DA:12,0
DA:14,0
LF:5
LH:0
BRF:0
BRH:0
end_of_record
TN:
SF:pages/financial-info/edit.tsx
FN:3,Edit
FN:9,(anonymous_1)
FNF:2
FNH:1
FNDA:1,Edit
FNDA:0,(anonymous_1)
DA:4,1
DA:9,1
DA:10,0
DA:13,0
DA:15,0
LF:5
LH:2
BRF:0
BRH:0
end_of_record
TN:
SF:pages/financial-info/index.tsx
FN:6,Index
FN:42,(anonymous_1)
FNF:2
FNH:1
FNDA:1,Index
FNDA:0,(anonymous_1)
DA:7,1
DA:8,1
DA:10,1
DA:13,1
DA:14,1
DA:16,1
DA:18,1
DA:19,1
DA:20,1
DA:22,1
DA:25,1
DA:28,1
DA:32,1
DA:33,1
DA:34,1
DA:35,1
DA:37,1
DA:42,1
DA:43,0
DA:46,0
DA:48,0
LF:21
LH:18
BRDA:23,0,0,0
BRDA:23,0,1,1
BRDA:26,1,0,0
BRDA:26,1,1,1
BRDA:29,2,0,0
BRDA:29,2,1,1
BRF:6
BRH:3
end_of_record
TN:
SF:pages/personal-info/index.tsx
FN:7,Home
FN:19,(anonymous_1)
FN:76,(anonymous_2)
FNF:3
FNH:0
FNDA:0,Home
FNDA:0,(anonymous_1)
FNDA:0,(anonymous_2)
DA:8,0
DA:9,0
DA:11,0
DA:19,0
DA:76,0
DA:77,0
DA:80,0
DA:82,0
LF:8
LH:0
BRDA:61,0,0,0
BRDA:61,0,1,0
BRF:2
BRH:0
end_of_record
TN:
SF:pages/user-preferences/edit.tsx
FN:3,Edit
FN:12,(anonymous_1)
FNF:2
FNH:0
FNDA:0,Edit
FNDA:0,(anonymous_1)
DA:4,0
DA:12,0
DA:13,0
DA:16,0
DA:18,0
LF:5
LH:0
BRF:0
BRH:0
end_of_record
TN:
SF:pages/user-preferences/index.tsx
FN:3,Index
FN:12,(anonymous_1)
FNF:2
FNH:0
FNDA:0,Index
FNDA:0,(anonymous_1)
DA:4,0
DA:12,0
DA:13,0
DA:16,0
DA:18,0
LF:5
LH:0
BRF:0
BRH:0
end_of_record
